2026-04-07 20:06:17,984 [INFO] Mechanism: center_surround
2026-04-07 20:06:17,985 [INFO] Feedback mode: emergent
2026-04-07 20:06:17,985 [INFO] Device: cuda
2026-04-07 20:06:17,985 [INFO] Seed: 123
2026-04-07 20:06:17,989 [INFO] Network parameters: 5079
2026-04-07 20:06:17,989 [INFO] Delta-SOM mode enabled
2026-04-07 20:06:17,989 [INFO] ============================================================
2026-04-07 20:06:17,989 [INFO] STAGE 1: Sensory Scaffold
2026-04-07 20:06:17,989 [INFO] ============================================================
2026-04-07 20:06:37,285 [INFO] Stage 1 step 200/2000: loss=3.6138, acc=0.062, l23_mean=0.0002
2026-04-07 20:07:00,092 [INFO] Stage 1 step 400/2000: loss=3.4765, acc=0.219, l23_mean=0.0036
2026-04-07 20:07:18,740 [INFO] Stage 1 step 600/2000: loss=3.0362, acc=0.562, l23_mean=0.0117
2026-04-07 20:07:40,702 [INFO] Stage 1 step 800/2000: loss=2.6213, acc=0.500, l23_mean=0.0184
2026-04-07 20:08:02,432 [INFO] Stage 1 step 1000/2000: loss=2.3244, acc=0.594, l23_mean=0.0227
2026-04-07 20:08:21,476 [INFO] Stage 1 step 1200/2000: loss=2.0159, acc=0.688, l23_mean=0.0281
2026-04-07 20:08:43,060 [INFO] Stage 1 step 1400/2000: loss=2.0096, acc=0.750, l23_mean=0.0268
2026-04-07 20:09:02,044 [INFO] Stage 1 step 1600/2000: loss=2.0606, acc=0.750, l23_mean=0.0257
2026-04-07 20:09:23,973 [INFO] Stage 1 step 1800/2000: loss=1.9776, acc=0.875, l23_mean=0.0270
2026-04-07 20:09:45,603 [INFO] Stage 1 step 2000/2000: loss=1.7272, acc=0.875, l23_mean=0.0314
2026-04-07 20:09:45,644 [INFO] Gating 1 - Decoder accuracy: 1.000 (need >= 0.90)
2026-04-07 20:09:45,665 [INFO] Gating 2 - Unimodal units: 36/36
2026-04-07 20:09:45,695 [INFO] Gating 3 - Unique preferred orientations: 36/36
2026-04-07 20:09:45,738 [INFO] Gating 4 - FWHM in range: 36/36
2026-04-07 20:09:45,739 [INFO] Gating 5 - Mean L2/3 rate: 0.0397
2026-04-07 20:09:45,853 [INFO] Gating 6 - FWHM high=25.0, low=25.0
2026-04-07 20:09:45,913 [INFO] Transferred trained decoder from Stage 1 to shared loss_fn
2026-04-07 20:09:45,913 [INFO] Stage 1 complete: loss=1.7272, acc=0.855
2026-04-07 20:09:45,913 [INFO] Gating checks: {'decoder_accuracy_90': True, 'unimodal_tuning': True, 'orientation_tiling': True, 'fwhm_range': True, 'mean_activity': True, 'contrast_invariant_width': True}
2026-04-07 20:09:45,934 [INFO] Stage 1 checkpoint saved to results/batch1/wrong_s123/center_surround_seed123/stage1_checkpoint.pt
2026-04-07 20:09:45,934 [INFO] ============================================================
2026-04-07 20:09:45,934 [INFO] STAGE 2: V2 + Feedback
2026-04-07 20:09:45,934 [INFO] ============================================================
2026-04-07 20:09:45,937 [INFO] V2 frozen (oracle/freeze mode): V2 parameters excluded from training
2026-04-07 20:09:45,937 [INFO] Froze orientation decoder for mechanistic analysis
2026-04-07 20:09:46,379 [INFO] Baselines (emergent): prior_kl uninformative=~3.6 (uniform prior), sensory uniform=0.028 (1/36)
2026-04-07 20:11:36,236 [INFO] Stage 2 step 100/5000: loss=3.9882, sens=2.3278, prior_kl=0.0000, fb_sparse=0.2100, energy=0.2836, homeo=0.0002, s_acc=0.417, p_acc=0.001, ang_err=29.1, a_inh=0.070, a_vip=0.070, tonic=0.0486, grad_norm=0.105, pi_ceil=0.000, fb_scale=0.000
2026-04-07 20:13:25,305 [INFO] Stage 2 step 200/5000: loss=3.8909, sens=2.3121, prior_kl=0.0000, fb_sparse=0.2100, energy=0.2851, homeo=0.0002, s_acc=0.396, p_acc=0.010, ang_err=26.3, a_inh=0.070, a_vip=0.070, tonic=0.0486, grad_norm=0.105, pi_ceil=0.000, fb_scale=0.000
2026-04-07 20:15:07,091 [INFO] Stage 2 step 300/5000: loss=3.6978, sens=2.2534, prior_kl=0.0000, fb_sparse=0.2100, energy=0.2866, homeo=0.0002, s_acc=0.395, p_acc=0.009, ang_err=24.5, a_inh=0.070, a_vip=0.070, tonic=0.0486, grad_norm=0.105, pi_ceil=0.000, fb_scale=0.000
2026-04-07 20:16:45,424 [INFO] Stage 2 step 400/5000: loss=3.5847, sens=2.3084, prior_kl=0.0000, fb_sparse=0.2100, energy=0.2861, homeo=0.0002, s_acc=0.431, p_acc=0.008, ang_err=27.9, a_inh=0.070, a_vip=0.070, tonic=0.0486, grad_norm=0.105, pi_ceil=0.000, fb_scale=0.000
2026-04-07 20:18:28,333 [INFO] Stage 2 step 500/5000: loss=3.3662, sens=2.2875, prior_kl=0.0000, fb_sparse=0.2100, energy=0.2878, homeo=0.0002, s_acc=0.401, p_acc=0.008, ang_err=26.0, a_inh=0.070, a_vip=0.070, tonic=0.0486, grad_norm=0.105, pi_ceil=0.000, fb_scale=0.000
2026-04-07 20:20:10,195 [INFO] Stage 2 step 600/5000: loss=3.2214, sens=2.3171, prior_kl=0.0000, fb_sparse=0.2100, energy=0.2820, homeo=0.0002, s_acc=0.404, p_acc=0.012, ang_err=25.8, a_inh=0.070, a_vip=0.070, tonic=0.0486, grad_norm=0.106, pi_ceil=0.000, fb_scale=0.000
2026-04-07 20:21:50,604 [INFO] Stage 2 step 700/5000: loss=3.1048, sens=2.3434, prior_kl=0.0000, fb_sparse=0.2100, energy=0.2821, homeo=0.0002, s_acc=0.405, p_acc=0.008, ang_err=27.2, a_inh=0.070, a_vip=0.070, tonic=0.0486, grad_norm=0.105, pi_ceil=0.000, fb_scale=0.000
2026-04-07 20:23:31,982 [INFO] Stage 2 step 800/5000: loss=2.9598, sens=2.3251, prior_kl=0.0000, fb_sparse=0.2100, energy=0.2849, homeo=0.0002, s_acc=0.407, p_acc=0.012, ang_err=27.5, a_inh=0.070, a_vip=0.070, tonic=0.0486, grad_norm=0.105, pi_ceil=0.000, fb_scale=0.000
2026-04-07 20:25:13,315 [INFO] Stage 2 step 900/5000: loss=2.8639, sens=2.3253, prior_kl=0.0000, fb_sparse=0.2100, energy=0.2839, homeo=0.0002, s_acc=0.403, p_acc=0.014, ang_err=26.1, a_inh=0.070, a_vip=0.070, tonic=0.0486, grad_norm=0.106, pi_ceil=0.000, fb_scale=0.000
2026-04-07 20:26:54,797 [INFO] Stage 2 step 1000/5000: loss=2.7648, sens=2.3083, prior_kl=0.0000, fb_sparse=0.2100, energy=0.2846, homeo=0.0002, s_acc=0.367, p_acc=0.005, ang_err=25.7, a_inh=0.070, a_vip=0.070, tonic=0.0486, grad_norm=0.105, pi_ceil=0.000, fb_scale=0.000
2026-04-07 20:26:54,803 [INFO] Step 1000: unfreezing gain_rec_raw
2026-04-07 20:28:32,638 [INFO] Stage 2 step 1100/5000: loss=2.6877, sens=2.2853, prior_kl=0.0000, fb_sparse=0.8819, energy=0.2913, homeo=0.0003, s_acc=0.405, p_acc=0.013, ang_err=25.7, a_inh=0.199, a_vip=0.303, tonic=0.0464, grad_norm=0.111, pi_ceil=0.000, fb_scale=0.099
2026-04-07 20:30:12,732 [INFO] Stage 2 step 1200/5000: loss=2.6712, sens=2.3053, prior_kl=0.0000, fb_sparse=1.3712, energy=0.2958, homeo=0.0004, s_acc=0.374, p_acc=0.009, ang_err=25.6, a_inh=0.359, a_vip=0.464, tonic=0.0448, grad_norm=0.131, pi_ceil=0.000, fb_scale=0.199
2026-04-07 20:31:54,522 [INFO] Stage 2 step 1300/5000: loss=2.6670, sens=2.3336, prior_kl=0.0000, fb_sparse=1.7598, energy=0.3065, homeo=0.0005, s_acc=0.341, p_acc=0.018, ang_err=28.2, a_inh=0.485, a_vip=0.592, tonic=0.0436, grad_norm=0.147, pi_ceil=0.000, fb_scale=0.299
2026-04-07 20:33:38,033 [INFO] Stage 2 step 1400/5000: loss=2.6371, sens=2.3357, prior_kl=0.0000, fb_sparse=2.0941, energy=0.3162, homeo=0.0006, s_acc=0.301, p_acc=0.010, ang_err=26.7, a_inh=0.597, a_vip=0.702, tonic=0.0425, grad_norm=0.177, pi_ceil=0.000, fb_scale=0.399
2026-04-07 20:35:35,686 [INFO] Stage 2 step 1500/5000: loss=2.6405, sens=2.3617, prior_kl=0.0000, fb_sparse=2.3951, energy=0.3271, homeo=0.0007, s_acc=0.278, p_acc=0.005, ang_err=28.5, a_inh=0.692, a_vip=0.804, tonic=0.0416, grad_norm=0.200, pi_ceil=0.000, fb_scale=0.499
2026-04-07 20:37:36,930 [INFO] Stage 2 step 1600/5000: loss=2.6174, sens=2.3630, prior_kl=0.0000, fb_sparse=2.6601, energy=0.3368, homeo=0.0007, s_acc=0.250, p_acc=0.004, ang_err=25.6, a_inh=0.775, a_vip=0.892, tonic=0.0408, grad_norm=0.245, pi_ceil=0.000, fb_scale=0.599
2026-04-07 20:39:35,458 [INFO] Stage 2 step 1700/5000: loss=2.5778, sens=2.3467, prior_kl=0.0000, fb_sparse=2.8834, energy=0.3480, homeo=0.0008, s_acc=0.244, p_acc=0.013, ang_err=25.9, a_inh=0.846, a_vip=0.964, tonic=0.0401, grad_norm=0.267, pi_ceil=0.000, fb_scale=0.699
2026-04-07 20:41:31,771 [INFO] Stage 2 step 1800/5000: loss=2.6663, sens=2.4389, prior_kl=0.0000, fb_sparse=3.0585, energy=0.3588, homeo=0.0008, s_acc=0.226, p_acc=0.003, ang_err=29.5, a_inh=0.898, a_vip=1.016, tonic=0.0395, grad_norm=0.255, pi_ceil=0.000, fb_scale=0.799
2026-04-07 20:43:32,295 [INFO] Stage 2 step 1900/5000: loss=2.5984, sens=2.3960, prior_kl=0.0000, fb_sparse=3.2017, energy=0.3736, homeo=0.0008, s_acc=0.204, p_acc=0.009, ang_err=26.6, a_inh=0.939, a_vip=1.055, tonic=0.0389, grad_norm=0.287, pi_ceil=0.000, fb_scale=0.899
2026-04-07 20:45:29,071 [INFO] Stage 2 step 2000/5000: loss=2.5809, sens=2.3928, prior_kl=0.0000, fb_sparse=3.3657, energy=0.3857, homeo=0.0008, s_acc=0.172, p_acc=0.007, ang_err=25.4, a_inh=0.987, a_vip=1.107, tonic=0.0384, grad_norm=0.322, pi_ceil=0.000, fb_scale=0.999
2026-04-07 20:47:27,327 [INFO] Stage 2 step 2100/5000: loss=2.6142, sens=2.4328, prior_kl=0.0000, fb_sparse=3.5140, energy=0.3841, homeo=0.0009, s_acc=0.211, p_acc=0.017, ang_err=28.0, a_inh=1.031, a_vip=1.154, tonic=0.0380, grad_norm=0.289, pi_ceil=0.000, fb_scale=1.000
2026-04-07 20:49:15,997 [INFO] Stage 2 step 2200/5000: loss=2.5988, sens=2.4305, prior_kl=0.0000, fb_sparse=3.6099, energy=0.3832, homeo=0.0008, s_acc=0.192, p_acc=0.009, ang_err=26.8, a_inh=1.055, a_vip=1.181, tonic=0.0376, grad_norm=0.279, pi_ceil=0.000, fb_scale=1.000
2026-04-07 20:51:09,378 [INFO] Stage 2 step 2300/5000: loss=2.5752, sens=2.4183, prior_kl=0.0000, fb_sparse=3.6786, energy=0.3813, homeo=0.0008, s_acc=0.204, p_acc=0.017, ang_err=25.2, a_inh=1.071, a_vip=1.197, tonic=0.0373, grad_norm=0.268, pi_ceil=0.000, fb_scale=1.000
2026-04-07 20:53:01,620 [INFO] Stage 2 step 2400/5000: loss=2.5518, sens=2.4071, prior_kl=0.0000, fb_sparse=3.7337, energy=0.3880, homeo=0.0008, s_acc=0.207, p_acc=0.009, ang_err=28.0, a_inh=1.080, a_vip=1.209, tonic=0.0370, grad_norm=0.245, pi_ceil=0.000, fb_scale=1.000
2026-04-07 20:55:03,237 [INFO] Stage 2 step 2500/5000: loss=2.5587, sens=2.4190, prior_kl=0.0000, fb_sparse=3.7793, energy=0.3823, homeo=0.0008, s_acc=0.205, p_acc=0.008, ang_err=28.2, a_inh=1.088, a_vip=1.219, tonic=0.0368, grad_norm=0.257, pi_ceil=0.000, fb_scale=1.000
2026-04-07 20:57:02,938 [INFO] Stage 2 step 2600/5000: loss=2.5575, sens=2.4251, prior_kl=0.0000, fb_sparse=3.8172, energy=0.3838, homeo=0.0008, s_acc=0.201, p_acc=0.004, ang_err=27.9, a_inh=1.094, a_vip=1.227, tonic=0.0366, grad_norm=0.246, pi_ceil=0.000, fb_scale=1.000
2026-04-07 20:59:04,753 [INFO] Stage 2 step 2700/5000: loss=2.4931, sens=2.3738, prior_kl=0.0000, fb_sparse=3.8493, energy=0.3849, homeo=0.0008, s_acc=0.204, p_acc=0.014, ang_err=25.4, a_inh=1.099, a_vip=1.234, tonic=0.0364, grad_norm=0.243, pi_ceil=0.000, fb_scale=1.000
2026-04-07 21:01:02,511 [INFO] Stage 2 step 2800/5000: loss=2.4887, sens=2.3737, prior_kl=0.0000, fb_sparse=3.8779, energy=0.3833, homeo=0.0008, s_acc=0.203, p_acc=0.003, ang_err=25.4, a_inh=1.103, a_vip=1.239, tonic=0.0362, grad_norm=0.240, pi_ceil=0.000, fb_scale=1.000
2026-04-07 21:03:03,800 [INFO] Stage 2 step 2900/5000: loss=2.4969, sens=2.3853, prior_kl=0.0000, fb_sparse=3.9015, energy=0.3819, homeo=0.0008, s_acc=0.196, p_acc=0.009, ang_err=26.3, a_inh=1.106, a_vip=1.244, tonic=0.0360, grad_norm=0.241, pi_ceil=0.000, fb_scale=1.000
2026-04-07 21:05:02,358 [INFO] Stage 2 step 3000/5000: loss=2.5245, sens=2.4144, prior_kl=0.0000, fb_sparse=3.9235, energy=0.3794, homeo=0.0008, s_acc=0.192, p_acc=0.008, ang_err=26.8, a_inh=1.110, a_vip=1.248, tonic=0.0358, grad_norm=0.237, pi_ceil=0.000, fb_scale=1.000
2026-04-07 21:06:58,476 [INFO] Stage 2 step 3100/5000: loss=2.4700, sens=2.3689, prior_kl=0.0000, fb_sparse=3.9428, energy=0.3832, homeo=0.0008, s_acc=0.192, p_acc=0.004, ang_err=26.0, a_inh=1.113, a_vip=1.252, tonic=0.0357, grad_norm=0.240, pi_ceil=0.000, fb_scale=1.000
2026-04-07 21:08:58,783 [INFO] Stage 2 step 3200/5000: loss=2.4743, sens=2.3756, prior_kl=0.0000, fb_sparse=3.9617, energy=0.3820, homeo=0.0008, s_acc=0.186, p_acc=0.009, ang_err=25.6, a_inh=1.117, a_vip=1.256, tonic=0.0356, grad_norm=0.235, pi_ceil=0.000, fb_scale=1.000
2026-04-07 21:10:56,351 [INFO] Stage 2 step 3300/5000: loss=2.5566, sens=2.4526, prior_kl=0.0000, fb_sparse=3.9787, energy=0.3764, homeo=0.0008, s_acc=0.205, p_acc=0.010, ang_err=27.6, a_inh=1.120, a_vip=1.260, tonic=0.0355, grad_norm=0.234, pi_ceil=0.000, fb_scale=1.000
2026-04-07 21:12:54,962 [INFO] Stage 2 step 3400/5000: loss=2.4597, sens=2.3676, prior_kl=0.0000, fb_sparse=3.9951, energy=0.3847, homeo=0.0007, s_acc=0.182, p_acc=0.007, ang_err=26.7, a_inh=1.123, a_vip=1.264, tonic=0.0354, grad_norm=0.232, pi_ceil=0.000, fb_scale=1.000
2026-04-07 21:14:52,513 [INFO] Stage 2 step 3500/5000: loss=2.5169, sens=2.4213, prior_kl=0.0000, fb_sparse=4.0098, energy=0.3786, homeo=0.0008, s_acc=0.192, p_acc=0.008, ang_err=26.6, a_inh=1.126, a_vip=1.267, tonic=0.0353, grad_norm=0.229, pi_ceil=0.000, fb_scale=1.000
2026-04-07 21:16:47,566 [INFO] Stage 2 step 3600/5000: loss=2.4876, sens=2.3966, prior_kl=0.0000, fb_sparse=4.0226, energy=0.3795, homeo=0.0008, s_acc=0.194, p_acc=0.010, ang_err=26.5, a_inh=1.128, a_vip=1.270, tonic=0.0352, grad_norm=0.231, pi_ceil=0.000, fb_scale=1.000
2026-04-07 21:18:48,869 [INFO] Stage 2 step 3700/5000: loss=2.4908, sens=2.4007, prior_kl=0.0000, fb_sparse=4.0344, energy=0.3804, homeo=0.0008, s_acc=0.201, p_acc=0.005, ang_err=28.2, a_inh=1.130, a_vip=1.273, tonic=0.0351, grad_norm=0.230, pi_ceil=0.000, fb_scale=1.000
2026-04-07 21:20:45,394 [INFO] Stage 2 step 3800/5000: loss=2.4435, sens=2.3595, prior_kl=0.0000, fb_sparse=4.0448, energy=0.3817, homeo=0.0007, s_acc=0.180, p_acc=0.009, ang_err=25.7, a_inh=1.132, a_vip=1.276, tonic=0.0351, grad_norm=0.233, pi_ceil=0.000, fb_scale=1.000
2026-04-07 21:22:44,216 [INFO] Stage 2 step 3900/5000: loss=2.4605, sens=2.3754, prior_kl=0.0000, fb_sparse=4.0536, energy=0.3809, homeo=0.0008, s_acc=0.215, p_acc=0.005, ang_err=28.1, a_inh=1.134, a_vip=1.278, tonic=0.0350, grad_norm=0.228, pi_ceil=0.000, fb_scale=1.000
2026-04-07 21:24:41,003 [INFO] Stage 2 step 4000/5000: loss=2.4819, sens=2.3963, prior_kl=0.0000, fb_sparse=4.0614, energy=0.3809, homeo=0.0008, s_acc=0.220, p_acc=0.005, ang_err=28.7, a_inh=1.135, a_vip=1.280, tonic=0.0350, grad_norm=0.228, pi_ceil=0.000, fb_scale=1.000
2026-04-07 21:26:37,869 [INFO] Stage 2 step 4100/5000: loss=2.4870, sens=2.4020, prior_kl=0.0000, fb_sparse=4.0676, energy=0.3793, homeo=0.0008, s_acc=0.190, p_acc=0.009, ang_err=27.7, a_inh=1.137, a_vip=1.282, tonic=0.0349, grad_norm=0.230, pi_ceil=0.000, fb_scale=1.000
2026-04-07 21:28:23,724 [INFO] Stage 2 step 4200/5000: loss=2.4605, sens=2.3785, prior_kl=0.0000, fb_sparse=4.0721, energy=0.3778, homeo=0.0008, s_acc=0.191, p_acc=0.003, ang_err=25.9, a_inh=1.138, a_vip=1.283, tonic=0.0349, grad_norm=0.239, pi_ceil=0.000, fb_scale=1.000
2026-04-07 21:30:04,088 [INFO] Stage 2 step 4300/5000: loss=2.4381, sens=2.3579, prior_kl=0.0000, fb_sparse=4.0757, energy=0.3818, homeo=0.0007, s_acc=0.219, p_acc=0.012, ang_err=27.6, a_inh=1.138, a_vip=1.284, tonic=0.0349, grad_norm=0.219, pi_ceil=0.000, fb_scale=1.000
2026-04-07 21:31:44,081 [INFO] Stage 2 step 4400/5000: loss=2.4518, sens=2.3719, prior_kl=0.0000, fb_sparse=4.0783, energy=0.3811, homeo=0.0007, s_acc=0.188, p_acc=0.004, ang_err=25.7, a_inh=1.139, a_vip=1.284, tonic=0.0349, grad_norm=0.224, pi_ceil=0.000, fb_scale=1.000
2026-04-07 21:33:23,553 [INFO] Stage 2 step 4500/5000: loss=2.4719, sens=2.3896, prior_kl=0.0000, fb_sparse=4.0803, energy=0.3786, homeo=0.0008, s_acc=0.221, p_acc=0.003, ang_err=26.7, a_inh=1.139, a_vip=1.285, tonic=0.0349, grad_norm=0.231, pi_ceil=0.000, fb_scale=1.000
2026-04-07 21:35:10,374 [INFO] Stage 2 step 4600/5000: loss=2.4630, sens=2.3826, prior_kl=0.0000, fb_sparse=4.0816, energy=0.3807, homeo=0.0008, s_acc=0.206, p_acc=0.003, ang_err=26.7, a_inh=1.140, a_vip=1.285, tonic=0.0348, grad_norm=0.233, pi_ceil=0.000, fb_scale=1.000
2026-04-07 21:37:42,833 [INFO] Stage 2 step 4700/5000: loss=2.4788, sens=2.3965, prior_kl=0.0000, fb_sparse=4.0824, energy=0.3841, homeo=0.0007, s_acc=0.216, p_acc=0.005, ang_err=28.6, a_inh=1.140, a_vip=1.285, tonic=0.0348, grad_norm=0.223, pi_ceil=0.000, fb_scale=1.000
2026-04-07 21:38:42,347 [INFO] Stage 2 step 4800/5000: loss=2.4262, sens=2.3491, prior_kl=0.0000, fb_sparse=4.0828, energy=0.3837, homeo=0.0007, s_acc=0.222, p_acc=0.009, ang_err=25.7, a_inh=1.140, a_vip=1.285, tonic=0.0348, grad_norm=0.222, pi_ceil=0.000, fb_scale=1.000
2026-04-07 21:39:28,309 [INFO] Stage 2 step 4900/5000: loss=2.5024, sens=2.4183, prior_kl=0.0000, fb_sparse=4.0829, energy=0.3775, homeo=0.0008, s_acc=0.200, p_acc=0.012, ang_err=26.6, a_inh=1.140, a_vip=1.285, tonic=0.0348, grad_norm=0.225, pi_ceil=0.000, fb_scale=1.000
2026-04-07 21:40:13,210 [INFO] Stage 2 step 5000/5000: loss=2.4820, sens=2.4007, prior_kl=0.0000, fb_sparse=4.0830, energy=0.3762, homeo=0.0008, s_acc=0.199, p_acc=0.009, ang_err=25.3, a_inh=1.140, a_vip=1.285, tonic=0.0348, grad_norm=0.230, pi_ceil=0.000, fb_scale=1.000
2026-04-07 21:40:13,218 [INFO] Stage 2 complete: loss=2.4820, s_acc=0.199, p_acc=0.009
2026-04-07 21:40:13,226 [INFO] Saved to results/batch1/wrong_s123/center_surround_seed123/checkpoint.pt
2026-04-07 21:40:13,226 [INFO] Training complete.
