2026-04-07 18:02:48,797 [INFO] Mechanism: center_surround
2026-04-07 18:02:48,797 [INFO] Feedback mode: emergent
2026-04-07 18:02:48,798 [INFO] Device: cuda
2026-04-07 18:02:48,798 [INFO] Seed: 456
2026-04-07 18:02:48,803 [INFO] Network parameters: 5079
2026-04-07 18:02:48,803 [INFO] Delta-SOM mode enabled
2026-04-07 18:02:48,803 [INFO] ============================================================
2026-04-07 18:02:48,804 [INFO] STAGE 1: Sensory Scaffold
2026-04-07 18:02:48,804 [INFO] ============================================================
2026-04-07 18:03:18,628 [INFO] Stage 1 step 200/2000: loss=3.5943, acc=0.000, l23_mean=0.0002
2026-04-07 18:03:43,617 [INFO] Stage 1 step 400/2000: loss=3.4995, acc=0.094, l23_mean=0.0033
2026-04-07 18:04:04,542 [INFO] Stage 1 step 600/2000: loss=2.9939, acc=0.500, l23_mean=0.0127
2026-04-07 18:04:28,839 [INFO] Stage 1 step 800/2000: loss=2.6393, acc=0.625, l23_mean=0.0181
2026-04-07 18:04:53,725 [INFO] Stage 1 step 1000/2000: loss=2.3391, acc=0.750, l23_mean=0.0226
2026-04-07 18:05:14,662 [INFO] Stage 1 step 1200/2000: loss=2.1881, acc=0.781, l23_mean=0.0242
2026-04-07 18:05:39,070 [INFO] Stage 1 step 1400/2000: loss=1.9241, acc=0.781, l23_mean=0.0291
2026-04-07 18:06:03,091 [INFO] Stage 1 step 1600/2000: loss=1.8910, acc=0.906, l23_mean=0.0288
2026-04-07 18:06:23,466 [INFO] Stage 1 step 1800/2000: loss=1.9322, acc=0.688, l23_mean=0.0282
2026-04-07 18:06:47,986 [INFO] Stage 1 step 2000/2000: loss=1.7062, acc=0.906, l23_mean=0.0322
2026-04-07 18:06:48,017 [INFO] Gating 1 - Decoder accuracy: 1.000 (need >= 0.90)
2026-04-07 18:06:48,045 [INFO] Gating 2 - Unimodal units: 36/36
2026-04-07 18:06:48,075 [INFO] Gating 3 - Unique preferred orientations: 36/36
2026-04-07 18:06:48,103 [INFO] Gating 4 - FWHM in range: 36/36
2026-04-07 18:06:48,103 [INFO] Gating 5 - Mean L2/3 rate: 0.0397
2026-04-07 18:06:48,196 [INFO] Gating 6 - FWHM high=25.0, low=25.0
2026-04-07 18:06:48,262 [INFO] Transferred trained decoder from Stage 1 to shared loss_fn
2026-04-07 18:06:48,262 [INFO] Stage 1 complete: loss=1.7062, acc=0.879
2026-04-07 18:06:48,263 [INFO] Gating checks: {'decoder_accuracy_90': True, 'unimodal_tuning': True, 'orientation_tiling': True, 'fwhm_range': True, 'mean_activity': True, 'contrast_invariant_width': True}
2026-04-07 18:06:48,272 [INFO] Stage 1 checkpoint saved to results/batch1/wrong_s456/center_surround_seed456/stage1_checkpoint.pt
2026-04-07 18:06:48,272 [INFO] ============================================================
2026-04-07 18:06:48,272 [INFO] STAGE 2: V2 + Feedback
2026-04-07 18:06:48,273 [INFO] ============================================================
2026-04-07 18:06:48,274 [INFO] V2 frozen (oracle/freeze mode): V2 parameters excluded from training
2026-04-07 18:06:48,274 [INFO] Froze orientation decoder for mechanistic analysis
2026-04-07 18:06:48,716 [INFO] Baselines (emergent): prior_kl uninformative=~3.6 (uniform prior), sensory uniform=0.028 (1/36)
/home/vysoforlife/.local/lib/python3.10/site-packages/torch/_inductor/compile_fx.py:321: UserWarning: TensorFloat32 tensor cores for float32 matrix multiplication available but not enabled. Consider setting `torch.set_float32_matmul_precision('high')` for better performance.
  warnings.warn(
W0407 18:06:49.908000 2368893 torch/_inductor/utils.py:1679] [0/0] Not enough SMs to use max_autotune_gemm mode
2026-04-07 18:08:34,453 [INFO] Stage 2 step 100/5000: loss=4.1062, sens=2.2615, prior_kl=0.0000, fb_sparse=0.2100, energy=0.2886, homeo=0.0002, s_acc=0.387, p_acc=0.007, ang_err=27.2, a_inh=0.070, a_vip=0.070, tonic=0.0486, grad_norm=0.105, pi_ceil=0.000, fb_scale=0.000
2026-04-07 18:09:43,644 [INFO] Stage 2 step 200/5000: loss=4.0680, sens=2.3100, prior_kl=0.0000, fb_sparse=0.2100, energy=0.2857, homeo=0.0002, s_acc=0.419, p_acc=0.010, ang_err=27.4, a_inh=0.070, a_vip=0.070, tonic=0.0486, grad_norm=0.105, pi_ceil=0.000, fb_scale=0.000
2026-04-07 18:10:51,784 [INFO] Stage 2 step 300/5000: loss=3.9394, sens=2.3171, prior_kl=0.0000, fb_sparse=0.2100, energy=0.2848, homeo=0.0002, s_acc=0.411, p_acc=0.012, ang_err=27.7, a_inh=0.070, a_vip=0.070, tonic=0.0486, grad_norm=0.105, pi_ceil=0.000, fb_scale=0.000
2026-04-07 18:11:59,476 [INFO] Stage 2 step 400/5000: loss=3.7252, sens=2.2885, prior_kl=0.0000, fb_sparse=0.2100, energy=0.2884, homeo=0.0002, s_acc=0.409, p_acc=0.008, ang_err=27.7, a_inh=0.070, a_vip=0.070, tonic=0.0486, grad_norm=0.105, pi_ceil=0.000, fb_scale=0.000
2026-04-07 18:13:08,267 [INFO] Stage 2 step 500/5000: loss=3.5061, sens=2.2819, prior_kl=0.0000, fb_sparse=0.2100, energy=0.2869, homeo=0.0002, s_acc=0.385, p_acc=0.008, ang_err=25.1, a_inh=0.070, a_vip=0.070, tonic=0.0486, grad_norm=0.105, pi_ceil=0.000, fb_scale=0.000
2026-04-07 18:14:15,082 [INFO] Stage 2 step 600/5000: loss=3.3986, sens=2.3558, prior_kl=0.0000, fb_sparse=0.2100, energy=0.2819, homeo=0.0002, s_acc=0.400, p_acc=0.010, ang_err=28.4, a_inh=0.070, a_vip=0.070, tonic=0.0486, grad_norm=0.105, pi_ceil=0.000, fb_scale=0.000
2026-04-07 18:15:25,425 [INFO] Stage 2 step 700/5000: loss=3.1697, sens=2.3080, prior_kl=0.0000, fb_sparse=0.2100, energy=0.2865, homeo=0.0002, s_acc=0.427, p_acc=0.010, ang_err=26.9, a_inh=0.070, a_vip=0.070, tonic=0.0486, grad_norm=0.105, pi_ceil=0.000, fb_scale=0.000
2026-04-07 18:16:34,669 [INFO] Stage 2 step 800/5000: loss=3.0194, sens=2.2953, prior_kl=0.0000, fb_sparse=0.2100, energy=0.2842, homeo=0.0002, s_acc=0.415, p_acc=0.013, ang_err=25.6, a_inh=0.070, a_vip=0.070, tonic=0.0486, grad_norm=0.105, pi_ceil=0.000, fb_scale=0.000
2026-04-07 18:17:43,866 [INFO] Stage 2 step 900/5000: loss=2.9049, sens=2.2927, prior_kl=0.0000, fb_sparse=0.2100, energy=0.2857, homeo=0.0002, s_acc=0.434, p_acc=0.009, ang_err=26.6, a_inh=0.070, a_vip=0.070, tonic=0.0486, grad_norm=0.105, pi_ceil=0.000, fb_scale=0.000
2026-04-07 18:18:52,435 [INFO] Stage 2 step 1000/5000: loss=2.8602, sens=2.3304, prior_kl=0.0000, fb_sparse=0.2100, energy=0.2836, homeo=0.0002, s_acc=0.387, p_acc=0.008, ang_err=27.5, a_inh=0.070, a_vip=0.070, tonic=0.0486, grad_norm=0.105, pi_ceil=0.000, fb_scale=0.000
2026-04-07 18:18:52,445 [INFO] Step 1000: unfreezing gain_rec_raw
2026-04-07 18:20:02,029 [INFO] Stage 2 step 1100/5000: loss=2.8470, sens=2.3659, prior_kl=0.0000, fb_sparse=0.8594, energy=0.2887, homeo=0.0003, s_acc=0.390, p_acc=0.012, ang_err=29.4, a_inh=0.200, a_vip=0.292, tonic=0.0464, grad_norm=0.110, pi_ceil=0.000, fb_scale=0.099
2026-04-07 18:21:10,396 [INFO] Stage 2 step 1200/5000: loss=2.7207, sens=2.3039, prior_kl=0.0000, fb_sparse=1.3468, energy=0.2977, homeo=0.0004, s_acc=0.361, p_acc=0.005, ang_err=25.9, a_inh=0.359, a_vip=0.451, tonic=0.0448, grad_norm=0.131, pi_ceil=0.000, fb_scale=0.199
2026-04-07 18:22:18,086 [INFO] Stage 2 step 1300/5000: loss=2.6989, sens=2.3209, prior_kl=0.0000, fb_sparse=1.7499, energy=0.3069, homeo=0.0005, s_acc=0.355, p_acc=0.013, ang_err=26.8, a_inh=0.488, a_vip=0.586, tonic=0.0436, grad_norm=0.156, pi_ceil=0.000, fb_scale=0.299
2026-04-07 18:23:24,824 [INFO] Stage 2 step 1400/5000: loss=2.6304, sens=2.2953, prior_kl=0.0000, fb_sparse=2.0951, energy=0.3183, homeo=0.0006, s_acc=0.310, p_acc=0.008, ang_err=26.4, a_inh=0.599, a_vip=0.702, tonic=0.0425, grad_norm=0.191, pi_ceil=0.000, fb_scale=0.399
2026-04-07 18:24:26,807 [INFO] Stage 2 step 1500/5000: loss=2.6471, sens=2.3349, prior_kl=0.0000, fb_sparse=2.3953, energy=0.3281, homeo=0.0007, s_acc=0.259, p_acc=0.004, ang_err=26.5, a_inh=0.694, a_vip=0.802, tonic=0.0416, grad_norm=0.213, pi_ceil=0.000, fb_scale=0.499
2026-04-07 18:25:31,983 [INFO] Stage 2 step 1600/5000: loss=2.6227, sens=2.3380, prior_kl=0.0000, fb_sparse=2.6613, energy=0.3384, homeo=0.0007, s_acc=0.237, p_acc=0.014, ang_err=25.6, a_inh=0.777, a_vip=0.891, tonic=0.0408, grad_norm=0.265, pi_ceil=0.000, fb_scale=0.599
2026-04-07 18:26:37,546 [INFO] Stage 2 step 1700/5000: loss=2.6139, sens=2.3522, prior_kl=0.0000, fb_sparse=2.8849, energy=0.3514, homeo=0.0007, s_acc=0.254, p_acc=0.003, ang_err=27.2, a_inh=0.851, a_vip=0.963, tonic=0.0401, grad_norm=0.265, pi_ceil=0.000, fb_scale=0.699
2026-04-07 18:27:39,765 [INFO] Stage 2 step 1800/5000: loss=2.6232, sens=2.3774, prior_kl=0.0000, fb_sparse=3.0607, energy=0.3628, homeo=0.0008, s_acc=0.211, p_acc=0.023, ang_err=27.2, a_inh=0.903, a_vip=1.014, tonic=0.0395, grad_norm=0.266, pi_ceil=0.000, fb_scale=0.799
2026-04-07 18:28:33,986 [INFO] Stage 2 step 1900/5000: loss=2.6591, sens=2.4208, prior_kl=0.0000, fb_sparse=3.2068, energy=0.3710, homeo=0.0008, s_acc=0.199, p_acc=0.008, ang_err=28.4, a_inh=0.947, a_vip=1.054, tonic=0.0390, grad_norm=0.290, pi_ceil=0.000, fb_scale=0.899
2026-04-07 18:29:37,953 [INFO] Stage 2 step 2000/5000: loss=2.6400, sens=2.4206, prior_kl=0.0000, fb_sparse=3.3731, energy=0.3852, homeo=0.0009, s_acc=0.199, p_acc=0.013, ang_err=27.9, a_inh=0.996, a_vip=1.106, tonic=0.0385, grad_norm=0.326, pi_ceil=0.000, fb_scale=0.999
2026-04-07 18:30:45,348 [INFO] Stage 2 step 2100/5000: loss=2.6432, sens=2.4366, prior_kl=0.0000, fb_sparse=3.5241, energy=0.3819, homeo=0.0009, s_acc=0.204, p_acc=0.009, ang_err=27.2, a_inh=1.038, a_vip=1.154, tonic=0.0380, grad_norm=0.309, pi_ceil=0.000, fb_scale=1.000
2026-04-07 18:31:51,707 [INFO] Stage 2 step 2200/5000: loss=2.5343, sens=2.3588, prior_kl=0.0000, fb_sparse=3.6219, energy=0.3894, homeo=0.0008, s_acc=0.161, p_acc=0.008, ang_err=25.3, a_inh=1.064, a_vip=1.181, tonic=0.0377, grad_norm=0.285, pi_ceil=0.000, fb_scale=1.000
2026-04-07 18:32:49,240 [INFO] Stage 2 step 2300/5000: loss=2.5761, sens=2.4019, prior_kl=0.0000, fb_sparse=3.6963, energy=0.3849, homeo=0.0008, s_acc=0.192, p_acc=0.004, ang_err=26.8, a_inh=1.079, a_vip=1.199, tonic=0.0374, grad_norm=0.270, pi_ceil=0.000, fb_scale=1.000
2026-04-07 18:34:02,868 [INFO] Stage 2 step 2400/5000: loss=2.5420, sens=2.3841, prior_kl=0.0000, fb_sparse=3.7551, energy=0.3875, homeo=0.0008, s_acc=0.189, p_acc=0.010, ang_err=27.3, a_inh=1.090, a_vip=1.212, tonic=0.0371, grad_norm=0.263, pi_ceil=0.000, fb_scale=1.000
2026-04-07 18:35:29,062 [INFO] Stage 2 step 2500/5000: loss=2.5167, sens=2.3679, prior_kl=0.0000, fb_sparse=3.8042, energy=0.3860, homeo=0.0008, s_acc=0.207, p_acc=0.008, ang_err=26.6, a_inh=1.099, a_vip=1.222, tonic=0.0369, grad_norm=0.256, pi_ceil=0.000, fb_scale=1.000
2026-04-07 18:37:06,788 [INFO] Stage 2 step 2600/5000: loss=2.5873, sens=2.4374, prior_kl=0.0000, fb_sparse=3.8467, energy=0.3815, homeo=0.0008, s_acc=0.177, p_acc=0.007, ang_err=26.2, a_inh=1.107, a_vip=1.231, tonic=0.0366, grad_norm=0.253, pi_ceil=0.000, fb_scale=1.000
2026-04-07 18:38:46,676 [INFO] Stage 2 step 2700/5000: loss=2.5712, sens=2.4285, prior_kl=0.0000, fb_sparse=3.8831, energy=0.3797, homeo=0.0008, s_acc=0.199, p_acc=0.008, ang_err=28.2, a_inh=1.112, a_vip=1.238, tonic=0.0364, grad_norm=0.260, pi_ceil=0.000, fb_scale=1.000
2026-04-07 18:40:24,102 [INFO] Stage 2 step 2800/5000: loss=2.5676, sens=2.4305, prior_kl=0.0000, fb_sparse=3.9166, energy=0.3806, homeo=0.0008, s_acc=0.205, p_acc=0.018, ang_err=27.9, a_inh=1.117, a_vip=1.245, tonic=0.0362, grad_norm=0.245, pi_ceil=0.000, fb_scale=1.000
2026-04-07 18:42:04,375 [INFO] Stage 2 step 2900/5000: loss=2.5126, sens=2.3880, prior_kl=0.0000, fb_sparse=3.9440, energy=0.3852, homeo=0.0008, s_acc=0.192, p_acc=0.012, ang_err=27.1, a_inh=1.120, a_vip=1.251, tonic=0.0361, grad_norm=0.243, pi_ceil=0.000, fb_scale=1.000
2026-04-07 18:43:45,001 [INFO] Stage 2 step 3000/5000: loss=2.5440, sens=2.4203, prior_kl=0.0000, fb_sparse=3.9680, energy=0.3815, homeo=0.0008, s_acc=0.174, p_acc=0.009, ang_err=28.0, a_inh=1.124, a_vip=1.255, tonic=0.0359, grad_norm=0.242, pi_ceil=0.000, fb_scale=1.000
2026-04-07 18:45:29,949 [INFO] Stage 2 step 3100/5000: loss=2.5037, sens=2.3874, prior_kl=0.0000, fb_sparse=3.9895, energy=0.3818, homeo=0.0008, s_acc=0.226, p_acc=0.014, ang_err=26.7, a_inh=1.127, a_vip=1.260, tonic=0.0358, grad_norm=0.236, pi_ceil=0.000, fb_scale=1.000
2026-04-07 18:47:15,365 [INFO] Stage 2 step 3200/5000: loss=2.4673, sens=2.3587, prior_kl=0.0000, fb_sparse=4.0104, energy=0.3836, homeo=0.0007, s_acc=0.185, p_acc=0.008, ang_err=25.9, a_inh=1.130, a_vip=1.265, tonic=0.0357, grad_norm=0.236, pi_ceil=0.000, fb_scale=1.000
2026-04-07 18:49:13,410 [INFO] Stage 2 step 3300/5000: loss=2.5103, sens=2.4008, prior_kl=0.0000, fb_sparse=4.0291, energy=0.3793, homeo=0.0008, s_acc=0.191, p_acc=0.012, ang_err=26.3, a_inh=1.133, a_vip=1.269, tonic=0.0355, grad_norm=0.243, pi_ceil=0.000, fb_scale=1.000
2026-04-07 18:51:15,996 [INFO] Stage 2 step 3400/5000: loss=2.5100, sens=2.4034, prior_kl=0.0000, fb_sparse=4.0463, energy=0.3814, homeo=0.0008, s_acc=0.204, p_acc=0.012, ang_err=27.2, a_inh=1.136, a_vip=1.273, tonic=0.0354, grad_norm=0.234, pi_ceil=0.000, fb_scale=1.000
2026-04-07 18:53:09,752 [INFO] Stage 2 step 3500/5000: loss=2.4711, sens=2.3707, prior_kl=0.0000, fb_sparse=4.0617, energy=0.3824, homeo=0.0008, s_acc=0.188, p_acc=0.008, ang_err=26.7, a_inh=1.139, a_vip=1.277, tonic=0.0354, grad_norm=0.235, pi_ceil=0.000, fb_scale=1.000
2026-04-07 18:54:49,251 [INFO] Stage 2 step 3600/5000: loss=2.4790, sens=2.3791, prior_kl=0.0000, fb_sparse=4.0759, energy=0.3823, homeo=0.0008, s_acc=0.209, p_acc=0.008, ang_err=26.8, a_inh=1.142, a_vip=1.281, tonic=0.0353, grad_norm=0.225, pi_ceil=0.000, fb_scale=1.000
2026-04-07 18:56:29,077 [INFO] Stage 2 step 3700/5000: loss=2.4731, sens=2.3755, prior_kl=0.0000, fb_sparse=4.0882, energy=0.3817, homeo=0.0008, s_acc=0.212, p_acc=0.017, ang_err=26.7, a_inh=1.144, a_vip=1.284, tonic=0.0352, grad_norm=0.227, pi_ceil=0.000, fb_scale=1.000
2026-04-07 18:58:06,450 [INFO] Stage 2 step 3800/5000: loss=2.3807, sens=2.2940, prior_kl=0.0000, fb_sparse=4.0989, energy=0.3847, homeo=0.0007, s_acc=0.190, p_acc=0.008, ang_err=23.9, a_inh=1.145, a_vip=1.287, tonic=0.0351, grad_norm=0.237, pi_ceil=0.000, fb_scale=1.000
2026-04-07 18:59:47,244 [INFO] Stage 2 step 3900/5000: loss=2.4192, sens=2.3309, prior_kl=0.0000, fb_sparse=4.1087, energy=0.3844, homeo=0.0007, s_acc=0.191, p_acc=0.008, ang_err=24.9, a_inh=1.147, a_vip=1.289, tonic=0.0351, grad_norm=0.230, pi_ceil=0.000, fb_scale=1.000
2026-04-07 19:01:27,560 [INFO] Stage 2 step 4000/5000: loss=2.5308, sens=2.4318, prior_kl=0.0000, fb_sparse=4.1171, energy=0.3756, homeo=0.0008, s_acc=0.229, p_acc=0.003, ang_err=27.0, a_inh=1.149, a_vip=1.292, tonic=0.0350, grad_norm=0.236, pi_ceil=0.000, fb_scale=1.000
2026-04-07 19:03:07,668 [INFO] Stage 2 step 4100/5000: loss=2.4716, sens=2.3796, prior_kl=0.0000, fb_sparse=4.1240, energy=0.3812, homeo=0.0008, s_acc=0.219, p_acc=0.007, ang_err=26.9, a_inh=1.151, a_vip=1.294, tonic=0.0350, grad_norm=0.231, pi_ceil=0.000, fb_scale=1.000
2026-04-07 19:04:51,051 [INFO] Stage 2 step 4200/5000: loss=2.4761, sens=2.3850, prior_kl=0.0000, fb_sparse=4.1298, energy=0.3811, homeo=0.0008, s_acc=0.192, p_acc=0.000, ang_err=27.2, a_inh=1.152, a_vip=1.295, tonic=0.0350, grad_norm=0.239, pi_ceil=0.000, fb_scale=1.000
2026-04-07 19:06:46,369 [INFO] Stage 2 step 4300/5000: loss=2.4578, sens=2.3691, prior_kl=0.0000, fb_sparse=4.1344, energy=0.3813, homeo=0.0007, s_acc=0.205, p_acc=0.012, ang_err=25.9, a_inh=1.152, a_vip=1.297, tonic=0.0350, grad_norm=0.229, pi_ceil=0.000, fb_scale=1.000
2026-04-07 19:08:48,064 [INFO] Stage 2 step 4400/5000: loss=2.4851, sens=2.3938, prior_kl=0.0000, fb_sparse=4.1380, energy=0.3809, homeo=0.0007, s_acc=0.203, p_acc=0.008, ang_err=26.2, a_inh=1.153, a_vip=1.298, tonic=0.0349, grad_norm=0.232, pi_ceil=0.000, fb_scale=1.000
2026-04-07 19:10:45,987 [INFO] Stage 2 step 4500/5000: loss=2.4607, sens=2.3715, prior_kl=0.0000, fb_sparse=4.1407, energy=0.3804, homeo=0.0008, s_acc=0.203, p_acc=0.010, ang_err=25.7, a_inh=1.154, a_vip=1.299, tonic=0.0349, grad_norm=0.232, pi_ceil=0.000, fb_scale=1.000
2026-04-07 19:12:29,156 [INFO] Stage 2 step 4600/5000: loss=2.5228, sens=2.4290, prior_kl=0.0000, fb_sparse=4.1424, energy=0.3808, homeo=0.0008, s_acc=0.210, p_acc=0.018, ang_err=28.4, a_inh=1.154, a_vip=1.299, tonic=0.0349, grad_norm=0.224, pi_ceil=0.000, fb_scale=1.000
2026-04-07 19:14:08,212 [INFO] Stage 2 step 4700/5000: loss=2.4773, sens=2.3871, prior_kl=0.0000, fb_sparse=4.1435, energy=0.3794, homeo=0.0008, s_acc=0.197, p_acc=0.010, ang_err=26.7, a_inh=1.154, a_vip=1.300, tonic=0.0349, grad_norm=0.227, pi_ceil=0.000, fb_scale=1.000
2026-04-07 19:15:45,675 [INFO] Stage 2 step 4800/5000: loss=2.4765, sens=2.3873, prior_kl=0.0000, fb_sparse=4.1440, energy=0.3803, homeo=0.0007, s_acc=0.200, p_acc=0.009, ang_err=25.7, a_inh=1.154, a_vip=1.300, tonic=0.0349, grad_norm=0.232, pi_ceil=0.000, fb_scale=1.000
2026-04-07 19:17:31,712 [INFO] Stage 2 step 4900/5000: loss=2.4831, sens=2.3925, prior_kl=0.0000, fb_sparse=4.1443, energy=0.3789, homeo=0.0008, s_acc=0.186, p_acc=0.012, ang_err=26.8, a_inh=1.154, a_vip=1.300, tonic=0.0349, grad_norm=0.229, pi_ceil=0.000, fb_scale=1.000
2026-04-07 19:19:12,456 [INFO] Stage 2 step 5000/5000: loss=2.4773, sens=2.3873, prior_kl=0.0000, fb_sparse=4.1443, energy=0.3794, homeo=0.0008, s_acc=0.195, p_acc=0.012, ang_err=25.8, a_inh=1.154, a_vip=1.300, tonic=0.0349, grad_norm=0.226, pi_ceil=0.000, fb_scale=1.000
2026-04-07 19:19:12,466 [INFO] Stage 2 complete: loss=2.4773, s_acc=0.195, p_acc=0.012
2026-04-07 19:19:12,481 [INFO] Saved to results/batch1/wrong_s456/center_surround_seed456/checkpoint.pt
2026-04-07 19:19:12,481 [INFO] Training complete.
