2026-04-10 22:07:00,389 [INFO] Feedback mode: emergent
2026-04-10 22:07:00,390 [INFO] Device: cuda
2026-04-10 22:07:00,390 [INFO] Seed: 42
2026-04-10 22:07:00,391 [INFO] Network parameters: 7392
2026-04-10 22:07:00,392 [INFO] ============================================================
2026-04-10 22:07:00,392 [INFO] STAGE 1: Sensory Scaffold
2026-04-10 22:07:00,392 [INFO] ============================================================
2026-04-10 22:07:08,147 [INFO] Stage 1 step 200/2000: loss=3.5723, acc=0.000, l23_mean=0.0002
2026-04-10 22:07:14,829 [INFO] Stage 1 step 400/2000: loss=3.4623, acc=0.219, l23_mean=0.0040
2026-04-10 22:07:21,397 [INFO] Stage 1 step 600/2000: loss=2.9922, acc=0.594, l23_mean=0.0126
2026-04-10 22:07:28,054 [INFO] Stage 1 step 800/2000: loss=2.7649, acc=0.844, l23_mean=0.0154
2026-04-10 22:07:34,698 [INFO] Stage 1 step 1000/2000: loss=2.2959, acc=0.781, l23_mean=0.0233
2026-04-10 22:07:41,346 [INFO] Stage 1 step 1200/2000: loss=2.1520, acc=0.625, l23_mean=0.0255
2026-04-10 22:07:47,978 [INFO] Stage 1 step 1400/2000: loss=2.0257, acc=0.750, l23_mean=0.0270
2026-04-10 22:07:54,643 [INFO] Stage 1 step 1600/2000: loss=1.9976, acc=0.781, l23_mean=0.0274
2026-04-10 22:08:01,194 [INFO] Stage 1 step 1800/2000: loss=1.9411, acc=0.719, l23_mean=0.0274
2026-04-10 22:08:07,783 [INFO] Stage 1 step 2000/2000: loss=1.7493, acc=0.844, l23_mean=0.0323
2026-04-10 22:08:07,798 [INFO] Gating 1 - Decoder accuracy: 1.000 (need >= 0.90)
2026-04-10 22:08:07,806 [INFO] Gating 2 - Unimodal units: 36/36
2026-04-10 22:08:07,828 [INFO] Gating 3 - Unique preferred orientations: 36/36
2026-04-10 22:08:07,834 [INFO] Gating 4 - FWHM in range: 36/36
2026-04-10 22:08:07,834 [INFO] Gating 5 - Mean L2/3 rate: 0.0397
2026-04-10 22:08:07,859 [INFO] Gating 6 - FWHM high=25.0, low=25.0
2026-04-10 22:08:07,878 [INFO] Transferred trained decoder from Stage 1 to shared loss_fn
2026-04-10 22:08:07,878 [INFO] Stage 1 complete: loss=1.7493, acc=0.875
2026-04-10 22:08:07,878 [INFO] Gating checks: {'decoder_accuracy_90': True, 'unimodal_tuning': True, 'orientation_tiling': True, 'fwhm_range': True, 'mean_activity': True, 'contrast_invariant_width': True}
2026-04-10 22:08:07,887 [INFO] Stage 1 checkpoint saved to results/dual_1c/emergent_seed42/stage1_checkpoint.pt
2026-04-10 22:08:07,887 [INFO] ============================================================
2026-04-10 22:08:07,887 [INFO] STAGE 2: V2 + Feedback
2026-04-10 22:08:07,887 [INFO] ============================================================
2026-04-10 22:08:08,308 [INFO] Baselines (emergent): prior_kl uninformative=~3.6 (uniform prior), sensory uniform=0.028 (1/36)
2026-04-10 22:09:27,295 [INFO] Stage 2 step 100/5000: loss=3.6396, sens=2.0162, prior_kl=1.4755, fb_sparse=0.0000, energy=0.2522, homeo=0.0002, s_acc=0.387, p_acc=0.030, ang_err=47.6, grad_norm=0.113, pi_ceil=0.000, fb_scale=0.000
2026-04-10 22:10:34,071 [INFO] Stage 2 step 200/5000: loss=4.5576, sens=3.0492, prior_kl=1.4558, fb_sparse=0.0000, energy=0.2505, homeo=0.0002, s_acc=0.395, p_acc=0.040, ang_err=40.8, grad_norm=0.129, pi_ceil=0.000, fb_scale=0.000
2026-04-10 22:11:38,846 [INFO] Stage 2 step 300/5000: loss=4.0841, sens=2.6071, prior_kl=1.4473, fb_sparse=0.0000, energy=0.2513, homeo=0.0002, s_acc=0.376, p_acc=0.055, ang_err=38.0, grad_norm=0.124, pi_ceil=0.000, fb_scale=0.000
2026-04-10 22:12:43,652 [INFO] Stage 2 step 400/5000: loss=3.1807, sens=1.7980, prior_kl=1.3270, fb_sparse=0.0000, energy=0.2508, homeo=0.0002, s_acc=0.359, p_acc=0.076, ang_err=26.1, grad_norm=0.177, pi_ceil=0.000, fb_scale=0.000
2026-04-10 22:13:58,700 [INFO] Stage 2 step 500/5000: loss=3.6280, sens=2.6095, prior_kl=1.1927, fb_sparse=0.0000, energy=0.2487, homeo=0.0002, s_acc=0.330, p_acc=0.104, ang_err=19.7, grad_norm=0.174, pi_ceil=0.000, fb_scale=0.000
2026-04-10 22:15:19,461 [INFO] Stage 2 step 600/5000: loss=3.0988, sens=2.1919, prior_kl=1.0731, fb_sparse=0.0000, energy=0.2529, homeo=0.0002, s_acc=0.322, p_acc=0.151, ang_err=18.5, grad_norm=0.140, pi_ceil=0.000, fb_scale=0.000
2026-04-10 22:16:26,304 [INFO] Stage 2 step 700/5000: loss=2.8547, sens=2.0435, prior_kl=1.0078, fb_sparse=0.0000, energy=0.2498, homeo=0.0002, s_acc=0.325, p_acc=0.143, ang_err=17.8, grad_norm=0.177, pi_ceil=0.000, fb_scale=0.000
2026-04-10 22:17:31,548 [INFO] Stage 2 step 800/5000: loss=2.8482, sens=2.2075, prior_kl=0.9375, fb_sparse=0.0000, energy=0.2506, homeo=0.0002, s_acc=0.357, p_acc=0.129, ang_err=16.3, grad_norm=0.215, pi_ceil=0.000, fb_scale=0.000
2026-04-10 22:18:38,743 [INFO] Stage 2 step 900/5000: loss=3.2070, sens=2.9035, prior_kl=0.8891, fb_sparse=0.0000, energy=0.2546, homeo=0.0001, s_acc=0.355, p_acc=0.159, ang_err=14.9, grad_norm=0.149, pi_ceil=0.000, fb_scale=0.000
2026-04-10 22:19:51,782 [INFO] Stage 2 step 1000/5000: loss=2.6692, sens=2.0790, prior_kl=0.9318, fb_sparse=0.0000, energy=0.2512, homeo=0.0002, s_acc=0.369, p_acc=0.146, ang_err=15.9, grad_norm=0.202, pi_ceil=0.000, fb_scale=0.000
2026-04-10 22:19:51,789 [INFO] Step 1000: unfreezing gain_rec_raw
2026-04-10 22:21:08,067 [INFO] Stage 2 step 1100/5000: loss=2.7476, sens=2.2690, prior_kl=0.8975, fb_sparse=0.0000, energy=0.2856, homeo=0.0000, s_acc=0.330, p_acc=0.146, ang_err=15.0, grad_norm=0.165, pi_ceil=0.000, fb_scale=0.099
2026-04-10 22:22:12,685 [INFO] Stage 2 step 1200/5000: loss=2.4069, sens=1.6793, prior_kl=0.8792, fb_sparse=0.0000, energy=0.3028, homeo=0.0000, s_acc=0.317, p_acc=0.147, ang_err=14.2, grad_norm=0.304, pi_ceil=0.000, fb_scale=0.199
2026-04-10 22:23:16,922 [INFO] Stage 2 step 1300/5000: loss=2.5053, sens=1.9056, prior_kl=0.8783, fb_sparse=0.0000, energy=0.3054, homeo=0.0000, s_acc=0.322, p_acc=0.163, ang_err=14.6, grad_norm=0.341, pi_ceil=0.000, fb_scale=0.299
2026-04-10 22:24:21,828 [INFO] Stage 2 step 1400/5000: loss=2.3543, sens=1.7657, prior_kl=0.8137, fb_sparse=0.0000, energy=0.3093, homeo=0.0000, s_acc=0.350, p_acc=0.168, ang_err=13.2, grad_norm=0.307, pi_ceil=0.000, fb_scale=0.399
2026-04-10 22:25:28,989 [INFO] Stage 2 step 1500/5000: loss=2.4723, sens=1.8989, prior_kl=0.8862, fb_sparse=0.0000, energy=0.3059, homeo=0.0000, s_acc=0.405, p_acc=0.158, ang_err=15.4, grad_norm=0.428, pi_ceil=0.000, fb_scale=0.499
2026-04-10 22:26:53,154 [INFO] Stage 2 step 1600/5000: loss=2.4425, sens=1.9761, prior_kl=0.8323, fb_sparse=0.0000, energy=0.3138, homeo=0.0000, s_acc=0.391, p_acc=0.163, ang_err=13.7, grad_norm=0.326, pi_ceil=0.000, fb_scale=0.599
2026-04-10 22:28:02,071 [INFO] Stage 2 step 1700/5000: loss=2.2102, sens=1.5275, prior_kl=0.8175, fb_sparse=0.0000, energy=0.3224, homeo=0.0000, s_acc=0.457, p_acc=0.161, ang_err=13.8, grad_norm=0.337, pi_ceil=0.000, fb_scale=0.699
2026-04-10 22:29:06,047 [INFO] Stage 2 step 1800/5000: loss=2.2171, sens=1.5797, prior_kl=0.8027, fb_sparse=0.0000, energy=0.3259, homeo=0.0000, s_acc=0.464, p_acc=0.167, ang_err=13.4, grad_norm=0.425, pi_ceil=0.000, fb_scale=0.799
2026-04-10 22:30:11,326 [INFO] Stage 2 step 1900/5000: loss=2.2026, sens=1.5337, prior_kl=0.8232, fb_sparse=0.0000, energy=0.3248, homeo=0.0000, s_acc=0.455, p_acc=0.158, ang_err=13.8, grad_norm=0.371, pi_ceil=0.000, fb_scale=0.899
2026-04-10 22:31:16,072 [INFO] Stage 2 step 2000/5000: loss=2.2450, sens=1.5247, prior_kl=0.8611, fb_sparse=0.0000, energy=0.3383, homeo=0.0000, s_acc=0.512, p_acc=0.169, ang_err=14.9, grad_norm=0.669, pi_ceil=0.000, fb_scale=0.999
2026-04-10 22:32:40,527 [INFO] Stage 2 step 2100/5000: loss=2.2342, sens=1.4327, prior_kl=0.8846, fb_sparse=0.0000, energy=0.3391, homeo=0.0000, s_acc=0.553, p_acc=0.169, ang_err=15.2, grad_norm=0.289, pi_ceil=0.000, fb_scale=1.000
2026-04-10 22:33:47,673 [INFO] Stage 2 step 2200/5000: loss=2.1569, sens=1.4081, prior_kl=0.8454, fb_sparse=0.0000, energy=0.3299, homeo=0.0000, s_acc=0.555, p_acc=0.186, ang_err=14.3, grad_norm=0.335, pi_ceil=0.000, fb_scale=1.000
2026-04-10 22:34:52,141 [INFO] Stage 2 step 2300/5000: loss=2.3016, sens=1.7211, prior_kl=0.8458, fb_sparse=0.0000, energy=0.3326, homeo=0.0000, s_acc=0.556, p_acc=0.171, ang_err=14.1, grad_norm=0.370, pi_ceil=0.000, fb_scale=1.000
2026-04-10 22:35:58,100 [INFO] Stage 2 step 2400/5000: loss=2.0890, sens=1.2506, prior_kl=0.8471, fb_sparse=0.0000, energy=0.3287, homeo=0.0000, s_acc=0.524, p_acc=0.150, ang_err=14.9, grad_norm=0.663, pi_ceil=0.000, fb_scale=1.000
2026-04-10 22:37:02,621 [INFO] Stage 2 step 2500/5000: loss=2.0337, sens=1.2770, prior_kl=0.8017, fb_sparse=0.0000, energy=0.3219, homeo=0.0000, s_acc=0.539, p_acc=0.169, ang_err=13.7, grad_norm=0.685, pi_ceil=0.000, fb_scale=1.000
2026-04-10 22:38:22,261 [INFO] Stage 2 step 2600/5000: loss=2.0024, sens=1.0785, prior_kl=0.8700, fb_sparse=0.0000, energy=0.3206, homeo=0.0001, s_acc=0.498, p_acc=0.151, ang_err=15.2, grad_norm=0.366, pi_ceil=0.000, fb_scale=1.000
2026-04-10 22:39:31,958 [INFO] Stage 2 step 2700/5000: loss=2.1389, sens=1.2670, prior_kl=0.9189, fb_sparse=0.0000, energy=0.3228, homeo=0.0000, s_acc=0.510, p_acc=0.141, ang_err=16.2, grad_norm=0.334, pi_ceil=0.000, fb_scale=1.000
2026-04-10 22:40:36,707 [INFO] Stage 2 step 2800/5000: loss=2.1073, sens=1.3997, prior_kl=0.8172, fb_sparse=0.0000, energy=0.3259, homeo=0.0000, s_acc=0.530, p_acc=0.172, ang_err=14.3, grad_norm=0.483, pi_ceil=0.000, fb_scale=1.000
2026-04-10 22:41:41,789 [INFO] Stage 2 step 2900/5000: loss=2.1832, sens=1.5705, prior_kl=0.8121, fb_sparse=0.0000, energy=0.3311, homeo=0.0000, s_acc=0.565, p_acc=0.164, ang_err=13.6, grad_norm=0.573, pi_ceil=0.000, fb_scale=1.000
2026-04-10 22:42:46,799 [INFO] Stage 2 step 3000/5000: loss=2.1341, sens=1.3872, prior_kl=0.8504, fb_sparse=0.0000, energy=0.3241, homeo=0.0000, s_acc=0.550, p_acc=0.163, ang_err=14.9, grad_norm=0.600, pi_ceil=0.000, fb_scale=1.000
2026-04-10 22:44:01,768 [INFO] Stage 2 step 3100/5000: loss=2.0018, sens=1.1164, prior_kl=0.8622, fb_sparse=0.0000, energy=0.3183, homeo=0.0000, s_acc=0.536, p_acc=0.182, ang_err=14.6, grad_norm=0.288, pi_ceil=0.000, fb_scale=1.000
2026-04-10 22:45:13,604 [INFO] Stage 2 step 3200/5000: loss=2.2816, sens=1.7193, prior_kl=0.8509, fb_sparse=0.0000, energy=0.3304, homeo=0.0000, s_acc=0.585, p_acc=0.142, ang_err=15.0, grad_norm=0.707, pi_ceil=0.000, fb_scale=1.000
2026-04-10 22:46:18,403 [INFO] Stage 2 step 3300/5000: loss=2.1228, sens=1.4735, prior_kl=0.8121, fb_sparse=0.0000, energy=0.3262, homeo=0.0000, s_acc=0.567, p_acc=0.133, ang_err=14.4, grad_norm=0.480, pi_ceil=0.000, fb_scale=1.000
2026-04-10 22:47:22,681 [INFO] Stage 2 step 3400/5000: loss=2.1402, sens=1.3990, prior_kl=0.8624, fb_sparse=0.0000, energy=0.3252, homeo=0.0000, s_acc=0.546, p_acc=0.154, ang_err=14.9, grad_norm=0.425, pi_ceil=0.000, fb_scale=1.000
2026-04-10 22:48:27,792 [INFO] Stage 2 step 3500/5000: loss=2.0383, sens=1.1689, prior_kl=0.8659, fb_sparse=0.0000, energy=0.3186, homeo=0.0000, s_acc=0.512, p_acc=0.107, ang_err=14.9, grad_norm=0.530, pi_ceil=0.000, fb_scale=1.000
2026-04-10 22:49:35,659 [INFO] Stage 2 step 3600/5000: loss=2.1514, sens=1.4679, prior_kl=0.8403, fb_sparse=0.0000, energy=0.3228, homeo=0.0000, s_acc=0.551, p_acc=0.135, ang_err=14.8, grad_norm=0.734, pi_ceil=0.000, fb_scale=1.000
2026-04-10 22:50:56,601 [INFO] Stage 2 step 3700/5000: loss=2.0744, sens=1.3908, prior_kl=0.8011, fb_sparse=0.0000, energy=0.3256, homeo=0.0000, s_acc=0.579, p_acc=0.158, ang_err=13.7, grad_norm=0.459, pi_ceil=0.000, fb_scale=1.000
2026-04-10 22:52:02,011 [INFO] Stage 2 step 3800/5000: loss=2.1246, sens=1.4536, prior_kl=0.8263, fb_sparse=0.0000, energy=0.3237, homeo=0.0000, s_acc=0.561, p_acc=0.159, ang_err=14.3, grad_norm=0.489, pi_ceil=0.000, fb_scale=1.000
2026-04-10 22:53:06,526 [INFO] Stage 2 step 3900/5000: loss=2.0549, sens=1.3013, prior_kl=0.8263, fb_sparse=0.0000, energy=0.3219, homeo=0.0000, s_acc=0.534, p_acc=0.142, ang_err=14.5, grad_norm=0.284, pi_ceil=0.000, fb_scale=1.000
2026-04-10 22:54:11,980 [INFO] Stage 2 step 4000/5000: loss=1.9915, sens=1.2471, prior_kl=0.7891, fb_sparse=0.0000, energy=0.3193, homeo=0.0000, s_acc=0.545, p_acc=0.143, ang_err=13.1, grad_norm=0.481, pi_ceil=0.000, fb_scale=1.000
2026-04-10 22:55:16,505 [INFO] Stage 2 step 4100/5000: loss=2.0814, sens=1.3745, prior_kl=0.8183, fb_sparse=0.0000, energy=0.3219, homeo=0.0000, s_acc=0.544, p_acc=0.151, ang_err=13.9, grad_norm=0.591, pi_ceil=0.000, fb_scale=1.000
2026-04-10 22:56:38,407 [INFO] Stage 2 step 4200/5000: loss=2.1079, sens=1.4685, prior_kl=0.8008, fb_sparse=0.0000, energy=0.3248, homeo=0.0000, s_acc=0.565, p_acc=0.163, ang_err=13.7, grad_norm=0.563, pi_ceil=0.000, fb_scale=1.000
2026-04-10 22:57:46,135 [INFO] Stage 2 step 4300/5000: loss=2.1560, sens=1.5447, prior_kl=0.8099, fb_sparse=0.0000, energy=0.3280, homeo=0.0000, s_acc=0.567, p_acc=0.160, ang_err=14.1, grad_norm=0.458, pi_ceil=0.000, fb_scale=1.000
2026-04-10 22:58:50,619 [INFO] Stage 2 step 4400/5000: loss=2.1027, sens=1.4010, prior_kl=0.8272, fb_sparse=0.0000, energy=0.3257, homeo=0.0000, s_acc=0.555, p_acc=0.163, ang_err=14.1, grad_norm=0.378, pi_ceil=0.000, fb_scale=1.000
2026-04-10 22:59:57,189 [INFO] Stage 2 step 4500/5000: loss=1.9918, sens=1.2974, prior_kl=0.7611, fb_sparse=0.0000, energy=0.3236, homeo=0.0000, s_acc=0.536, p_acc=0.154, ang_err=12.8, grad_norm=0.484, pi_ceil=0.000, fb_scale=1.000
2026-04-10 23:01:01,995 [INFO] Stage 2 step 4600/5000: loss=2.0593, sens=1.2985, prior_kl=0.8339, fb_sparse=0.0000, energy=0.3226, homeo=0.0000, s_acc=0.562, p_acc=0.158, ang_err=14.1, grad_norm=0.363, pi_ceil=0.000, fb_scale=1.000
2026-04-10 23:02:21,033 [INFO] Stage 2 step 4700/5000: loss=2.1115, sens=1.3286, prior_kl=0.8689, fb_sparse=0.0000, energy=0.3261, homeo=0.0000, s_acc=0.544, p_acc=0.128, ang_err=15.5, grad_norm=0.353, pi_ceil=0.000, fb_scale=1.000
2026-04-10 23:03:31,236 [INFO] Stage 2 step 4800/5000: loss=2.1461, sens=1.5878, prior_kl=0.7818, fb_sparse=0.0000, energy=0.3256, homeo=0.0000, s_acc=0.537, p_acc=0.154, ang_err=13.4, grad_norm=0.461, pi_ceil=0.000, fb_scale=1.000
2026-04-10 23:04:36,244 [INFO] Stage 2 step 4900/5000: loss=2.0204, sens=1.1879, prior_kl=0.8412, fb_sparse=0.0000, energy=0.3223, homeo=0.0000, s_acc=0.535, p_acc=0.141, ang_err=14.7, grad_norm=0.485, pi_ceil=0.000, fb_scale=1.000
2026-04-10 23:05:41,600 [INFO] Stage 2 step 5000/5000: loss=1.9250, sens=1.0419, prior_kl=0.8200, fb_sparse=0.0000, energy=0.3184, homeo=0.0001, s_acc=0.530, p_acc=0.145, ang_err=14.2, grad_norm=0.318, pi_ceil=0.000, fb_scale=1.000
2026-04-10 23:05:41,610 [INFO] Stage 2 complete: loss=1.9250, s_acc=0.530, p_acc=0.145
2026-04-10 23:05:41,624 [INFO] Saved to results/dual_1c/emergent_seed42/checkpoint.pt
2026-04-10 23:05:41,624 [INFO] Training complete.
