[all_on] wall=4.0s
[no_urbanczik] wall=2.9s
[no_vogels] wall=3.1s
[no_homeo] wall=3.0s
[no_cgen] wall=3.0s

=== CLEAN ABLATION RESULTS (Fix-O-era, lr=0 honest) ===
ablation=all_on l23e_s1=0.328 l23e_s100=0.353 l23e_s300=0.279 l23e_s500=0.282 som_s500=0.047 pv_s500=31.596 he_s500=0.032 hpv_s500=4.455 collapse_prevented=T
ablation=no_urbanczik l23e_s1=0.328 l23e_s100=0.354 l23e_s300=0.282 l23e_s500=0.286 som_s500=0.054 pv_s500=32.419 he_s500=0.032 hpv_s500=4.520 collapse_prevented=T
ablation=no_vogels l23e_s1=0.328 l23e_s100=0.349 l23e_s300=0.301 l23e_s500=0.330 som_s500=0.145 pv_s500=24.838 he_s500=0.035 hpv_s500=5.163 collapse_prevented=T
ablation=no_homeo l23e_s1=0.328 l23e_s100=0.353 l23e_s300=0.279 l23e_s500=0.282 som_s500=0.047 pv_s500=31.591 he_s500=0.032 hpv_s500=4.453 collapse_prevented=T
ablation=no_cgen l23e_s1=0.328 l23e_s100=0.353 l23e_s300=0.279 l23e_s500=0.282 som_s500=0.047 pv_s500=31.596 he_s500=0.032 hpv_s500=4.453 collapse_prevented=T

=== FULL ===
[all_on]
  step=1: {'l23e': 0.3283606171607971, 'l23pv': 24.289154052734375, 'l23som': 0.12769508361816406, 'he': 0.03484157472848892, 'hpv': 5.035966396331787}
  step=100: {'l23e': 0.3528360426425934, 'l23pv': 28.337249755859375, 'l23som': 0.1704016625881195, 'he': 0.037104278802871704, 'hpv': 5.409268379211426}
  step=300: {'l23e': 0.27899548411369324, 'l23pv': 27.360992431640625, 'l23som': 0.06886917352676392, 'he': 0.031246669590473175, 'hpv': 4.374208450317383}
  step=500: {'l23e': 0.2822309136390686, 'l23pv': 31.596210479736328, 'l23som': 0.04663412272930145, 'he': 0.03177662938833237, 'hpv': 4.454588890075684}
[no_urbanczik]
  step=1: {'l23e': 0.3283606171607971, 'l23pv': 24.289154052734375, 'l23som': 0.12769508361816406, 'he': 0.03484157472848892, 'hpv': 5.035966396331787}
  step=100: {'l23e': 0.35441648960113525, 'l23pv': 28.486135482788086, 'l23som': 0.1737930178642273, 'he': 0.03723903000354767, 'hpv': 5.434884548187256}
  step=300: {'l23e': 0.2823423743247986, 'l23pv': 27.824298858642578, 'l23som': 0.07417847216129303, 'he': 0.03153661638498306, 'hpv': 4.429830551147461}
  step=500: {'l23e': 0.2861733138561249, 'l23pv': 32.418731689453125, 'l23som': 0.05439296364784241, 'he': 0.03211674094200134, 'hpv': 4.519586086273193}
[no_vogels]
  step=1: {'l23e': 0.3283606171607971, 'l23pv': 24.289154052734375, 'l23som': 0.12769508361816406, 'he': 0.03484157472848892, 'hpv': 5.035966396331787}
  step=100: {'l23e': 0.34888094663619995, 'l23pv': 25.699308395385742, 'l23som': 0.1613561362028122, 'he': 0.03663939610123634, 'hpv': 5.3192667961120605}
  step=300: {'l23e': 0.30062946677207947, 'l23pv': 22.938465118408203, 'l23som': 0.11166004836559296, 'he': 0.032853446900844574, 'hpv': 4.685549259185791}
  step=500: {'l23e': 0.32968682050704956, 'l23pv': 24.83810806274414, 'l23som': 0.14503368735313416, 'he': 0.03549288585782051, 'hpv': 5.163308620452881}
[no_homeo]
  step=1: {'l23e': 0.3283606171607971, 'l23pv': 24.289154052734375, 'l23som': 0.12769508361816406, 'he': 0.03484157472848892, 'hpv': 5.035966396331787}
  step=100: {'l23e': 0.35282713174819946, 'l23pv': 28.336469650268555, 'l23som': 0.1703820824623108, 'he': 0.037102628499269485, 'hpv': 5.408949375152588}
  step=300: {'l23e': 0.27896955609321594, 'l23pv': 27.358253479003906, 'l23som': 0.06882940232753754, 'he': 0.031241711229085922, 'hpv': 4.373257637023926}
  step=500: {'l23e': 0.28219228982925415, 'l23pv': 31.59119415283203, 'l23som': 0.04655923694372177, 'he': 0.03176875039935112, 'hpv': 4.45306396484375}
[no_cgen]
  step=1: {'l23e': 0.3283606171607971, 'l23pv': 24.289154052734375, 'l23som': 0.12769508361816406, 'he': 0.03484157472848892, 'hpv': 5.035966396331787}
  step=100: {'l23e': 0.35283589363098145, 'l23pv': 28.337242126464844, 'l23som': 0.1704007238149643, 'he': 0.037101175636053085, 'hpv': 5.4086785316467285}
  step=300: {'l23e': 0.27899545431137085, 'l23pv': 27.360971450805664, 'l23som': 0.06886772811412811, 'he': 0.031239712610840797, 'hpv': 4.372864723205566}
  step=500: {'l23e': 0.2822309136390686, 'l23pv': 31.596179962158203, 'l23som': 0.046631842851638794, 'he': 0.031766124069690704, 'hpv': 4.452571868896484}

[total wall=15.9s]
[wrote] logs/task74/level10_clean_ablation.json
