[all_on] wall=3.7s
[no_urbanczik] wall=2.8s
[no_vogels] wall=3.0s
[no_homeo] wall=3.0s
[no_cgen] wall=3.0s

=== CLEAN ABLATION RESULTS (Fix-O-era, lr=0 honest) ===
ablation=all_on l23e_s1=0.328 l23e_s100=0.101 l23e_s300=0.022 l23e_s500=0.022 som_s500=0.000 pv_s500=1.474 he_s500=0.011 hpv_s500=1.082 collapse_prevented=F
ablation=no_urbanczik l23e_s1=0.328 l23e_s100=0.103 l23e_s300=0.023 l23e_s500=0.034 som_s500=0.000 pv_s500=2.699 he_s500=0.013 hpv_s500=1.311 collapse_prevented=F
ablation=no_vogels l23e_s1=0.328 l23e_s100=0.349 l23e_s300=0.301 l23e_s500=0.330 som_s500=0.147 pv_s500=24.887 he_s500=0.037 hpv_s500=5.401 collapse_prevented=T
ablation=no_homeo l23e_s1=0.328 l23e_s100=0.101 l23e_s300=0.022 l23e_s500=0.034 som_s500=0.000 pv_s500=2.845 he_s500=0.013 hpv_s500=1.398 collapse_prevented=F
ablation=no_cgen l23e_s1=0.328 l23e_s100=0.101 l23e_s300=0.022 l23e_s500=0.027 som_s500=0.000 pv_s500=1.973 he_s500=0.011 hpv_s500=1.082 collapse_prevented=F

=== FULL ===
[all_on]
  step=1: {'l23e': 0.3283606171607971, 'l23pv': 24.289154052734375, 'l23som': 0.12769508361816406, 'he': 0.03484157472848892, 'hpv': 5.035966396331787}
  step=100: {'l23e': 0.10119003057479858, 'l23pv': 7.043322563171387, 'l23som': 4.12638810602325e-27, 'he': 0.015249693766236305, 'hpv': 0.8885526657104492}
  step=300: {'l23e': 0.022200074046850204, 'l23pv': 1.3879199028015137, 'l23som': 0.0, 'he': 0.010437200777232647, 'hpv': 0.918099582195282}
  step=500: {'l23e': 0.022349050268530846, 'l23pv': 1.4740374088287354, 'l23som': 0.0, 'he': 0.011254278011620045, 'hpv': 1.0820964574813843}
[no_urbanczik]
  step=1: {'l23e': 0.3283606171607971, 'l23pv': 24.289154052734375, 'l23som': 0.12769508361816406, 'he': 0.03484157472848892, 'hpv': 5.035966396331787}
  step=100: {'l23e': 0.10253258049488068, 'l23pv': 6.994088172912598, 'l23som': 4.126760966060484e-27, 'he': 0.015145694836974144, 'hpv': 0.8832530379295349}
  step=300: {'l23e': 0.02307923696935177, 'l23pv': 1.3212461471557617, 'l23som': 0.0, 'he': 0.01036024559289217, 'hpv': 0.9094014763832092}
  step=500: {'l23e': 0.03379065543413162, 'l23pv': 2.698698043823242, 'l23som': 0.0, 'he': 0.012645306997001171, 'hpv': 1.310950517654419}
[no_vogels]
  step=1: {'l23e': 0.3283606171607971, 'l23pv': 24.289154052734375, 'l23som': 0.12769508361816406, 'he': 0.03484157472848892, 'hpv': 5.035966396331787}
  step=100: {'l23e': 0.34904247522354126, 'l23pv': 25.71185874938965, 'l23som': 0.1617552936077118, 'he': 0.03691519796848297, 'hpv': 5.371582508087158}
  step=300: {'l23e': 0.30100107192993164, 'l23pv': 22.968507766723633, 'l23som': 0.11265525221824646, 'he': 0.033570319414138794, 'hpv': 4.823638439178467}
  step=500: {'l23e': 0.3302949070930481, 'l23pv': 24.886693954467773, 'l23som': 0.1466454714536667, 'he': 0.03673000633716583, 'hpv': 5.4007248878479}
[no_homeo]
  step=1: {'l23e': 0.3283606171607971, 'l23pv': 24.289154052734375, 'l23som': 0.12769508361816406, 'he': 0.03484157472848892, 'hpv': 5.035966396331787}
  step=100: {'l23e': 0.10115893185138702, 'l23pv': 7.04451322555542, 'l23som': 4.126385794907317e-27, 'he': 0.0152514036744833, 'hpv': 0.8885853290557861}
  step=300: {'l23e': 0.022243419662117958, 'l23pv': 1.3921496868133545, 'l23som': 0.0, 'he': 0.010482853278517723, 'hpv': 0.9267103672027588}
  step=500: {'l23e': 0.03368046134710312, 'l23pv': 2.8453946113586426, 'l23som': 0.0, 'he': 0.01318824477493763, 'hpv': 1.397599697113037}
[no_cgen]
  step=1: {'l23e': 0.3283606171607971, 'l23pv': 24.289154052734375, 'l23som': 0.12769508361816406, 'he': 0.03484157472848892, 'hpv': 5.035966396331787}
  step=100: {'l23e': 0.1011892557144165, 'l23pv': 7.043334007263184, 'l23som': 4.126377320815562e-27, 'he': 0.015233758836984634, 'hpv': 0.8866303563117981}
  step=300: {'l23e': 0.022202277556061745, 'l23pv': 1.388142704963684, 'l23som': 0.0, 'he': 0.010421240702271461, 'hpv': 0.9151687622070312}
  step=500: {'l23e': 0.02663058415055275, 'l23pv': 1.973449468612671, 'l23som': 0.0, 'he': 0.011438694782555103, 'hpv': 1.082017421722412}

[total wall=15.5s]
[wrote] logs/task74/level10_clean_ablation.json
