[baseline] wall=3.7s
[no_urbanczik] wall=3.2s
[no_vogels] wall=3.2s
[no_homeostasis] wall=3.1s
[no_hebb] wall=3.3s
[FROZEN_ALL] wall=3.2s

=== ABLATION RESULTS ===
ablation=baseline l23e_rate_step1=0.328 l23e_rate_step100=0.101 l23e_rate_step300=0.022 l23e_rate_step500=0.022 l23som_step500=0.000 l23pv_step500=1.474 he_step500=0.011 hpv_step500=1.082
ablation=no_urbanczik l23e_rate_step1=0.328 l23e_rate_step100=0.103 l23e_rate_step300=0.023 l23e_rate_step500=0.047 l23som_step500=0.000 l23pv_step500=4.231 he_step500=0.014 hpv_step500=1.312
ablation=no_vogels l23e_rate_step1=0.328 l23e_rate_step100=0.119 l23e_rate_step300=0.045 l23e_rate_step500=0.093 l23som_step500=0.000 l23pv_step500=4.412 he_step500=0.013 hpv_step500=0.825
ablation=no_homeostasis l23e_rate_step1=0.328 l23e_rate_step100=0.101 l23e_rate_step300=0.022 l23e_rate_step500=0.034 l23som_step500=0.000 l23pv_step500=2.845 he_step500=0.013 hpv_step500=1.398
ablation=no_hebb l23e_rate_step1=0.328 l23e_rate_step100=0.101 l23e_rate_step300=0.022 l23e_rate_step500=0.023 l23som_step500=0.000 l23pv_step500=1.505 he_step500=0.011 hpv_step500=1.040
ablation=FROZEN_ALL l23e_rate_step1=0.328 l23e_rate_step100=0.119 l23e_rate_step300=0.040 l23e_rate_step500=0.073 l23som_step500=0.000 l23pv_step500=4.491 he_step500=0.013 hpv_step500=0.724

=== FULL SNAPSHOTS ===
[baseline]
  step=1: {'l23e': 0.3283606171607971, 'l23pv': 24.289154052734375, 'l23som': 0.12769508361816406, 'he': 0.03484157472848892, 'hpv': 5.035966396331787}
  step=100: {'l23e': 0.10119003057479858, 'l23pv': 7.043322563171387, 'l23som': 4.12638810602325e-27, 'he': 0.015249693766236305, 'hpv': 0.8885526657104492}
  step=300: {'l23e': 0.022200074046850204, 'l23pv': 1.3879199028015137, 'l23som': 0.0, 'he': 0.010437200777232647, 'hpv': 0.918099582195282}
  step=500: {'l23e': 0.022349050268530846, 'l23pv': 1.4740374088287354, 'l23som': 0.0, 'he': 0.011254278011620045, 'hpv': 1.0820964574813843}
[no_urbanczik]
  step=1: {'l23e': 0.3283606171607971, 'l23pv': 24.289154052734375, 'l23som': 0.12769508361816406, 'he': 0.03484157472848892, 'hpv': 5.035966396331787}
  step=100: {'l23e': 0.10260438174009323, 'l23pv': 6.989704608917236, 'l23som': 4.126793706869538e-27, 'he': 0.015137897804379463, 'hpv': 0.882825493812561}
  step=300: {'l23e': 0.022503573447465897, 'l23pv': 1.452580451965332, 'l23som': 0.0, 'he': 0.010583017952740192, 'hpv': 0.9444062113761902}
  step=500: {'l23e': 0.046668145805597305, 'l23pv': 4.230603218078613, 'l23som': 0.0, 'he': 0.014033629558980465, 'hpv': 1.3115415573120117}
[no_vogels]
  step=1: {'l23e': 0.3283606171607971, 'l23pv': 24.289154052734375, 'l23som': 0.12769508361816406, 'he': 0.03484157472848892, 'hpv': 5.035966396331787}
  step=100: {'l23e': 0.11915254592895508, 'l23pv': 5.068325996398926, 'l23som': 4.0947943808435444e-27, 'he': 0.01252418290823698, 'hpv': 0.7472890615463257}
  step=300: {'l23e': 0.04456896334886551, 'l23pv': 3.8257694244384766, 'l23som': 0.0, 'he': 0.013680743053555489, 'hpv': 1.220338225364685}
  step=500: {'l23e': 0.09251199662685394, 'l23pv': 4.412463188171387, 'l23som': 0.0, 'he': 0.013418251648545265, 'hpv': 0.824720025062561}
[no_homeostasis]
  step=1: {'l23e': 0.3283606171607971, 'l23pv': 24.289154052734375, 'l23som': 0.12769508361816406, 'he': 0.03484157472848892, 'hpv': 5.035966396331787}
  step=100: {'l23e': 0.10115893185138702, 'l23pv': 7.04451322555542, 'l23som': 4.126385794907317e-27, 'he': 0.0152514036744833, 'hpv': 0.8885853290557861}
  step=300: {'l23e': 0.022243419662117958, 'l23pv': 1.3921496868133545, 'l23som': 0.0, 'he': 0.010482853278517723, 'hpv': 0.9267103672027588}
  step=500: {'l23e': 0.03368046134710312, 'l23pv': 2.8453946113586426, 'l23som': 0.0, 'he': 0.01318824477493763, 'hpv': 1.397599697113037}
[no_hebb]
  step=1: {'l23e': 0.3283606171607971, 'l23pv': 24.289154052734375, 'l23som': 0.12769508361816406, 'he': 0.03484157472848892, 'hpv': 5.035966396331787}
  step=100: {'l23e': 0.10119004547595978, 'l23pv': 7.043320178985596, 'l23som': 4.12638810602325e-27, 'he': 0.015249471180140972, 'hpv': 0.8885267972946167}
  step=300: {'l23e': 0.02220011129975319, 'l23pv': 1.3879239559173584, 'l23som': 0.0, 'he': 0.010436954908072948, 'hpv': 0.9180544018745422}
  step=500: {'l23e': 0.022565441206097603, 'l23pv': 1.5051844120025635, 'l23som': 0.0, 'he': 0.011049806140363216, 'hpv': 1.040417194366455}
[FROZEN_ALL]
  step=1: {'l23e': 0.3283606171607971, 'l23pv': 24.289154052734375, 'l23som': 0.12769508361816406, 'he': 0.03484157472848892, 'hpv': 5.035966396331787}
  step=100: {'l23e': 0.1192413792014122, 'l23pv': 5.040860652923584, 'l23som': 4.095192277970055e-27, 'he': 0.01250650268048048, 'hpv': 0.7489608526229858}
  step=300: {'l23e': 0.040042247623205185, 'l23pv': 3.3457324504852295, 'l23som': 0.0, 'he': 0.013051193207502365, 'hpv': 1.1756778955459595}
  step=500: {'l23e': 0.07261574268341064, 'l23pv': 4.490793228149414, 'l23som': 0.0, 'he': 0.012579268775880337, 'hpv': 0.7240383625030518}

[total wall=19.7s]
[wrote] logs/task74/level10_ablation.json
