[FROZEN_on_procedural] wall=2.8s
[FROZEN_on_gratings] wall=1.7s
[FROZEN_no_softreset_proc] wall=2.0s
[FROZEN_no_softreset_grat] wall=2.0s

=== PROBE RESULTS ===
ablation=FROZEN_on_procedural l23e_s1=0.328 l23e_s100=0.351 l23e_s300=0.305 l23e_s500=0.337 som_s500=0.161 pv_s500=25.438 hpv_s500=5.282
ablation=FROZEN_on_gratings l23e_s1=0.552 l23e_s100=0.552 l23e_s300=0.552 l23e_s500=0.552 som_s500=0.723 pv_s500=42.632 hpv_s500=8.790
ablation=FROZEN_no_softreset_proc l23e_s1=0.328 l23e_s100=0.329 l23e_s300=0.356 l23e_s500=0.308 som_s500=0.160 pv_s500=24.176 hpv_s500=5.354
ablation=FROZEN_no_softreset_grat l23e_s1=0.552 l23e_s100=0.552 l23e_s300=0.552 l23e_s500=0.552 som_s500=0.724 pv_s500=42.639 hpv_s500=8.792

=== FULL ===
[FROZEN_on_procedural]
  step=1: {'l23e': 0.3283606171607971, 'l23pv': 24.289154052734375, 'l23som': 0.12769508361816406, 'he': 0.03484157472848892, 'hpv': 5.035966396331787}
  step=100: {'l23e': 0.3505687117576599, 'l23pv': 25.83184051513672, 'l23som': 0.16494512557983398, 'he': 0.03677835687994957, 'hpv': 5.345620632171631}
  step=300: {'l23e': 0.30514946579933167, 'l23pv': 23.302997589111328, 'l23som': 0.12148113548755646, 'he': 0.033225350081920624, 'hpv': 4.757547855377197}
  step=500: {'l23e': 0.3371894061565399, 'l23pv': 25.43842124938965, 'l23som': 0.1614656150341034, 'he': 0.0361088290810585, 'hpv': 5.282234191894531}
[FROZEN_on_gratings]
  step=1: {'l23e': 0.5519683361053467, 'l23pv': 42.627037048339844, 'l23som': 0.7231271862983704, 'he': 0.05381070449948311, 'hpv': 8.789481163024902}
  step=100: {'l23e': 0.5520225167274475, 'l23pv': 42.631656646728516, 'l23som': 0.7232927680015564, 'he': 0.05381526052951813, 'hpv': 8.79047966003418}
  step=300: {'l23e': 0.5520211458206177, 'l23pv': 42.63153839111328, 'l23som': 0.7232885956764221, 'he': 0.05381514132022858, 'hpv': 8.790456771850586}
  step=500: {'l23e': 0.5520211458206177, 'l23pv': 42.63153839111328, 'l23som': 0.7232885956764221, 'he': 0.053815148770809174, 'hpv': 8.790456771850586}
[FROZEN_no_softreset_proc]
  step=1: {'l23e': 0.3283606171607971, 'l23pv': 24.289154052734375, 'l23som': 0.12769508361816406, 'he': 0.03484157472848892, 'hpv': 5.035966396331787}
  step=100: {'l23e': 0.32890546321868896, 'l23pv': 24.1513729095459, 'l23som': 0.13178056478500366, 'he': 0.03440917283296585, 'hpv': 4.833096504211426}
  step=300: {'l23e': 0.3562861382961273, 'l23pv': 27.111242294311523, 'l23som': 0.2125132977962494, 'he': 0.03739982843399048, 'hpv': 5.647832870483398}
  step=500: {'l23e': 0.308015912771225, 'l23pv': 24.176006317138672, 'l23som': 0.15978264808654785, 'he': 0.03401557728648186, 'hpv': 5.3541646003723145}
[FROZEN_no_softreset_grat]
  step=1: {'l23e': 0.5519683361053467, 'l23pv': 42.627037048339844, 'l23som': 0.7231271862983704, 'he': 0.05381070449948311, 'hpv': 8.789481163024902}
  step=100: {'l23e': 0.5520927906036377, 'l23pv': 42.63762664794922, 'l23som': 0.7235076427459717, 'he': 0.053821273148059845, 'hpv': 8.791670799255371}
  step=300: {'l23e': 0.5521116256713867, 'l23pv': 42.63919448852539, 'l23som': 0.7235652208328247, 'he': 0.053822897374629974, 'hpv': 8.791990280151367}
  step=500: {'l23e': 0.5521119832992554, 'l23pv': 42.63922882080078, 'l23som': 0.7235663533210754, 'he': 0.05382292717695236, 'hpv': 8.791996002197266}

[total wall=8.5s]
[wrote] logs/task74/level10_probe_driver.json
