[forward_only] wall=2.5s
[plast_lr_eps] wall=3.2s

=== DIVERGENCE TABLE (plast - forward) / max(|forward|, 1e-12) ===
var                             init    fw_s500    pl_s500   abs_diff   rel_diff
W_fb_apical_norm            640.0802   640.0802   640.0736    -0.0066    -0.001%
W_hm_gen_norm                 5.4295     5.4295     5.4024    -0.0271    -0.500%
W_l23_h_norm                704.0081   704.0081   703.6766    -0.3314    -0.047%
W_l4_l23_norm               272.1859   272.1859   272.1345    -0.0514    -0.019%
W_mh_gen_norm                10.9359    10.9359    10.8814    -0.0545    -0.499%
W_mm_gen_norm                 4.9026     4.9026     4.8781    -0.0245    -0.499%
W_pred_C_norm               783.9036   783.9036   627.0694  -156.8342   -20.007%  <<<
W_pred_H_norm               905.0291   905.0291   724.0773  -180.9517   -19.994%  <<<
W_pred_apical_norm         1810.2140  1810.2140  1448.1274  -362.0865   -20.002%  <<<
W_pv_h_norm                 113.0347   113.0347   105.2655    -7.7692    -6.873%  <<<
W_pv_l23_norm               416.1020   416.1020   124.9961  -291.1059   -69.960%  <<<
W_pv_pre_h_norm              67.8069    67.8069    67.8065    -0.0004    -0.001%
W_pv_pre_l23_norm            64.4212    64.4212    64.3872    -0.0340    -0.053%
W_rec_h_norm                319.9658   319.9658   319.9654    -0.0004    -0.000%
W_rec_l23_norm             1280.1443  1280.1443  1280.0709    -0.0734    -0.006%
W_som_l23_norm              452.8728   452.8728   452.8683    -0.0045    -0.001%
b_pred_abs_max               10.0000    10.0000     8.0000    -2.0000   -20.000%  <<<
b_pred_mean                 -10.0000   -10.0000    -8.0000    +2.0000   +20.000%  <<<
h_pv                          4.9598     5.2822     0.7240    -4.5582   -86.293%  <<<
m                             0.0017     0.0025     0.0008    -0.0016   -66.458%  <<<
r_h                           0.0345     0.0361     0.0126    -0.0235   -65.163%  <<<
r_l23                         0.3216     0.3372     0.0726    -0.2646   -78.464%  <<<
r_pv                         23.8540    25.4384     4.4908   -20.9476   -82.346%  <<<
r_som                         0.1208     0.1615     0.0000    -0.1615  -100.000%  <<<
theta_he_abs_max              0.0000     0.0000     0.0000    +0.0000    +0.000%
theta_he_mean                 0.0000     0.0000     0.0000    +0.0000    +0.000%
theta_l23e_abs_max            0.0000     0.0000     0.0000    +0.0000    +0.000%
theta_l23e_mean               0.0000     0.0000     0.0000    +0.0000    +0.000%

=== TRAJECTORY OF DIVERGENT VARS (|rel_diff|>1%) ===

[r_som]  fw_s500=0.1615  pl_s500=0.0000  rel_diff=-100.00%
  step=0    fw=    +0.12082  pl=    +0.12082  Δ=    +0.00000
  step=100  fw=    +0.01649  pl=    +0.00000  Δ=    -0.01649
  step=300  fw=    +0.01215  pl=    +0.00000  Δ=    -0.01215
  step=500  fw=    +0.16147  pl=    +0.00000  Δ=    -0.16147

[h_pv]  fw_s500=5.2822  pl_s500=0.7240  rel_diff=-86.29%
  step=0    fw=    +4.95975  pl=    +4.95975  Δ=    +0.00000
  step=100  fw=    +0.53456  pl=    +0.07490  Δ=    -0.45967
  step=300  fw=    +0.47575  pl=    +0.11757  Δ=    -0.35819
  step=500  fw=    +5.28223  pl=    +0.72404  Δ=    -4.55820

[r_pv]  fw_s500=25.4384  pl_s500=4.4908  rel_diff=-82.35%
  step=0    fw=   +23.85401  pl=   +23.85401  Δ=    +0.00000
  step=100  fw=    +2.58318  pl=    +0.50409  Δ=    -2.07910
  step=300  fw=    +2.33030  pl=    +0.33457  Δ=    -1.99573
  step=500  fw=   +25.43842  pl=    +4.49079  Δ=   -20.94763

[r_l23]  fw_s500=0.3372  pl_s500=0.0726  rel_diff=-78.46%
  step=0    fw=    +0.32162  pl=    +0.32162  Δ=    +0.00000
  step=100  fw=    +0.03506  pl=    +0.01192  Δ=    -0.02313
  step=300  fw=    +0.03051  pl=    +0.00400  Δ=    -0.02651
  step=500  fw=    +0.33719  pl=    +0.07262  Δ=    -0.26457

[W_pv_l23_norm]  fw_s500=416.1020  pl_s500=124.9961  rel_diff=-69.96%
  step=0    fw=  +416.10199  pl=  +416.10199  Δ=    +0.00000
  step=100  fw=  +416.10199  pl=  +238.33224  Δ=  -177.76974
  step=300  fw=  +416.10199  pl=  +170.02570  Δ=  -246.07629
  step=500  fw=  +416.10199  pl=  +124.99612  Δ=  -291.10587

[m]  fw_s500=0.0025  pl_s500=0.0008  rel_diff=-66.46%
  step=0    fw=    +0.00166  pl=    +0.00166  Δ=    +0.00000
  step=100  fw=    +0.00025  pl=    +0.00009  Δ=    -0.00015
  step=300  fw=    +0.00024  pl=    +0.00008  Δ=    -0.00016
  step=500  fw=    +0.00246  pl=    +0.00082  Δ=    -0.00163

[r_h]  fw_s500=0.0361  pl_s500=0.0126  rel_diff=-65.16%
  step=0    fw=    +0.03448  pl=    +0.03448  Δ=    +0.00000
  step=100  fw=    +0.00368  pl=    +0.00125  Δ=    -0.00243
  step=300  fw=    +0.00332  pl=    +0.00131  Δ=    -0.00202
  step=500  fw=    +0.03611  pl=    +0.01258  Δ=    -0.02353

[W_pred_C_norm]  fw_s500=783.9036  pl_s500=627.0694  rel_diff=-20.01%
  step=0    fw=  +783.90363  pl=  +783.90363  Δ=    +0.00000
  step=100  fw=  +783.90363  pl=  +627.06940  Δ=  -156.83423
  step=300  fw=  +783.90363  pl=  +627.06940  Δ=  -156.83423
  step=500  fw=  +783.90363  pl=  +627.06940  Δ=  -156.83423

[W_pred_apical_norm]  fw_s500=1810.2140  pl_s500=1448.1274  rel_diff=-20.00%
  step=0    fw= +1810.21399  pl= +1810.21399  Δ=    +0.00000
  step=100  fw= +1810.21399  pl= +1448.07800  Δ=  -362.13599
  step=300  fw= +1810.21399  pl= +1448.10498  Δ=  -362.10901
  step=500  fw= +1810.21399  pl= +1448.12744  Δ=  -362.08655

[b_pred_abs_max]  fw_s500=10.0000  pl_s500=8.0000  rel_diff=-20.00%
  step=0    fw=   +10.00000  pl=   +10.00000  Δ=    +0.00000
  step=100  fw=   +10.00000  pl=    +8.00000  Δ=    -2.00000
  step=300  fw=   +10.00000  pl=    +8.00000  Δ=    -2.00000
  step=500  fw=   +10.00000  pl=    +8.00000  Δ=    -2.00000

[total wall=5.8s]
[wrote] logs/task74/level10_diff_probe.json
