[train] phase=learning trial=0/15000 elapsed=0.0min W_qm=14.0072 W_mh_exc=0.0014 W_mh_inh=0.0000
[train] phase=learning trial=50/15000 elapsed=0.5min W_qm=14.0087 W_mh_exc=0.1573 W_mh_inh=7.8494
[train] phase=learning trial=100/15000 elapsed=0.9min W_qm=14.0097 W_mh_exc=0.3038 W_mh_inh=20.1871
[train] phase=learning trial=150/15000 elapsed=1.4min W_qm=14.0123 W_mh_exc=0.4616 W_mh_inh=33.7627
[train] phase=learning trial=200/15000 elapsed=1.8min W_qm=14.0145 W_mh_exc=0.6012 W_mh_inh=47.8792
[train] phase=learning trial=250/15000 elapsed=2.3min W_qm=14.0181 W_mh_exc=0.7626 W_mh_inh=62.3175
[train] phase=learning trial=300/15000 elapsed=2.8min W_qm=14.0187 W_mh_exc=0.9133 W_mh_inh=77.0133
[train] phase=learning trial=350/15000 elapsed=3.2min W_qm=14.0209 W_mh_exc=1.0777 W_mh_inh=91.7129
[train] phase=learning trial=400/15000 elapsed=3.7min W_qm=14.0232 W_mh_exc=1.2402 W_mh_inh=106.5470
[train] phase=learning trial=450/15000 elapsed=4.1min W_qm=14.0266 W_mh_exc=1.4191 W_mh_inh=121.4064
[train] phase=learning trial=500/15000 elapsed=4.6min W_qm=14.0316 W_mh_exc=1.6018 W_mh_inh=136.2769
[train] phase=learning trial=550/15000 elapsed=5.1min W_qm=14.0374 W_mh_exc=1.7857 W_mh_inh=151.1871
[train] phase=learning trial=600/15000 elapsed=5.5min W_qm=14.0461 W_mh_exc=1.9956 W_mh_inh=166.0614
[train] phase=learning trial=650/15000 elapsed=5.9min W_qm=14.0553 W_mh_exc=2.2012 W_mh_inh=181.0305
[train] phase=learning trial=700/15000 elapsed=6.4min W_qm=14.0623 W_mh_exc=2.4380 W_mh_inh=195.8979
[train] phase=learning trial=750/15000 elapsed=6.9min W_qm=14.0646 W_mh_exc=2.6318 W_mh_inh=210.8360
[train] phase=learning trial=800/15000 elapsed=7.3min W_qm=14.0680 W_mh_exc=2.8107 W_mh_inh=225.8497
[train] phase=learning trial=850/15000 elapsed=7.8min W_qm=14.0725 W_mh_exc=3.0051 W_mh_inh=236.8968
[train] phase=learning trial=900/15000 elapsed=8.2min W_qm=14.0784 W_mh_exc=3.1752 W_mh_inh=241.5213
[train] phase=learning trial=950/15000 elapsed=8.7min W_qm=14.0860 W_mh_exc=3.3455 W_mh_inh=244.9685
[train] phase=learning trial=1000/15000 elapsed=9.1min W_qm=14.0931 W_mh_exc=3.5308 W_mh_inh=248.2642
[train] phase=learning trial=1050/15000 elapsed=9.6min W_qm=14.0952 W_mh_exc=3.7177 W_mh_inh=251.5478
[train] phase=learning trial=1100/15000 elapsed=10.0min W_qm=14.0959 W_mh_exc=3.9216 W_mh_inh=254.9432
[train] phase=learning trial=1150/15000 elapsed=10.5min W_qm=14.0975 W_mh_exc=4.1336 W_mh_inh=257.9101
[train] phase=learning trial=1200/15000 elapsed=10.9min W_qm=14.1003 W_mh_exc=4.3475 W_mh_inh=260.2717
[train] phase=learning trial=1250/15000 elapsed=11.4min W_qm=14.1029 W_mh_exc=4.5897 W_mh_inh=262.5926
[train] phase=learning trial=1300/15000 elapsed=11.8min W_qm=14.1078 W_mh_exc=4.8372 W_mh_inh=265.0814
[train] phase=learning trial=1350/15000 elapsed=12.3min W_qm=14.1135 W_mh_exc=5.1004 W_mh_inh=267.4320
[train] phase=learning trial=1400/15000 elapsed=12.7min W_qm=14.1227 W_mh_exc=5.3314 W_mh_inh=269.8817
[train] phase=learning trial=1450/15000 elapsed=13.2min W_qm=14.1280 W_mh_exc=5.5409 W_mh_inh=272.4043
[train] phase=learning trial=1500/15000 elapsed=13.6min W_qm=14.1315 W_mh_exc=5.7731 W_mh_inh=275.0931
[train] phase=learning trial=1550/15000 elapsed=14.1min W_qm=14.1304 W_mh_exc=5.9907 W_mh_inh=277.8773
[train] phase=learning trial=1600/15000 elapsed=14.5min W_qm=14.1278 W_mh_exc=6.1855 W_mh_inh=280.5658
[train] phase=learning trial=1650/15000 elapsed=15.0min W_qm=14.1259 W_mh_exc=6.3706 W_mh_inh=282.4316
[train] phase=learning trial=1700/15000 elapsed=15.4min W_qm=14.1240 W_mh_exc=6.5688 W_mh_inh=283.5925
[train] phase=learning trial=1750/15000 elapsed=15.9min W_qm=14.1219 W_mh_exc=6.7904 W_mh_inh=284.3636
[train] phase=learning trial=1800/15000 elapsed=16.3min W_qm=14.1226 W_mh_exc=7.0013 W_mh_inh=285.2722
[train] phase=learning trial=1850/15000 elapsed=16.8min W_qm=14.1238 W_mh_exc=7.2160 W_mh_inh=286.0175
[train] phase=learning trial=1900/15000 elapsed=17.2min W_qm=14.1254 W_mh_exc=7.4470 W_mh_inh=286.5592
[train] phase=learning trial=1950/15000 elapsed=17.7min W_qm=14.1302 W_mh_exc=7.6845 W_mh_inh=287.2116
[train] phase=learning trial=2000/15000 elapsed=18.1min W_qm=14.1307 W_mh_exc=7.9397 W_mh_inh=287.7129
[train] phase=learning trial=2050/15000 elapsed=18.6min W_qm=14.1279 W_mh_exc=8.2079 W_mh_inh=288.3005
[train] phase=learning trial=2100/15000 elapsed=19.0min W_qm=14.1254 W_mh_exc=8.4825 W_mh_inh=288.9362
[train] phase=learning trial=2150/15000 elapsed=19.5min W_qm=14.1227 W_mh_exc=8.7454 W_mh_inh=289.5240
[train] phase=learning trial=2200/15000 elapsed=19.9min W_qm=14.1207 W_mh_exc=9.0542 W_mh_inh=290.0140
[train] phase=learning trial=2250/15000 elapsed=20.4min W_qm=14.1199 W_mh_exc=9.3372 W_mh_inh=290.5476
[train] phase=learning trial=2300/15000 elapsed=20.8min W_qm=14.1194 W_mh_exc=9.5615 W_mh_inh=291.0556
[train] phase=learning trial=2350/15000 elapsed=21.3min W_qm=14.1199 W_mh_exc=9.7375 W_mh_inh=291.3616
[train] phase=learning trial=2400/15000 elapsed=21.7min W_qm=14.1209 W_mh_exc=9.9271 W_mh_inh=291.6707
[train] phase=learning trial=2450/15000 elapsed=22.2min W_qm=14.1227 W_mh_exc=10.1042 W_mh_inh=291.9834
[train] phase=learning trial=2500/15000 elapsed=22.6min W_qm=14.1238 W_mh_exc=10.3590 W_mh_inh=292.3211
[train] phase=learning trial=2550/15000 elapsed=23.1min W_qm=14.1243 W_mh_exc=10.5813 W_mh_inh=292.6555
[train] phase=learning trial=2600/15000 elapsed=23.5min W_qm=14.1259 W_mh_exc=10.8378 W_mh_inh=293.0039
[train] phase=learning trial=2650/15000 elapsed=24.0min W_qm=14.1251 W_mh_exc=11.0680 W_mh_inh=293.3447
[train] phase=learning trial=2700/15000 elapsed=24.4min W_qm=14.1231 W_mh_exc=11.2874 W_mh_inh=293.6999
[train] phase=learning trial=2750/15000 elapsed=24.9min W_qm=14.1219 W_mh_exc=11.5573 W_mh_inh=294.0819
[train] phase=learning trial=2800/15000 elapsed=25.3min W_qm=14.1208 W_mh_exc=11.7752 W_mh_inh=294.4669
[train] phase=learning trial=2850/15000 elapsed=25.8min W_qm=14.1204 W_mh_exc=11.9799 W_mh_inh=294.8730
[train] phase=learning trial=2900/15000 elapsed=26.2min W_qm=14.1210 W_mh_exc=12.1965 W_mh_inh=295.3010
[train] phase=learning trial=2950/15000 elapsed=26.7min W_qm=14.1219 W_mh_exc=12.4174 W_mh_inh=295.6187
[train] phase=learning trial=3000/15000 elapsed=27.1min W_qm=14.1233 W_mh_exc=12.6411 W_mh_inh=295.8745
[train] phase=learning trial=3050/15000 elapsed=27.6min W_qm=14.1264 W_mh_exc=12.8297 W_mh_inh=296.1277
[train] phase=learning trial=3100/15000 elapsed=28.0min W_qm=14.1339 W_mh_exc=13.0445 W_mh_inh=296.3607
[train] phase=learning trial=3150/15000 elapsed=28.5min W_qm=14.1361 W_mh_exc=13.2443 W_mh_inh=296.6325
[train] phase=learning trial=3200/15000 elapsed=28.9min W_qm=14.1383 W_mh_exc=13.4513 W_mh_inh=296.9031
[train] phase=learning trial=3250/15000 elapsed=29.4min W_qm=14.1382 W_mh_exc=13.6308 W_mh_inh=297.1802
[train] phase=learning trial=3300/15000 elapsed=29.8min W_qm=14.1397 W_mh_exc=13.8167 W_mh_inh=297.4521
[train] phase=learning trial=3350/15000 elapsed=30.2min W_qm=14.1422 W_mh_exc=14.0079 W_mh_inh=297.7393
[train] phase=learning trial=3400/15000 elapsed=30.7min W_qm=14.1436 W_mh_exc=14.2072 W_mh_inh=298.0421
[train] phase=learning trial=3450/15000 elapsed=31.1min W_qm=14.1431 W_mh_exc=14.4180 W_mh_inh=298.3515
[train] phase=learning trial=3500/15000 elapsed=31.6min W_qm=14.1432 W_mh_exc=14.6441 W_mh_inh=298.6078
[train] phase=learning trial=3550/15000 elapsed=32.0min W_qm=14.1441 W_mh_exc=14.8573 W_mh_inh=298.8582
[train] phase=learning trial=3600/15000 elapsed=32.4min W_qm=14.1459 W_mh_exc=15.0415 W_mh_inh=299.1057
[train] phase=learning trial=3650/15000 elapsed=32.9min W_qm=14.1485 W_mh_exc=15.2470 W_mh_inh=299.3374
[train] phase=learning trial=3700/15000 elapsed=33.3min W_qm=14.1525 W_mh_exc=15.3711 W_mh_inh=299.6057
[train] phase=learning trial=3750/15000 elapsed=33.8min W_qm=14.1570 W_mh_exc=15.5204 W_mh_inh=299.8515
[train] phase=learning trial=3800/15000 elapsed=34.2min W_qm=14.1589 W_mh_exc=15.6725 W_mh_inh=300.1277
[train] phase=learning trial=3850/15000 elapsed=34.7min W_qm=14.1574 W_mh_exc=15.7909 W_mh_inh=300.3888
[train] phase=learning trial=3900/15000 elapsed=35.1min W_qm=14.1544 W_mh_exc=15.9590 W_mh_inh=300.6743
[train] phase=learning trial=3950/15000 elapsed=35.5min W_qm=14.1530 W_mh_exc=16.1064 W_mh_inh=300.9244
[train] phase=learning trial=4000/15000 elapsed=36.0min W_qm=14.1513 W_mh_exc=16.2791 W_mh_inh=301.2075
[train] phase=learning trial=4050/15000 elapsed=36.4min W_qm=14.1479 W_mh_exc=16.4402 W_mh_inh=301.5588
[train] phase=learning trial=4100/15000 elapsed=36.9min W_qm=14.1477 W_mh_exc=16.6205 W_mh_inh=301.7343
[train] phase=learning trial=4150/15000 elapsed=37.3min W_qm=14.1466 W_mh_exc=16.8035 W_mh_inh=301.8208
[train] phase=learning trial=4200/15000 elapsed=37.8min W_qm=14.1455 W_mh_exc=16.9783 W_mh_inh=301.9030
[train] phase=learning trial=4250/15000 elapsed=38.2min W_qm=14.1452 W_mh_exc=17.1727 W_mh_inh=301.9890
[train] phase=learning trial=4300/15000 elapsed=38.6min W_qm=14.1463 W_mh_exc=17.3071 W_mh_inh=302.0752
[train] phase=learning trial=4350/15000 elapsed=39.1min W_qm=14.1476 W_mh_exc=17.4563 W_mh_inh=302.1616
[train] phase=learning trial=4400/15000 elapsed=39.5min W_qm=14.1474 W_mh_exc=17.6104 W_mh_inh=302.2424
[train] phase=learning trial=4450/15000 elapsed=40.0min W_qm=14.1473 W_mh_exc=17.7668 W_mh_inh=302.3167
[train] phase=learning trial=4500/15000 elapsed=40.4min W_qm=14.1457 W_mh_exc=17.9582 W_mh_inh=302.3915
[train] phase=learning trial=4550/15000 elapsed=40.9min W_qm=14.1433 W_mh_exc=18.1125 W_mh_inh=302.4801
[train] phase=learning trial=4600/15000 elapsed=41.3min W_qm=14.1388 W_mh_exc=18.3109 W_mh_inh=302.5577
[train] phase=learning trial=4650/15000 elapsed=41.8min W_qm=14.1342 W_mh_exc=18.4366 W_mh_inh=302.6324
[train] phase=learning trial=4700/15000 elapsed=42.3min W_qm=14.1298 W_mh_exc=18.5146 W_mh_inh=302.7079
[train] phase=learning trial=4750/15000 elapsed=42.7min W_qm=14.1256 W_mh_exc=18.6230 W_mh_inh=302.7825
[train] phase=learning trial=4800/15000 elapsed=43.1min W_qm=14.1215 W_mh_exc=18.7067 W_mh_inh=302.8547
[train] phase=learning trial=4850/15000 elapsed=43.6min W_qm=14.1182 W_mh_exc=18.8169 W_mh_inh=302.9367
[train] phase=learning trial=4900/15000 elapsed=44.0min W_qm=14.1149 W_mh_exc=18.9070 W_mh_inh=303.0174
[train] phase=learning trial=4950/15000 elapsed=44.5min W_qm=14.1123 W_mh_exc=19.0236 W_mh_inh=303.1023
[train] phase=learning trial=4999/15000 elapsed=44.9min W_qm=14.1102 W_mh_exc=19.1222 W_mh_inh=303.1901
[train] phase=scan trial=5000/15000 elapsed=44.9min W_qm=14.1102 W_mh_exc=19.1222 W_mh_inh=303.1901
[train] phase=scan trial=5050/15000 elapsed=45.4min W_qm=14.1102 W_mh_exc=19.1222 W_mh_inh=303.1901
[train] phase=scan trial=5100/15000 elapsed=45.8min W_qm=14.1102 W_mh_exc=19.1222 W_mh_inh=303.1901
[train] phase=scan trial=5150/15000 elapsed=46.3min W_qm=14.1102 W_mh_exc=19.1222 W_mh_inh=303.1901
[train] phase=scan trial=5200/15000 elapsed=46.7min W_qm=14.1102 W_mh_exc=19.1222 W_mh_inh=303.1901
[train] phase=scan trial=5250/15000 elapsed=47.2min W_qm=14.1102 W_mh_exc=19.1222 W_mh_inh=303.1901
[train] phase=scan trial=5300/15000 elapsed=47.6min W_qm=14.1102 W_mh_exc=19.1222 W_mh_inh=303.1901
[train] phase=scan trial=5350/15000 elapsed=48.1min W_qm=14.1102 W_mh_exc=19.1222 W_mh_inh=303.1901
[train] phase=scan trial=5400/15000 elapsed=48.5min W_qm=14.1102 W_mh_exc=19.1222 W_mh_inh=303.1901
[train] phase=scan trial=5450/15000 elapsed=49.0min W_qm=14.1102 W_mh_exc=19.1222 W_mh_inh=303.1901
[train] phase=scan trial=5500/15000 elapsed=49.4min W_qm=14.1102 W_mh_exc=19.1222 W_mh_inh=303.1901
[train] phase=scan trial=5550/15000 elapsed=49.8min W_qm=14.1102 W_mh_exc=19.1222 W_mh_inh=303.1901
[train] phase=scan trial=5600/15000 elapsed=50.3min W_qm=14.1102 W_mh_exc=19.1222 W_mh_inh=303.1901
[train] phase=scan trial=5650/15000 elapsed=50.7min W_qm=14.1102 W_mh_exc=19.1222 W_mh_inh=303.1901
[train] phase=scan trial=5700/15000 elapsed=51.2min W_qm=14.1102 W_mh_exc=19.1222 W_mh_inh=303.1901
[train] phase=scan trial=5750/15000 elapsed=51.6min W_qm=14.1102 W_mh_exc=19.1222 W_mh_inh=303.1901
[train] phase=scan trial=5800/15000 elapsed=52.1min W_qm=14.1102 W_mh_exc=19.1222 W_mh_inh=303.1901
[train] phase=scan trial=5850/15000 elapsed=52.5min W_qm=14.1102 W_mh_exc=19.1222 W_mh_inh=303.1901
[train] phase=scan trial=5900/15000 elapsed=53.0min W_qm=14.1102 W_mh_exc=19.1222 W_mh_inh=303.1901
[train] phase=scan trial=5950/15000 elapsed=53.4min W_qm=14.1102 W_mh_exc=19.1222 W_mh_inh=303.1901
[train] phase=scan trial=6000/15000 elapsed=53.9min W_qm=14.1102 W_mh_exc=19.1222 W_mh_inh=303.1901
[train] phase=scan trial=6050/15000 elapsed=54.3min W_qm=14.1102 W_mh_exc=19.1222 W_mh_inh=303.1901
[train] phase=scan trial=6100/15000 elapsed=54.7min W_qm=14.1102 W_mh_exc=19.1222 W_mh_inh=303.1901
[train] phase=scan trial=6150/15000 elapsed=55.2min W_qm=14.1102 W_mh_exc=19.1222 W_mh_inh=303.1901
[train] phase=scan trial=6200/15000 elapsed=55.6min W_qm=14.1102 W_mh_exc=19.1222 W_mh_inh=303.1901
[train] phase=scan trial=6250/15000 elapsed=56.1min W_qm=14.1102 W_mh_exc=19.1222 W_mh_inh=303.1901
[train] phase=scan trial=6300/15000 elapsed=56.5min W_qm=14.1102 W_mh_exc=19.1222 W_mh_inh=303.1901
[train] phase=scan trial=6350/15000 elapsed=57.0min W_qm=14.1102 W_mh_exc=19.1222 W_mh_inh=303.1901
[train] phase=scan trial=6400/15000 elapsed=57.4min W_qm=14.1102 W_mh_exc=19.1222 W_mh_inh=303.1901
[train] phase=scan trial=6450/15000 elapsed=57.9min W_qm=14.1102 W_mh_exc=19.1222 W_mh_inh=303.1901
[train] phase=scan trial=6500/15000 elapsed=58.3min W_qm=14.1102 W_mh_exc=19.1222 W_mh_inh=303.1901
[train] phase=scan trial=6550/15000 elapsed=58.8min W_qm=14.1102 W_mh_exc=19.1222 W_mh_inh=303.1901
[train] phase=scan trial=6600/15000 elapsed=59.2min W_qm=14.1102 W_mh_exc=19.1222 W_mh_inh=303.1901
[train] phase=scan trial=6650/15000 elapsed=59.7min W_qm=14.1102 W_mh_exc=19.1222 W_mh_inh=303.1901
[train] phase=scan trial=6700/15000 elapsed=60.1min W_qm=14.1102 W_mh_exc=19.1222 W_mh_inh=303.1901
[train] phase=scan trial=6750/15000 elapsed=60.5min W_qm=14.1102 W_mh_exc=19.1222 W_mh_inh=303.1901
[train] phase=scan trial=6800/15000 elapsed=61.0min W_qm=14.1102 W_mh_exc=19.1222 W_mh_inh=303.1901
[train] phase=scan trial=6850/15000 elapsed=61.4min W_qm=14.1102 W_mh_exc=19.1222 W_mh_inh=303.1901
[train] phase=scan trial=6900/15000 elapsed=61.9min W_qm=14.1102 W_mh_exc=19.1222 W_mh_inh=303.1901
[train] phase=scan trial=6950/15000 elapsed=62.3min W_qm=14.1102 W_mh_exc=19.1222 W_mh_inh=303.1901
[train] phase=scan trial=7000/15000 elapsed=62.8min W_qm=14.1102 W_mh_exc=19.1222 W_mh_inh=303.1901
[train] phase=scan trial=7050/15000 elapsed=63.2min W_qm=14.1102 W_mh_exc=19.1222 W_mh_inh=303.1901
[train] phase=scan trial=7100/15000 elapsed=63.7min W_qm=14.1102 W_mh_exc=19.1222 W_mh_inh=303.1901
[train] phase=scan trial=7150/15000 elapsed=64.1min W_qm=14.1102 W_mh_exc=19.1222 W_mh_inh=303.1901
[train] phase=scan trial=7200/15000 elapsed=64.6min W_qm=14.1102 W_mh_exc=19.1222 W_mh_inh=303.1901
[train] phase=scan trial=7250/15000 elapsed=65.0min W_qm=14.1102 W_mh_exc=19.1222 W_mh_inh=303.1901
[train] phase=scan trial=7300/15000 elapsed=65.4min W_qm=14.1102 W_mh_exc=19.1222 W_mh_inh=303.1901
[train] phase=scan trial=7350/15000 elapsed=65.9min W_qm=14.1102 W_mh_exc=19.1222 W_mh_inh=303.1901
[train] phase=scan trial=7400/15000 elapsed=66.3min W_qm=14.1102 W_mh_exc=19.1222 W_mh_inh=303.1901
[train] phase=scan trial=7450/15000 elapsed=66.8min W_qm=14.1102 W_mh_exc=19.1222 W_mh_inh=303.1901
[train] phase=scan trial=7500/15000 elapsed=67.2min W_qm=14.1102 W_mh_exc=19.1222 W_mh_inh=303.1901
[train] phase=scan trial=7550/15000 elapsed=67.6min W_qm=14.1102 W_mh_exc=19.1222 W_mh_inh=303.1901
[train] phase=scan trial=7600/15000 elapsed=68.1min W_qm=14.1102 W_mh_exc=19.1222 W_mh_inh=303.1901
[train] phase=scan trial=7650/15000 elapsed=68.5min W_qm=14.1102 W_mh_exc=19.1222 W_mh_inh=303.1901
[train] phase=scan trial=7700/15000 elapsed=69.0min W_qm=14.1102 W_mh_exc=19.1222 W_mh_inh=303.1901
[train] phase=scan trial=7750/15000 elapsed=69.4min W_qm=14.1102 W_mh_exc=19.1222 W_mh_inh=303.1901
[train] phase=scan trial=7800/15000 elapsed=69.9min W_qm=14.1102 W_mh_exc=19.1222 W_mh_inh=303.1901
[train] phase=scan trial=7850/15000 elapsed=70.3min W_qm=14.1102 W_mh_exc=19.1222 W_mh_inh=303.1901
[train] phase=scan trial=7900/15000 elapsed=70.8min W_qm=14.1102 W_mh_exc=19.1222 W_mh_inh=303.1901
[train] phase=scan trial=7950/15000 elapsed=71.2min W_qm=14.1102 W_mh_exc=19.1222 W_mh_inh=303.1901
[train] phase=scan trial=8000/15000 elapsed=71.6min W_qm=14.1102 W_mh_exc=19.1222 W_mh_inh=303.1901
[train] phase=scan trial=8050/15000 elapsed=72.1min W_qm=14.1102 W_mh_exc=19.1222 W_mh_inh=303.1901
[train] phase=scan trial=8100/15000 elapsed=72.6min W_qm=14.1102 W_mh_exc=19.1222 W_mh_inh=303.1901
[train] phase=scan trial=8150/15000 elapsed=73.0min W_qm=14.1102 W_mh_exc=19.1222 W_mh_inh=303.1901
[train] phase=scan trial=8200/15000 elapsed=73.5min W_qm=14.1102 W_mh_exc=19.1222 W_mh_inh=303.1901
[train] phase=scan trial=8250/15000 elapsed=73.9min W_qm=14.1102 W_mh_exc=19.1222 W_mh_inh=303.1901
[train] phase=scan trial=8300/15000 elapsed=74.4min W_qm=14.1102 W_mh_exc=19.1222 W_mh_inh=303.1901
[train] phase=scan trial=8350/15000 elapsed=74.8min W_qm=14.1102 W_mh_exc=19.1222 W_mh_inh=303.1901
[train] phase=scan trial=8400/15000 elapsed=75.3min W_qm=14.1102 W_mh_exc=19.1222 W_mh_inh=303.1901
[train] phase=scan trial=8450/15000 elapsed=75.7min W_qm=14.1102 W_mh_exc=19.1222 W_mh_inh=303.1901
[train] phase=scan trial=8500/15000 elapsed=76.2min W_qm=14.1102 W_mh_exc=19.1222 W_mh_inh=303.1901
[train] phase=scan trial=8550/15000 elapsed=76.6min W_qm=14.1102 W_mh_exc=19.1222 W_mh_inh=303.1901
[train] phase=scan trial=8600/15000 elapsed=77.0min W_qm=14.1102 W_mh_exc=19.1222 W_mh_inh=303.1901
[train] phase=scan trial=8650/15000 elapsed=77.5min W_qm=14.1102 W_mh_exc=19.1222 W_mh_inh=303.1901
[train] phase=scan trial=8700/15000 elapsed=77.9min W_qm=14.1102 W_mh_exc=19.1222 W_mh_inh=303.1901
[train] phase=scan trial=8750/15000 elapsed=78.3min W_qm=14.1102 W_mh_exc=19.1222 W_mh_inh=303.1901
[train] phase=scan trial=8800/15000 elapsed=78.8min W_qm=14.1102 W_mh_exc=19.1222 W_mh_inh=303.1901
[train] phase=scan trial=8850/15000 elapsed=79.2min W_qm=14.1102 W_mh_exc=19.1222 W_mh_inh=303.1901
[train] phase=scan trial=8900/15000 elapsed=79.7min W_qm=14.1102 W_mh_exc=19.1222 W_mh_inh=303.1901
[train] phase=scan trial=8950/15000 elapsed=80.1min W_qm=14.1102 W_mh_exc=19.1222 W_mh_inh=303.1901
[train] phase=scan trial=9000/15000 elapsed=80.6min W_qm=14.1102 W_mh_exc=19.1222 W_mh_inh=303.1901
[train] phase=scan trial=9050/15000 elapsed=81.0min W_qm=14.1102 W_mh_exc=19.1222 W_mh_inh=303.1901
[train] phase=scan trial=9100/15000 elapsed=81.4min W_qm=14.1102 W_mh_exc=19.1222 W_mh_inh=303.1901
[train] phase=scan trial=9150/15000 elapsed=81.9min W_qm=14.1102 W_mh_exc=19.1222 W_mh_inh=303.1901
[train] phase=scan trial=9200/15000 elapsed=82.3min W_qm=14.1102 W_mh_exc=19.1222 W_mh_inh=303.1901
[train] phase=scan trial=9250/15000 elapsed=82.8min W_qm=14.1102 W_mh_exc=19.1222 W_mh_inh=303.1901
[train] phase=scan trial=9300/15000 elapsed=83.2min W_qm=14.1102 W_mh_exc=19.1222 W_mh_inh=303.1901
[train] phase=scan trial=9350/15000 elapsed=83.6min W_qm=14.1102 W_mh_exc=19.1222 W_mh_inh=303.1901
[train] phase=scan trial=9400/15000 elapsed=84.1min W_qm=14.1102 W_mh_exc=19.1222 W_mh_inh=303.1901
[train] phase=scan trial=9450/15000 elapsed=84.5min W_qm=14.1102 W_mh_exc=19.1222 W_mh_inh=303.1901
[train] phase=scan trial=9500/15000 elapsed=85.0min W_qm=14.1102 W_mh_exc=19.1222 W_mh_inh=303.1901
[train] phase=scan trial=9550/15000 elapsed=85.5min W_qm=14.1102 W_mh_exc=19.1222 W_mh_inh=303.1901
[train] phase=scan trial=9600/15000 elapsed=85.9min W_qm=14.1102 W_mh_exc=19.1222 W_mh_inh=303.1901
[train] phase=scan trial=9650/15000 elapsed=86.4min W_qm=14.1102 W_mh_exc=19.1222 W_mh_inh=303.1901
[train] phase=scan trial=9700/15000 elapsed=86.8min W_qm=14.1102 W_mh_exc=19.1222 W_mh_inh=303.1901
[train] phase=scan trial=9750/15000 elapsed=87.3min W_qm=14.1102 W_mh_exc=19.1222 W_mh_inh=303.1901
[train] phase=scan trial=9800/15000 elapsed=87.7min W_qm=14.1102 W_mh_exc=19.1222 W_mh_inh=303.1901
[train] phase=scan trial=9850/15000 elapsed=88.2min W_qm=14.1102 W_mh_exc=19.1222 W_mh_inh=303.1901
[train] phase=scan trial=9900/15000 elapsed=88.6min W_qm=14.1102 W_mh_exc=19.1222 W_mh_inh=303.1901
[train] phase=scan trial=9950/15000 elapsed=89.1min W_qm=14.1102 W_mh_exc=19.1222 W_mh_inh=303.1901
[train] phase=scan trial=10000/15000 elapsed=89.5min W_qm=14.1102 W_mh_exc=19.1222 W_mh_inh=303.1901
[train] phase=scan trial=10050/15000 elapsed=90.0min W_qm=14.1102 W_mh_exc=19.1222 W_mh_inh=303.1901
[train] phase=scan trial=10100/15000 elapsed=90.4min W_qm=14.1102 W_mh_exc=19.1222 W_mh_inh=303.1901
[train] phase=scan trial=10150/15000 elapsed=90.9min W_qm=14.1102 W_mh_exc=19.1222 W_mh_inh=303.1901
[train] phase=scan trial=10200/15000 elapsed=91.4min W_qm=14.1102 W_mh_exc=19.1222 W_mh_inh=303.1901
[train] phase=scan trial=10250/15000 elapsed=91.8min W_qm=14.1102 W_mh_exc=19.1222 W_mh_inh=303.1901
[train] phase=scan trial=10300/15000 elapsed=92.3min W_qm=14.1102 W_mh_exc=19.1222 W_mh_inh=303.1901
[train] phase=scan trial=10350/15000 elapsed=92.7min W_qm=14.1102 W_mh_exc=19.1222 W_mh_inh=303.1901
[train] phase=scan trial=10400/15000 elapsed=93.2min W_qm=14.1102 W_mh_exc=19.1222 W_mh_inh=303.1901
[train] phase=scan trial=10450/15000 elapsed=93.6min W_qm=14.1102 W_mh_exc=19.1222 W_mh_inh=303.1901
[train] phase=scan trial=10500/15000 elapsed=94.1min W_qm=14.1102 W_mh_exc=19.1222 W_mh_inh=303.1901
[train] phase=scan trial=10550/15000 elapsed=94.5min W_qm=14.1102 W_mh_exc=19.1222 W_mh_inh=303.1901
[train] phase=scan trial=10600/15000 elapsed=95.0min W_qm=14.1102 W_mh_exc=19.1222 W_mh_inh=303.1901
[train] phase=scan trial=10650/15000 elapsed=95.4min W_qm=14.1102 W_mh_exc=19.1222 W_mh_inh=303.1901
[train] phase=scan trial=10700/15000 elapsed=95.9min W_qm=14.1102 W_mh_exc=19.1222 W_mh_inh=303.1901
[train] phase=scan trial=10750/15000 elapsed=96.3min W_qm=14.1102 W_mh_exc=19.1222 W_mh_inh=303.1901
[train] phase=scan trial=10800/15000 elapsed=96.8min W_qm=14.1102 W_mh_exc=19.1222 W_mh_inh=303.1901
[train] phase=scan trial=10850/15000 elapsed=97.2min W_qm=14.1102 W_mh_exc=19.1222 W_mh_inh=303.1901
[train] phase=scan trial=10900/15000 elapsed=97.7min W_qm=14.1102 W_mh_exc=19.1222 W_mh_inh=303.1901
[train] phase=scan trial=10950/15000 elapsed=98.1min W_qm=14.1102 W_mh_exc=19.1222 W_mh_inh=303.1901
[train] phase=scan trial=11000/15000 elapsed=98.6min W_qm=14.1102 W_mh_exc=19.1222 W_mh_inh=303.1901
[train] phase=scan trial=11050/15000 elapsed=99.0min W_qm=14.1102 W_mh_exc=19.1222 W_mh_inh=303.1901
[train] phase=scan trial=11100/15000 elapsed=99.5min W_qm=14.1102 W_mh_exc=19.1222 W_mh_inh=303.1901
[train] phase=scan trial=11150/15000 elapsed=99.9min W_qm=14.1102 W_mh_exc=19.1222 W_mh_inh=303.1901
[train] phase=scan trial=11200/15000 elapsed=100.4min W_qm=14.1102 W_mh_exc=19.1222 W_mh_inh=303.1901
[train] phase=scan trial=11250/15000 elapsed=100.8min W_qm=14.1102 W_mh_exc=19.1222 W_mh_inh=303.1901
[train] phase=scan trial=11300/15000 elapsed=101.3min W_qm=14.1102 W_mh_exc=19.1222 W_mh_inh=303.1901
[train] phase=scan trial=11350/15000 elapsed=101.7min W_qm=14.1102 W_mh_exc=19.1222 W_mh_inh=303.1901
[train] phase=scan trial=11400/15000 elapsed=102.2min W_qm=14.1102 W_mh_exc=19.1222 W_mh_inh=303.1901
[train] phase=scan trial=11450/15000 elapsed=102.7min W_qm=14.1102 W_mh_exc=19.1222 W_mh_inh=303.1901
[train] phase=scan trial=11500/15000 elapsed=103.1min W_qm=14.1102 W_mh_exc=19.1222 W_mh_inh=303.1901
[train] phase=scan trial=11550/15000 elapsed=103.6min W_qm=14.1102 W_mh_exc=19.1222 W_mh_inh=303.1901
[train] phase=scan trial=11600/15000 elapsed=104.0min W_qm=14.1102 W_mh_exc=19.1222 W_mh_inh=303.1901
[train] phase=scan trial=11650/15000 elapsed=104.5min W_qm=14.1102 W_mh_exc=19.1222 W_mh_inh=303.1901
[train] phase=scan trial=11700/15000 elapsed=104.9min W_qm=14.1102 W_mh_exc=19.1222 W_mh_inh=303.1901
[train] phase=scan trial=11750/15000 elapsed=105.4min W_qm=14.1102 W_mh_exc=19.1222 W_mh_inh=303.1901
[train] phase=scan trial=11800/15000 elapsed=105.8min W_qm=14.1102 W_mh_exc=19.1222 W_mh_inh=303.1901
[train] phase=scan trial=11850/15000 elapsed=106.3min W_qm=14.1102 W_mh_exc=19.1222 W_mh_inh=303.1901
[train] phase=scan trial=11900/15000 elapsed=106.7min W_qm=14.1102 W_mh_exc=19.1222 W_mh_inh=303.1901
[train] phase=scan trial=11950/15000 elapsed=107.2min W_qm=14.1102 W_mh_exc=19.1222 W_mh_inh=303.1901
[train] phase=scan trial=12000/15000 elapsed=107.6min W_qm=14.1102 W_mh_exc=19.1222 W_mh_inh=303.1901
[train] phase=scan trial=12050/15000 elapsed=108.1min W_qm=14.1102 W_mh_exc=19.1222 W_mh_inh=303.1901
[train] phase=scan trial=12100/15000 elapsed=108.5min W_qm=14.1102 W_mh_exc=19.1222 W_mh_inh=303.1901
[train] phase=scan trial=12150/15000 elapsed=109.0min W_qm=14.1102 W_mh_exc=19.1222 W_mh_inh=303.1901
[train] phase=scan trial=12200/15000 elapsed=109.4min W_qm=14.1102 W_mh_exc=19.1222 W_mh_inh=303.1901
[train] phase=scan trial=12250/15000 elapsed=109.9min W_qm=14.1102 W_mh_exc=19.1222 W_mh_inh=303.1901
[train] phase=scan trial=12300/15000 elapsed=110.3min W_qm=14.1102 W_mh_exc=19.1222 W_mh_inh=303.1901
[train] phase=scan trial=12350/15000 elapsed=110.7min W_qm=14.1102 W_mh_exc=19.1222 W_mh_inh=303.1901
[train] phase=scan trial=12400/15000 elapsed=111.2min W_qm=14.1102 W_mh_exc=19.1222 W_mh_inh=303.1901
[train] phase=scan trial=12450/15000 elapsed=111.6min W_qm=14.1102 W_mh_exc=19.1222 W_mh_inh=303.1901
[train] phase=scan trial=12500/15000 elapsed=112.1min W_qm=14.1102 W_mh_exc=19.1222 W_mh_inh=303.1901
[train] phase=scan trial=12550/15000 elapsed=112.5min W_qm=14.1102 W_mh_exc=19.1222 W_mh_inh=303.1901
[train] phase=scan trial=12600/15000 elapsed=113.0min W_qm=14.1102 W_mh_exc=19.1222 W_mh_inh=303.1901
[train] phase=scan trial=12650/15000 elapsed=113.4min W_qm=14.1102 W_mh_exc=19.1222 W_mh_inh=303.1901
[train] phase=scan trial=12700/15000 elapsed=113.9min W_qm=14.1102 W_mh_exc=19.1222 W_mh_inh=303.1901
[train] phase=scan trial=12750/15000 elapsed=114.3min W_qm=14.1102 W_mh_exc=19.1222 W_mh_inh=303.1901
[train] phase=scan trial=12800/15000 elapsed=114.8min W_qm=14.1102 W_mh_exc=19.1222 W_mh_inh=303.1901
[train] phase=scan trial=12850/15000 elapsed=115.2min W_qm=14.1102 W_mh_exc=19.1222 W_mh_inh=303.1901
[train] phase=scan trial=12900/15000 elapsed=115.7min W_qm=14.1102 W_mh_exc=19.1222 W_mh_inh=303.1901
[train] phase=scan trial=12950/15000 elapsed=116.1min W_qm=14.1102 W_mh_exc=19.1222 W_mh_inh=303.1901
[train] phase=scan trial=13000/15000 elapsed=116.6min W_qm=14.1102 W_mh_exc=19.1222 W_mh_inh=303.1901
[train] phase=scan trial=13050/15000 elapsed=117.0min W_qm=14.1102 W_mh_exc=19.1222 W_mh_inh=303.1901
[train] phase=scan trial=13100/15000 elapsed=117.5min W_qm=14.1102 W_mh_exc=19.1222 W_mh_inh=303.1901
[train] phase=scan trial=13150/15000 elapsed=117.9min W_qm=14.1102 W_mh_exc=19.1222 W_mh_inh=303.1901
[train] phase=scan trial=13200/15000 elapsed=118.4min W_qm=14.1102 W_mh_exc=19.1222 W_mh_inh=303.1901
[train] phase=scan trial=13250/15000 elapsed=118.8min W_qm=14.1102 W_mh_exc=19.1222 W_mh_inh=303.1901
[train] phase=scan trial=13300/15000 elapsed=119.3min W_qm=14.1102 W_mh_exc=19.1222 W_mh_inh=303.1901
[train] phase=scan trial=13350/15000 elapsed=119.7min W_qm=14.1102 W_mh_exc=19.1222 W_mh_inh=303.1901
[train] phase=scan trial=13400/15000 elapsed=120.2min W_qm=14.1102 W_mh_exc=19.1222 W_mh_inh=303.1901
[train] phase=scan trial=13450/15000 elapsed=120.6min W_qm=14.1102 W_mh_exc=19.1222 W_mh_inh=303.1901
[train] phase=scan trial=13500/15000 elapsed=121.1min W_qm=14.1102 W_mh_exc=19.1222 W_mh_inh=303.1901
[train] phase=scan trial=13550/15000 elapsed=121.5min W_qm=14.1102 W_mh_exc=19.1222 W_mh_inh=303.1901
[train] phase=scan trial=13600/15000 elapsed=122.0min W_qm=14.1102 W_mh_exc=19.1222 W_mh_inh=303.1901
[train] phase=scan trial=13650/15000 elapsed=122.4min W_qm=14.1102 W_mh_exc=19.1222 W_mh_inh=303.1901
[train] phase=scan trial=13700/15000 elapsed=122.8min W_qm=14.1102 W_mh_exc=19.1222 W_mh_inh=303.1901
[train] phase=scan trial=13750/15000 elapsed=123.3min W_qm=14.1102 W_mh_exc=19.1222 W_mh_inh=303.1901
[train] phase=scan trial=13800/15000 elapsed=123.7min W_qm=14.1102 W_mh_exc=19.1222 W_mh_inh=303.1901
[train] phase=scan trial=13850/15000 elapsed=124.1min W_qm=14.1102 W_mh_exc=19.1222 W_mh_inh=303.1901
[train] phase=scan trial=13900/15000 elapsed=124.6min W_qm=14.1102 W_mh_exc=19.1222 W_mh_inh=303.1901
[train] phase=scan trial=13950/15000 elapsed=125.0min W_qm=14.1102 W_mh_exc=19.1222 W_mh_inh=303.1901
[train] phase=scan trial=14000/15000 elapsed=125.4min W_qm=14.1102 W_mh_exc=19.1222 W_mh_inh=303.1901
[train] phase=scan trial=14050/15000 elapsed=125.9min W_qm=14.1102 W_mh_exc=19.1222 W_mh_inh=303.1901
[train] phase=scan trial=14100/15000 elapsed=126.3min W_qm=14.1102 W_mh_exc=19.1222 W_mh_inh=303.1901
[train] phase=scan trial=14150/15000 elapsed=126.7min W_qm=14.1102 W_mh_exc=19.1222 W_mh_inh=303.1901
[train] phase=scan trial=14200/15000 elapsed=127.2min W_qm=14.1102 W_mh_exc=19.1222 W_mh_inh=303.1901
[train] phase=scan trial=14250/15000 elapsed=127.6min W_qm=14.1102 W_mh_exc=19.1222 W_mh_inh=303.1901
[train] phase=scan trial=14300/15000 elapsed=128.0min W_qm=14.1102 W_mh_exc=19.1222 W_mh_inh=303.1901
[train] phase=scan trial=14350/15000 elapsed=128.5min W_qm=14.1102 W_mh_exc=19.1222 W_mh_inh=303.1901
[train] phase=scan trial=14400/15000 elapsed=128.9min W_qm=14.1102 W_mh_exc=19.1222 W_mh_inh=303.1901
[train] phase=scan trial=14450/15000 elapsed=129.3min W_qm=14.1102 W_mh_exc=19.1222 W_mh_inh=303.1901
[train] phase=scan trial=14500/15000 elapsed=129.8min W_qm=14.1102 W_mh_exc=19.1222 W_mh_inh=303.1901
[train] phase=scan trial=14550/15000 elapsed=130.2min W_qm=14.1102 W_mh_exc=19.1222 W_mh_inh=303.1901
[train] phase=scan trial=14600/15000 elapsed=130.7min W_qm=14.1102 W_mh_exc=19.1222 W_mh_inh=303.1901
[train] phase=scan trial=14650/15000 elapsed=131.2min W_qm=14.1102 W_mh_exc=19.1222 W_mh_inh=303.1901
[train] phase=scan trial=14700/15000 elapsed=131.6min W_qm=14.1102 W_mh_exc=19.1222 W_mh_inh=303.1901
[train] phase=scan trial=14750/15000 elapsed=132.0min W_qm=14.1102 W_mh_exc=19.1222 W_mh_inh=303.1901
[train] phase=scan trial=14800/15000 elapsed=132.5min W_qm=14.1102 W_mh_exc=19.1222 W_mh_inh=303.1901
[train] phase=scan trial=14850/15000 elapsed=132.9min W_qm=14.1102 W_mh_exc=19.1222 W_mh_inh=303.1901
[train] phase=scan trial=14900/15000 elapsed=133.4min W_qm=14.1102 W_mh_exc=19.1222 W_mh_inh=303.1901
[train] phase=scan trial=14950/15000 elapsed=133.8min W_qm=14.1102 W_mh_exc=19.1222 W_mh_inh=303.1901
[train] phase=scan trial=14999/15000 elapsed=134.3min W_qm=14.1102 W_mh_exc=19.1222 W_mh_inh=303.1901
phase3_kok checkpoint written to checkpoints/v2/phase3_kok_task74D/phase3_kok_s42.pt
[diagnostics] running 3-metric suite on checkpoints/v2/phase3_kok_task74D/phase3_kok_s42.pt...
[coverage] orient=0.0° done=1/12 trials=15/180 elapsed=0.13min
[coverage] orient=15.0° done=2/12 trials=30/180 elapsed=0.26min
[coverage] orient=30.0° done=3/12 trials=45/180 elapsed=0.39min
[coverage] orient=45.0° done=4/12 trials=60/180 elapsed=0.53min
[coverage] orient=60.0° done=5/12 trials=75/180 elapsed=0.66min
[coverage] orient=75.0° done=6/12 trials=90/180 elapsed=0.80min
[coverage] orient=90.0° done=7/12 trials=105/180 elapsed=0.93min
[coverage] orient=105.0° done=8/12 trials=120/180 elapsed=1.07min
[coverage] orient=120.0° done=9/12 trials=135/180 elapsed=1.21min
[coverage] orient=135.0° done=10/12 trials=150/180 elapsed=1.34min
[coverage] orient=150.0° done=11/12 trials=165/180 elapsed=1.48min
[coverage] orient=165.0° done=12/12 trials=180/180 elapsed=1.61min
[diagnostics] entropy_nats=1.3682549596245492 rule_ratio=241.7108162171164 cos_mean_same=0.08729194872612199 → logs/task74/phase3_kok_D_diag.json
EXIT_CODE=0
