[train] phase=learning trial=0/15000 elapsed=0.0min W_qm_task_norm=14.0072 W_mh_task_norm=0.0014
[train] phase=learning trial=100/15000 elapsed=0.9min W_qm_task_norm=14.0097 W_mh_task_norm=0.2430
[train] phase=learning trial=200/15000 elapsed=1.8min W_qm_task_norm=14.0145 W_mh_task_norm=0.4747
[train] phase=learning trial=300/15000 elapsed=2.7min W_qm_task_norm=14.0187 W_mh_task_norm=0.7010
[train] phase=learning trial=400/15000 elapsed=3.6min W_qm_task_norm=14.0232 W_mh_task_norm=0.9321
[train] phase=learning trial=500/15000 elapsed=4.5min W_qm_task_norm=14.0316 W_mh_task_norm=1.1564
[train] phase=learning trial=600/15000 elapsed=5.4min W_qm_task_norm=14.0461 W_mh_task_norm=1.3746
[train] phase=learning trial=700/15000 elapsed=6.3min W_qm_task_norm=14.0623 W_mh_task_norm=1.5985
[train] phase=learning trial=800/15000 elapsed=7.2min W_qm_task_norm=14.0680 W_mh_task_norm=1.8082
[train] phase=learning trial=900/15000 elapsed=8.1min W_qm_task_norm=14.0784 W_mh_task_norm=1.9981
[train] phase=learning trial=1000/15000 elapsed=9.0min W_qm_task_norm=14.0931 W_mh_task_norm=2.1802
[train] phase=learning trial=1100/15000 elapsed=9.9min W_qm_task_norm=14.0959 W_mh_task_norm=2.3489
[train] phase=learning trial=1200/15000 elapsed=10.8min W_qm_task_norm=14.1003 W_mh_task_norm=2.4804
[train] phase=learning trial=1300/15000 elapsed=11.7min W_qm_task_norm=14.1079 W_mh_task_norm=2.5963
[train] phase=learning trial=1400/15000 elapsed=12.6min W_qm_task_norm=14.1227 W_mh_task_norm=2.6888
[train] phase=learning trial=1500/15000 elapsed=13.5min W_qm_task_norm=14.1315 W_mh_task_norm=2.7643
[train] phase=learning trial=1600/15000 elapsed=14.4min W_qm_task_norm=14.1278 W_mh_task_norm=2.8335
[train] phase=learning trial=1700/15000 elapsed=15.3min W_qm_task_norm=14.1240 W_mh_task_norm=2.8804
[train] phase=learning trial=1800/15000 elapsed=16.2min W_qm_task_norm=14.1226 W_mh_task_norm=2.9245
[train] phase=learning trial=1900/15000 elapsed=17.2min W_qm_task_norm=14.1254 W_mh_task_norm=2.9621
[train] phase=learning trial=2000/15000 elapsed=18.1min W_qm_task_norm=14.1307 W_mh_task_norm=2.9802
[train] phase=learning trial=2100/15000 elapsed=19.0min W_qm_task_norm=14.1254 W_mh_task_norm=2.9932
[train] phase=learning trial=2200/15000 elapsed=19.9min W_qm_task_norm=14.1207 W_mh_task_norm=3.0026
[train] phase=learning trial=2300/15000 elapsed=20.8min W_qm_task_norm=14.1194 W_mh_task_norm=3.0072
[train] phase=learning trial=2400/15000 elapsed=21.7min W_qm_task_norm=14.1209 W_mh_task_norm=3.0176
[train] phase=learning trial=2500/15000 elapsed=22.6min W_qm_task_norm=14.1238 W_mh_task_norm=3.0231
[train] phase=learning trial=2600/15000 elapsed=23.5min W_qm_task_norm=14.1259 W_mh_task_norm=3.0218
[train] phase=learning trial=2700/15000 elapsed=24.4min W_qm_task_norm=14.1230 W_mh_task_norm=3.0302
[train] phase=learning trial=2800/15000 elapsed=25.3min W_qm_task_norm=14.1207 W_mh_task_norm=3.0338
[train] phase=learning trial=2900/15000 elapsed=26.2min W_qm_task_norm=14.1209 W_mh_task_norm=3.0314
[train] phase=learning trial=3000/15000 elapsed=27.1min W_qm_task_norm=14.1233 W_mh_task_norm=3.0293
[train] phase=learning trial=3100/15000 elapsed=28.0min W_qm_task_norm=14.1339 W_mh_task_norm=3.0214
[train] phase=learning trial=3200/15000 elapsed=28.9min W_qm_task_norm=14.1383 W_mh_task_norm=3.0173
[train] phase=learning trial=3300/15000 elapsed=29.8min W_qm_task_norm=14.1397 W_mh_task_norm=3.0131
[train] phase=learning trial=3400/15000 elapsed=30.7min W_qm_task_norm=14.1435 W_mh_task_norm=3.0079
[train] phase=learning trial=3500/15000 elapsed=31.6min W_qm_task_norm=14.1431 W_mh_task_norm=3.0072
[train] phase=learning trial=3600/15000 elapsed=32.5min W_qm_task_norm=14.1457 W_mh_task_norm=3.0015
[train] phase=learning trial=3700/15000 elapsed=33.4min W_qm_task_norm=14.1524 W_mh_task_norm=2.9925
[train] phase=learning trial=3800/15000 elapsed=34.3min W_qm_task_norm=14.1588 W_mh_task_norm=2.9886
[train] phase=learning trial=3900/15000 elapsed=35.3min W_qm_task_norm=14.1543 W_mh_task_norm=2.9898
[train] phase=learning trial=4000/15000 elapsed=36.2min W_qm_task_norm=14.1512 W_mh_task_norm=2.9907
[train] phase=learning trial=4100/15000 elapsed=37.1min W_qm_task_norm=14.1476 W_mh_task_norm=2.9882
[train] phase=learning trial=4200/15000 elapsed=38.0min W_qm_task_norm=14.1454 W_mh_task_norm=2.9878
[train] phase=learning trial=4300/15000 elapsed=38.9min W_qm_task_norm=14.1461 W_mh_task_norm=2.9841
[train] phase=learning trial=4400/15000 elapsed=39.8min W_qm_task_norm=14.1472 W_mh_task_norm=2.9812
[train] phase=learning trial=4500/15000 elapsed=40.7min W_qm_task_norm=14.1456 W_mh_task_norm=2.9796
[train] phase=learning trial=4600/15000 elapsed=41.6min W_qm_task_norm=14.1388 W_mh_task_norm=2.9832
[train] phase=learning trial=4700/15000 elapsed=42.5min W_qm_task_norm=14.1298 W_mh_task_norm=2.9852
[train] phase=learning trial=4800/15000 elapsed=43.4min W_qm_task_norm=14.1216 W_mh_task_norm=2.9853
[train] phase=learning trial=4900/15000 elapsed=44.3min W_qm_task_norm=14.1149 W_mh_task_norm=2.9865
[train] phase=learning trial=4999/15000 elapsed=45.2min W_qm_task_norm=14.1103 W_mh_task_norm=2.9873
[train] phase=scan trial=5000/15000 elapsed=45.2min W_qm_task_norm=14.1103 W_mh_task_norm=2.9873
[train] phase=scan trial=5100/15000 elapsed=46.1min W_qm_task_norm=14.1103 W_mh_task_norm=2.9873
[train] phase=scan trial=5200/15000 elapsed=47.0min W_qm_task_norm=14.1103 W_mh_task_norm=2.9873
[train] phase=scan trial=5300/15000 elapsed=47.9min W_qm_task_norm=14.1103 W_mh_task_norm=2.9873
[train] phase=scan trial=5400/15000 elapsed=48.8min W_qm_task_norm=14.1103 W_mh_task_norm=2.9873
[train] phase=scan trial=5500/15000 elapsed=49.7min W_qm_task_norm=14.1103 W_mh_task_norm=2.9873
[train] phase=scan trial=5600/15000 elapsed=50.6min W_qm_task_norm=14.1103 W_mh_task_norm=2.9873
[train] phase=scan trial=5700/15000 elapsed=51.5min W_qm_task_norm=14.1103 W_mh_task_norm=2.9873
[train] phase=scan trial=5800/15000 elapsed=52.4min W_qm_task_norm=14.1103 W_mh_task_norm=2.9873
[train] phase=scan trial=5900/15000 elapsed=53.3min W_qm_task_norm=14.1103 W_mh_task_norm=2.9873
[train] phase=scan trial=6000/15000 elapsed=54.2min W_qm_task_norm=14.1103 W_mh_task_norm=2.9873
[train] phase=scan trial=6100/15000 elapsed=55.1min W_qm_task_norm=14.1103 W_mh_task_norm=2.9873
[train] phase=scan trial=6200/15000 elapsed=56.0min W_qm_task_norm=14.1103 W_mh_task_norm=2.9873
[train] phase=scan trial=6300/15000 elapsed=56.9min W_qm_task_norm=14.1103 W_mh_task_norm=2.9873
[train] phase=scan trial=6400/15000 elapsed=57.8min W_qm_task_norm=14.1103 W_mh_task_norm=2.9873
[train] phase=scan trial=6500/15000 elapsed=58.7min W_qm_task_norm=14.1103 W_mh_task_norm=2.9873
[train] phase=scan trial=6600/15000 elapsed=59.6min W_qm_task_norm=14.1103 W_mh_task_norm=2.9873
[train] phase=scan trial=6700/15000 elapsed=60.5min W_qm_task_norm=14.1103 W_mh_task_norm=2.9873
[train] phase=scan trial=6800/15000 elapsed=61.4min W_qm_task_norm=14.1103 W_mh_task_norm=2.9873
[train] phase=scan trial=6900/15000 elapsed=62.3min W_qm_task_norm=14.1103 W_mh_task_norm=2.9873
[train] phase=scan trial=7000/15000 elapsed=63.2min W_qm_task_norm=14.1103 W_mh_task_norm=2.9873
[train] phase=scan trial=7100/15000 elapsed=64.1min W_qm_task_norm=14.1103 W_mh_task_norm=2.9873
[train] phase=scan trial=7200/15000 elapsed=65.0min W_qm_task_norm=14.1103 W_mh_task_norm=2.9873
[train] phase=scan trial=7300/15000 elapsed=65.9min W_qm_task_norm=14.1103 W_mh_task_norm=2.9873
[train] phase=scan trial=7400/15000 elapsed=66.8min W_qm_task_norm=14.1103 W_mh_task_norm=2.9873
[train] phase=scan trial=7500/15000 elapsed=67.7min W_qm_task_norm=14.1103 W_mh_task_norm=2.9873
[train] phase=scan trial=7600/15000 elapsed=68.6min W_qm_task_norm=14.1103 W_mh_task_norm=2.9873
[train] phase=scan trial=7700/15000 elapsed=69.5min W_qm_task_norm=14.1103 W_mh_task_norm=2.9873
[train] phase=scan trial=7800/15000 elapsed=70.4min W_qm_task_norm=14.1103 W_mh_task_norm=2.9873
[train] phase=scan trial=7900/15000 elapsed=71.3min W_qm_task_norm=14.1103 W_mh_task_norm=2.9873
[train] phase=scan trial=8000/15000 elapsed=72.2min W_qm_task_norm=14.1103 W_mh_task_norm=2.9873
[train] phase=scan trial=8100/15000 elapsed=73.1min W_qm_task_norm=14.1103 W_mh_task_norm=2.9873
[train] phase=scan trial=8200/15000 elapsed=74.0min W_qm_task_norm=14.1103 W_mh_task_norm=2.9873
[train] phase=scan trial=8300/15000 elapsed=74.9min W_qm_task_norm=14.1103 W_mh_task_norm=2.9873
[train] phase=scan trial=8400/15000 elapsed=75.8min W_qm_task_norm=14.1103 W_mh_task_norm=2.9873
[train] phase=scan trial=8500/15000 elapsed=76.7min W_qm_task_norm=14.1103 W_mh_task_norm=2.9873
[train] phase=scan trial=8600/15000 elapsed=77.6min W_qm_task_norm=14.1103 W_mh_task_norm=2.9873
[train] phase=scan trial=8700/15000 elapsed=78.5min W_qm_task_norm=14.1103 W_mh_task_norm=2.9873
[train] phase=scan trial=8800/15000 elapsed=79.4min W_qm_task_norm=14.1103 W_mh_task_norm=2.9873
[train] phase=scan trial=8900/15000 elapsed=80.3min W_qm_task_norm=14.1103 W_mh_task_norm=2.9873
[train] phase=scan trial=9000/15000 elapsed=81.2min W_qm_task_norm=14.1103 W_mh_task_norm=2.9873
[train] phase=scan trial=9100/15000 elapsed=82.1min W_qm_task_norm=14.1103 W_mh_task_norm=2.9873
[train] phase=scan trial=9200/15000 elapsed=83.0min W_qm_task_norm=14.1103 W_mh_task_norm=2.9873
[train] phase=scan trial=9300/15000 elapsed=83.9min W_qm_task_norm=14.1103 W_mh_task_norm=2.9873
[train] phase=scan trial=9400/15000 elapsed=84.8min W_qm_task_norm=14.1103 W_mh_task_norm=2.9873
[train] phase=scan trial=9500/15000 elapsed=85.7min W_qm_task_norm=14.1103 W_mh_task_norm=2.9873
[train] phase=scan trial=9600/15000 elapsed=86.6min W_qm_task_norm=14.1103 W_mh_task_norm=2.9873
[train] phase=scan trial=9700/15000 elapsed=87.5min W_qm_task_norm=14.1103 W_mh_task_norm=2.9873
[train] phase=scan trial=9800/15000 elapsed=88.4min W_qm_task_norm=14.1103 W_mh_task_norm=2.9873
[train] phase=scan trial=9900/15000 elapsed=89.3min W_qm_task_norm=14.1103 W_mh_task_norm=2.9873
[train] phase=scan trial=10000/15000 elapsed=90.2min W_qm_task_norm=14.1103 W_mh_task_norm=2.9873
[train] phase=scan trial=10100/15000 elapsed=91.1min W_qm_task_norm=14.1103 W_mh_task_norm=2.9873
[train] phase=scan trial=10200/15000 elapsed=92.0min W_qm_task_norm=14.1103 W_mh_task_norm=2.9873
[train] phase=scan trial=10300/15000 elapsed=92.9min W_qm_task_norm=14.1103 W_mh_task_norm=2.9873
[train] phase=scan trial=10400/15000 elapsed=93.8min W_qm_task_norm=14.1103 W_mh_task_norm=2.9873
[train] phase=scan trial=10500/15000 elapsed=94.7min W_qm_task_norm=14.1103 W_mh_task_norm=2.9873
[train] phase=scan trial=10600/15000 elapsed=95.6min W_qm_task_norm=14.1103 W_mh_task_norm=2.9873
[train] phase=scan trial=10700/15000 elapsed=96.5min W_qm_task_norm=14.1103 W_mh_task_norm=2.9873
[train] phase=scan trial=10800/15000 elapsed=97.4min W_qm_task_norm=14.1103 W_mh_task_norm=2.9873
[train] phase=scan trial=10900/15000 elapsed=98.3min W_qm_task_norm=14.1103 W_mh_task_norm=2.9873
[train] phase=scan trial=11000/15000 elapsed=99.2min W_qm_task_norm=14.1103 W_mh_task_norm=2.9873
[train] phase=scan trial=11100/15000 elapsed=100.1min W_qm_task_norm=14.1103 W_mh_task_norm=2.9873
[train] phase=scan trial=11200/15000 elapsed=101.0min W_qm_task_norm=14.1103 W_mh_task_norm=2.9873
[train] phase=scan trial=11300/15000 elapsed=101.9min W_qm_task_norm=14.1103 W_mh_task_norm=2.9873
[train] phase=scan trial=11400/15000 elapsed=102.8min W_qm_task_norm=14.1103 W_mh_task_norm=2.9873
[train] phase=scan trial=11500/15000 elapsed=103.7min W_qm_task_norm=14.1103 W_mh_task_norm=2.9873
[train] phase=scan trial=11600/15000 elapsed=104.6min W_qm_task_norm=14.1103 W_mh_task_norm=2.9873
[train] phase=scan trial=11700/15000 elapsed=105.5min W_qm_task_norm=14.1103 W_mh_task_norm=2.9873
[train] phase=scan trial=11800/15000 elapsed=106.4min W_qm_task_norm=14.1103 W_mh_task_norm=2.9873
[train] phase=scan trial=11900/15000 elapsed=107.3min W_qm_task_norm=14.1103 W_mh_task_norm=2.9873
[train] phase=scan trial=12000/15000 elapsed=108.2min W_qm_task_norm=14.1103 W_mh_task_norm=2.9873
[train] phase=scan trial=12100/15000 elapsed=109.1min W_qm_task_norm=14.1103 W_mh_task_norm=2.9873
[train] phase=scan trial=12200/15000 elapsed=110.0min W_qm_task_norm=14.1103 W_mh_task_norm=2.9873
[train] phase=scan trial=12300/15000 elapsed=110.9min W_qm_task_norm=14.1103 W_mh_task_norm=2.9873
[train] phase=scan trial=12400/15000 elapsed=111.8min W_qm_task_norm=14.1103 W_mh_task_norm=2.9873
[train] phase=scan trial=12500/15000 elapsed=112.7min W_qm_task_norm=14.1103 W_mh_task_norm=2.9873
[train] phase=scan trial=12600/15000 elapsed=113.6min W_qm_task_norm=14.1103 W_mh_task_norm=2.9873
[train] phase=scan trial=12700/15000 elapsed=114.5min W_qm_task_norm=14.1103 W_mh_task_norm=2.9873
[train] phase=scan trial=12800/15000 elapsed=115.4min W_qm_task_norm=14.1103 W_mh_task_norm=2.9873
[train] phase=scan trial=12900/15000 elapsed=116.2min W_qm_task_norm=14.1103 W_mh_task_norm=2.9873
[train] phase=scan trial=13000/15000 elapsed=117.1min W_qm_task_norm=14.1103 W_mh_task_norm=2.9873
[train] phase=scan trial=13100/15000 elapsed=118.0min W_qm_task_norm=14.1103 W_mh_task_norm=2.9873
[train] phase=scan trial=13200/15000 elapsed=118.9min W_qm_task_norm=14.1103 W_mh_task_norm=2.9873
[train] phase=scan trial=13300/15000 elapsed=119.8min W_qm_task_norm=14.1103 W_mh_task_norm=2.9873
[train] phase=scan trial=13400/15000 elapsed=120.7min W_qm_task_norm=14.1103 W_mh_task_norm=2.9873
[train] phase=scan trial=13500/15000 elapsed=121.6min W_qm_task_norm=14.1103 W_mh_task_norm=2.9873
[train] phase=scan trial=13600/15000 elapsed=122.5min W_qm_task_norm=14.1103 W_mh_task_norm=2.9873
[train] phase=scan trial=13700/15000 elapsed=123.4min W_qm_task_norm=14.1103 W_mh_task_norm=2.9873
[train] phase=scan trial=13800/15000 elapsed=124.3min W_qm_task_norm=14.1103 W_mh_task_norm=2.9873
[train] phase=scan trial=13900/15000 elapsed=125.2min W_qm_task_norm=14.1103 W_mh_task_norm=2.9873
[train] phase=scan trial=14000/15000 elapsed=126.1min W_qm_task_norm=14.1103 W_mh_task_norm=2.9873
[train] phase=scan trial=14100/15000 elapsed=127.1min W_qm_task_norm=14.1103 W_mh_task_norm=2.9873
[train] phase=scan trial=14200/15000 elapsed=127.9min W_qm_task_norm=14.1103 W_mh_task_norm=2.9873
[train] phase=scan trial=14300/15000 elapsed=128.8min W_qm_task_norm=14.1103 W_mh_task_norm=2.9873
[train] phase=scan trial=14400/15000 elapsed=129.8min W_qm_task_norm=14.1103 W_mh_task_norm=2.9873
[train] phase=scan trial=14500/15000 elapsed=130.7min W_qm_task_norm=14.1103 W_mh_task_norm=2.9873
[train] phase=scan trial=14600/15000 elapsed=131.6min W_qm_task_norm=14.1103 W_mh_task_norm=2.9873
[train] phase=scan trial=14700/15000 elapsed=132.5min W_qm_task_norm=14.1103 W_mh_task_norm=2.9873
[train] phase=scan trial=14800/15000 elapsed=133.4min W_qm_task_norm=14.1103 W_mh_task_norm=2.9873
[train] phase=scan trial=14900/15000 elapsed=134.3min W_qm_task_norm=14.1103 W_mh_task_norm=2.9873
[train] phase=scan trial=14999/15000 elapsed=135.2min W_qm_task_norm=14.1103 W_mh_task_norm=2.9873
phase3_kok checkpoint written to checkpoints/v2/phase3_kok_task74/phase3_kok_s42.pt
[diagnostics] running 3-metric suite on checkpoints/v2/phase3_kok_task74/phase3_kok_s42.pt...
[coverage] orient=0.0° done=1/12 trials=15/180 elapsed=0.14min
[coverage] orient=15.0° done=2/12 trials=30/180 elapsed=0.27min
[coverage] orient=30.0° done=3/12 trials=45/180 elapsed=0.41min
[coverage] orient=45.0° done=4/12 trials=60/180 elapsed=0.55min
[coverage] orient=60.0° done=5/12 trials=75/180 elapsed=0.69min
[coverage] orient=75.0° done=6/12 trials=90/180 elapsed=0.82min
[coverage] orient=90.0° done=7/12 trials=105/180 elapsed=0.96min
[coverage] orient=105.0° done=8/12 trials=120/180 elapsed=1.10min
[coverage] orient=120.0° done=9/12 trials=135/180 elapsed=1.23min
[coverage] orient=135.0° done=10/12 trials=150/180 elapsed=1.37min
[coverage] orient=150.0° done=11/12 trials=165/180 elapsed=1.51min
[coverage] orient=165.0° done=12/12 trials=180/180 elapsed=1.64min
[diagnostics] entropy_nats=1.3840328278349123 rule_ratio=1.5545146099217846 cos_mean_same=0.1363366711201822 → logs/task74/phase3_kok_training_diagnostics.json
