toy_alpha_subtractive (N=32, σ=15°, probe ∈ {45°, 135°})

Pattern A — apical carries pref-pattern prediction (dampening-direction candidate)
α      mean_r_match   mean_r_mismatch   pref/nonpref_match    pref/nonpref_mismatch   acc_match   acc_mismatch   Δacc
0.00   0.8152        0.8156            1.7676               1.7659                  1.0000      1.0000         +0.0000
0.30   0.7755        0.7856            1.5071               2.1455                  1.0000      1.0000         +0.0000
0.50   0.7499        0.7679            1.3498               2.4546                  1.0000      1.0000         +0.0000
1.00   0.6936        0.7297            1.0011               3.5011                  0.5250      1.0000         -0.4750
1.50   0.6454        0.6984            0.7204               5.0965                  0.0000      1.0000         -1.0000

Pattern B — apical carries nonpref-pattern prediction (sharpening-direction candidate)
α      mean_r_match   mean_r_mismatch   pref/nonpref_match    pref/nonpref_mismatch   acc_match   acc_mismatch   Δacc
0.00   0.8158        0.8156            1.7671               1.7674                  1.0000      1.0000         +0.0000
0.30   0.7007        0.6897            2.1614               1.5144                  1.0000      1.0000         +0.0000
0.50   0.6329        0.6147            2.4982               1.3567                  1.0000      1.0000         +0.0000
1.00   0.4928        0.4579            3.6356               1.0012                  1.0000      0.5250         +0.4750
1.50   0.3902        0.3405            5.4754               0.7088                  1.0000      0.0000         +1.0000

Pattern C — apical = α₀ (uniform) + α₁ (nonpref-pattern)
α₀     α₁     mean_r_match   mean_r_mismatch   pref/nonpref_match    pref/nonpref_mismatch   acc_match   acc_mismatch   Δacc
0.00   0.30   0.7007        0.6895            2.1611               1.5162                  1.0000      1.0000         +0.0000
0.00   0.50   0.6330        0.6147            2.4928               1.3562                  1.0000      1.0000         +0.0000
0.00   1.00   0.4932        0.4578            3.6403               1.0012                  1.0000      0.5500         +0.4500
0.00   1.50   0.3904        0.3405            5.4634               0.7081                  1.0000      0.0000         +1.0000
0.10   0.30   0.6525        0.6420            2.2015               1.5281                  1.0000      1.0000         +0.0000
0.10   0.50   0.5885        0.5709            2.5501               1.3675                  1.0000      1.0000         +0.0000
0.10   1.00   0.4577        0.4227            3.7497               0.9987                  1.0000      0.5000         +0.5000
0.10   1.50   0.3618        0.3132            5.6292               0.7045                  1.0000      0.0000         +1.0000
0.30   0.30   0.5637        0.5531            2.2869               1.5620                  1.0000      1.0000         +0.0000
0.30   0.50   0.5072        0.4893            2.6575               1.3844                  1.0000      1.0000         +0.0000
0.30   1.00   0.3927        0.3591            3.9298               1.0004                  1.0000      0.5750         +0.4250
0.30   1.50   0.3103        0.2646            5.9653               0.6961                  1.0000      0.0000         +1.0000
0.50   0.30   0.4846        0.4739            2.3655               1.5933                  1.0000      1.0000         +0.0000
0.50   0.50   0.4349        0.4176            2.7575               1.4039                  1.0000      1.0000         +0.0000
0.50   1.00   0.3355        0.3034            4.1309               0.9991                  1.0000      0.4750         +0.5250
0.50   1.50   0.2648        0.2221            6.2780               0.6899                  1.0000      0.0000         +1.0000

verdict:
  Pattern A produces dampening (mean_r_match < mean_r_mismatch AND pref/nonpref_match < pref/nonpref_mismatch AND Δacc ≤ 0): Y at α ∈ {0.3, 0.5, 1, 1.5}
  Pattern B produces sharpening (mean_r_match < mean_r_mismatch AND pref/nonpref_match > pref/nonpref_mismatch AND Δacc ≥ 0): N (no α satisfies all three sharpening criteria)
  Pattern C satisfies strict Kok sharpening (mean_r_match < mean_r_mismatch AND pref/nonpref_match > pref/nonpref_mismatch AND Δacc ≥ 0): N (no cell satisfies all three sharpening criteria)
  recommended_operating_point: none
  mechanism_bidirectional (Pattern A dampening AND Pattern C sharpening, both satisfying all 3 criteria): N
[toy] wrote logs/task74/toy_alpha_subtractive.json
