2026-04-02 11:36:43,585 [INFO] Mechanism: center_surround
2026-04-02 11:36:43,585 [INFO] Device: cuda
2026-04-02 11:36:43,585 [INFO] Seed: 42
2026-04-02 11:36:43,592 [INFO] Network parameters: 6836
2026-04-02 11:36:43,592 [INFO] ============================================================
2026-04-02 11:36:43,593 [INFO] STAGE 1: Sensory Scaffold
2026-04-02 11:36:43,593 [INFO] ============================================================
2026-04-02 11:37:47,599 [INFO] Stage 1 step 200/2000: loss=3.5758, acc=0.062, l23_mean=0.0002
2026-04-02 11:38:47,204 [INFO] Stage 1 step 400/2000: loss=3.4742, acc=0.219, l23_mean=0.0037
2026-04-02 11:39:46,289 [INFO] Stage 1 step 600/2000: loss=2.9778, acc=0.719, l23_mean=0.0125
2026-04-02 11:40:46,364 [INFO] Stage 1 step 800/2000: loss=2.7770, acc=0.562, l23_mean=0.0153
2026-04-02 11:41:45,215 [INFO] Stage 1 step 1000/2000: loss=2.2881, acc=0.688, l23_mean=0.0233
2026-04-02 11:42:44,855 [INFO] Stage 1 step 1200/2000: loss=2.1440, acc=0.594, l23_mean=0.0254
2026-04-02 11:43:45,836 [INFO] Stage 1 step 1400/2000: loss=2.0252, acc=0.750, l23_mean=0.0269
2026-04-02 11:44:47,245 [INFO] Stage 1 step 1600/2000: loss=1.9944, acc=0.750, l23_mean=0.0273
2026-04-02 11:45:44,421 [INFO] Stage 1 step 1800/2000: loss=1.9387, acc=0.688, l23_mean=0.0274
2026-04-02 11:46:49,731 [INFO] Stage 1 step 2000/2000: loss=1.7460, acc=0.844, l23_mean=0.0323
2026-04-02 11:46:49,809 [INFO] Gating 1 - Decoder accuracy: 1.000 (need >= 0.90)
2026-04-02 11:46:49,856 [INFO] Gating 2 - Unimodal units: 36/36
2026-04-02 11:46:50,178 [INFO] Gating 3 - Unique preferred orientations: 36/36
2026-04-02 11:46:50,266 [INFO] Gating 4 - FWHM in range: 36/36
2026-04-02 11:46:50,267 [INFO] Gating 5 - Mean L2/3 rate: 0.0397
2026-04-02 11:46:50,484 [INFO] Gating 6 - FWHM high=25.0, low=25.0
2026-04-02 11:46:50,560 [INFO] Stage 1 complete: loss=1.7460, acc=0.844
2026-04-02 11:46:50,560 [INFO] Gating checks: {'decoder_accuracy_90': True, 'unimodal_tuning': True, 'orientation_tiling': True, 'fwhm_range': True, 'mean_activity': True, 'contrast_invariant_width': True}
2026-04-02 11:46:50,574 [INFO] Stage 1 checkpoint saved to checkpoints/ablation_center_surround_l4_l23/center_surround_seed42/stage1_checkpoint.pt
2026-04-02 11:46:50,574 [INFO] ============================================================
2026-04-02 11:46:50,575 [INFO] STAGE 2: V2 + Feedback
2026-04-02 11:46:50,575 [INFO] ============================================================
2026-04-02 11:46:51,191 [INFO] Baselines: uniform=0.028 (1/36), same_as_current≈0.20, oracle_with_state≈0.75 (within ±1 channel)
