2026-04-02 11:36:47,098 [INFO] Mechanism: adaptation_only
2026-04-02 11:36:47,099 [INFO] Device: cuda
2026-04-02 11:36:47,099 [INFO] Seed: 42
2026-04-02 11:36:47,107 [INFO] Network parameters: 5104
2026-04-02 11:36:47,107 [INFO] ============================================================
2026-04-02 11:36:47,107 [INFO] STAGE 1: Sensory Scaffold
2026-04-02 11:36:47,108 [INFO] ============================================================
2026-04-02 11:37:52,675 [INFO] Stage 1 step 200/2000: loss=3.5903, acc=0.031, l23_mean=0.0002
2026-04-02 11:38:55,222 [INFO] Stage 1 step 400/2000: loss=3.4817, acc=0.250, l23_mean=0.0038
2026-04-02 11:39:54,455 [INFO] Stage 1 step 600/2000: loss=2.9814, acc=0.750, l23_mean=0.0125
2026-04-02 11:40:54,675 [INFO] Stage 1 step 800/2000: loss=2.7586, acc=0.812, l23_mean=0.0153
2026-04-02 11:41:57,790 [INFO] Stage 1 step 1000/2000: loss=2.2916, acc=0.750, l23_mean=0.0233
2026-04-02 11:42:56,848 [INFO] Stage 1 step 1200/2000: loss=2.1428, acc=0.625, l23_mean=0.0254
2026-04-02 11:44:00,369 [INFO] Stage 1 step 1400/2000: loss=2.0215, acc=0.781, l23_mean=0.0269
2026-04-02 11:45:03,901 [INFO] Stage 1 step 1600/2000: loss=1.9976, acc=0.719, l23_mean=0.0273
2026-04-02 11:46:06,464 [INFO] Stage 1 step 1800/2000: loss=1.9398, acc=0.688, l23_mean=0.0274
2026-04-02 11:46:59,960 [INFO] Stage 1 step 2000/2000: loss=1.7380, acc=0.812, l23_mean=0.0322
2026-04-02 11:47:00,007 [INFO] Gating 1 - Decoder accuracy: 1.000 (need >= 0.90)
2026-04-02 11:47:00,034 [INFO] Gating 2 - Unimodal units: 36/36
2026-04-02 11:47:00,070 [INFO] Gating 3 - Unique preferred orientations: 36/36
2026-04-02 11:47:00,097 [INFO] Gating 4 - FWHM in range: 36/36
2026-04-02 11:47:00,098 [INFO] Gating 5 - Mean L2/3 rate: 0.0397
2026-04-02 11:47:00,196 [INFO] Gating 6 - FWHM high=25.0, low=25.0
2026-04-02 11:47:00,246 [INFO] Stage 1 complete: loss=1.7380, acc=0.871
2026-04-02 11:47:00,246 [INFO] Gating checks: {'decoder_accuracy_90': True, 'unimodal_tuning': True, 'orientation_tiling': True, 'fwhm_range': True, 'mean_activity': True, 'contrast_invariant_width': True}
2026-04-02 11:47:00,262 [INFO] Stage 1 checkpoint saved to checkpoints/ablation_adaptation_only_l4/adaptation_only_seed42/stage1_checkpoint.pt
2026-04-02 11:47:00,263 [INFO] ============================================================
2026-04-02 11:47:00,263 [INFO] STAGE 2: V2 + Feedback
2026-04-02 11:47:00,263 [INFO] ============================================================
2026-04-02 11:47:00,864 [INFO] Baselines: uniform=0.028 (1/36), same_as_current≈0.20, oracle_with_state≈0.75 (within ±1 channel)
