2026-04-02 11:36:41,642 [INFO] Mechanism: center_surround
2026-04-02 11:36:41,642 [INFO] Device: cuda
2026-04-02 11:36:41,643 [INFO] Seed: 42
2026-04-02 11:36:41,650 [INFO] Network parameters: 5108
2026-04-02 11:36:41,650 [INFO] ============================================================
2026-04-02 11:36:41,651 [INFO] STAGE 1: Sensory Scaffold
2026-04-02 11:36:41,651 [INFO] ============================================================
2026-04-02 11:37:44,909 [INFO] Stage 1 step 200/2000: loss=3.5903, acc=0.031, l23_mean=0.0002
2026-04-02 11:38:44,122 [INFO] Stage 1 step 400/2000: loss=3.4817, acc=0.250, l23_mean=0.0038
2026-04-02 11:39:46,304 [INFO] Stage 1 step 600/2000: loss=2.9814, acc=0.750, l23_mean=0.0125
2026-04-02 11:40:44,779 [INFO] Stage 1 step 800/2000: loss=2.7586, acc=0.812, l23_mean=0.0153
2026-04-02 11:41:42,860 [INFO] Stage 1 step 1000/2000: loss=2.2916, acc=0.750, l23_mean=0.0233
2026-04-02 11:42:43,387 [INFO] Stage 1 step 1200/2000: loss=2.1428, acc=0.625, l23_mean=0.0254
2026-04-02 11:43:43,774 [INFO] Stage 1 step 1400/2000: loss=2.0215, acc=0.781, l23_mean=0.0269
2026-04-02 11:44:42,147 [INFO] Stage 1 step 1600/2000: loss=1.9976, acc=0.719, l23_mean=0.0273
2026-04-02 11:45:41,860 [INFO] Stage 1 step 1800/2000: loss=1.9398, acc=0.688, l23_mean=0.0274
2026-04-02 11:46:37,961 [INFO] Stage 1 step 2000/2000: loss=1.7380, acc=0.812, l23_mean=0.0322
2026-04-02 11:46:38,050 [INFO] Gating 1 - Decoder accuracy: 1.000 (need >= 0.90)
2026-04-02 11:46:38,139 [INFO] Gating 2 - Unimodal units: 36/36
2026-04-02 11:46:38,190 [INFO] Gating 3 - Unique preferred orientations: 36/36
2026-04-02 11:46:38,268 [INFO] Gating 4 - FWHM in range: 36/36
2026-04-02 11:46:38,270 [INFO] Gating 5 - Mean L2/3 rate: 0.0397
2026-04-02 11:46:38,473 [INFO] Gating 6 - FWHM high=25.0, low=25.0
2026-04-02 11:46:38,560 [INFO] Stage 1 complete: loss=1.7380, acc=0.871
2026-04-02 11:46:38,561 [INFO] Gating checks: {'decoder_accuracy_90': True, 'unimodal_tuning': True, 'orientation_tiling': True, 'fwhm_range': True, 'mean_activity': True, 'contrast_invariant_width': True}
2026-04-02 11:46:38,587 [INFO] Stage 1 checkpoint saved to checkpoints/ablation_center_surround_l4/center_surround_seed42/stage1_checkpoint.pt
2026-04-02 11:46:38,588 [INFO] ============================================================
2026-04-02 11:46:38,588 [INFO] STAGE 2: V2 + Feedback
2026-04-02 11:46:38,588 [INFO] ============================================================
2026-04-02 11:46:39,168 [INFO] Baselines: uniform=0.028 (1/36), same_as_current≈0.20, oracle_with_state≈0.75 (within ±1 channel)
