2026-04-02 11:36:39,378 [INFO] Mechanism: dampening
2026-04-02 11:36:39,379 [INFO] Device: cuda
2026-04-02 11:36:39,379 [INFO] Seed: 42
2026-04-02 11:36:39,385 [INFO] Network parameters: 6834
2026-04-02 11:36:39,386 [INFO] ============================================================
2026-04-02 11:36:39,386 [INFO] STAGE 1: Sensory Scaffold
2026-04-02 11:36:39,386 [INFO] ============================================================
2026-04-02 11:37:35,350 [INFO] Stage 1 step 200/2000: loss=3.5758, acc=0.062, l23_mean=0.0002
2026-04-02 11:38:35,966 [INFO] Stage 1 step 400/2000: loss=3.4742, acc=0.219, l23_mean=0.0037
2026-04-02 11:39:35,872 [INFO] Stage 1 step 600/2000: loss=2.9778, acc=0.719, l23_mean=0.0125
2026-04-02 11:40:32,902 [INFO] Stage 1 step 800/2000: loss=2.7770, acc=0.562, l23_mean=0.0153
2026-04-02 11:41:32,992 [INFO] Stage 1 step 1000/2000: loss=2.2881, acc=0.688, l23_mean=0.0233
2026-04-02 11:42:33,952 [INFO] Stage 1 step 1200/2000: loss=2.1440, acc=0.594, l23_mean=0.0254
2026-04-02 11:43:30,024 [INFO] Stage 1 step 1400/2000: loss=2.0252, acc=0.750, l23_mean=0.0269
2026-04-02 11:44:30,287 [INFO] Stage 1 step 1600/2000: loss=1.9944, acc=0.750, l23_mean=0.0273
2026-04-02 11:45:30,533 [INFO] Stage 1 step 1800/2000: loss=1.9387, acc=0.688, l23_mean=0.0274
2026-04-02 11:46:26,079 [INFO] Stage 1 step 2000/2000: loss=1.7460, acc=0.844, l23_mean=0.0323
2026-04-02 11:46:26,177 [INFO] Gating 1 - Decoder accuracy: 1.000 (need >= 0.90)
2026-04-02 11:46:26,292 [INFO] Gating 2 - Unimodal units: 36/36
2026-04-02 11:46:26,324 [INFO] Gating 3 - Unique preferred orientations: 36/36
2026-04-02 11:46:26,397 [INFO] Gating 4 - FWHM in range: 36/36
2026-04-02 11:46:26,398 [INFO] Gating 5 - Mean L2/3 rate: 0.0397
2026-04-02 11:46:26,790 [INFO] Gating 6 - FWHM high=25.0, low=25.0
2026-04-02 11:46:26,890 [INFO] Stage 1 complete: loss=1.7460, acc=0.844
2026-04-02 11:46:26,891 [INFO] Gating checks: {'decoder_accuracy_90': True, 'unimodal_tuning': True, 'orientation_tiling': True, 'fwhm_range': True, 'mean_activity': True, 'contrast_invariant_width': True}
2026-04-02 11:46:26,918 [INFO] Stage 1 checkpoint saved to checkpoints/ablation_dampening_l4_l23/dampening_seed42/stage1_checkpoint.pt
2026-04-02 11:46:26,918 [INFO] ============================================================
2026-04-02 11:46:26,919 [INFO] STAGE 2: V2 + Feedback
2026-04-02 11:46:26,919 [INFO] ============================================================
2026-04-02 11:46:27,509 [INFO] Baselines: uniform=0.028 (1/36), same_as_current≈0.20, oracle_with_state≈0.75 (within ±1 channel)
