2026-04-02 11:36:48,316 [INFO] Mechanism: adaptation_only
2026-04-02 11:36:48,317 [INFO] Device: cuda
2026-04-02 11:36:48,317 [INFO] Seed: 42
2026-04-02 11:36:48,324 [INFO] Network parameters: 6832
2026-04-02 11:36:48,324 [INFO] ============================================================
2026-04-02 11:36:48,324 [INFO] STAGE 1: Sensory Scaffold
2026-04-02 11:36:48,325 [INFO] ============================================================
2026-04-02 11:37:52,127 [INFO] Stage 1 step 200/2000: loss=3.5758, acc=0.062, l23_mean=0.0002
2026-04-02 11:38:50,700 [INFO] Stage 1 step 400/2000: loss=3.4742, acc=0.219, l23_mean=0.0037
2026-04-02 11:39:52,583 [INFO] Stage 1 step 600/2000: loss=2.9778, acc=0.719, l23_mean=0.0125
2026-04-02 11:40:54,971 [INFO] Stage 1 step 800/2000: loss=2.7770, acc=0.562, l23_mean=0.0153
2026-04-02 11:41:57,056 [INFO] Stage 1 step 1000/2000: loss=2.2881, acc=0.688, l23_mean=0.0233
2026-04-02 11:42:56,664 [INFO] Stage 1 step 1200/2000: loss=2.1440, acc=0.594, l23_mean=0.0254
2026-04-02 11:44:00,467 [INFO] Stage 1 step 1400/2000: loss=2.0252, acc=0.750, l23_mean=0.0269
2026-04-02 11:45:04,194 [INFO] Stage 1 step 1600/2000: loss=1.9944, acc=0.750, l23_mean=0.0273
2026-04-02 11:46:07,333 [INFO] Stage 1 step 1800/2000: loss=1.9387, acc=0.688, l23_mean=0.0274
2026-04-02 11:46:59,421 [INFO] Stage 1 step 2000/2000: loss=1.7460, acc=0.844, l23_mean=0.0323
2026-04-02 11:46:59,477 [INFO] Gating 1 - Decoder accuracy: 1.000 (need >= 0.90)
2026-04-02 11:46:59,525 [INFO] Gating 2 - Unimodal units: 36/36
2026-04-02 11:46:59,617 [INFO] Gating 3 - Unique preferred orientations: 36/36
2026-04-02 11:46:59,660 [INFO] Gating 4 - FWHM in range: 36/36
2026-04-02 11:46:59,661 [INFO] Gating 5 - Mean L2/3 rate: 0.0397
2026-04-02 11:46:59,793 [INFO] Gating 6 - FWHM high=25.0, low=25.0
2026-04-02 11:46:59,856 [INFO] Stage 1 complete: loss=1.7460, acc=0.844
2026-04-02 11:46:59,856 [INFO] Gating checks: {'decoder_accuracy_90': True, 'unimodal_tuning': True, 'orientation_tiling': True, 'fwhm_range': True, 'mean_activity': True, 'contrast_invariant_width': True}
2026-04-02 11:46:59,871 [INFO] Stage 1 checkpoint saved to checkpoints/ablation_adaptation_only_l4_l23/adaptation_only_seed42/stage1_checkpoint.pt
2026-04-02 11:46:59,872 [INFO] ============================================================
2026-04-02 11:46:59,872 [INFO] STAGE 2: V2 + Feedback
2026-04-02 11:46:59,872 [INFO] ============================================================
2026-04-02 11:47:00,465 [INFO] Baselines: uniform=0.028 (1/36), same_as_current≈0.20, oracle_with_state≈0.75 (within ±1 channel)
