2026-04-02 11:36:40,779 [INFO] Mechanism: center_surround
2026-04-02 11:36:40,779 [INFO] Device: cuda
2026-04-02 11:36:40,779 [INFO] Seed: 42
2026-04-02 11:36:40,788 [INFO] Network parameters: 5108
2026-04-02 11:36:40,788 [INFO] ============================================================
2026-04-02 11:36:40,788 [INFO] STAGE 1: Sensory Scaffold
2026-04-02 11:36:40,789 [INFO] ============================================================
2026-04-02 11:37:40,042 [INFO] Stage 1 step 200/2000: loss=3.5903, acc=0.031, l23_mean=0.0002
2026-04-02 11:38:40,240 [INFO] Stage 1 step 400/2000: loss=3.4817, acc=0.250, l23_mean=0.0038
2026-04-02 11:39:38,740 [INFO] Stage 1 step 600/2000: loss=2.9814, acc=0.750, l23_mean=0.0125
2026-04-02 11:40:34,807 [INFO] Stage 1 step 800/2000: loss=2.7586, acc=0.812, l23_mean=0.0153
2026-04-02 11:41:33,533 [INFO] Stage 1 step 1000/2000: loss=2.2916, acc=0.750, l23_mean=0.0233
2026-04-02 11:42:35,279 [INFO] Stage 1 step 1200/2000: loss=2.1428, acc=0.625, l23_mean=0.0254
2026-04-02 11:43:32,638 [INFO] Stage 1 step 1400/2000: loss=2.0215, acc=0.781, l23_mean=0.0269
2026-04-02 11:44:32,746 [INFO] Stage 1 step 1600/2000: loss=1.9976, acc=0.719, l23_mean=0.0273
2026-04-02 11:45:34,092 [INFO] Stage 1 step 1800/2000: loss=1.9398, acc=0.688, l23_mean=0.0274
2026-04-02 11:46:28,714 [INFO] Stage 1 step 2000/2000: loss=1.7380, acc=0.812, l23_mean=0.0322
2026-04-02 11:46:28,803 [INFO] Gating 1 - Decoder accuracy: 1.000 (need >= 0.90)
2026-04-02 11:46:28,891 [INFO] Gating 2 - Unimodal units: 36/36
2026-04-02 11:46:28,937 [INFO] Gating 3 - Unique preferred orientations: 36/36
2026-04-02 11:46:29,035 [INFO] Gating 4 - FWHM in range: 36/36
2026-04-02 11:46:29,039 [INFO] Gating 5 - Mean L2/3 rate: 0.0397
2026-04-02 11:46:29,422 [INFO] Gating 6 - FWHM high=25.0, low=25.0
2026-04-02 11:46:29,550 [INFO] Stage 1 complete: loss=1.7380, acc=0.871
2026-04-02 11:46:29,557 [INFO] Gating checks: {'decoder_accuracy_90': True, 'unimodal_tuning': True, 'orientation_tiling': True, 'fwhm_range': True, 'mean_activity': True, 'contrast_invariant_width': True}
2026-04-02 11:46:29,573 [INFO] Stage 1 checkpoint saved to checkpoints/ablation_center_surround_l23/center_surround_seed42/stage1_checkpoint.pt
2026-04-02 11:46:29,573 [INFO] ============================================================
2026-04-02 11:46:29,573 [INFO] STAGE 2: V2 + Feedback
2026-04-02 11:46:29,574 [INFO] ============================================================
2026-04-02 11:46:33,124 [INFO] Baselines: uniform=0.028 (1/36), same_as_current≈0.20, oracle_with_state≈0.75 (within ±1 channel)
