2026-04-08 15:07:24,063 [INFO] Mechanism: center_surround
2026-04-08 15:07:24,063 [INFO] Feedback mode: emergent
2026-04-08 15:07:24,063 [INFO] Device: cuda
2026-04-08 15:07:24,064 [INFO] Seed: 42
2026-04-08 15:07:24,076 [INFO] Network parameters: 6807
2026-04-08 15:07:24,076 [INFO] Delta-SOM mode enabled
2026-04-08 15:07:24,076 [INFO] ============================================================
2026-04-08 15:07:24,077 [INFO] STAGE 1: Sensory Scaffold
2026-04-08 15:07:24,077 [INFO] ============================================================
2026-04-08 15:07:32,848 [INFO] Stage 1 step 200/2000: loss=3.5982, acc=0.031, l23_mean=0.0002
2026-04-08 15:07:41,076 [INFO] Stage 1 step 400/2000: loss=3.4927, acc=0.188, l23_mean=0.0034
2026-04-08 15:07:50,396 [INFO] Stage 1 step 600/2000: loss=3.0131, acc=0.469, l23_mean=0.0123
2026-04-08 15:08:03,534 [INFO] Stage 1 step 800/2000: loss=2.7744, acc=0.469, l23_mean=0.0152
2026-04-08 15:08:13,297 [INFO] Stage 1 step 1000/2000: loss=2.2932, acc=0.812, l23_mean=0.0232
2026-04-08 15:08:22,506 [INFO] Stage 1 step 1200/2000: loss=2.1307, acc=0.719, l23_mean=0.0254
2026-04-08 15:08:32,002 [INFO] Stage 1 step 1400/2000: loss=2.0215, acc=0.844, l23_mean=0.0269
2026-04-08 15:08:43,928 [INFO] Stage 1 step 1600/2000: loss=1.9990, acc=0.844, l23_mean=0.0273
2026-04-08 15:08:53,117 [INFO] Stage 1 step 1800/2000: loss=1.9323, acc=0.812, l23_mean=0.0273
2026-04-08 15:09:02,450 [INFO] Stage 1 step 2000/2000: loss=1.7463, acc=0.906, l23_mean=0.0322
2026-04-08 15:09:02,475 [INFO] Gating 1 - Decoder accuracy: 1.000 (need >= 0.90)
2026-04-08 15:09:02,490 [INFO] Gating 2 - Unimodal units: 36/36
2026-04-08 15:09:02,513 [INFO] Gating 3 - Unique preferred orientations: 36/36
2026-04-08 15:09:02,524 [INFO] Gating 4 - FWHM in range: 36/36
2026-04-08 15:09:02,524 [INFO] Gating 5 - Mean L2/3 rate: 0.0396
2026-04-08 15:09:02,546 [INFO] Gating 6 - FWHM high=25.0, low=25.0
2026-04-08 15:09:02,565 [INFO] Transferred trained decoder from Stage 1 to shared loss_fn
2026-04-08 15:09:02,565 [INFO] Stage 1 complete: loss=1.7463, acc=0.891
2026-04-08 15:09:02,566 [INFO] Gating checks: {'decoder_accuracy_90': True, 'unimodal_tuning': True, 'orientation_tiling': True, 'fwhm_range': True, 'mean_activity': True, 'contrast_invariant_width': True}
2026-04-08 15:09:02,574 [INFO] Stage 1 checkpoint saved to results/control_no_gate/s42/center_surround_seed42/stage1_checkpoint.pt
2026-04-08 15:09:02,575 [INFO] ============================================================
2026-04-08 15:09:02,575 [INFO] STAGE 2: V2 + Feedback
2026-04-08 15:09:02,575 [INFO] ============================================================
2026-04-08 15:09:02,984 [INFO] Baselines (emergent): prior_kl uninformative=~3.6 (uniform prior), sensory uniform=0.028 (1/36)
/home/vysoforlife/.local/lib/python3.10/site-packages/torch/_inductor/compile_fx.py:321: UserWarning: TensorFloat32 tensor cores for float32 matrix multiplication available but not enabled. Consider setting `torch.set_float32_matmul_precision('high')` for better performance.
  warnings.warn(
W0408 15:09:04.141000 2890910 torch/_inductor/utils.py:1679] [0/0] Not enough SMs to use max_autotune_gemm mode
2026-04-08 15:10:59,547 [INFO] Stage 2 step 100/10000: loss=5.6789, sens=2.2855, prior_kl=1.4751, fb_sparse=0.2100, energy=0.2857, homeo=0.0002, s_acc=0.370, p_acc=0.031, ang_err=47.7, a_inh=0.070, a_vip=0.070, tonic=0.0486, grad_norm=0.116, pi_ceil=0.000, fb_scale=0.000
2026-04-08 15:12:23,002 [INFO] Stage 2 step 200/10000: loss=5.6110, sens=2.3230, prior_kl=1.4557, fb_sparse=0.2100, energy=0.2842, homeo=0.0002, s_acc=0.385, p_acc=0.040, ang_err=40.8, a_inh=0.070, a_vip=0.070, tonic=0.0486, grad_norm=0.132, pi_ceil=0.000, fb_scale=0.000
2026-04-08 15:13:46,694 [INFO] Stage 2 step 300/10000: loss=5.4145, sens=2.2759, prior_kl=1.4467, fb_sparse=0.2100, energy=0.2845, homeo=0.0002, s_acc=0.392, p_acc=0.057, ang_err=36.9, a_inh=0.070, a_vip=0.070, tonic=0.0486, grad_norm=0.127, pi_ceil=0.000, fb_scale=0.000
2026-04-08 15:15:14,425 [INFO] Stage 2 step 400/10000: loss=5.0607, sens=2.2312, prior_kl=1.3236, fb_sparse=0.2100, energy=0.2843, homeo=0.0002, s_acc=0.347, p_acc=0.074, ang_err=26.8, a_inh=0.070, a_vip=0.070, tonic=0.0486, grad_norm=0.183, pi_ceil=0.000, fb_scale=0.000
2026-04-08 15:16:38,039 [INFO] Stage 2 step 500/10000: loss=4.7068, sens=2.2228, prior_kl=1.1900, fb_sparse=0.2100, energy=0.2825, homeo=0.0002, s_acc=0.338, p_acc=0.092, ang_err=20.3, a_inh=0.070, a_vip=0.070, tonic=0.0486, grad_norm=0.176, pi_ceil=0.000, fb_scale=0.000
2026-04-08 15:18:04,667 [INFO] Stage 2 step 600/10000: loss=4.3626, sens=2.2014, prior_kl=1.0772, fb_sparse=0.2100, energy=0.2857, homeo=0.0002, s_acc=0.322, p_acc=0.142, ang_err=18.8, a_inh=0.070, a_vip=0.070, tonic=0.0486, grad_norm=0.152, pi_ceil=0.000, fb_scale=0.000
2026-04-08 15:19:28,004 [INFO] Stage 2 step 700/10000: loss=4.1390, sens=2.2098, prior_kl=1.0116, fb_sparse=0.2100, energy=0.2831, homeo=0.0002, s_acc=0.331, p_acc=0.128, ang_err=18.3, a_inh=0.070, a_vip=0.070, tonic=0.0486, grad_norm=0.163, pi_ceil=0.000, fb_scale=0.000
2026-04-08 15:20:51,474 [INFO] Stage 2 step 800/10000: loss=3.8142, sens=2.1224, prior_kl=0.9303, fb_sparse=0.2100, energy=0.2840, homeo=0.0002, s_acc=0.352, p_acc=0.122, ang_err=16.2, a_inh=0.070, a_vip=0.070, tonic=0.0486, grad_norm=0.207, pi_ceil=0.000, fb_scale=0.000
2026-04-08 15:22:18,369 [INFO] Stage 2 step 900/10000: loss=3.6007, sens=2.0737, prior_kl=0.8952, fb_sparse=0.2100, energy=0.2892, homeo=0.0002, s_acc=0.359, p_acc=0.126, ang_err=15.4, a_inh=0.070, a_vip=0.070, tonic=0.0486, grad_norm=0.162, pi_ceil=0.000, fb_scale=0.000
2026-04-08 15:23:42,056 [INFO] Stage 2 step 1000/10000: loss=3.5793, sens=2.0922, prior_kl=0.9367, fb_sparse=0.2100, energy=0.2844, homeo=0.0002, s_acc=0.362, p_acc=0.125, ang_err=16.5, a_inh=0.070, a_vip=0.070, tonic=0.0486, grad_norm=0.225, pi_ceil=0.000, fb_scale=0.000
2026-04-08 15:23:42,064 [INFO] Step 1000: unfreezing gain_rec_raw
2026-04-08 15:25:08,740 [INFO] Stage 2 step 1100/10000: loss=3.4372, sens=2.0672, prior_kl=0.8999, fb_sparse=0.7403, energy=0.2865, homeo=0.0002, s_acc=0.364, p_acc=0.135, ang_err=15.2, a_inh=0.207, a_vip=0.229, tonic=0.0464, grad_norm=0.158, pi_ceil=0.000, fb_scale=0.099
2026-04-08 15:26:32,273 [INFO] Stage 2 step 1200/10000: loss=3.2680, sens=2.0003, prior_kl=0.8687, fb_sparse=1.1769, energy=0.2898, homeo=0.0002, s_acc=0.360, p_acc=0.145, ang_err=14.3, a_inh=0.362, a_vip=0.362, tonic=0.0449, grad_norm=0.155, pi_ceil=0.000, fb_scale=0.199
2026-04-08 15:27:55,889 [INFO] Stage 2 step 1300/10000: loss=3.2430, sens=2.0234, prior_kl=0.8663, fb_sparse=1.5624, energy=0.2896, homeo=0.0002, s_acc=0.362, p_acc=0.151, ang_err=14.8, a_inh=0.487, a_vip=0.486, tonic=0.0438, grad_norm=0.185, pi_ceil=0.000, fb_scale=0.299
2026-04-08 15:29:23,373 [INFO] Stage 2 step 1400/10000: loss=3.0480, sens=1.9537, prior_kl=0.7910, fb_sparse=1.9051, energy=0.2904, homeo=0.0002, s_acc=0.359, p_acc=0.146, ang_err=13.2, a_inh=0.603, a_vip=0.592, tonic=0.0428, grad_norm=0.186, pi_ceil=0.000, fb_scale=0.399
2026-04-08 15:30:46,832 [INFO] Stage 2 step 1500/10000: loss=3.1929, sens=2.0303, prior_kl=0.8734, fb_sparse=2.2336, energy=0.2872, homeo=0.0003, s_acc=0.354, p_acc=0.107, ang_err=15.5, a_inh=0.714, a_vip=0.694, tonic=0.0419, grad_norm=0.254, pi_ceil=0.000, fb_scale=0.499
2026-04-08 15:32:13,850 [INFO] Stage 2 step 1600/10000: loss=3.0379, sens=1.9844, prior_kl=0.8023, fb_sparse=2.5588, energy=0.2911, homeo=0.0003, s_acc=0.362, p_acc=0.143, ang_err=13.6, a_inh=0.823, a_vip=0.797, tonic=0.0410, grad_norm=0.163, pi_ceil=0.000, fb_scale=0.599
2026-04-08 15:33:38,225 [INFO] Stage 2 step 1700/10000: loss=2.9360, sens=1.9230, prior_kl=0.7943, fb_sparse=2.8873, energy=0.2970, homeo=0.0003, s_acc=0.381, p_acc=0.150, ang_err=13.6, a_inh=0.932, a_vip=0.902, tonic=0.0400, grad_norm=0.187, pi_ceil=0.000, fb_scale=0.699
2026-04-08 15:35:02,263 [INFO] Stage 2 step 1800/10000: loss=2.9087, sens=1.9233, prior_kl=0.7854, fb_sparse=3.1907, energy=0.3006, homeo=0.0003, s_acc=0.327, p_acc=0.128, ang_err=13.6, a_inh=1.031, a_vip=0.997, tonic=0.0392, grad_norm=0.225, pi_ceil=0.000, fb_scale=0.799
2026-04-08 15:36:29,423 [INFO] Stage 2 step 1900/10000: loss=2.8858, sens=1.9259, prior_kl=0.7726, fb_sparse=3.4530, energy=0.3074, homeo=0.0004, s_acc=0.330, p_acc=0.147, ang_err=13.3, a_inh=1.118, a_vip=1.070, tonic=0.0384, grad_norm=0.296, pi_ceil=0.000, fb_scale=0.899
2026-04-08 15:37:53,150 [INFO] Stage 2 step 2000/10000: loss=2.9049, sens=1.8857, prior_kl=0.8529, fb_sparse=3.6574, energy=0.3144, homeo=0.0003, s_acc=0.335, p_acc=0.146, ang_err=14.7, a_inh=1.188, a_vip=1.108, tonic=0.0377, grad_norm=0.250, pi_ceil=0.000, fb_scale=0.999
2026-04-08 15:39:20,325 [INFO] Stage 2 step 2100/10000: loss=2.8577, sens=1.8483, prior_kl=0.8624, fb_sparse=3.8057, energy=0.3261, homeo=0.0003, s_acc=0.331, p_acc=0.134, ang_err=15.3, a_inh=1.242, a_vip=1.116, tonic=0.0371, grad_norm=0.240, pi_ceil=0.000, fb_scale=1.000
2026-04-08 15:40:43,633 [INFO] Stage 2 step 2200/10000: loss=2.7810, sens=1.8236, prior_kl=0.8200, fb_sparse=3.9109, energy=0.3275, homeo=0.0003, s_acc=0.347, p_acc=0.135, ang_err=14.2, a_inh=1.284, a_vip=1.102, tonic=0.0366, grad_norm=0.189, pi_ceil=0.000, fb_scale=1.000
2026-04-08 15:42:07,101 [INFO] Stage 2 step 2300/10000: loss=2.7694, sens=1.8164, prior_kl=0.8289, fb_sparse=3.9885, energy=0.3333, homeo=0.0003, s_acc=0.322, p_acc=0.132, ang_err=14.4, a_inh=1.317, a_vip=1.074, tonic=0.0362, grad_norm=0.241, pi_ceil=0.000, fb_scale=1.000
2026-04-08 15:43:34,058 [INFO] Stage 2 step 2400/10000: loss=2.7539, sens=1.8144, prior_kl=0.8231, fb_sparse=4.0444, energy=0.3282, homeo=0.0003, s_acc=0.345, p_acc=0.139, ang_err=14.8, a_inh=1.345, a_vip=1.037, tonic=0.0357, grad_norm=0.353, pi_ceil=0.000, fb_scale=1.000
2026-04-08 15:44:57,869 [INFO] Stage 2 step 2500/10000: loss=2.6427, sens=1.7671, prior_kl=0.7689, fb_sparse=4.0856, energy=0.3346, homeo=0.0003, s_acc=0.331, p_acc=0.133, ang_err=13.6, a_inh=1.368, a_vip=0.993, tonic=0.0354, grad_norm=0.313, pi_ceil=0.000, fb_scale=1.000
2026-04-08 15:46:24,849 [INFO] Stage 2 step 2600/10000: loss=2.7871, sens=1.8283, prior_kl=0.8532, fb_sparse=4.1261, energy=0.3304, homeo=0.0003, s_acc=0.327, p_acc=0.135, ang_err=15.2, a_inh=1.385, a_vip=0.958, tonic=0.0350, grad_norm=0.238, pi_ceil=0.000, fb_scale=1.000
2026-04-08 15:47:47,522 [INFO] Stage 2 step 2700/10000: loss=2.8372, sens=1.8356, prior_kl=0.9000, fb_sparse=4.1556, energy=0.3334, homeo=0.0003, s_acc=0.327, p_acc=0.130, ang_err=16.0, a_inh=1.400, a_vip=0.918, tonic=0.0347, grad_norm=0.281, pi_ceil=0.000, fb_scale=1.000
2026-04-08 15:49:10,491 [INFO] Stage 2 step 2800/10000: loss=2.6708, sens=1.7786, prior_kl=0.8033, fb_sparse=4.1778, energy=0.3496, homeo=0.0003, s_acc=0.324, p_acc=0.135, ang_err=14.6, a_inh=1.411, a_vip=0.875, tonic=0.0343, grad_norm=0.562, pi_ceil=0.003, fb_scale=1.000
2026-04-08 15:50:37,910 [INFO] Stage 2 step 2900/10000: loss=2.5386, sens=1.6833, prior_kl=0.7800, fb_sparse=4.1890, energy=0.3529, homeo=0.0003, s_acc=0.379, p_acc=0.145, ang_err=13.5, a_inh=1.417, a_vip=0.829, tonic=0.0340, grad_norm=0.556, pi_ceil=0.010, fb_scale=1.000
2026-04-08 15:52:01,277 [INFO] Stage 2 step 3000/10000: loss=2.7391, sens=1.8217, prior_kl=0.8338, fb_sparse=4.1957, energy=0.3421, homeo=0.0003, s_acc=0.336, p_acc=0.124, ang_err=14.9, a_inh=1.423, a_vip=0.782, tonic=0.0337, grad_norm=0.200, pi_ceil=0.010, fb_scale=1.000
2026-04-08 15:53:28,996 [INFO] Stage 2 step 3100/10000: loss=2.6949, sens=1.7753, prior_kl=0.8440, fb_sparse=4.2033, energy=0.3485, homeo=0.0003, s_acc=0.319, p_acc=0.134, ang_err=14.8, a_inh=1.429, a_vip=0.736, tonic=0.0335, grad_norm=0.317, pi_ceil=0.018, fb_scale=1.000
2026-04-08 15:54:52,969 [INFO] Stage 2 step 3200/10000: loss=2.5627, sens=1.6751, prior_kl=0.8218, fb_sparse=4.2050, energy=0.3462, homeo=0.0003, s_acc=0.376, p_acc=0.134, ang_err=14.6, a_inh=1.431, a_vip=0.690, tonic=0.0332, grad_norm=0.337, pi_ceil=0.024, fb_scale=1.000
2026-04-08 15:56:16,753 [INFO] Stage 2 step 3300/10000: loss=2.5465, sens=1.6755, prior_kl=0.8070, fb_sparse=4.2064, energy=0.3507, homeo=0.0003, s_acc=0.357, p_acc=0.139, ang_err=14.3, a_inh=1.433, a_vip=0.644, tonic=0.0329, grad_norm=0.262, pi_ceil=0.038, fb_scale=1.000
2026-04-08 15:57:45,232 [INFO] Stage 2 step 3400/10000: loss=2.6456, sens=1.7198, prior_kl=0.8638, fb_sparse=4.2025, energy=0.3454, homeo=0.0003, s_acc=0.351, p_acc=0.118, ang_err=15.1, a_inh=1.430, a_vip=0.600, tonic=0.0327, grad_norm=0.262, pi_ceil=0.037, fb_scale=1.000
2026-04-08 15:59:08,284 [INFO] Stage 2 step 3500/10000: loss=2.6229, sens=1.7016, prior_kl=0.8629, fb_sparse=4.2008, energy=0.3522, homeo=0.0003, s_acc=0.361, p_acc=0.130, ang_err=14.6, a_inh=1.428, a_vip=0.557, tonic=0.0325, grad_norm=0.493, pi_ceil=0.053, fb_scale=1.000
2026-04-08 16:00:31,874 [INFO] Stage 2 step 3600/10000: loss=2.5891, sens=1.7026, prior_kl=0.8295, fb_sparse=4.1937, energy=0.3520, homeo=0.0003, s_acc=0.361, p_acc=0.129, ang_err=15.0, a_inh=1.424, a_vip=0.515, tonic=0.0323, grad_norm=0.340, pi_ceil=0.051, fb_scale=1.000
2026-04-08 16:01:59,147 [INFO] Stage 2 step 3700/10000: loss=2.4239, sens=1.5870, prior_kl=0.7875, fb_sparse=4.1899, energy=0.3532, homeo=0.0002, s_acc=0.401, p_acc=0.137, ang_err=13.7, a_inh=1.419, a_vip=0.475, tonic=0.0320, grad_norm=0.240, pi_ceil=0.056, fb_scale=1.000
2026-04-08 16:03:22,970 [INFO] Stage 2 step 3800/10000: loss=2.5652, sens=1.6882, prior_kl=0.8247, fb_sparse=4.1843, energy=0.3458, homeo=0.0003, s_acc=0.377, p_acc=0.139, ang_err=14.5, a_inh=1.414, a_vip=0.436, tonic=0.0318, grad_norm=0.375, pi_ceil=0.053, fb_scale=1.000
2026-04-08 16:04:50,044 [INFO] Stage 2 step 3900/10000: loss=2.5073, sens=1.6437, prior_kl=0.8154, fb_sparse=4.1781, energy=0.3566, homeo=0.0002, s_acc=0.374, p_acc=0.113, ang_err=14.5, a_inh=1.408, a_vip=0.397, tonic=0.0316, grad_norm=0.238, pi_ceil=0.076, fb_scale=1.000
2026-04-08 16:06:13,509 [INFO] Stage 2 step 4000/10000: loss=2.4144, sens=1.6152, prior_kl=0.7537, fb_sparse=4.1716, energy=0.3496, homeo=0.0003, s_acc=0.375, p_acc=0.130, ang_err=12.9, a_inh=1.402, a_vip=0.361, tonic=0.0315, grad_norm=0.340, pi_ceil=0.069, fb_scale=1.000
2026-04-08 16:07:37,014 [INFO] Stage 2 step 4100/10000: loss=2.4500, sens=1.5936, prior_kl=0.8131, fb_sparse=4.1639, energy=0.3513, homeo=0.0002, s_acc=0.403, p_acc=0.152, ang_err=13.8, a_inh=1.394, a_vip=0.325, tonic=0.0313, grad_norm=0.425, pi_ceil=0.078, fb_scale=1.000
2026-04-08 16:09:04,195 [INFO] Stage 2 step 4200/10000: loss=2.4757, sens=1.6181, prior_kl=0.8150, fb_sparse=4.1569, energy=0.3511, homeo=0.0003, s_acc=0.357, p_acc=0.138, ang_err=13.9, a_inh=1.387, a_vip=0.290, tonic=0.0311, grad_norm=0.513, pi_ceil=0.085, fb_scale=1.000
2026-04-08 16:10:27,519 [INFO] Stage 2 step 4300/10000: loss=2.4361, sens=1.5797, prior_kl=0.8170, fb_sparse=4.1482, energy=0.3568, homeo=0.0002, s_acc=0.392, p_acc=0.137, ang_err=14.3, a_inh=1.378, a_vip=0.257, tonic=0.0310, grad_norm=0.222, pi_ceil=0.110, fb_scale=1.000
2026-04-08 16:11:54,360 [INFO] Stage 2 step 4400/10000: loss=2.4529, sens=1.5952, prior_kl=0.8187, fb_sparse=4.1436, energy=0.3574, homeo=0.0002, s_acc=0.385, p_acc=0.133, ang_err=14.3, a_inh=1.372, a_vip=0.225, tonic=0.0308, grad_norm=0.286, pi_ceil=0.124, fb_scale=1.000
2026-04-08 16:13:17,566 [INFO] Stage 2 step 4500/10000: loss=2.3198, sens=1.5352, prior_kl=0.7498, fb_sparse=4.1345, energy=0.3532, homeo=0.0002, s_acc=0.399, p_acc=0.156, ang_err=12.8, a_inh=1.363, a_vip=0.193, tonic=0.0306, grad_norm=0.356, pi_ceil=0.112, fb_scale=1.000
2026-04-08 16:14:40,934 [INFO] Stage 2 step 4600/10000: loss=2.4531, sens=1.5989, prior_kl=0.8176, fb_sparse=4.1295, energy=0.3508, homeo=0.0003, s_acc=0.376, p_acc=0.142, ang_err=14.3, a_inh=1.356, a_vip=0.163, tonic=0.0305, grad_norm=0.380, pi_ceil=0.124, fb_scale=1.000
2026-04-08 16:16:07,420 [INFO] Stage 2 step 4700/10000: loss=2.5016, sens=1.5993, prior_kl=0.8660, fb_sparse=4.1213, energy=0.3581, homeo=0.0002, s_acc=0.370, p_acc=0.146, ang_err=15.5, a_inh=1.348, a_vip=0.134, tonic=0.0303, grad_norm=0.273, pi_ceil=0.145, fb_scale=1.000
2026-04-08 16:17:30,994 [INFO] Stage 2 step 4800/10000: loss=2.3687, sens=1.5758, prior_kl=0.7593, fb_sparse=4.1178, energy=0.3591, homeo=0.0002, s_acc=0.366, p_acc=0.167, ang_err=13.2, a_inh=1.340, a_vip=0.109, tonic=0.0302, grad_norm=0.235, pi_ceil=0.155, fb_scale=1.000
2026-04-08 16:18:54,046 [INFO] Stage 2 step 4900/10000: loss=2.4100, sens=1.5441, prior_kl=0.8324, fb_sparse=4.1225, energy=0.3585, homeo=0.0002, s_acc=0.431, p_acc=0.182, ang_err=14.6, a_inh=1.333, a_vip=0.093, tonic=0.0301, grad_norm=0.294, pi_ceil=0.171, fb_scale=1.000
2026-04-08 16:20:20,721 [INFO] Stage 2 step 5000/10000: loss=2.3966, sens=1.5578, prior_kl=0.8068, fb_sparse=4.1245, energy=0.3558, homeo=0.0002, s_acc=0.421, p_acc=0.177, ang_err=13.8, a_inh=1.323, a_vip=0.077, tonic=0.0299, grad_norm=0.241, pi_ceil=0.163, fb_scale=1.000
2026-04-08 16:21:44,312 [INFO] Stage 2 step 5100/10000: loss=2.3038, sens=1.4902, prior_kl=0.7836, fb_sparse=4.1273, energy=0.3615, homeo=0.0002, s_acc=0.414, p_acc=0.176, ang_err=13.6, a_inh=1.315, a_vip=0.062, tonic=0.0298, grad_norm=0.270, pi_ceil=0.192, fb_scale=1.000
2026-04-08 16:23:10,917 [INFO] Stage 2 step 5200/10000: loss=2.4217, sens=1.5857, prior_kl=0.8047, fb_sparse=4.1322, energy=0.3607, homeo=0.0002, s_acc=0.386, p_acc=0.164, ang_err=14.1, a_inh=1.308, a_vip=0.048, tonic=0.0297, grad_norm=0.249, pi_ceil=0.189, fb_scale=1.000
2026-04-08 16:24:33,271 [INFO] Stage 2 step 5300/10000: loss=2.3282, sens=1.5037, prior_kl=0.7966, fb_sparse=4.1429, energy=0.3619, homeo=0.0002, s_acc=0.407, p_acc=0.158, ang_err=13.7, a_inh=1.300, a_vip=0.042, tonic=0.0296, grad_norm=0.295, pi_ceil=0.200, fb_scale=1.000
2026-04-08 16:25:57,137 [INFO] Stage 2 step 5400/10000: loss=2.3527, sens=1.5205, prior_kl=0.8037, fb_sparse=4.1546, energy=0.3515, homeo=0.0003, s_acc=0.424, p_acc=0.161, ang_err=14.3, a_inh=1.292, a_vip=0.039, tonic=0.0295, grad_norm=0.339, pi_ceil=0.183, fb_scale=1.000
2026-04-08 16:27:24,511 [INFO] Stage 2 step 5500/10000: loss=2.3900, sens=1.5507, prior_kl=0.8104, fb_sparse=4.1715, energy=0.3550, homeo=0.0003, s_acc=0.419, p_acc=0.172, ang_err=13.9, a_inh=1.286, a_vip=0.039, tonic=0.0293, grad_norm=0.305, pi_ceil=0.192, fb_scale=1.000
2026-04-08 16:28:47,866 [INFO] Stage 2 step 5600/10000: loss=2.3265, sens=1.4958, prior_kl=0.8042, fb_sparse=4.1858, energy=0.3598, homeo=0.0002, s_acc=0.434, p_acc=0.159, ang_err=14.1, a_inh=1.276, a_vip=0.041, tonic=0.0292, grad_norm=0.485, pi_ceil=0.215, fb_scale=1.000
2026-04-08 16:30:13,703 [INFO] Stage 2 step 5700/10000: loss=2.3705, sens=1.5240, prior_kl=0.8189, fb_sparse=4.2043, energy=0.3587, homeo=0.0003, s_acc=0.421, p_acc=0.147, ang_err=14.7, a_inh=1.268, a_vip=0.047, tonic=0.0291, grad_norm=0.233, pi_ceil=0.217, fb_scale=1.000
2026-04-08 16:31:41,757 [INFO] Stage 2 step 5800/10000: loss=2.3890, sens=1.5344, prior_kl=0.8276, fb_sparse=4.2274, energy=0.3561, homeo=0.0003, s_acc=0.436, p_acc=0.150, ang_err=14.8, a_inh=1.262, a_vip=0.056, tonic=0.0290, grad_norm=0.348, pi_ceil=0.218, fb_scale=1.000
2026-04-08 16:33:05,581 [INFO] Stage 2 step 5900/10000: loss=2.2872, sens=1.4518, prior_kl=0.8111, fb_sparse=4.2496, energy=0.3625, homeo=0.0002, s_acc=0.451, p_acc=0.171, ang_err=14.2, a_inh=1.256, a_vip=0.064, tonic=0.0290, grad_norm=0.298, pi_ceil=0.226, fb_scale=1.000
2026-04-08 16:34:32,992 [INFO] Stage 2 step 6000/10000: loss=2.3124, sens=1.4536, prior_kl=0.8350, fb_sparse=4.2696, energy=0.3636, homeo=0.0002, s_acc=0.434, p_acc=0.163, ang_err=14.7, a_inh=1.249, a_vip=0.073, tonic=0.0289, grad_norm=0.264, pi_ceil=0.232, fb_scale=1.000
2026-04-08 16:35:57,524 [INFO] Stage 2 step 6100/10000: loss=2.3017, sens=1.4447, prior_kl=0.8341, fb_sparse=4.2902, energy=0.3694, homeo=0.0002, s_acc=0.460, p_acc=0.164, ang_err=14.3, a_inh=1.243, a_vip=0.082, tonic=0.0288, grad_norm=0.320, pi_ceil=0.231, fb_scale=1.000
2026-04-08 16:37:24,020 [INFO] Stage 2 step 6200/10000: loss=2.4887, sens=1.5208, prior_kl=0.9417, fb_sparse=4.3099, energy=0.3636, homeo=0.0002, s_acc=0.436, p_acc=0.161, ang_err=17.3, a_inh=1.238, a_vip=0.090, tonic=0.0287, grad_norm=0.408, pi_ceil=0.244, fb_scale=1.000
2026-04-08 16:38:48,046 [INFO] Stage 2 step 6300/10000: loss=2.4003, sens=1.5196, prior_kl=0.8555, fb_sparse=4.3292, energy=0.3558, homeo=0.0003, s_acc=0.441, p_acc=0.148, ang_err=15.0, a_inh=1.232, a_vip=0.099, tonic=0.0286, grad_norm=0.340, pi_ceil=0.210, fb_scale=1.000
2026-04-08 16:40:11,933 [INFO] Stage 2 step 6400/10000: loss=2.2761, sens=1.4551, prior_kl=0.7983, fb_sparse=4.3481, energy=0.3644, homeo=0.0002, s_acc=0.439, p_acc=0.174, ang_err=13.6, a_inh=1.227, a_vip=0.108, tonic=0.0285, grad_norm=0.264, pi_ceil=0.245, fb_scale=1.000
2026-04-08 16:41:38,581 [INFO] Stage 2 step 6500/10000: loss=2.3488, sens=1.5179, prior_kl=0.8078, fb_sparse=4.3708, energy=0.3593, homeo=0.0003, s_acc=0.436, p_acc=0.176, ang_err=13.5, a_inh=1.226, a_vip=0.116, tonic=0.0285, grad_norm=0.492, pi_ceil=0.253, fb_scale=1.000
2026-04-08 16:43:01,872 [INFO] Stage 2 step 6600/10000: loss=2.3829, sens=1.5027, prior_kl=0.8573, fb_sparse=4.3923, energy=0.3690, homeo=0.0003, s_acc=0.425, p_acc=0.158, ang_err=15.2, a_inh=1.226, a_vip=0.124, tonic=0.0284, grad_norm=0.335, pi_ceil=0.272, fb_scale=1.000
2026-04-08 16:44:24,976 [INFO] Stage 2 step 6700/10000: loss=2.2034, sens=1.4249, prior_kl=0.7583, fb_sparse=4.4129, energy=0.3701, homeo=0.0002, s_acc=0.444, p_acc=0.171, ang_err=12.6, a_inh=1.225, a_vip=0.132, tonic=0.0283, grad_norm=0.373, pi_ceil=0.273, fb_scale=1.000
2026-04-08 16:45:51,887 [INFO] Stage 2 step 6800/10000: loss=2.2983, sens=1.4488, prior_kl=0.8282, fb_sparse=4.4328, energy=0.3676, homeo=0.0002, s_acc=0.438, p_acc=0.161, ang_err=14.1, a_inh=1.225, a_vip=0.139, tonic=0.0283, grad_norm=0.336, pi_ceil=0.279, fb_scale=1.000
2026-04-08 16:47:15,680 [INFO] Stage 2 step 6900/10000: loss=2.3370, sens=1.4811, prior_kl=0.8343, fb_sparse=4.4513, energy=0.3657, homeo=0.0002, s_acc=0.447, p_acc=0.150, ang_err=14.6, a_inh=1.224, a_vip=0.146, tonic=0.0282, grad_norm=0.252, pi_ceil=0.274, fb_scale=1.000
2026-04-08 16:48:38,504 [INFO] Stage 2 step 7000/10000: loss=2.2922, sens=1.4308, prior_kl=0.8404, fb_sparse=4.4701, energy=0.3687, homeo=0.0002, s_acc=0.481, p_acc=0.191, ang_err=14.3, a_inh=1.224, a_vip=0.153, tonic=0.0282, grad_norm=0.388, pi_ceil=0.267, fb_scale=1.000
2026-04-08 16:50:05,670 [INFO] Stage 2 step 7100/10000: loss=2.2824, sens=1.4407, prior_kl=0.8214, fb_sparse=4.4868, energy=0.3697, homeo=0.0002, s_acc=0.421, p_acc=0.168, ang_err=14.6, a_inh=1.224, a_vip=0.160, tonic=0.0281, grad_norm=0.383, pi_ceil=0.253, fb_scale=1.000
2026-04-08 16:51:29,201 [INFO] Stage 2 step 7200/10000: loss=2.3672, sens=1.5057, prior_kl=0.8396, fb_sparse=4.5017, energy=0.3625, homeo=0.0003, s_acc=0.430, p_acc=0.164, ang_err=14.5, a_inh=1.222, a_vip=0.167, tonic=0.0281, grad_norm=0.308, pi_ceil=0.278, fb_scale=1.000
2026-04-08 16:52:55,526 [INFO] Stage 2 step 7300/10000: loss=2.3643, sens=1.4884, prior_kl=0.8549, fb_sparse=4.5171, energy=0.3622, homeo=0.0003, s_acc=0.434, p_acc=0.160, ang_err=15.1, a_inh=1.222, a_vip=0.173, tonic=0.0280, grad_norm=0.284, pi_ceil=0.266, fb_scale=1.000
2026-04-08 16:54:18,496 [INFO] Stage 2 step 7400/10000: loss=2.3090, sens=1.4525, prior_kl=0.8357, fb_sparse=4.5315, energy=0.3623, homeo=0.0003, s_acc=0.442, p_acc=0.169, ang_err=14.1, a_inh=1.222, a_vip=0.179, tonic=0.0280, grad_norm=0.239, pi_ceil=0.271, fb_scale=1.000
2026-04-08 16:55:41,701 [INFO] Stage 2 step 7500/10000: loss=2.3463, sens=1.4641, prior_kl=0.8623, fb_sparse=4.5453, energy=0.3655, homeo=0.0002, s_acc=0.415, p_acc=0.172, ang_err=15.4, a_inh=1.222, a_vip=0.184, tonic=0.0279, grad_norm=0.355, pi_ceil=0.257, fb_scale=1.000
2026-04-08 16:57:09,077 [INFO] Stage 2 step 7600/10000: loss=2.3162, sens=1.4291, prior_kl=0.8675, fb_sparse=4.5575, energy=0.3769, homeo=0.0002, s_acc=0.446, p_acc=0.195, ang_err=15.5, a_inh=1.222, a_vip=0.189, tonic=0.0279, grad_norm=0.327, pi_ceil=0.303, fb_scale=1.000
2026-04-08 16:58:32,779 [INFO] Stage 2 step 7700/10000: loss=2.3148, sens=1.4684, prior_kl=0.8263, fb_sparse=4.5690, energy=0.3611, homeo=0.0003, s_acc=0.455, p_acc=0.163, ang_err=14.0, a_inh=1.221, a_vip=0.194, tonic=0.0279, grad_norm=0.259, pi_ceil=0.263, fb_scale=1.000
2026-04-08 16:59:59,009 [INFO] Stage 2 step 7800/10000: loss=2.3112, sens=1.4209, prior_kl=0.8707, fb_sparse=4.5797, energy=0.3779, homeo=0.0002, s_acc=0.461, p_acc=0.147, ang_err=16.2, a_inh=1.221, a_vip=0.199, tonic=0.0278, grad_norm=0.282, pi_ceil=0.307, fb_scale=1.000
2026-04-08 17:01:23,053 [INFO] Stage 2 step 7900/10000: loss=2.3263, sens=1.4336, prior_kl=0.8731, fb_sparse=4.5896, energy=0.3757, homeo=0.0002, s_acc=0.441, p_acc=0.148, ang_err=15.8, a_inh=1.221, a_vip=0.203, tonic=0.0278, grad_norm=0.299, pi_ceil=0.324, fb_scale=1.000
2026-04-08 17:02:47,275 [INFO] Stage 2 step 8000/10000: loss=2.2621, sens=1.4553, prior_kl=0.7877, fb_sparse=4.5984, energy=0.3670, homeo=0.0003, s_acc=0.426, p_acc=0.154, ang_err=13.8, a_inh=1.220, a_vip=0.207, tonic=0.0278, grad_norm=0.515, pi_ceil=0.291, fb_scale=1.000
2026-04-08 17:04:14,670 [INFO] Stage 2 step 8100/10000: loss=2.2898, sens=1.4766, prior_kl=0.7929, fb_sparse=4.6068, energy=0.3687, homeo=0.0002, s_acc=0.440, p_acc=0.202, ang_err=13.4, a_inh=1.220, a_vip=0.210, tonic=0.0277, grad_norm=0.522, pi_ceil=0.290, fb_scale=1.000
2026-04-08 17:05:38,411 [INFO] Stage 2 step 8200/10000: loss=2.2351, sens=1.4103, prior_kl=0.8057, fb_sparse=4.6143, energy=0.3740, homeo=0.0002, s_acc=0.477, p_acc=0.173, ang_err=14.0, a_inh=1.220, a_vip=0.213, tonic=0.0277, grad_norm=0.291, pi_ceil=0.309, fb_scale=1.000
2026-04-08 17:07:02,299 [INFO] Stage 2 step 8300/10000: loss=2.1837, sens=1.3961, prior_kl=0.7693, fb_sparse=4.6212, energy=0.3772, homeo=0.0002, s_acc=0.460, p_acc=0.189, ang_err=13.2, a_inh=1.220, a_vip=0.216, tonic=0.0277, grad_norm=0.393, pi_ceil=0.305, fb_scale=1.000
2026-04-08 17:08:29,013 [INFO] Stage 2 step 8400/10000: loss=2.2847, sens=1.4509, prior_kl=0.8144, fb_sparse=4.6275, energy=0.3723, homeo=0.0003, s_acc=0.450, p_acc=0.181, ang_err=15.0, a_inh=1.220, a_vip=0.219, tonic=0.0277, grad_norm=0.403, pi_ceil=0.323, fb_scale=1.000
2026-04-08 17:09:52,154 [INFO] Stage 2 step 8500/10000: loss=2.3357, sens=1.4627, prior_kl=0.8543, fb_sparse=4.6330, energy=0.3711, homeo=0.0002, s_acc=0.426, p_acc=0.141, ang_err=15.0, a_inh=1.220, a_vip=0.221, tonic=0.0277, grad_norm=0.391, pi_ceil=0.295, fb_scale=1.000
2026-04-08 17:11:18,373 [INFO] Stage 2 step 8600/10000: loss=2.2586, sens=1.4498, prior_kl=0.7894, fb_sparse=4.6380, energy=0.3599, homeo=0.0003, s_acc=0.454, p_acc=0.160, ang_err=13.4, a_inh=1.220, a_vip=0.223, tonic=0.0277, grad_norm=0.408, pi_ceil=0.267, fb_scale=1.000
2026-04-08 17:12:42,489 [INFO] Stage 2 step 8700/10000: loss=2.2086, sens=1.3891, prior_kl=0.8014, fb_sparse=4.6423, energy=0.3710, homeo=0.0002, s_acc=0.445, p_acc=0.164, ang_err=14.1, a_inh=1.220, a_vip=0.225, tonic=0.0276, grad_norm=0.480, pi_ceil=0.289, fb_scale=1.000
2026-04-08 17:14:06,651 [INFO] Stage 2 step 8800/10000: loss=2.2495, sens=1.4078, prior_kl=0.8232, fb_sparse=4.6460, energy=0.3739, homeo=0.0002, s_acc=0.450, p_acc=0.167, ang_err=14.3, a_inh=1.220, a_vip=0.227, tonic=0.0276, grad_norm=0.403, pi_ceil=0.300, fb_scale=1.000
2026-04-08 17:15:33,750 [INFO] Stage 2 step 8900/10000: loss=2.3105, sens=1.4325, prior_kl=0.8592, fb_sparse=4.6491, energy=0.3724, homeo=0.0002, s_acc=0.490, p_acc=0.182, ang_err=14.8, a_inh=1.220, a_vip=0.228, tonic=0.0276, grad_norm=0.355, pi_ceil=0.324, fb_scale=1.000
2026-04-08 17:16:57,578 [INFO] Stage 2 step 9000/10000: loss=2.3545, sens=1.4428, prior_kl=0.8923, fb_sparse=4.6517, energy=0.3702, homeo=0.0003, s_acc=0.444, p_acc=0.171, ang_err=16.4, a_inh=1.220, a_vip=0.229, tonic=0.0276, grad_norm=0.311, pi_ceil=0.300, fb_scale=1.000
2026-04-08 17:18:20,817 [INFO] Stage 2 step 9100/10000: loss=2.2406, sens=1.4165, prior_kl=0.8061, fb_sparse=4.6539, energy=0.3726, homeo=0.0002, s_acc=0.444, p_acc=0.197, ang_err=13.4, a_inh=1.220, a_vip=0.230, tonic=0.0276, grad_norm=0.264, pi_ceil=0.295, fb_scale=1.000
2026-04-08 17:19:47,977 [INFO] Stage 2 step 9200/10000: loss=2.3051, sens=1.3981, prior_kl=0.8887, fb_sparse=4.6557, energy=0.3807, homeo=0.0002, s_acc=0.475, p_acc=0.184, ang_err=15.5, a_inh=1.220, a_vip=0.231, tonic=0.0276, grad_norm=0.368, pi_ceil=0.311, fb_scale=1.000
2026-04-08 17:21:11,509 [INFO] Stage 2 step 9300/10000: loss=2.3127, sens=1.4552, prior_kl=0.8388, fb_sparse=4.6571, energy=0.3728, homeo=0.0002, s_acc=0.451, p_acc=0.143, ang_err=14.7, a_inh=1.221, a_vip=0.232, tonic=0.0276, grad_norm=0.363, pi_ceil=0.311, fb_scale=1.000
2026-04-08 17:22:39,961 [INFO] Stage 2 step 9400/10000: loss=2.3547, sens=1.4702, prior_kl=0.8650, fb_sparse=4.6581, energy=0.3727, homeo=0.0003, s_acc=0.431, p_acc=0.161, ang_err=15.2, a_inh=1.221, a_vip=0.232, tonic=0.0276, grad_norm=0.250, pi_ceil=0.322, fb_scale=1.000
2026-04-08 17:24:07,104 [INFO] Stage 2 step 9500/10000: loss=2.3099, sens=1.4410, prior_kl=0.8499, fb_sparse=4.6589, energy=0.3696, homeo=0.0002, s_acc=0.445, p_acc=0.160, ang_err=14.8, a_inh=1.221, a_vip=0.232, tonic=0.0276, grad_norm=0.380, pi_ceil=0.293, fb_scale=1.000
2026-04-08 17:25:35,476 [INFO] Stage 2 step 9600/10000: loss=2.1988, sens=1.3723, prior_kl=0.8089, fb_sparse=4.6594, energy=0.3727, homeo=0.0002, s_acc=0.468, p_acc=0.177, ang_err=13.5, a_inh=1.221, a_vip=0.233, tonic=0.0276, grad_norm=0.345, pi_ceil=0.288, fb_scale=1.000
2026-04-08 17:27:01,649 [INFO] Stage 2 step 9700/10000: loss=2.2507, sens=1.4169, prior_kl=0.8153, fb_sparse=4.6597, energy=0.3733, homeo=0.0002, s_acc=0.449, p_acc=0.177, ang_err=14.6, a_inh=1.221, a_vip=0.233, tonic=0.0276, grad_norm=0.287, pi_ceil=0.301, fb_scale=1.000
2026-04-08 17:28:26,552 [INFO] Stage 2 step 9800/10000: loss=2.2158, sens=1.4123, prior_kl=0.7856, fb_sparse=4.6599, energy=0.3708, homeo=0.0002, s_acc=0.431, p_acc=0.132, ang_err=13.7, a_inh=1.221, a_vip=0.233, tonic=0.0276, grad_norm=0.290, pi_ceil=0.314, fb_scale=1.000
2026-04-08 17:29:56,147 [INFO] Stage 2 step 9900/10000: loss=2.2088, sens=1.4044, prior_kl=0.7868, fb_sparse=4.6599, energy=0.3706, homeo=0.0002, s_acc=0.446, p_acc=0.167, ang_err=13.3, a_inh=1.221, a_vip=0.233, tonic=0.0276, grad_norm=0.524, pi_ceil=0.286, fb_scale=1.000
2026-04-08 17:31:25,693 [INFO] Stage 2 step 10000/10000: loss=2.3395, sens=1.4738, prior_kl=0.8467, fb_sparse=4.6599, energy=0.3769, homeo=0.0002, s_acc=0.441, p_acc=0.176, ang_err=15.0, a_inh=1.221, a_vip=0.233, tonic=0.0276, grad_norm=0.331, pi_ceil=0.330, fb_scale=1.000
2026-04-08 17:31:25,715 [INFO] Stage 2 complete: loss=2.3395, s_acc=0.441, p_acc=0.176
2026-04-08 17:31:25,728 [INFO] Saved to results/control_no_gate/s42/center_surround_seed42/checkpoint.pt
2026-04-08 17:31:25,729 [INFO] Training complete.
