[setup] checkpoint=/home/vishnu/neuroips/rescue_1_2/freshstart/results/simple_dual/emergent_seed42/checkpoint.pt
[setup] config=config/sweep/sweep_rescue_1_2.yaml
[setup] decoder_c_path=checkpoints/decoder_c.pt
[setup] device=cuda  n_batches=40  seed=42  n_trials_per_N=200
[setup] strategies=['M3R', 'HMS-T', 'VCD']
[setup] override_task_cue=True
[override] HMMSequenceGenerator.generate patched: task_state=[1,0] focused, cue=march-continuation σ=10°, period=180.0, n_ori=36

=== M3R ===
[M3R] expected    n=3254  decA=0.7129686539643516  decC=0.7406269207129687
[M3R] unexpected  n=6496  decA=0.8492918719211823  decC=0.7561576354679803
[M3R] omission    n=434  decA=0.1336405529953917  decC=0.07373271889400922

=== HMS-T ===
[HMS-T (matched_hmm_ring_sequence --tight-expected)] expected    n=1155  decA=0.6943722943722944  decC=0.7151515151515152
[HMS-T (matched_hmm_ring_sequence --tight-expected)] unexpected  n=113  decA=1.0  decC=0.6991150442477876
[HMS-T (matched_hmm_ring_sequence --tight-expected)] omission    n=356  decA=0.16853932584269662  decC=0.06179775280898876

=== VCD test3 ===
  batch 10/40
  batch 20/40
  batch 30/40
  batch 40/40
[VCD] n_pairs=7000  decA Δ=-0.0844  decC Δ=-0.0160

[json] wrote results/cross_decoder_modified_r1_2.json  (68.3s)

==============================================================================
 Strategy            |   n_ex |  n_unex |  decA Δ  |  decC Δ  | native
------------------------------------------------------------------------------
 M3R                 |   3254 |    6496 |  -0.1363 |  -0.0155 | A
 HMS-T               |   1155 |     113 |  -0.3056 |  +0.0160 | A
 VCD                 |   7000 |    7000 |  -0.0844 |  -0.0160 | A
==============================================================================
