2026-04-10 18:09:46,679 [INFO] Device: cuda
2026-04-10 18:09:46,679 [INFO] --- analyzing e1_emergent_seed42 ---
2026-04-10 18:09:46,685 [INFO] Loaded config from checkpoint: feedback_mode=emergent, oracle_pi(train)=3.0
2026-04-10 18:09:46,880 [INFO] Loaded model from results/regression_post_cleanup/e1/emergent_seed42/checkpoint.pt

========================================================================
REPRESENTATION ANALYSIS — e1_emergent_seed42
========================================================================

[Sanity] feedback_disabled() actually zeroes the operator output
  ON  drive max-abs: 2.773547e-01  (sum=18.6713)
  OFF drive max-abs: 0.000000e+00  (sum=0.0000)
  Ablation produces zero drive: True

[Metric 1] Population-bump FWHM (read all 36 L2/3 channels at a single stim)
  stim=90,ora=90: FWHM OFF= 26.68°, ON= 15.49°, delta=-11.20° ( -42.0%)   peak OFF=0.2900 ON=0.4163
  stim=120,ora=90: FWHM OFF= 26.68°, ON=  7.81°, delta=-18.88° ( -70.7%)   peak OFF=0.2900 ON=0.6178
  stim=90,ora=120: FWHM OFF= 26.68°, ON= 15.49°, delta=-11.20° ( -42.0%)   peak OFF=0.2900 ON=0.4163
  Full profile for 'stim=90,ora=90' (dist_from_stim → r_off, r_on):
    d= -60.0°  OFF=0.0000  ON=0.0280
    d= -55.0°  OFF=0.0000  ON=0.0024
    d= -50.0°  OFF=0.0000  ON=0.0000
    d= -45.0°  OFF=0.0000  ON=0.0000
    d= -40.0°  OFF=0.0000  ON=0.0000
    d= -35.0°  OFF=0.0000  ON=0.0000
    d= -30.0°  OFF=0.0059  ON=0.0000
    d= -25.0°  OFF=0.0264  ON=0.0350
    d= -20.0°  OFF=0.0632  ON=0.0477
    d= -15.0°  OFF=0.1206  ON=0.0644
    d= -10.0°  OFF=0.1941  ON=0.1905
    d=  -5.0°  OFF=0.2617  ON=0.4163
    d=  +0.0°  OFF=0.2900  ON=0.2674
    d=  +5.0°  OFF=0.2617  ON=0.2195
    d= +10.0°  OFF=0.1941  ON=0.1547
    d= +15.0°  OFF=0.1206  ON=0.1075
    d= +20.0°  OFF=0.0632  ON=0.0168
    d= +25.0°  OFF=0.0264  ON=0.0004
    d= +30.0°  OFF=0.0059  ON=0.0000
    d= +35.0°  OFF=0.0000  ON=0.0266
    d= +40.0°  OFF=0.0000  ON=0.0000
    d= +45.0°  OFF=0.0000  ON=0.0000
    d= +50.0°  OFF=0.0000  ON=0.0000
    d= +55.0°  OFF=0.0000  ON=0.0000
    d= +60.0°  OFF=0.0000  ON=0.0000

[Metric 1b] Tuning curves at channels at various offsets from oracle (oracle=90°)
   offset(deg)   ch  pref(deg)     peak OFF    peak ON  peak ratio     FWHM OFF    FWHM ON  delta_FWHM
         -30.0   12       60.0       0.2900     0.2804      0.9671        26.68      24.44       -2.24
         -25.0   13       65.0       0.2900     0.5925      2.0432        26.68      26.09       -0.59
         -20.0   14       70.0       0.2900     0.5132      1.7698        26.68      20.73       -5.95
         -10.0   16       80.0       0.2900     0.3569      1.2309        26.68      22.84       -3.84
          +0.0   18       90.0       0.2900     0.2674      0.9223        26.68      23.82       -2.86
         +10.0   20      100.0       0.2900     0.2563      0.8840        26.68      23.52       -3.16
         +20.0   22      110.0       0.2900     0.2415      0.8329        26.68      21.93       -4.75
         +25.0   23      115.0       0.2900     0.2743      0.9458        26.68      22.18       -4.50
         +30.0   24      120.0       0.2900     0.2751      0.9485        26.68      24.23       -2.45

[Metric 2] Preferred-channel peak gain (averaged over all 36 channels)
  Peak response OFF: mean = 0.2900
  Peak response ON : mean = 0.3650
  Ratio (ON / OFF):  1.2586

[Metric 3] Channel-by-distance profile at stim=90.0°, oracle=90.0°
  r_off peak: 0.2900 at dist=0.0°
  r_on  peak: 0.4163  at dist=-5.0°
  dist(deg):  [-45.0, -40.0, -35.0, -30.0, -25.0, -20.0, -15.0, -10.0, -5.0, 0.0, 5.0, 10.0, 15.0, 20.0, 25.0, 30.0, 35.0, 40.0, 45.0]
  r_off:      [0.0, 0.0, 0.0, 0.0059, 0.0264, 0.0632, 0.1206, 0.1941, 0.2617, 0.29, 0.2617, 0.1941, 0.1206, 0.0632, 0.0264, 0.0059, 0.0, 0.0, 0.0]
  r_on:       [0.0, 0.0, 0.0, 0.0, 0.035, 0.0477, 0.0644, 0.1905, 0.4163, 0.2674, 0.2195, 0.1547, 0.1075, 0.0168, 0.0004, 0.0, 0.0266, 0.0, 0.0]

[Metric 4] Fine-discrimination with READOUT noise
  NARROW subset (±15° around base_theta): channels [15, 16, 17, 18, 19, 20, 21] (n=7)
       noise   delta     acc OFF     acc ON   delta_acc
       0.010     3.0°       1.000      1.000      +0.000
       0.010     5.0°       1.000      1.000      +0.000
       0.010    10.0°       1.000      1.000      +0.000
       0.030     3.0°       0.940      0.990      +0.050
       0.030     5.0°       0.995      1.000      +0.005
       0.030    10.0°       1.000      1.000      +0.000
       0.100     3.0°       0.685      0.805      +0.120
       0.100     5.0°       0.795      0.910      +0.115
       0.100    10.0°       0.930      0.995      +0.065
       0.300     3.0°       0.585      0.645      +0.060
       0.300     5.0°       0.595      0.665      +0.070
       0.300    10.0°       0.710      0.820      +0.110
  WIDE subset (±30° around base_theta): channels [12, 13, 14, 15, 16, 17, 18, 19, 20, 21, 22, 23, 24] (n=13)
       noise   delta     acc OFF     acc ON   delta_acc
       0.010     3.0°       1.000      1.000      +0.000
       0.010     5.0°       1.000      1.000      +0.000
       0.010    10.0°       1.000      1.000      +0.000
       0.030     3.0°       0.955      0.990      +0.035
       0.030     5.0°       1.000      1.000      +0.000
       0.030    10.0°       1.000      1.000      +0.000
       0.100     3.0°       0.700      0.810      +0.110
       0.100     5.0°       0.800      0.925      +0.125
       0.100    10.0°       0.950      0.995      +0.045
       0.300     3.0°       0.560      0.630      +0.070
       0.300     5.0°       0.595      0.655      +0.060
       0.300    10.0°       0.745      0.840      +0.095

[Metric 5] L2/3 energy split by distance from oracle (oracle=90°)
  Channels — expected (|d|≤10°): 5,  surround (10<|d|≤45°): 14,  far (|d|>45°): 17
  Total     : OFF=   58.8250  ON=   66.6841  reduction= -13.4%
  Expected  : OFF=    8.1701  ON=    7.7964  reduction=  +4.6%
  Surround  : OFF=   22.8764  ON=   26.0812  reduction= -14.0%
  Far       : OFF=   27.7785  ON=   32.8066  reduction= -18.1%

[Metric 6] Local d' (match vs near-miss, population-vector decode)
  n_trials=200 per class, noise_std=0.3, 8 anchors averaged
     delta      d' OFF       d' ON    delta_d'
   delta_5      5.3561      6.2857     +0.9297
  delta_10     10.4656     12.2308     +1.7652
  delta_15     15.8612     18.4710     +2.6098
  Per-anchor breakdown (rows=anchors, cols=deltas 5/10/15°):
      anchor      d5 OFF      d5 ON     d10 OFF     d10 ON     d15 OFF     d15 ON
         0.0      5.7126     7.3607     10.0158    13.2274     16.0601    19.1052
        22.5      5.4990     6.5226     11.4319    12.8801     15.7217    16.2087
        45.0      5.2331     6.3905     10.7364    12.8102     15.0071    18.7120
        67.5      5.0759     6.3184     10.0808    11.7861     15.6970    15.1248
        90.0      5.4039     5.8361     10.1255    10.5589     16.0008    17.8372
       112.5      5.1610     5.8348     10.2943    11.5984     16.2348    17.0614
       135.0      5.3169     5.7837     10.4051    11.8509     16.3159    20.8251
       157.5      5.4461     6.2391     10.6348    13.1343     15.8518    22.8935
  Raw decoded stats @ anchor=90.0° delta=10° feedback OFF (for hand verification):
    mu_match_off=90.0875°  sig_match_off=0.9954°
    mu_miss_off =100.1454°  sig_miss_off =0.9913°
    sep_off    =10.0578°   pooled_sigma_off=0.9933°   d'_off=10.1255

[Metric 7] Match vs near-miss trained LogReg decoder (all 36 ch)
  n_train=800, n_test=200, stim_noise=0.3, readout_noise=0.3, anchors=[0.0, 22.5, 45.0, 67.5, 90.0, 112.5, 135.0, 157.5]
     delta     acc OFF      acc ON    delta_acc    CI_low   CI_high   p_value
   delta_3      0.5394      0.5706      +0.0313   -0.0094   +0.0763    0.2915
   delta_5      0.5794      0.6388      +0.0594   +0.0149   +0.1048    0.1710
  delta_10      0.6512      0.7600      +0.1088   +0.0483   +0.1388    0.0510
  delta_15      0.7394      0.8250      +0.0856   +0.0555   +0.1369    0.0650

[Metric 8] Time-resolved L2/3 dynamics (stim=90.0°, oracle=90.0°, no noise)
  Per-timestep trajectory (T=25 steps):
      t    peak OFF    peak ON    fwhm OFF    fwhm ON    fp30 OFF    fp30 ON    fm30 OFF    fm30 ON
      0      0.0057     0.0131     26.2081     6.4358      0.0001     0.0000      0.0001     0.0000
      1      0.0157     0.0233     26.1234     7.5928      0.0004     0.0000      0.0004     0.0000
      2      0.0289     0.0403     26.0638    18.4077      0.0007     0.0000      0.0007     0.0000
      3      0.0442     0.0668     26.0250    16.5918      0.0010     0.0000      0.0010     0.0000
      4      0.0609     0.0954     26.0033    15.4100      0.0013     0.0000      0.0013     0.0000
      5      0.0783     0.1243     25.9958    14.8210      0.0016     0.0000      0.0016     0.0000
      6      0.0959     0.1525     26.0001    14.5851      0.0019     0.0000      0.0019     0.0000
      7      0.1134     0.1796     26.0142    14.5568      0.0022     0.0000      0.0022     0.0000
      8      0.1305     0.2053     26.0363    14.6130      0.0024     0.0000      0.0024     0.0000
      9      0.1471     0.2295     26.0651    14.6879      0.0027     0.0000      0.0027     0.0000
     10      0.1628     0.2520     26.0995    14.7754      0.0029     0.0000      0.0029     0.0000
     11      0.1778     0.2731     26.1382    14.8651      0.0032     0.0000      0.0032     0.0000
     12      0.1920     0.2925     26.1806    14.9517      0.0034     0.0000      0.0034     0.0000
     13      0.2053     0.3105     26.2259    15.0328      0.0037     0.0000      0.0037     0.0000
     14      0.2177     0.3270     26.2734    15.1075      0.0039     0.0000      0.0039     0.0000
     15      0.2294     0.3421     26.3225    15.1754      0.0042     0.0000      0.0042     0.0000
     16      0.2402     0.3559     26.3729    15.2368      0.0044     0.0000      0.0044     0.0000
     17      0.2502     0.3686     26.4240    15.2919      0.0047     0.0000      0.0047     0.0000
     18      0.2596     0.3802     26.4755    15.3412      0.0049     0.0000      0.0049     0.0000
     19      0.2682     0.3907     26.5272    15.3851      0.0052     0.0000      0.0052     0.0000
     20      0.2762     0.4003     26.5786    15.4241      0.0054     0.0000      0.0054     0.0000
     21      0.2836     0.4090     26.6297    15.4586      0.0057     0.0000      0.0057     0.0000
     22      0.2905     0.4170     26.6802    15.4890      0.0059     0.0000      0.0059     0.0000
     23      0.2968     0.4242     26.7300    15.5157      0.0062     0.0000      0.0062     0.0000
     24      0.3027     0.4308     26.7789    15.5390      0.0064     0.0000      0.0064     0.0000
  Early (steps 0-3) vs Late (last 3):
    peak  : early OFF=0.0236 ON=0.0359  late OFF=0.2967 ON=0.4240
    fwhm  : early OFF=26.11  ON=12.26  late OFF=26.73  ON=15.51
    fp30  : early OFF=0.0005 ON=0.0000  late OFF=0.0062 ON=0.0000
    fm30  : early OFF=0.0005 ON=0.0000  late OFF=0.0062 ON=0.0000

[Metric 9] Per-channel relative energy reduction by distance bin
  Channels — expected: 5, surround: 14, far: 17
  Expected (|d|≤10°)  rel_red = +0.0457
  Surround (10<|d|≤45°) rel_red = -0.1401
  Far      (|d|>45°)  rel_red = -0.1810

[Metric 10] Global amplitude ratio (feedback ON/OFF), averaged across 8 anchors
  Mean activity ON : 0.051122
  Mean activity OFF: 0.045357
  Mean ratio (ON/OFF): 1.1271  (boosted)
  Sum activity ON : 1.8404
  Sum activity OFF: 1.6328
  Sum ratio  (ON/OFF): 1.1271
  Per-anchor breakdown:
      anchor     mean ON    mean OFF      sum ON     sum OFF
         0.0    0.051143    0.045390      1.8412      1.6340
        22.5    0.056430    0.045323      2.0315      1.6316
        45.0    0.053071    0.045390      1.9106      1.6340
        67.5    0.053507    0.045323      1.9263      1.6316
        90.0    0.047297    0.045390      1.7027      1.6340
       112.5    0.055046    0.045323      1.9817      1.6316
       135.0    0.042715    0.045390      1.5377      1.6340
       157.5    0.049766    0.045323      1.7916      1.6316

[Metric 11] Threshold benefit (noise where OFF ≈ 70%)
  delta_10: threshold_noise_off=4.115, threshold_noise_on=4.068
    delta_acc at threshold: -0.0031
    threshold_shift (ON-OFF): -0.046
  delta_15: threshold_noise_off=5.911, threshold_noise_on=6.047
    delta_acc at threshold: +0.0044
    threshold_shift (ON-OFF): +0.136
  Noise sweep per anchor (delta_10):
    anchor=  0.0°  noise_off=5.636  noise_on=5.472  shift=-0.165  Δacc=-0.0100
    anchor= 22.5°  noise_off=3.727  noise_on=3.385  shift=-0.343  Δacc=-0.0150
    anchor= 45.0°  noise_off=4.636  noise_on=4.000  shift=-0.636  Δacc=-0.0300
    anchor= 67.5°  noise_off=2.923  noise_on=2.871  shift=-0.052  Δacc=-0.0100
    anchor= 90.0°  noise_off=4.308  noise_on=4.556  shift=+0.248  Δacc=+0.0250
    anchor=112.5°  noise_off=3.774  noise_on=3.938  shift=+0.163  Δacc=+0.0150
    anchor=135.0°  noise_off=4.200  noise_on=4.250  shift=+0.050  Δacc=-0.0100
    anchor=157.5°  noise_off=3.714  noise_on=4.077  shift=+0.363  Δacc=+0.0100

[Metric 12] Fixed readout (train on neutral, test on valid/invalid)
  stimulus_noise=0.5, readout_noise=0.3
  delta_10: neutral=0.6487  valid=0.6994  invalid=0.7031
    benefit (valid-neutral): +0.0506   cost (neutral-invalid): -0.0544
  delta_15: neutral=0.7419  valid=0.7869  invalid=0.7913
    benefit (valid-neutral): +0.0450   cost (neutral-invalid): -0.0494
  Per-anchor (delta_10):
    anchor=  0.0°  neutral=0.6650  valid=0.7100  invalid=0.7100  benefit=+0.0450
    anchor= 22.5°  neutral=0.6450  valid=0.7100  invalid=0.7250  benefit=+0.0650
    anchor= 45.0°  neutral=0.6100  valid=0.6750  invalid=0.6800  benefit=+0.0650
    anchor= 67.5°  neutral=0.6850  valid=0.6950  invalid=0.7050  benefit=+0.0100
    anchor= 90.0°  neutral=0.6450  valid=0.7050  invalid=0.7350  benefit=+0.0600
    anchor=112.5°  neutral=0.6400  valid=0.7100  invalid=0.6900  benefit=+0.0700
    anchor=135.0°  neutral=0.6700  valid=0.7200  invalid=0.7100  benefit=+0.0500
    anchor=157.5°  neutral=0.6300  valid=0.6700  invalid=0.6700  benefit=+0.0400

[Metric 13] Time-resolved decoding (stim_noise=0.5, readout_noise=0.3)
  delta_10: peak_t=22, peak_delta=+0.0556
    early(0-7)=+0.0077  mid(8-17)=+0.0391  late(18-24)=+0.0444
    per-timestep: t0=+0.002 t1=+0.001 t2=+0.000 t3=+0.003 t4=+0.009 t5=+0.010 t6=+0.018 t7=+0.019 t8=+0.021 t9=+0.037 t10=+0.031 t11=+0.044 t12=+0.040 t13=+0.041 t14=+0.041 t15=+0.048 t16=+0.042 t17=+0.047 t18=+0.042 t19=+0.046 t20=+0.039 t21=+0.042 t22=+0.056 t23=+0.046 t24=+0.040 
  delta_15: peak_t=19, peak_delta=+0.0694
    early(0-7)=+0.0148  mid(8-17)=+0.0523  late(18-24)=+0.0626
    per-timestep: t0=+0.001 t1=+0.003 t2=+0.004 t3=+0.009 t4=+0.014 t5=+0.029 t6=+0.022 t7=+0.036 t8=+0.035 t9=+0.031 t10=+0.053 t11=+0.051 t12=+0.057 t13=+0.059 t14=+0.052 t15=+0.065 t16=+0.065 t17=+0.056 t18=+0.063 t19=+0.069 t20=+0.051 t21=+0.061 t22=+0.066 t23=+0.064 t24=+0.064 

[Metric 14] Temporal evaluation (cue→ISI→stim, ISI=2, ON=6, stim_noise=0.3, readout_noise=0.3)
  delta_10: acc_off=0.5138  acc_on=0.5225  delta_acc=+0.0087
  delta_15: acc_off=0.5525  acc_on=0.5663  delta_acc=+0.0138
  Per-anchor (delta_10):
    anchor=  0.0°  off=0.5300  on=0.5450  Δ=+0.0150
    anchor= 22.5°  off=0.4600  on=0.4650  Δ=+0.0050
    anchor= 45.0°  off=0.5000  on=0.5050  Δ=+0.0050
    anchor= 67.5°  off=0.5350  on=0.5550  Δ=+0.0200
    anchor= 90.0°  off=0.5150  on=0.5300  Δ=+0.0150
    anchor=112.5°  off=0.5100  on=0.5100  Δ=+0.0000
    anchor=135.0°  off=0.6000  on=0.6000  Δ=+0.0000
    anchor=157.5°  off=0.4600  on=0.4700  Δ=+0.0100

[Artifact] Pre-rectification L2/3 drive at stim=90.0°, oracle=90.0°
  FWHM of pre-rect DRIVE : OFF=29.55°  ON=29.39°  delta=-0.15°
  FWHM of post-rect RATE : OFF=26.78°  ON=15.54°  delta=-11.24°
  Peak DRIVE: OFF=0.6172  ON=0.5671  ratio=0.9188
  Pre-rect drive (±45° window, every channel):
    d= -45.0°  drive OFF=-0.0303  drive ON=-0.0794   rate OFF=0.0000  rate ON=0.0000
    d= -40.0°  drive OFF=-0.0242  drive ON=-0.1148   rate OFF=0.0000  rate ON=0.0000
    d= -35.0°  drive OFF=-0.0106  drive ON=-0.0156   rate OFF=0.0000  rate ON=0.0000
    d= -30.0°  drive OFF=+0.0174  drive ON=-0.0242   rate OFF=0.0064  rate ON=0.0000
    d= -25.0°  drive OFF=+0.0697  drive ON=+0.0647   rate OFF=0.0281  rate ON=0.0350
    d= -20.0°  drive OFF=+0.1575  drive ON=+0.0915   rate OFF=0.0667  rate ON=0.0476
    d= -15.0°  drive OFF=+0.2847  drive ON=+0.1396   rate OFF=0.1267  rate ON=0.0660
    d= -10.0°  drive OFF=+0.4354  drive ON=+0.4092   rate OFF=0.2032  rate ON=0.1974
    d=  -5.0°  drive OFF=+0.5651  drive ON=+0.5671   rate OFF=0.2734  rate ON=0.4308
    d=  +0.0°  drive OFF=+0.6172  drive ON=+0.5647   rate OFF=0.3027  rate ON=0.2781
    d=  +5.0°  drive OFF=+0.5651  drive ON=+0.4693   rate OFF=0.2734  rate ON=0.2278
    d= +10.0°  drive OFF=+0.4354  drive ON=+0.3387   rate OFF=0.2032  rate ON=0.1604
    d= +15.0°  drive OFF=+0.2847  drive ON=+0.2462   rate OFF=0.1267  rate ON=0.1120
    d= +20.0°  drive OFF=+0.1575  drive ON=+0.0337   rate OFF=0.0667  rate ON=0.0168
    d= +25.0°  drive OFF=+0.0697  drive ON=-0.0132   rate OFF=0.0281  rate ON=0.0004
    d= +30.0°  drive OFF=+0.0174  drive ON=-0.0807   rate OFF=0.0064  rate ON=0.0000
    d= +35.0°  drive OFF=-0.0106  drive ON=-0.0155   rate OFF=0.0000  rate ON=0.0258
    d= +40.0°  drive OFF=-0.0242  drive ON=-0.0255   rate OFF=0.0000  rate ON=0.0000
    d= +45.0°  drive OFF=-0.0303  drive ON=-0.0324   rate OFF=0.0000  rate ON=0.0000

================================================================================
COMPARISON TABLE
================================================================================
  Metric                               | e1_emergent_seed42
  -------------------------------------+-----------
  Peak gain ratio (ON/OFF)             |     1.2586
  PopBump FWHM OFF (stim=ora=90)       |      26.68
  PopBump FWHM ON  (stim=ora=90)       |      15.49
  PopBump FWHM delta (stim=ora=90)     |     -11.20
  Flank ch offset=+0° peak ratio       |     0.9223
  Flank ch offset=+20° peak ratio      |     0.8329
  Flank ch offset=+25° peak ratio      |     0.9458
  Flank ch offset=+30° peak ratio      |     0.9485
  Energy reduction total (%)           |      -13.4
  Energy reduction expected (%)        |       +4.6
  Energy reduction surround (%)        |      -14.0
  Energy reduction far (%)             |      -18.1
  δ=3° n=0.30 narrow ON-OFF            |     +0.060
  δ=3° n=0.30 wide   ON-OFF            |     +0.070
  δ=5° n=0.30 narrow ON-OFF            |     +0.070
  δ=5° n=0.30 wide   ON-OFF            |     +0.060
  δ=10° n=0.30 narrow ON-OFF           |     +0.110
  δ=10° n=0.30 wide   ON-OFF           |     +0.095
  Pre-rect DRIVE FWHM delta            |      -0.15
  Post-rect RATE FWHM delta            |     -11.24
  M6 local d' δ=5° OFF                 |     5.3561
  M6 local d' δ=5° ON                  |     6.2857
  M6 local d' δ=5° delta               |    +0.9297
  M6 local d' δ=10° OFF                |    10.4656
  M6 local d' δ=10° ON                 |    12.2308
  M6 local d' δ=10° delta              |    +1.7652
  M6 local d' δ=15° OFF                |    15.8612
  M6 local d' δ=15° ON                 |    18.4710
  M6 local d' δ=15° delta              |    +2.6098
  M7 acc δ=3° OFF                      |     0.5394
  M7 acc δ=3° ON                       |     0.5706
  M7 acc δ=3° delta                    |    +0.0313
  M7 δ=3° CI                           | [-0.009,+0.076]
  M7 δ=3° p-val                        |     0.2915
  M7 acc δ=5° OFF                      |     0.5794
  M7 acc δ=5° ON                       |     0.6388
  M7 acc δ=5° delta                    |    +0.0594
  M7 δ=5° CI                           | [+0.015,+0.105]
  M7 δ=5° p-val                        |     0.1710
  M7 acc δ=10° OFF                     |     0.6512
  M7 acc δ=10° ON                      |     0.7600
  M7 acc δ=10° delta                   |    +0.1088
  M7 δ=10° CI                          | [+0.048,+0.139]
  M7 δ=10° p-val                       |     0.0510
  M7 acc δ=15° OFF                     |     0.7394
  M7 acc δ=15° ON                      |     0.8250
  M7 acc δ=15° delta                   |    +0.0856
  M7 δ=15° CI                          | [+0.056,+0.137]
  M7 δ=15° p-val                       |     0.0650
  M8 early peak OFF                    |     0.0236
  M8 early peak ON                     |     0.0359
  M8 late peak OFF                     |     0.2967
  M8 late peak ON                      |     0.4240
  M8 early fwhm OFF                    |      26.11
  M8 early fwhm ON                     |      12.26
  M8 late fwhm OFF                     |      26.73
  M8 late fwhm ON                      |      15.51
  M8 late fp30 ratio ON/OFF            |     0.0000
  M8 late fm30 ratio ON/OFF            |     0.0001
  M9 expected rel_red                  |    +0.0457
  M9 surround rel_red                  |    -0.1401
  M9 far rel_red                       |    -0.1810
  M10 global mean ratio (ON/OFF)       |     1.1271
  M10 global sum ratio (ON/OFF)        |     1.1271
  M11 δ=10° threshold_noise_off        |      4.115
  M11 δ=10° Δacc@threshold             |    -0.0031
  M11 δ=10° threshold_shift            |     -0.046
  M11 δ=15° threshold_noise_off        |      5.911
  M11 δ=15° Δacc@threshold             |    +0.0044
  M11 δ=15° threshold_shift            |     +0.136
  M12 δ=10° neutral                    |     0.6487
  M12 δ=10° valid                      |     0.6994
  M12 δ=10° invalid                    |     0.7031
  M12 δ=10° benefit                    |    +0.0506
  M12 δ=15° neutral                    |     0.7419
  M12 δ=15° valid                      |     0.7869
  M12 δ=15° invalid                    |     0.7913
  M12 δ=15° benefit                    |    +0.0450
  M13 δ=10° peak_t                     |         22
  M13 δ=10° peak_delta                 |    +0.0556
  M13 δ=10° early(0-7)                 |    +0.0077
  M13 δ=10° late(18-24)                |    +0.0444
  M13 δ=15° peak_t                     |         19
  M13 δ=15° peak_delta                 |    +0.0694
  M13 δ=15° early(0-7)                 |    +0.0148
  M13 δ=15° late(18-24)                |    +0.0626
  M14 δ=10° Δacc (temporal)            |    +0.0087
  M14 δ=15° Δacc (temporal)            |    +0.0138
