2026-04-08 22:07:43,346 [INFO] Mechanism: center_surround
2026-04-08 22:07:43,347 [INFO] Feedback mode: emergent
2026-04-08 22:07:43,347 [INFO] Device: cuda
2026-04-08 22:07:43,347 [INFO] Seed: 42
2026-04-08 22:07:43,351 [INFO] Network parameters: 6807
2026-04-08 22:07:43,351 [INFO] Delta-SOM mode enabled
2026-04-08 22:07:43,351 [INFO] ============================================================
2026-04-08 22:07:43,351 [INFO] STAGE 1: Sensory Scaffold
2026-04-08 22:07:43,351 [INFO] ============================================================
2026-04-08 22:07:52,876 [INFO] Stage 1 step 200/2000: loss=3.5982, acc=0.031, l23_mean=0.0002
2026-04-08 22:07:59,612 [INFO] Stage 1 step 400/2000: loss=3.4927, acc=0.188, l23_mean=0.0034
2026-04-08 22:08:06,261 [INFO] Stage 1 step 600/2000: loss=3.0131, acc=0.469, l23_mean=0.0123
2026-04-08 22:08:12,997 [INFO] Stage 1 step 800/2000: loss=2.7744, acc=0.469, l23_mean=0.0152
2026-04-08 22:08:19,775 [INFO] Stage 1 step 1000/2000: loss=2.2932, acc=0.812, l23_mean=0.0232
2026-04-08 22:08:26,548 [INFO] Stage 1 step 1200/2000: loss=2.1307, acc=0.719, l23_mean=0.0254
2026-04-08 22:08:33,316 [INFO] Stage 1 step 1400/2000: loss=2.0215, acc=0.844, l23_mean=0.0269
2026-04-08 22:08:40,137 [INFO] Stage 1 step 1600/2000: loss=1.9990, acc=0.844, l23_mean=0.0273
2026-04-08 22:08:46,872 [INFO] Stage 1 step 1800/2000: loss=1.9323, acc=0.812, l23_mean=0.0273
2026-04-08 22:08:53,549 [INFO] Stage 1 step 2000/2000: loss=1.7463, acc=0.906, l23_mean=0.0322
2026-04-08 22:08:53,562 [INFO] Gating 1 - Decoder accuracy: 1.000 (need >= 0.90)
2026-04-08 22:08:53,584 [INFO] Gating 2 - Unimodal units: 36/36
2026-04-08 22:08:53,611 [INFO] Gating 3 - Unique preferred orientations: 36/36
2026-04-08 22:08:53,617 [INFO] Gating 4 - FWHM in range: 36/36
2026-04-08 22:08:53,618 [INFO] Gating 5 - Mean L2/3 rate: 0.0396
2026-04-08 22:08:53,641 [INFO] Gating 6 - FWHM high=25.0, low=25.0
2026-04-08 22:08:53,661 [INFO] Transferred trained decoder from Stage 1 to shared loss_fn
2026-04-08 22:08:53,661 [INFO] Stage 1 complete: loss=1.7463, acc=0.891
2026-04-08 22:08:53,661 [INFO] Gating checks: {'decoder_accuracy_90': True, 'unimodal_tuning': True, 'orientation_tiling': True, 'fwhm_range': True, 'mean_activity': True, 'contrast_invariant_width': True}
2026-04-08 22:08:53,674 [INFO] Stage 1 checkpoint saved to results/eff_tests/exp1_mag03_e01/center_surround_seed42/stage1_checkpoint.pt
2026-04-08 22:08:53,674 [INFO] ============================================================
2026-04-08 22:08:53,674 [INFO] STAGE 2: V2 + Feedback
2026-04-08 22:08:53,674 [INFO] ============================================================
2026-04-08 22:08:54,401 [INFO] Baselines (emergent): prior_kl uninformative=~3.6 (uniform prior), sensory uniform=0.028 (1/36)
/home/vysoforlife/.local/lib/python3.10/site-packages/torch/_inductor/compile_fx.py:321: UserWarning: TensorFloat32 tensor cores for float32 matrix multiplication available but not enabled. Consider setting `torch.set_float32_matmul_precision('high')` for better performance.
  warnings.warn(
W0408 22:08:56.488000 3030376 torch/_inductor/utils.py:1679] [0/0] Not enough SMs to use max_autotune_gemm mode
2026-04-08 22:10:30,268 [INFO] Stage 2 step 100/3000: loss=5.7046, sens=2.2855, prior_kl=1.4751, fb_sparse=0.2100, energy=0.2857, homeo=0.0002, s_acc=0.370, p_acc=0.031, ang_err=47.7, a_inh=0.070, a_vip=0.070, tonic=0.0486, grad_norm=0.116, pi_ceil=0.000, fb_scale=0.000
2026-04-08 22:11:42,469 [INFO] Stage 2 step 200/3000: loss=5.6366, sens=2.3230, prior_kl=1.4557, fb_sparse=0.2100, energy=0.2842, homeo=0.0002, s_acc=0.385, p_acc=0.040, ang_err=40.8, a_inh=0.070, a_vip=0.070, tonic=0.0486, grad_norm=0.132, pi_ceil=0.000, fb_scale=0.000
2026-04-08 22:12:53,524 [INFO] Stage 2 step 300/3000: loss=5.4402, sens=2.2759, prior_kl=1.4467, fb_sparse=0.2100, energy=0.2845, homeo=0.0002, s_acc=0.392, p_acc=0.057, ang_err=36.9, a_inh=0.070, a_vip=0.070, tonic=0.0486, grad_norm=0.127, pi_ceil=0.000, fb_scale=0.000
2026-04-08 22:14:13,476 [INFO] Stage 2 step 400/3000: loss=5.0863, sens=2.2312, prior_kl=1.3236, fb_sparse=0.2100, energy=0.2843, homeo=0.0002, s_acc=0.347, p_acc=0.074, ang_err=26.8, a_inh=0.070, a_vip=0.070, tonic=0.0486, grad_norm=0.183, pi_ceil=0.000, fb_scale=0.000
2026-04-08 22:15:27,917 [INFO] Stage 2 step 500/3000: loss=4.7322, sens=2.2228, prior_kl=1.1900, fb_sparse=0.2100, energy=0.2825, homeo=0.0002, s_acc=0.338, p_acc=0.092, ang_err=20.3, a_inh=0.070, a_vip=0.070, tonic=0.0486, grad_norm=0.176, pi_ceil=0.000, fb_scale=0.000
2026-04-08 22:16:38,806 [INFO] Stage 2 step 600/3000: loss=4.3887, sens=2.2015, prior_kl=1.0773, fb_sparse=0.2100, energy=0.2857, homeo=0.0002, s_acc=0.322, p_acc=0.142, ang_err=18.8, a_inh=0.070, a_vip=0.070, tonic=0.0486, grad_norm=0.152, pi_ceil=0.000, fb_scale=0.000
2026-04-08 22:17:50,208 [INFO] Stage 2 step 700/3000: loss=4.1666, sens=2.2100, prior_kl=1.0120, fb_sparse=0.2100, energy=0.2831, homeo=0.0002, s_acc=0.331, p_acc=0.128, ang_err=18.3, a_inh=0.070, a_vip=0.070, tonic=0.0486, grad_norm=0.163, pi_ceil=0.000, fb_scale=0.000
2026-04-08 22:19:01,111 [INFO] Stage 2 step 800/3000: loss=3.8456, sens=2.1231, prior_kl=0.9312, fb_sparse=0.2100, energy=0.2840, homeo=0.0002, s_acc=0.352, p_acc=0.124, ang_err=16.2, a_inh=0.070, a_vip=0.070, tonic=0.0486, grad_norm=0.207, pi_ceil=0.000, fb_scale=0.000
2026-04-08 22:20:20,348 [INFO] Stage 2 step 900/3000: loss=3.6380, sens=2.0753, prior_kl=0.8968, fb_sparse=0.2100, energy=0.2892, homeo=0.0002, s_acc=0.359, p_acc=0.128, ang_err=15.4, a_inh=0.070, a_vip=0.070, tonic=0.0486, grad_norm=0.161, pi_ceil=0.000, fb_scale=0.000
2026-04-08 22:21:34,837 [INFO] Stage 2 step 1000/3000: loss=3.6225, sens=2.0952, prior_kl=0.9384, fb_sparse=0.2100, energy=0.2844, homeo=0.0002, s_acc=0.362, p_acc=0.121, ang_err=16.5, a_inh=0.070, a_vip=0.070, tonic=0.0486, grad_norm=0.221, pi_ceil=0.000, fb_scale=0.000
2026-04-08 22:21:34,844 [INFO] Step 1000: unfreezing gain_rec_raw
2026-04-08 22:22:46,449 [INFO] Stage 2 step 1100/3000: loss=3.4894, sens=2.0724, prior_kl=0.9032, fb_sparse=0.6749, energy=0.2865, homeo=0.0002, s_acc=0.360, p_acc=0.133, ang_err=15.2, a_inh=0.182, a_vip=0.209, tonic=0.0466, grad_norm=0.158, pi_ceil=0.000, fb_scale=0.099
2026-04-08 22:23:58,588 [INFO] Stage 2 step 1200/3000: loss=3.3323, sens=2.0088, prior_kl=0.8748, fb_sparse=1.0445, energy=0.2898, homeo=0.0002, s_acc=0.362, p_acc=0.146, ang_err=14.3, a_inh=0.321, a_vip=0.321, tonic=0.0453, grad_norm=0.154, pi_ceil=0.000, fb_scale=0.199
2026-04-08 22:25:09,606 [INFO] Stage 2 step 1300/3000: loss=3.3172, sens=2.0353, prior_kl=0.8733, fb_sparse=1.3484, energy=0.2894, homeo=0.0002, s_acc=0.364, p_acc=0.151, ang_err=14.8, a_inh=0.419, a_vip=0.419, tonic=0.0444, grad_norm=0.183, pi_ceil=0.000, fb_scale=0.299
2026-04-08 22:26:30,708 [INFO] Stage 2 step 1400/3000: loss=3.1351, sens=1.9716, prior_kl=0.7995, fb_sparse=1.5920, energy=0.2900, homeo=0.0002, s_acc=0.357, p_acc=0.148, ang_err=13.3, a_inh=0.499, a_vip=0.495, tonic=0.0437, grad_norm=0.180, pi_ceil=0.000, fb_scale=0.399
2026-04-08 22:27:42,981 [INFO] Stage 2 step 1500/3000: loss=3.2913, sens=2.0548, prior_kl=0.8812, fb_sparse=1.7988, energy=0.2857, homeo=0.0003, s_acc=0.351, p_acc=0.117, ang_err=15.6, a_inh=0.570, a_vip=0.558, tonic=0.0430, grad_norm=0.226, pi_ceil=0.000, fb_scale=0.499
2026-04-08 22:28:54,451 [INFO] Stage 2 step 1600/3000: loss=3.1540, sens=2.0167, prior_kl=0.8149, fb_sparse=1.9669, energy=0.2879, homeo=0.0003, s_acc=0.359, p_acc=0.139, ang_err=13.6, a_inh=0.631, a_vip=0.606, tonic=0.0425, grad_norm=0.149, pi_ceil=0.000, fb_scale=0.599
2026-04-08 22:30:08,220 [INFO] Stage 2 step 1700/3000: loss=3.0671, sens=1.9673, prior_kl=0.8048, fb_sparse=2.1082, energy=0.2913, homeo=0.0002, s_acc=0.381, p_acc=0.160, ang_err=13.6, a_inh=0.682, a_vip=0.645, tonic=0.0421, grad_norm=0.167, pi_ceil=0.000, fb_scale=0.699
2026-04-08 22:31:20,438 [INFO] Stage 2 step 1800/3000: loss=3.0627, sens=1.9813, prior_kl=0.7993, fb_sparse=2.2237, energy=0.2906, homeo=0.0003, s_acc=0.338, p_acc=0.132, ang_err=13.6, a_inh=0.726, a_vip=0.674, tonic=0.0418, grad_norm=0.194, pi_ceil=0.000, fb_scale=0.799
2026-04-08 22:32:44,057 [INFO] Stage 2 step 1900/3000: loss=3.0695, sens=2.0024, prior_kl=0.7908, fb_sparse=2.3227, energy=0.2881, homeo=0.0003, s_acc=0.332, p_acc=0.159, ang_err=13.4, a_inh=0.763, a_vip=0.700, tonic=0.0415, grad_norm=0.282, pi_ceil=0.000, fb_scale=0.899
2026-04-08 22:33:56,372 [INFO] Stage 2 step 2000/3000: loss=3.1001, sens=1.9702, prior_kl=0.8696, fb_sparse=2.4088, energy=0.2933, homeo=0.0003, s_acc=0.357, p_acc=0.143, ang_err=14.9, a_inh=0.795, a_vip=0.724, tonic=0.0412, grad_norm=0.153, pi_ceil=0.000, fb_scale=0.999
2026-04-08 22:35:05,630 [INFO] Stage 2 step 2100/3000: loss=3.0580, sens=1.9394, prior_kl=0.8734, fb_sparse=2.4763, energy=0.2983, homeo=0.0003, s_acc=0.351, p_acc=0.130, ang_err=15.5, a_inh=0.819, a_vip=0.743, tonic=0.0410, grad_norm=0.210, pi_ceil=0.000, fb_scale=1.000
2026-04-08 22:36:15,960 [INFO] Stage 2 step 2200/3000: loss=3.0266, sens=1.9479, prior_kl=0.8349, fb_sparse=2.5279, energy=0.2923, homeo=0.0003, s_acc=0.365, p_acc=0.141, ang_err=14.5, a_inh=0.838, a_vip=0.758, tonic=0.0408, grad_norm=0.138, pi_ceil=0.000, fb_scale=1.000
2026-04-08 22:37:28,246 [INFO] Stage 2 step 2300/3000: loss=3.0281, sens=1.9498, prior_kl=0.8429, fb_sparse=2.5664, energy=0.2937, homeo=0.0003, s_acc=0.360, p_acc=0.142, ang_err=14.5, a_inh=0.852, a_vip=0.769, tonic=0.0407, grad_norm=0.196, pi_ceil=0.000, fb_scale=1.000
2026-04-08 22:38:44,823 [INFO] Stage 2 step 2400/3000: loss=3.0227, sens=1.9487, prior_kl=0.8420, fb_sparse=2.5941, energy=0.2947, homeo=0.0003, s_acc=0.336, p_acc=0.137, ang_err=15.0, a_inh=0.862, a_vip=0.776, tonic=0.0407, grad_norm=0.314, pi_ceil=0.000, fb_scale=1.000
2026-04-08 22:39:56,809 [INFO] Stage 2 step 2500/3000: loss=2.9510, sens=1.9377, prior_kl=0.7831, fb_sparse=2.6139, energy=0.2902, homeo=0.0003, s_acc=0.352, p_acc=0.121, ang_err=13.6, a_inh=0.869, a_vip=0.782, tonic=0.0406, grad_norm=0.184, pi_ceil=0.000, fb_scale=1.000
2026-04-08 22:41:07,972 [INFO] Stage 2 step 2600/3000: loss=3.0858, sens=1.9849, prior_kl=0.8673, fb_sparse=2.6271, energy=0.2910, homeo=0.0003, s_acc=0.335, p_acc=0.152, ang_err=15.4, a_inh=0.874, a_vip=0.785, tonic=0.0406, grad_norm=0.203, pi_ceil=0.000, fb_scale=1.000
2026-04-08 22:42:19,861 [INFO] Stage 2 step 2700/3000: loss=3.1624, sens=2.0105, prior_kl=0.9157, fb_sparse=2.6351, energy=0.2898, homeo=0.0003, s_acc=0.340, p_acc=0.141, ang_err=16.0, a_inh=0.877, a_vip=0.788, tonic=0.0405, grad_norm=0.175, pi_ceil=0.000, fb_scale=1.000
2026-04-08 22:43:34,552 [INFO] Stage 2 step 2800/3000: loss=3.0183, sens=1.9711, prior_kl=0.8196, fb_sparse=2.6392, energy=0.2928, homeo=0.0003, s_acc=0.334, p_acc=0.132, ang_err=14.7, a_inh=0.878, a_vip=0.789, tonic=0.0405, grad_norm=0.308, pi_ceil=0.000, fb_scale=1.000
2026-04-08 22:44:50,201 [INFO] Stage 2 step 2900/3000: loss=2.9095, sens=1.8907, prior_kl=0.8026, fb_sparse=2.6407, energy=0.2961, homeo=0.0003, s_acc=0.364, p_acc=0.143, ang_err=13.4, a_inh=0.879, a_vip=0.789, tonic=0.0405, grad_norm=0.256, pi_ceil=0.000, fb_scale=1.000
2026-04-08 22:46:01,319 [INFO] Stage 2 step 3000/3000: loss=3.0987, sens=2.0070, prior_kl=0.8592, fb_sparse=2.6409, energy=0.2926, homeo=0.0003, s_acc=0.339, p_acc=0.120, ang_err=15.2, a_inh=0.879, a_vip=0.789, tonic=0.0405, grad_norm=0.167, pi_ceil=0.000, fb_scale=1.000
2026-04-08 22:46:01,330 [INFO] Stage 2 complete: loss=3.0987, s_acc=0.339, p_acc=0.120
2026-04-08 22:46:01,336 [INFO] Saved to results/eff_tests/exp1_mag03_e01/center_surround_seed42/checkpoint.pt
2026-04-08 22:46:01,336 [INFO] Training complete.
