2026-04-08 23:30:56,017 [INFO] Mechanism: center_surround
2026-04-08 23:30:56,018 [INFO] Feedback mode: emergent
2026-04-08 23:30:56,018 [INFO] Device: cuda
2026-04-08 23:30:56,018 [INFO] Seed: 42
2026-04-08 23:30:56,029 [INFO] Network parameters: 6807
2026-04-08 23:30:56,030 [INFO] Delta-SOM mode enabled
2026-04-08 23:30:56,030 [INFO] ============================================================
2026-04-08 23:30:56,030 [INFO] STAGE 1: Sensory Scaffold
2026-04-08 23:30:56,030 [INFO] ============================================================
2026-04-08 23:31:03,756 [INFO] Stage 1 step 200/2000: loss=3.5982, acc=0.031, l23_mean=0.0002
2026-04-08 23:31:10,674 [INFO] Stage 1 step 400/2000: loss=3.4927, acc=0.188, l23_mean=0.0034
2026-04-08 23:31:17,440 [INFO] Stage 1 step 600/2000: loss=3.0131, acc=0.469, l23_mean=0.0123
2026-04-08 23:31:24,027 [INFO] Stage 1 step 800/2000: loss=2.7744, acc=0.469, l23_mean=0.0152
2026-04-08 23:31:30,646 [INFO] Stage 1 step 1000/2000: loss=2.2932, acc=0.812, l23_mean=0.0232
2026-04-08 23:31:37,347 [INFO] Stage 1 step 1200/2000: loss=2.1307, acc=0.719, l23_mean=0.0254
2026-04-08 23:31:44,014 [INFO] Stage 1 step 1400/2000: loss=2.0215, acc=0.844, l23_mean=0.0269
2026-04-08 23:31:50,614 [INFO] Stage 1 step 1600/2000: loss=1.9990, acc=0.844, l23_mean=0.0273
2026-04-08 23:31:57,184 [INFO] Stage 1 step 1800/2000: loss=1.9323, acc=0.812, l23_mean=0.0273
2026-04-08 23:32:03,772 [INFO] Stage 1 step 2000/2000: loss=1.7463, acc=0.906, l23_mean=0.0322
2026-04-08 23:32:03,786 [INFO] Gating 1 - Decoder accuracy: 1.000 (need >= 0.90)
2026-04-08 23:32:03,795 [INFO] Gating 2 - Unimodal units: 36/36
2026-04-08 23:32:03,819 [INFO] Gating 3 - Unique preferred orientations: 36/36
2026-04-08 23:32:03,824 [INFO] Gating 4 - FWHM in range: 36/36
2026-04-08 23:32:03,824 [INFO] Gating 5 - Mean L2/3 rate: 0.0396
2026-04-08 23:32:03,850 [INFO] Gating 6 - FWHM high=25.0, low=25.0
2026-04-08 23:32:03,873 [INFO] Transferred trained decoder from Stage 1 to shared loss_fn
2026-04-08 23:32:03,874 [INFO] Stage 1 complete: loss=1.7463, acc=0.891
2026-04-08 23:32:03,874 [INFO] Gating checks: {'decoder_accuracy_90': True, 'unimodal_tuning': True, 'orientation_tiling': True, 'fwhm_range': True, 'mean_activity': True, 'contrast_invariant_width': True}
2026-04-08 23:32:03,882 [INFO] Stage 1 checkpoint saved to results/eff_tests/exp3_mag07_e01/center_surround_seed42/stage1_checkpoint.pt
2026-04-08 23:32:03,882 [INFO] ============================================================
2026-04-08 23:32:03,882 [INFO] STAGE 2: V2 + Feedback
2026-04-08 23:32:03,882 [INFO] ============================================================
2026-04-08 23:32:04,298 [INFO] Baselines (emergent): prior_kl uninformative=~3.6 (uniform prior), sensory uniform=0.028 (1/36)
2026-04-08 23:33:27,270 [INFO] Stage 2 step 100/3000: loss=5.7046, sens=2.2855, prior_kl=1.4751, fb_sparse=0.2100, energy=0.2857, homeo=0.0002, s_acc=0.370, p_acc=0.031, ang_err=47.7, a_inh=0.070, a_vip=0.070, tonic=0.0486, grad_norm=0.116, pi_ceil=0.000, fb_scale=0.000
2026-04-08 23:34:38,394 [INFO] Stage 2 step 200/3000: loss=5.6366, sens=2.3230, prior_kl=1.4557, fb_sparse=0.2100, energy=0.2842, homeo=0.0002, s_acc=0.385, p_acc=0.040, ang_err=40.8, a_inh=0.070, a_vip=0.070, tonic=0.0486, grad_norm=0.132, pi_ceil=0.000, fb_scale=0.000
2026-04-08 23:35:49,987 [INFO] Stage 2 step 300/3000: loss=5.4402, sens=2.2759, prior_kl=1.4467, fb_sparse=0.2100, energy=0.2845, homeo=0.0002, s_acc=0.392, p_acc=0.057, ang_err=36.9, a_inh=0.070, a_vip=0.070, tonic=0.0486, grad_norm=0.127, pi_ceil=0.000, fb_scale=0.000
2026-04-08 23:37:00,374 [INFO] Stage 2 step 400/3000: loss=5.0863, sens=2.2312, prior_kl=1.3236, fb_sparse=0.2100, energy=0.2843, homeo=0.0002, s_acc=0.347, p_acc=0.074, ang_err=26.8, a_inh=0.070, a_vip=0.070, tonic=0.0486, grad_norm=0.183, pi_ceil=0.000, fb_scale=0.000
2026-04-08 23:38:22,244 [INFO] Stage 2 step 500/3000: loss=4.7322, sens=2.2228, prior_kl=1.1900, fb_sparse=0.2100, energy=0.2825, homeo=0.0002, s_acc=0.338, p_acc=0.092, ang_err=20.3, a_inh=0.070, a_vip=0.070, tonic=0.0486, grad_norm=0.176, pi_ceil=0.000, fb_scale=0.000
2026-04-08 23:39:33,856 [INFO] Stage 2 step 600/3000: loss=4.3887, sens=2.2015, prior_kl=1.0773, fb_sparse=0.2100, energy=0.2857, homeo=0.0002, s_acc=0.322, p_acc=0.142, ang_err=18.8, a_inh=0.070, a_vip=0.070, tonic=0.0486, grad_norm=0.152, pi_ceil=0.000, fb_scale=0.000
2026-04-08 23:40:44,103 [INFO] Stage 2 step 700/3000: loss=4.1666, sens=2.2100, prior_kl=1.0120, fb_sparse=0.2100, energy=0.2831, homeo=0.0002, s_acc=0.331, p_acc=0.128, ang_err=18.3, a_inh=0.070, a_vip=0.070, tonic=0.0486, grad_norm=0.163, pi_ceil=0.000, fb_scale=0.000
2026-04-08 23:41:55,389 [INFO] Stage 2 step 800/3000: loss=3.8456, sens=2.1231, prior_kl=0.9312, fb_sparse=0.2100, energy=0.2840, homeo=0.0002, s_acc=0.352, p_acc=0.124, ang_err=16.2, a_inh=0.070, a_vip=0.070, tonic=0.0486, grad_norm=0.207, pi_ceil=0.000, fb_scale=0.000
2026-04-08 23:43:05,692 [INFO] Stage 2 step 900/3000: loss=3.6380, sens=2.0753, prior_kl=0.8968, fb_sparse=0.2100, energy=0.2892, homeo=0.0002, s_acc=0.359, p_acc=0.128, ang_err=15.4, a_inh=0.070, a_vip=0.070, tonic=0.0486, grad_norm=0.161, pi_ceil=0.000, fb_scale=0.000
2026-04-08 23:44:27,144 [INFO] Stage 2 step 1000/3000: loss=3.6225, sens=2.0952, prior_kl=0.9384, fb_sparse=0.2100, energy=0.2844, homeo=0.0002, s_acc=0.362, p_acc=0.121, ang_err=16.5, a_inh=0.070, a_vip=0.070, tonic=0.0486, grad_norm=0.221, pi_ceil=0.000, fb_scale=0.000
2026-04-08 23:44:27,152 [INFO] Step 1000: unfreezing gain_rec_raw
2026-04-08 23:45:40,400 [INFO] Stage 2 step 1100/3000: loss=3.4890, sens=2.0721, prior_kl=0.9032, fb_sparse=0.6755, energy=0.2865, homeo=0.0002, s_acc=0.360, p_acc=0.133, ang_err=15.2, a_inh=0.182, a_vip=0.209, tonic=0.0466, grad_norm=0.159, pi_ceil=0.000, fb_scale=0.099
2026-04-08 23:46:50,663 [INFO] Stage 2 step 1200/3000: loss=3.3313, sens=2.0081, prior_kl=0.8747, fb_sparse=1.0471, energy=0.2898, homeo=0.0002, s_acc=0.360, p_acc=0.146, ang_err=14.3, a_inh=0.322, a_vip=0.322, tonic=0.0453, grad_norm=0.154, pi_ceil=0.000, fb_scale=0.199
2026-04-08 23:48:01,232 [INFO] Stage 2 step 1300/3000: loss=3.3157, sens=2.0342, prior_kl=0.8732, fb_sparse=1.3536, energy=0.2896, homeo=0.0002, s_acc=0.364, p_acc=0.152, ang_err=14.8, a_inh=0.419, a_vip=0.419, tonic=0.0444, grad_norm=0.183, pi_ceil=0.000, fb_scale=0.299
2026-04-08 23:49:11,544 [INFO] Stage 2 step 1400/3000: loss=3.1325, sens=1.9695, prior_kl=0.7994, fb_sparse=1.6032, energy=0.2903, homeo=0.0002, s_acc=0.359, p_acc=0.148, ang_err=13.2, a_inh=0.501, a_vip=0.497, tonic=0.0436, grad_norm=0.181, pi_ceil=0.000, fb_scale=0.399
2026-04-08 23:50:34,839 [INFO] Stage 2 step 1500/3000: loss=3.2880, sens=2.0519, prior_kl=0.8810, fb_sparse=1.8189, energy=0.2862, homeo=0.0003, s_acc=0.351, p_acc=0.115, ang_err=15.6, a_inh=0.574, a_vip=0.563, tonic=0.0430, grad_norm=0.228, pi_ceil=0.000, fb_scale=0.499
2026-04-08 23:51:47,395 [INFO] Stage 2 step 1600/3000: loss=3.1495, sens=2.0130, prior_kl=0.8145, fb_sparse=2.0006, energy=0.2887, homeo=0.0003, s_acc=0.359, p_acc=0.139, ang_err=13.6, a_inh=0.637, a_vip=0.617, tonic=0.0425, grad_norm=0.152, pi_ceil=0.000, fb_scale=0.599
2026-04-08 23:52:57,688 [INFO] Stage 2 step 1700/3000: loss=3.0612, sens=1.9620, prior_kl=0.8044, fb_sparse=2.1603, energy=0.2926, homeo=0.0003, s_acc=0.381, p_acc=0.156, ang_err=13.6, a_inh=0.692, a_vip=0.664, tonic=0.0420, grad_norm=0.170, pi_ceil=0.000, fb_scale=0.699
2026-04-08 23:54:08,380 [INFO] Stage 2 step 1800/3000: loss=3.0552, sens=1.9741, prior_kl=0.7989, fb_sparse=2.2979, energy=0.2926, homeo=0.0003, s_acc=0.338, p_acc=0.133, ang_err=13.6, a_inh=0.740, a_vip=0.705, tonic=0.0416, grad_norm=0.200, pi_ceil=0.000, fb_scale=0.799
2026-04-08 23:55:19,552 [INFO] Stage 2 step 1900/3000: loss=3.0593, sens=1.9927, prior_kl=0.7898, fb_sparse=2.4166, energy=0.2913, homeo=0.0003, s_acc=0.336, p_acc=0.156, ang_err=13.4, a_inh=0.781, a_vip=0.740, tonic=0.0413, grad_norm=0.292, pi_ceil=0.000, fb_scale=0.899
2026-04-08 23:56:37,791 [INFO] Stage 2 step 2000/3000: loss=3.0898, sens=1.9592, prior_kl=0.8698, fb_sparse=2.5169, energy=0.2972, homeo=0.0003, s_acc=0.355, p_acc=0.142, ang_err=14.9, a_inh=0.815, a_vip=0.771, tonic=0.0410, grad_norm=0.165, pi_ceil=0.000, fb_scale=0.999
2026-04-08 23:57:48,344 [INFO] Stage 2 step 2100/3000: loss=3.0480, sens=1.9285, prior_kl=0.8737, fb_sparse=2.5947, energy=0.3029, homeo=0.0003, s_acc=0.346, p_acc=0.133, ang_err=15.6, a_inh=0.842, a_vip=0.794, tonic=0.0408, grad_norm=0.218, pi_ceil=0.000, fb_scale=1.000
2026-04-08 23:58:58,352 [INFO] Stage 2 step 2200/3000: loss=3.0130, sens=1.9343, prior_kl=0.8342, fb_sparse=2.6536, energy=0.2975, homeo=0.0003, s_acc=0.367, p_acc=0.146, ang_err=14.5, a_inh=0.862, a_vip=0.811, tonic=0.0406, grad_norm=0.156, pi_ceil=0.000, fb_scale=1.000
2026-04-09 00:00:08,931 [INFO] Stage 2 step 2300/3000: loss=3.0152, sens=1.9361, prior_kl=0.8429, fb_sparse=2.6971, energy=0.2991, homeo=0.0003, s_acc=0.355, p_acc=0.141, ang_err=14.5, a_inh=0.877, a_vip=0.824, tonic=0.0405, grad_norm=0.211, pi_ceil=0.000, fb_scale=1.000
2026-04-09 00:01:21,449 [INFO] Stage 2 step 2400/3000: loss=3.0093, sens=1.9352, prior_kl=0.8417, fb_sparse=2.7278, energy=0.3000, homeo=0.0003, s_acc=0.332, p_acc=0.138, ang_err=15.0, a_inh=0.888, a_vip=0.832, tonic=0.0404, grad_norm=0.331, pi_ceil=0.000, fb_scale=1.000
2026-04-09 00:02:42,845 [INFO] Stage 2 step 2500/3000: loss=2.9335, sens=1.9213, prior_kl=0.7816, fb_sparse=2.7493, energy=0.2958, homeo=0.0003, s_acc=0.347, p_acc=0.129, ang_err=13.6, a_inh=0.895, a_vip=0.838, tonic=0.0403, grad_norm=0.207, pi_ceil=0.000, fb_scale=1.000
2026-04-09 00:03:54,065 [INFO] Stage 2 step 2600/3000: loss=3.0730, sens=1.9714, prior_kl=0.8673, fb_sparse=2.7637, energy=0.2960, homeo=0.0003, s_acc=0.330, p_acc=0.146, ang_err=15.4, a_inh=0.900, a_vip=0.843, tonic=0.0403, grad_norm=0.219, pi_ceil=0.000, fb_scale=1.000
2026-04-09 00:05:04,374 [INFO] Stage 2 step 2700/3000: loss=3.1512, sens=1.9970, prior_kl=0.9171, fb_sparse=2.7722, energy=0.2949, homeo=0.0003, s_acc=0.335, p_acc=0.137, ang_err=16.1, a_inh=0.903, a_vip=0.845, tonic=0.0403, grad_norm=0.193, pi_ceil=0.000, fb_scale=1.000
2026-04-09 00:06:14,683 [INFO] Stage 2 step 2800/3000: loss=3.0038, sens=1.9568, prior_kl=0.8186, fb_sparse=2.7766, energy=0.2988, homeo=0.0003, s_acc=0.326, p_acc=0.138, ang_err=14.7, a_inh=0.905, a_vip=0.846, tonic=0.0402, grad_norm=0.330, pi_ceil=0.000, fb_scale=1.000
2026-04-09 00:07:27,552 [INFO] Stage 2 step 2900/3000: loss=2.8933, sens=1.8756, prior_kl=0.8013, fb_sparse=2.7782, energy=0.3020, homeo=0.0003, s_acc=0.361, p_acc=0.146, ang_err=13.4, a_inh=0.905, a_vip=0.847, tonic=0.0402, grad_norm=0.281, pi_ceil=0.000, fb_scale=1.000
2026-04-09 00:08:46,423 [INFO] Stage 2 step 3000/3000: loss=3.0868, sens=1.9946, prior_kl=0.8588, fb_sparse=2.7784, energy=0.2981, homeo=0.0003, s_acc=0.326, p_acc=0.124, ang_err=15.1, a_inh=0.905, a_vip=0.847, tonic=0.0402, grad_norm=0.178, pi_ceil=0.000, fb_scale=1.000
2026-04-09 00:08:46,433 [INFO] Stage 2 complete: loss=3.0868, s_acc=0.326, p_acc=0.124
2026-04-09 00:08:46,451 [INFO] Saved to results/eff_tests/exp3_mag07_e01/center_surround_seed42/checkpoint.pt
2026-04-09 00:08:46,451 [INFO] Training complete.
