2026-04-02 11:13:35,534 [INFO] Oracle test: mechanism=sharpening, steps=5000, pi=3.0, device=cuda
2026-04-02 11:13:35,555 [INFO] [sharpening] Stage 1: sensory scaffold
2026-04-02 11:13:52,474 [INFO] Stage 1 step 200/2000: loss=3.5942, acc=0.000, l23_mean=0.0002
2026-04-02 11:14:05,893 [INFO] Stage 1 step 400/2000: loss=3.4904, acc=0.125, l23_mean=0.0035
2026-04-02 11:14:22,436 [INFO] Stage 1 step 600/2000: loss=3.0056, acc=0.688, l23_mean=0.0124
2026-04-02 11:14:35,855 [INFO] Stage 1 step 800/2000: loss=2.7529, acc=0.719, l23_mean=0.0152
2026-04-02 11:14:49,309 [INFO] Stage 1 step 1000/2000: loss=2.2920, acc=0.781, l23_mean=0.0232
2026-04-02 11:15:05,897 [INFO] Stage 1 step 1200/2000: loss=2.1378, acc=0.688, l23_mean=0.0254
2026-04-02 11:15:19,461 [INFO] Stage 1 step 1400/2000: loss=2.0168, acc=0.875, l23_mean=0.0269
2026-04-02 11:15:36,103 [INFO] Stage 1 step 1600/2000: loss=1.9948, acc=0.750, l23_mean=0.0273
2026-04-02 11:15:49,837 [INFO] Stage 1 step 1800/2000: loss=1.9343, acc=0.781, l23_mean=0.0273
2026-04-02 11:16:06,077 [INFO] Stage 1 step 2000/2000: loss=1.7440, acc=0.812, l23_mean=0.0322
2026-04-02 11:16:06,099 [INFO] Gating 1 - Decoder accuracy: 1.000 (need >= 0.90)
2026-04-02 11:16:06,115 [INFO] Gating 2 - Unimodal units: 36/36
2026-04-02 11:16:06,140 [INFO] Gating 3 - Unique preferred orientations: 36/36
2026-04-02 11:16:06,158 [INFO] Gating 4 - FWHM in range: 36/36
2026-04-02 11:16:06,159 [INFO] Gating 5 - Mean L2/3 rate: 0.0396
2026-04-02 11:16:06,254 [INFO] Gating 6 - FWHM high=25.0, low=25.0
2026-04-02 11:16:06,292 [INFO] [sharpening] Stage 1 done: acc=0.859
2026-04-02 11:16:06,293 [INFO] [sharpening] Stage 2 ORACLE: 5000 steps, pi=3.0
2026-04-02 11:20:23,732 [INFO] [sharpening] step 100/5000: loss=3.8653, s_acc=0.011, suppression=0.639, som=0.0310
2026-04-02 11:24:44,548 [INFO] [sharpening] step 200/5000: loss=3.8579, s_acc=0.016, suppression=0.635, som=0.0310
2026-04-02 11:29:00,206 [INFO] [sharpening] step 300/5000: loss=3.8410, s_acc=0.046, suppression=0.649, som=0.0309
2026-04-02 11:33:14,858 [INFO] [sharpening] step 400/5000: loss=3.8149, s_acc=0.090, suppression=0.648, som=0.0308
2026-04-02 11:39:58,809 [INFO] [sharpening] step 500/5000: loss=3.7929, s_acc=0.086, suppression=0.646, som=0.0307
