
========================================================================
=== C2 extended: wd=1e-5 (default) + inhibitory raw=0 ===
========================================================================

--- Excitatory init (raw = -5.85) at default wd = 1e-5 ---
     step           raw      softplus    Δ vs t=0
        0     -5.850000    2.8758e-03       0.0%
      100     -5.844153    2.8926e-03       0.6%
      500     -5.820823    2.9608e-03       3.0%
     1000     -5.791791    3.0479e-03       6.0%
     2000     -5.734162    3.2284e-03      12.3%
     5000     -5.564691    3.8234e-03      33.0%
    10000     -5.293296    5.0126e-03      74.3%

--- Inhibitory init (raw = 0) at wd = 1e-5 ---
     step           raw      softplus
        0      0.000000      0.693147
     1000      0.000000      0.693147
    10000      0.000000      0.693147
  => No change (raw=0 is fixed point of decay)

--- Inhibitory init (raw = -1.0) at wd = 1e-5 ---
     step           raw      softplus    Δ vs t=0
        0     -1.000000      0.313262       0.0%
     1000     -0.990050      0.315947       0.9%
     5000     -0.951229      0.326614       4.3%
    10000     -0.904837      0.339758       8.5%
