

############################################################################
# Config: short_segment   params={'segment_length': 10, 'soft_reset_scale': 0.1}
############################################################################
[step 180] state has NaN — halting

============================================================================
=== short_segment   (steps run: 181) ===
============================================================================

 step   |r_l23|max     |r_h|max       m_norm        θ_l23          θ_h         maxδ   nan
    0    1.577e+00    2.766e-01    3.422e-01   +5.100e-07   +1.100e-07    1.277e+01  False
    1    8.871e-01    2.240e-01    3.484e-01   +7.191e-07   +2.200e-07    8.241e+00  False
    2    4.990e-01    1.815e-01    3.518e-01   +2.112e-07   +3.254e-07    8.966e-01  False
   20    2.648e-03    9.267e-03    1.622e-02   -3.864e-06   +3.190e-07    1.685e-04  False
   40    4.538e-02    5.870e-03    6.372e-03   -6.400e-06   -1.033e-08    1.485e-04  False
   60    2.714e-03    7.315e-03    9.295e-03   -8.942e-06   -1.445e-07    2.030e-04  False
   80    2.933e-03    6.335e-03    6.703e-03   -1.098e-05   -3.533e-08    3.917e-04  False
  100    1.985e-02    1.654e-02    8.989e-03   -1.300e-05   +7.302e-08    5.293e+04  False
  120    2.537e-03    9.698e-03    9.434e-03   -1.903e-05   -1.443e-06    7.338e+05  False
  140    6.079e-03    1.706e-02    1.406e-02   -2.361e-05   -2.388e-06    3.684e+14  False
  160    8.057e-02    3.369e-02    6.184e-03   -3.073e-05   -3.928e-06    2.608e+22  False
  180          nan          nan    7.279e-03         +nan         +nan          nan  True

  bookkeeping:
    pre_traces keys:   t=0 → 0, t=180 → 0
    post_traces keys:  t=0 → 0, t=180 → 0
    regime_post.norm:  t=0 → 1.0000, t=180 → 1.0000

  per-rule δ trajectory (max over all weights per rule type):
   step        l23_e.W_l4_l23_raw           l23_e.W_rec_raw     l23_e.W_fb_apical_raw        l23_e.W_pv_l23_raw       l23_e.W_som_l23_raw          l23_pv.W_pre_raw
      0                 9.876e-05                 2.561e-04                 4.676e-04                 1.277e+01                 8.403e+00                 1.894e-02
      1                 9.708e-05                 1.728e-04                 3.797e-04                 8.241e+00                 4.538e+00                 6.371e-03
      2                 9.976e-05                 1.091e-04                 3.155e-04                 1.623e-01                 8.966e-01                 2.008e-03
     40                 2.684e-05                 2.640e-07                 4.848e-06                 6.447e-05                 1.485e-04                 4.835e-06
     80                 2.929e-05                 4.042e-07                 5.882e-06                 3.917e-04                 2.354e-04                 1.011e-05
    120                 3.050e-05                 9.978e-08                 3.331e-06                 7.338e+05                 3.572e-04                 1.816e-05
    160                 3.055e-05                 5.811e-06                 1.548e-05                 2.608e+22                 4.816e+02                 2.445e-04
    180                       nan                       nan                       nan                       nan                       nan                       nan

  FIRST EXPLOSIVE RULE ANALYSIS (threshold = |δ| > 1e3):
                     l23_e.W_pv_l23_raw first > 1e3 at step 85
                    l23_e.W_som_l23_raw first > 1e3 at step 136

  weight (softplus mean) evolution [short_segment]:
   step       h_e.W_l23_h_raw        h_e.W_pv_h_raw         h_e.W_rec_raw  23_e.W_fb_apical_raw    l23_e.W_l4_l23_raw    l23_e.W_pv_l23_raw       l23_e.W_rec_raw   l23_e.W_som_l23_raw
      0             3.364e-03             1.290e-02             6.760e-03             6.749e-03             4.018e+00             7.773e+00             6.750e-03             3.433e+00
      1             3.365e-03             2.423e-02             6.760e-03             6.746e-03             4.018e+00             4.875e-01             6.748e-03             2.787e-01
      2             3.366e-03             3.528e-02             6.760e-03             6.744e-03             4.018e+00             5.524e-01             6.748e-03             5.799e-01
     40             3.471e-03             6.328e-01             6.760e-03             6.684e-03             4.015e+00             6.887e-01             6.730e-03             6.864e-01
     80             3.549e-03             6.761e-01             6.760e-03             6.624e-03             4.011e+00             1.139e+01             6.704e-03             6.862e-01
    120             3.638e-03             6.848e-01             6.761e-03             6.583e-03             4.008e+00             2.354e+10             6.689e-03             1.194e+00
    160             3.728e-03             6.883e-01             6.761e-03             6.561e-03             4.004e+00             4.542e+22             6.686e-03             0.000e+00
    180                   nan                   nan                   nan                   nan                   nan                   nan                   nan                   nan
