

############################################################################
# Config: default   params={'segment_length': 50, 'soft_reset_scale': 0.1}
############################################################################
[step 250] state has NaN — halting

============================================================================
=== default   (steps run: 251) ===
============================================================================

 step   |r_l23|max     |r_h|max       m_norm        θ_l23          θ_h         maxδ   nan
    0    1.577e+00    2.766e-01    3.422e-01   +5.100e-07   +1.100e-07    1.277e+01  False
    1    8.871e-01    2.240e-01    3.484e-01   +7.191e-07   +2.200e-07    8.241e+00  False
    2    4.990e-01    1.815e-01    3.518e-01   +2.112e-07   +3.254e-07    8.966e-01  False
   20    3.545e-02    5.070e-02    2.999e-01   -4.756e-06   -1.218e-06    8.801e-03  False
   40    1.163e+00    1.719e-01    2.494e-01   -7.542e-06   -3.078e-06    8.526e-02  False
   60    2.440e-02    8.735e-02    1.444e-01   -1.314e-05   -3.735e-06    4.157e-03  False
   80    1.458e+00    1.390e-01    1.150e-01   -1.875e-05   -5.934e-06    1.089e-02  False
  100    1.176e-02    2.135e-03    1.255e-02   -2.083e-05   -7.693e-06    3.163e-04  False
  120    7.671e-01    1.286e-02    7.091e-02   -2.184e-05   -9.010e-06    1.938e+01  False
  140    1.247e-02    3.751e-02    9.712e-02   -2.846e-05   -1.055e-05    6.789e-03  False
  160    1.629e-01    1.116e-01    6.572e-02   -3.057e-05   -1.165e-05    8.866e+04  False
  180    5.861e-03    4.096e-03    6.498e-02   -3.720e-05   -1.385e-05    5.876e+02  False
  200    2.324e-05    9.298e-04    9.447e-03   -4.383e-05   -1.533e-05    7.293e+03  False
  220    1.064e-03    3.046e-02    1.763e-01   -4.842e-05   -1.544e-05    2.513e+13  False
  240    3.950e+00    7.257e-01    1.309e-01   -5.658e-05   -1.742e-05    5.062e+20  False
  250          nan          nan    2.902e-02         +nan         +nan          nan  True

  bookkeeping:
    pre_traces keys:   t=0 → 0, t=250 → 0
    post_traces keys:  t=0 → 0, t=250 → 0
    regime_post.norm:  t=0 → 1.0000, t=250 → 1.0000

  per-rule δ trajectory (max over all weights per rule type):
   step        l23_e.W_l4_l23_raw           l23_e.W_rec_raw     l23_e.W_fb_apical_raw        l23_e.W_pv_l23_raw       l23_e.W_som_l23_raw          l23_pv.W_pre_raw
      0                 9.876e-05                 2.561e-04                 4.676e-04                 1.277e+01                 8.403e+00                 1.894e-02
      1                 9.708e-05                 1.728e-04                 3.797e-04                 8.241e+00                 4.538e+00                 6.371e-03
      2                 9.976e-05                 1.091e-04                 3.155e-04                 1.623e-01                 8.966e-01                 2.008e-03
     40                 9.019e-05                 1.732e-04                 1.747e-04                 1.607e-02                 1.249e-03                 1.053e-02
     80                 9.734e-05                 1.384e-04                 1.004e-04                 3.562e-03                 1.400e-03                 1.089e-02
    120                 1.015e-04                 1.183e-04                 2.002e-05                 1.938e+01                 1.452e-03                 6.870e-03
    160                 1.053e-04                 4.551e-05                 2.185e-04                 8.866e+04                 3.913e-03                 8.481e-04
    200                 3.203e-05                 1.511e-07                 9.795e-07                 7.293e+03                 5.190e-05                 1.755e-05
    240                 1.075e-04                 5.272e-05                 3.838e-04                 5.062e+20                 7.440e+03                 3.988e-01
    250                       nan                       nan                       nan                       nan                       nan                       nan

  FIRST EXPLOSIVE RULE ANALYSIS (threshold = |δ| > 1e3):
                     l23_e.W_pv_l23_raw first > 1e3 at step 156
                    l23_e.W_som_l23_raw first > 1e3 at step 209

  weight (softplus mean) evolution [default]:
   step       h_e.W_l23_h_raw        h_e.W_pv_h_raw         h_e.W_rec_raw  23_e.W_fb_apical_raw    l23_e.W_l4_l23_raw    l23_e.W_pv_l23_raw       l23_e.W_rec_raw   l23_e.W_som_l23_raw
      0             3.364e-03             1.290e-02             6.760e-03             6.749e-03             4.018e+00             7.773e+00             6.750e-03             3.433e+00
      1             3.365e-03             2.423e-02             6.760e-03             6.746e-03             4.018e+00             4.875e-01             6.748e-03             2.787e-01
      2             3.366e-03             3.528e-02             6.760e-03             6.744e-03             4.018e+00             5.524e-01             6.748e-03             5.799e-01
     40             3.405e-03             1.365e-01             6.760e-03             6.714e-03             4.014e+00             6.891e-01             6.729e-03             6.919e-01
     80             3.487e-03             5.911e-01             6.760e-03             6.679e-03             4.010e+00             6.910e-01             6.713e-03             6.864e-01
    120             3.550e-03             6.356e-01             6.760e-03             6.649e-03             4.007e+00             1.108e+01             6.691e-03             6.904e-01
    160             3.603e-03             6.582e-01             6.760e-03             6.623e-03             4.003e+00             0.000e+00             6.674e-03             6.888e-01
    200             3.634e-03             6.603e-01             6.760e-03             6.603e-03             3.999e+00             7.292e+08             6.663e-03             6.841e-01
    240             3.746e-03             6.818e-01             6.761e-03             6.561e-03             3.995e+00             1.929e+18             6.658e-03             6.410e+03
    250                   nan                   nan                   nan                   nan                   nan                   nan                   nan                   nan
