
################################################################################
# Task #7: Full L2/3 activity characterization (R1+R2 seed 42)
################################################################################

================================================================================
PATHWAY: matched_3row_ring (HMM pred-err split, single combined window)
================================================================================
checkpoint: /home/vishnu/neuroips/rescue_1_2/freshstart/results/simple_dual/emergent_seed42/checkpoint.pt
meta keys present: ['N', 'batch_size', 'center_idx', 'feedback_scale', 'n_batches', 'n_passA_ambiguous_excluded', 'n_passA_records', 'n_passA_total_pres', 'n_passB_ambiguous_excluded', 'n_passB_records', 'n_passB_total_seq', 'readout_window', 'rng_seed', 'seq_length', 'step_deg', 'steps_isi', 'steps_on', 'target_idx', 'target_isi_pre_step', 'target_onset_step']
NOTE: Has only `mean_ring` per bucket (combined window). NO mean_pm2/mean_pm1/mean_probe split.
NOTE: NO time-course stored. NO per-trial std stored.

-- BUCKET: expected  (n=1088) --
   reported peak_at_true   :   0.5822
   reported total          :   4.0498
   reported FWHM (deg)     :    32.43
   reported decoder_acc    :   0.6949
   reported mean_pi_pred   :   1.0672
   --- TASK-7 ADDITIONS (from mean_ring) ---
   argmax channel          : 18  (displ from ch18 = +0)
   peak value (== max)     :   0.5822
   2nd-highest channel     : 17  (displ = -1, value=  0.5499, ratio2/1=  0.9445)
   mean across 36 ch       :   0.1125
   total (sum 36 ch)       :   4.0498
   #chs >= peak/2          : 7
   min channel value       :   0.0043
   per-trial std at peak   :   not stored in JSON
   per-trial std on total  :   not stored in JSON
   time course (ON/ISI)    :   not stored in JSON (readout fixed at [9,11])
   FULL 36-ch mean_ring    :
     0.0071  0.0061  0.0068  0.0064  0.0062  0.0075  0.0070  0.0057  0.0062  0.0043  0.0050  0.0115
     0.0373  0.1057  0.2053  0.3341  0.4598  0.5499  0.5822  0.5390  0.4470  0.3136  0.1929  0.0952
     0.0347  0.0122  0.0059  0.0049  0.0049  0.0055  0.0065  0.0069  0.0070  0.0067  0.0061  0.0067

-- BUCKET: unexpected  (n=3301) --
   reported peak_at_true   :   0.6523
   reported total          :   4.7138
   reported FWHM (deg)     :    31.22
   reported decoder_acc    :   0.8485
   reported mean_pi_pred   :   0.8416
   --- TASK-7 ADDITIONS (from mean_ring) ---
   argmax channel          : 18  (displ from ch18 = +0)
   peak value (== max)     :   0.6523
   2nd-highest channel     : 17  (displ = -1, value=  0.6274, ratio2/1=  0.9619)
   mean across 36 ch       :   0.1309
   total (sum 36 ch)       :   4.7138
   #chs >= peak/2          : 7
   min channel value       :   0.0120
   per-trial std at peak   :   not stored in JSON
   per-trial std on total  :   not stored in JSON
   time course (ON/ISI)    :   not stored in JSON (readout fixed at [9,11])
   FULL 36-ch mean_ring    :
     0.0155  0.0166  0.0181  0.0173  0.0172  0.0169  0.0163  0.0181  0.0180  0.0183  0.0211  0.0257
     0.0424  0.1015  0.2094  0.3418  0.5009  0.6274  0.6523  0.6219  0.5198  0.3570  0.2115  0.1063
     0.0426  0.0226  0.0171  0.0143  0.0139  0.0141  0.0124  0.0128  0.0131  0.0120  0.0131  0.0146

-- BUCKET: omission  (n=210) --
   reported peak_at_true   :   0.1822
   reported total          :   2.1085
   reported FWHM (deg)     :    31.74
   reported decoder_acc    :   0.1286
   reported mean_pi_pred   :   0.7519
   --- TASK-7 ADDITIONS (from mean_ring) ---
   argmax channel          : 18  (displ from ch18 = +0)
   peak value (== max)     :   0.1822
   2nd-highest channel     : 17  (displ = -1, value=  0.1680, ratio2/1=  0.9222)
   mean across 36 ch       :   0.0586
   total (sum 36 ch)       :   2.1085
   #chs >= peak/2          : 7
   min channel value       :   0.0251
   per-trial std at peak   :   not stored in JSON
   per-trial std on total  :   not stored in JSON
   time course (ON/ISI)    :   not stored in JSON (readout fixed at [9,11])
   FULL 36-ch mean_ring    :
     0.0325  0.0315  0.0341  0.0354  0.0348  0.0384  0.0374  0.0367  0.0363  0.0332  0.0346  0.0343
     0.0379  0.0535  0.0784  0.1099  0.1439  0.1680  0.1822  0.1666  0.1421  0.1090  0.0731  0.0492
     0.0321  0.0251  0.0268  0.0252  0.0251  0.0309  0.0318  0.0328  0.0377  0.0367  0.0350  0.0359

================================================================================
PATHWAY: matched_hmm_ring_sequence (HMM, 3-window storage: pm2 / pm1 / probe)
================================================================================
checkpoint: results/simple_dual/emergent_seed42/checkpoint.pt
meta windows: pm2/pm1/probe each one tuning curve per bucket (no time series)
underpowered=False, min_bucket_n_floor=100
NOTE: NO time-course stored. NO per-trial std stored. Only mean across trials per channel.

-- BUCKET: expected  (n=3079, n_cw=1500, n_ccw=1579) --
   reported peak_at_true_probe :   0.6885
   reported total_probe        :   4.4884
   reported FWHM_probe (deg)   :    30.88
   reported decoder_acc        :   0.7941
   reported mean_pi_pred_eff   :   0.7305
   reported mean_pred_err      :  48.4719
   --- TASK-7 ADDITIONS ---
   [pm2] argmax_ch=16 (displ -2), peak=  0.5868, 2nd_ch=15 (displ -3), 2nd_val=  0.5716, ratio2/1=  0.9740, mean36=  0.1218, #>=peak/2=7
   [pm1] argmax_ch=17 (displ -1), peak=  0.6563, 2nd_ch=16 (displ -2), 2nd_val=  0.6240, ratio2/1=  0.9508, mean36=  0.1230, #>=peak/2=6
   [probe] argmax_ch=18 (displ +0), peak=  0.6885, 2nd_ch=17 (displ -1), 2nd_val=  0.6751, ratio2/1=  0.9805, mean36=  0.1247, #>=peak/2=6
   per-trial std (any window)  :   not stored in JSON
   time course (ON/ISI window) :   not stored in JSON (probe summary uses readout [9,11])
   FULL 36-ch mean_probe (re-centered, ch18 = probe true_ch) :
     0.0056  0.0048  0.0041  0.0032  0.0026  0.0021  0.0016  0.0013  0.0012  0.0016  0.0040  0.0123
     0.0411  0.1165  0.2437  0.4054  0.5583  0.6751  0.6885  0.6071  0.4777  0.3119  0.1692  0.0696
     0.0208  0.0060  0.0041  0.0044  0.0049  0.0048  0.0050  0.0049  0.0058  0.0068  0.0064  0.0062

-- BUCKET: unexpected  (n=147, n_cw=76, n_ccw=71) --
   reported peak_at_true_probe :   0.4735
   reported total_probe        :   4.9414
   reported FWHM_probe (deg)   :    29.14
   reported decoder_acc        :   0.9796
   reported mean_pi_pred_eff   :   0.7508
   reported mean_pred_err      :  40.9184
   --- TASK-7 ADDITIONS ---
   [pm2] argmax_ch=34 (displ +16), peak=  0.4995, 2nd_ch=35 (displ +17), 2nd_val=  0.4876, ratio2/1=  0.9763, mean36=  0.1213, #>=peak/2=8
   [pm1] argmax_ch=35 (displ +17), peak=  0.5164, 2nd_ch= 1 (displ -17), 2nd_val=  0.4922, ratio2/1=  0.9531, mean36=  0.1238, #>=peak/2=8
   [probe] argmax_ch=19 (displ +1), peak=  0.5449, 2nd_ch=17 (displ -1), 2nd_val=  0.5308, ratio2/1=  0.9743, mean36=  0.1373, #>=peak/2=5
   per-trial std (any window)  :   not stored in JSON
   time course (ON/ISI window) :   not stored in JSON (probe summary uses readout [9,11])
   FULL 36-ch mean_probe (re-centered, ch18 = probe true_ch) :
     0.1560  0.1532  0.1292  0.0944  0.0713  0.0441  0.0224  0.0111  0.0058  0.0036  0.0060  0.0115
     0.0294  0.0981  0.2081  0.2676  0.4247  0.5308  0.4735  0.5449  0.4267  0.2504  0.2039  0.0928
     0.0261  0.0099  0.0029  0.0035  0.0083  0.0176  0.0347  0.0613  0.0912  0.1200  0.1468  0.1595

-- BUCKET: omission  (n=194, n_cw=95, n_ccw=99) --
   reported peak_at_true_probe :   0.1849
   reported total_probe        :   2.1017
   reported FWHM_probe (deg)   :    29.17
   reported decoder_acc        :   0.1598
   reported mean_pi_pred_eff   :   0.7067
   reported mean_pred_err      :   --  
   --- TASK-7 ADDITIONS ---
   [pm2] argmax_ch=16 (displ -2), peak=  0.4725, 2nd_ch=15 (displ -3), 2nd_val=  0.4585, ratio2/1=  0.9703, mean36=  0.1208, #>=peak/2=7
   [pm1] argmax_ch=17 (displ -1), peak=  0.5184, 2nd_ch=16 (displ -2), 2nd_val=  0.4989, ratio2/1=  0.9623, mean36=  0.1221, #>=peak/2=7
   [probe] argmax_ch=17 (displ -1), peak=  0.2011, 2nd_ch=16 (displ -2), 2nd_val=  0.1909, ratio2/1=  0.9492, mean36=  0.0584, #>=peak/2=7
   per-trial std (any window)  :   not stored in JSON
   time course (ON/ISI window) :   not stored in JSON (probe summary uses readout [9,11])
   FULL 36-ch mean_probe (re-centered, ch18 = probe true_ch) :
     0.0310  0.0309  0.0335  0.0336  0.0295  0.0290  0.0268  0.0236  0.0215  0.0225  0.0229  0.0279
     0.0426  0.0707  0.1138  0.1554  0.1909  0.2011  0.1849  0.1457  0.1014  0.0645  0.0373  0.0281
     0.0249  0.0272  0.0342  0.0335  0.0378  0.0424  0.0413  0.0430  0.0419  0.0358  0.0350  0.0355

================================================================================
PATHWAY: matched_hmm_ring_sequence_tightexp (HMM, 3-window storage: pm2 / pm1 / probe)
================================================================================
checkpoint: results/simple_dual/emergent_seed42/checkpoint.pt
meta windows: pm2/pm1/probe each one tuning curve per bucket (no time series)
tight_expected_used=True, exp_pred_err_max=5.0, unexp_pred_err_min=60.0
underpowered=True, min_bucket_n_floor=100
NOTE: NO time-course stored. NO per-trial std stored. Only mean across trials per channel.

-- BUCKET: expected  (n=455, n_cw=234, n_ccw=221) --
   reported peak_at_true_probe :   0.6178
   reported total_probe        :   4.3024
   reported FWHM_probe (deg)   :    32.82
   reported decoder_acc        :   0.6549
   reported mean_pi_pred_eff   :   0.7086
   reported mean_pred_err      :   2.9890
   --- TASK-7 ADDITIONS ---
   [pm2] argmax_ch=16 (displ -2), peak=  0.5911, 2nd_ch=15 (displ -3), 2nd_val=  0.5889, ratio2/1=  0.9963, mean36=  0.1237, #>=peak/2=7
   [pm1] argmax_ch=16 (displ -2), peak=  0.6586, 2nd_ch=17 (displ -1), 2nd_val=  0.6430, ratio2/1=  0.9764, mean36=  0.1262, #>=peak/2=6
   [probe] argmax_ch=18 (displ +0), peak=  0.6178, 2nd_ch=17 (displ -1), 2nd_val=  0.6141, ratio2/1=  0.9940, mean36=  0.1195, #>=peak/2=6
   per-trial std (any window)  :   not stored in JSON
   time course (ON/ISI window) :   not stored in JSON (probe summary uses readout [9,11])
   FULL 36-ch mean_probe (re-centered, ch18 = probe true_ch) :
     0.0027  0.0016  0.0014  0.0011  0.0011  0.0016  0.0005  0.0003  0.0007  0.0013  0.0032  0.0136
     0.0527  0.1466  0.2611  0.4221  0.5590  0.6141  0.6178  0.5710  0.4420  0.2878  0.1741  0.0785
     0.0187  0.0036  0.0016  0.0009  0.0009  0.0022  0.0045  0.0039  0.0029  0.0025  0.0022  0.0027

-- BUCKET: unexpected  (n=46, n_cw=23, n_ccw=23) --
   reported peak_at_true_probe :   0.4804
   reported total_probe        :   4.9955
   reported FWHM_probe (deg)   :    30.35
   reported decoder_acc        :   0.9348
   reported mean_pi_pred_eff   :   0.7127
   reported mean_pred_err      :  77.6087
   --- TASK-7 ADDITIONS ---
   [pm2] argmax_ch=35 (displ +17), peak=  0.4953, 2nd_ch=34 (displ +16), 2nd_val=  0.4780, ratio2/1=  0.9652, mean36=  0.1232, #>=peak/2=8
   [pm1] argmax_ch=35 (displ +17), peak=  0.5566, 2nd_ch= 1 (displ -17), 2nd_val=  0.5516, ratio2/1=  0.9910, mean36=  0.1306, #>=peak/2=8
   [probe] argmax_ch=17 (displ -1), peak=  0.5144, 2nd_ch=19 (displ +1), 2nd_val=  0.4947, ratio2/1=  0.9616, mean36=  0.1388, #>=peak/2=6
   per-trial std (any window)  :   not stored in JSON
   time course (ON/ISI window) :   not stored in JSON (probe summary uses readout [9,11])
   FULL 36-ch mean_probe (re-centered, ch18 = probe true_ch) :
     0.1752  0.1790  0.1523  0.1063  0.0816  0.0414  0.0218  0.0092  0.0030  0.0024  0.0059  0.0106
     0.0289  0.1121  0.2058  0.2677  0.4182  0.5144  0.4804  0.4947  0.4304  0.2421  0.1950  0.0922
     0.0158  0.0050  0.0018  0.0029  0.0090  0.0209  0.0398  0.0651  0.0993  0.1291  0.1587  0.1775

-- BUCKET: omission  (n=188, n_cw=91, n_ccw=97) --
   reported peak_at_true_probe :   0.1859
   reported total_probe        :   2.1057
   reported FWHM_probe (deg)   :    29.23
   reported decoder_acc        :   0.1596
   reported mean_pi_pred_eff   :   0.7125
   reported mean_pred_err      :   --  
   --- TASK-7 ADDITIONS ---
   [pm2] argmax_ch=16 (displ -2), peak=  0.4751, 2nd_ch=15 (displ -3), 2nd_val=  0.4601, ratio2/1=  0.9684, mean36=  0.1217, #>=peak/2=7
   [pm1] argmax_ch=17 (displ -1), peak=  0.5172, 2nd_ch=16 (displ -2), 2nd_val=  0.5021, ratio2/1=  0.9708, mean36=  0.1226, #>=peak/2=7
   [probe] argmax_ch=17 (displ -1), peak=  0.2017, 2nd_ch=16 (displ -2), 2nd_val=  0.1928, ratio2/1=  0.9561, mean36=  0.0585, #>=peak/2=6
   per-trial std (any window)  :   not stored in JSON
   time course (ON/ISI window) :   not stored in JSON (probe summary uses readout [9,11])
   FULL 36-ch mean_probe (re-centered, ch18 = probe true_ch) :
     0.0321  0.0316  0.0340  0.0331  0.0286  0.0288  0.0262  0.0232  0.0208  0.0220  0.0222  0.0274
     0.0426  0.0711  0.1147  0.1566  0.1928  0.2017  0.1859  0.1462  0.1006  0.0637  0.0363  0.0278
     0.0253  0.0278  0.0354  0.0351  0.0388  0.0428  0.0414  0.0419  0.0412  0.0359  0.0348  0.0353

================================================================================
PATHWAY: matched_probe_3pass (CLEAN-MARCH 3-pass design)
================================================================================
checkpoint: results/simple_dual/emergent_seed42/checkpoint.pt
underpowered=True, n_qualifying=40
widening_cascade: ['n_q=21 < 100; widening exp_pred_err_max 5°→10° (pi held at Q75)', 'n_q=33 < 100; widening exp_pred_err_max 10°→15° (pi held at Q75)']
context_identical_pm2_across_rows=True, context_identical_pm1_across_rows=True
flip_ccw=True

NOTE: pm2 and pm1 windows are IDENTICAL across exp/unexp/omission by construction (passes A,B,C share the same pre-probe state). Only mean_probe diverges.
NOTE: NO time-course stored. NO per-trial std stored.

-- BUCKET: expected  (n=40, n_cw=20, n_ccw=20) --
   reported peak_at_true_probe :   0.6811
   reported total_probe        :   4.3224
   reported FWHM_probe (deg)   :    30.86
   reported decoder_acc        :   0.6750
   reported mean_pi_pred_eff   :   0.6803
   reported mean_pred_err_A    :   7.7500
   --- TASK-7 ADDITIONS (probe-window 36-ch tuning curve) ---
   [pm2] argmax_ch=16 (displ -2), peak=  0.6072, 2nd_ch=15 (displ -3), 2nd_val=  0.5944, ratio2/1=  0.9789, mean36=  0.1216, #>=peak/2=7
   [pm1] argmax_ch=16 (displ -2), peak=  0.6631, 2nd_ch=17 (displ -1), 2nd_val=  0.6514, ratio2/1=  0.9824, mean36=  0.1258, #>=peak/2=6
   [probe] argmax_ch=18 (displ +0), peak=  0.6811, 2nd_ch=17 (displ -1), 2nd_val=  0.6167, ratio2/1=  0.9055, mean36=  0.1201, #>=peak/2=6
   per-trial std (any window)  :   not stored in JSON
   time course (ON/ISI window) :   not stored in JSON (probe summary uses readout [9,11])
   FULL 36-ch mean_probe (re-centered, ch18 = probe true_ch) :
     0.0020  0.0020  0.0022  0.0021  0.0017  0.0011  0.0008  0.0004  0.0005  0.0011  0.0030  0.0112
     0.0508  0.1295  0.2533  0.4093  0.5530  0.6167  0.6811  0.5901  0.4251  0.3099  0.1444  0.0757
     0.0212  0.0034  0.0011  0.0015  0.0023  0.0063  0.0055  0.0035  0.0025  0.0032  0.0026  0.0023

-- BUCKET: unexpected  (n=40, n_cw=20, n_ccw=20) --
   reported peak_at_true_probe :   0.2068
   reported total_probe        :   5.0446
   reported FWHM_probe (deg)   :    32.47
   reported decoder_acc        :   0.3250
   reported mean_pi_pred_eff   :   0.6803
   reported mean_pred_err_A    :   7.7500
   --- TASK-7 ADDITIONS (probe-window 36-ch tuning curve) ---
   [pm2] argmax_ch=16 (displ -2), peak=  0.6072, 2nd_ch=15 (displ -3), 2nd_val=  0.5944, ratio2/1=  0.9789, mean36=  0.1216, #>=peak/2=7
   [pm1] argmax_ch=16 (displ -2), peak=  0.6631, 2nd_ch=17 (displ -1), 2nd_val=  0.6514, ratio2/1=  0.9824, mean36=  0.1258, #>=peak/2=6
   [probe] argmax_ch= 1 (displ -17), peak=  0.5381, 2nd_ch= 0 (displ +18), 2nd_val=  0.4966, ratio2/1=  0.9228, mean36=  0.1401, #>=peak/2=7
   per-trial std (any window)  :   not stored in JSON
   time course (ON/ISI window) :   not stored in JSON (probe summary uses readout [9,11])
   FULL 36-ch mean_probe (re-centered, ch18 = probe true_ch) :
     0.4966  0.5381  0.4006  0.2971  0.1740  0.0919  0.0272  0.0081  0.0038  0.0021  0.0031  0.0107
     0.0374  0.0740  0.1261  0.1749  0.2125  0.2146  0.2068  0.1557  0.0996  0.0579  0.0196  0.0056
     0.0019  0.0009  0.0004  0.0013  0.0027  0.0141  0.0489  0.1103  0.1941  0.2968  0.4523  0.4828
   *** non-peak-anchored bump audit (Task-7 §5) ***
       argmax of unexpected mean_probe is at ch=1 (NOT ch18=probe true_ch). Displacement from probe true_ch = -17 channels = -85°.
       value at probe true_ch (ch18) = 0.2068
       value at argmax (ch1)   = 0.5381
       full vector channels 30-35 + 0-5 (ring-wrap region):
         ch30=0.0489  ch31=0.1103  ch32=0.1941  ch33=0.2968  ch34=0.4523  ch35=0.4828  ch0=0.4966  ch1=0.5381  ch2=0.4006  ch3=0.2971  ch4=0.1740  ch5=0.0919

-- BUCKET: omission  (n=40, n_cw=20, n_ccw=20) --
   reported peak_at_true_probe :   0.2518
   reported total_probe        :   2.1324
   reported FWHM_probe (deg)   :    30.61
   reported decoder_acc        :   0.1750
   reported mean_pi_pred_eff   :   0.6803
   reported mean_pred_err_A    :   7.7500
   --- TASK-7 ADDITIONS (probe-window 36-ch tuning curve) ---
   [pm2] argmax_ch=16 (displ -2), peak=  0.6072, 2nd_ch=15 (displ -3), 2nd_val=  0.5944, ratio2/1=  0.9789, mean36=  0.1216, #>=peak/2=7
   [pm1] argmax_ch=16 (displ -2), peak=  0.6631, 2nd_ch=17 (displ -1), 2nd_val=  0.6514, ratio2/1=  0.9824, mean36=  0.1258, #>=peak/2=6
   [probe] argmax_ch=18 (displ +0), peak=  0.2518, 2nd_ch=17 (displ -1), 2nd_val=  0.2504, ratio2/1=  0.9948, mean36=  0.0592, #>=peak/2=6
   per-trial std (any window)  :   not stored in JSON
   time course (ON/ISI window) :   not stored in JSON (probe summary uses readout [9,11])
   FULL 36-ch mean_probe (re-centered, ch18 = probe true_ch) :
     0.0094  0.0191  0.0182  0.0215  0.0202  0.0157  0.0176  0.0152  0.0129  0.0159  0.0127  0.0216
     0.0476  0.0879  0.1469  0.2025  0.2462  0.2504  0.2518  0.1838  0.1208  0.0748  0.0319  0.0278
     0.0205  0.0240  0.0303  0.0253  0.0214  0.0283  0.0258  0.0277  0.0184  0.0165  0.0124  0.0095

================================================================================
PATHWAY: v2_confidence_dissection (Tests 1, 2, 3)
================================================================================
checkpoint: results/simple_dual/emergent_seed42/checkpoint.pt
NOTE: This script stores ONLY summary stats (peak_at_true, total, dec_acc).
NOTE: NO 36-ch tuning curve stored per bucket. NO time-course. NO per-trial std.
NOTE: Test 2 = quartile-binned HMM exp vs unexp. Test 3 = pi-matched HMM pairs.

--- TEST 1: pi_pred_eff distribution per group (no L2/3 vectors) ---
   hmm_expected              n= 8001  pi mean=  0.3603  median=  0.2144  std=  0.4568  p10=  0.0876  p25=  0.1292  p75=  0.3631  p90=  0.7562
   hmm_unexpected            n=10178  pi mean=  0.4550  median=  0.3735  std=  0.3507  p10=  0.1242  p25=  0.1979  p75=  0.6116  p90=  0.8768
   march_expected            n=12424  pi mean=  0.3496  median=  0.2503  std=  0.2647  p10=  0.0936  p25=  0.1560  p75=  0.4821  p90=  0.7542
   march_unexpected          n=12424  pi mean=  0.3496  median=  0.2503  std=  0.2647  p10=  0.0936  p25=  0.1560  p75=  0.4821  p90=  0.7542
   ks_hmm_exp_vs_unexp: D=0.3000, p=0.00e+00
   ks_hmm_exp_vs_march: D=0.1267, p=1.63e-68
   note: Clean march Expected and Unexpected have identical pi_pred because they share the same pre-probe network state in the 3-pass design (stim diverges only at probe ON window).

--- TEST 2: quartile-binned HMM exp vs unexp ---
   Q1  pi_range=[0.06272254884243011, 0.16919273138046265]
     EXPECTED   n= 2526  peak_at_true=  0.3338  total=  2.2463  dec_acc=  0.5297  mean_pi=  0.1047  pred_err=  5.7482  run_len=  4.3579
     UNEXPECTED n= 2019  peak_at_true=  0.3847  total=  2.8908  dec_acc=  0.7558  mean_pi=  0.1232  pred_err= 46.9985  run_len=  2.8063
     Δpeak=-0.0509  Δdec=-0.2261
   Q2  pi_range=[0.16919273138046265, 0.274292528629303]
     EXPECTED   n= 2777  peak_at_true=  0.4453  total=  3.0760  dec_acc=  0.6230  mean_pi=  0.2146  pred_err=  5.2827  run_len=  4.6896
     UNEXPECTED n= 1767  peak_at_true=  0.4288  total=  3.4225  dec_acc=  0.7900  mean_pi=  0.2184  pred_err= 52.9570  run_len=  2.3701
     Δpeak=+0.0165  Δdec=-0.1671
   Q3  pi_range=[0.274292528629303, 0.5488712787628174]
     EXPECTED   n= 1224  peak_at_true=  0.4678  total=  3.3875  dec_acc=  0.6879  mean_pi=  0.3747  pred_err=  6.5319  run_len=  3.3791
     UNEXPECTED n= 3321  peak_at_true=  0.5642  total=  4.0473  dec_acc=  0.7709  mean_pi=  0.4032  pred_err= 50.5345  run_len=  3.4983
     Δpeak=-0.0965  Δdec=-0.0829
   Q4  pi_range=[0.5488712787628174, 3.723167657852173]
     EXPECTED   n= 1474  peak_at_true=  0.5653  total=  3.8467  dec_acc=  0.6296  mean_pi=  1.0607  pred_err=  5.2815  run_len=  2.8535
     UNEXPECTED n= 3071  peak_at_true=  0.5973  total=  4.2920  dec_acc=  0.7447  mean_pi=  0.8652  pred_err= 65.3338  run_len=  3.4513
     Δpeak=-0.0320  Δdec=-0.1151

--- TEST 3: pi-matched-pair HMM (driver=expected) ---
   n_pairs=8001  matching: mean|Δpi|=0.0807  max|Δpi|=2.5535
   mean pi exp=0.3603  mean pi unexp=0.3826
   EXPECTED   peak=0.4356  total=3.0037  dec=0.6047  run_len=4.046
   UNEXPECTED peak=0.4930  total=3.6505  dec=0.7675  run_len=3.007
   Δpeak=-0.0574  Δtotal=-0.6469  Δdec=-0.1629

--- BONUS: run-length stats (per-trial spread proxy) ---
   expected_overall:  mean=4.046  median=3.0  std=3.789
   unexpected_overall: mean=3.151  median=2.0  std=3.785
