
========================================================================
=== Probe C: weight-decay only (hebb=0) × 1000 steps ===
========================================================================
Isolate the `-wd*raw` term by applying it to the actual network raw
weights (no forward pass; no hebb). Track softplus(raw).norm() over time.

--- wd = 0e+00 ---
  raw.mean init = -5.8497e+00
  softplus(raw).mean init = 2.8910e-03
      t      raw.mean       raw.max       sp.mean        sp.max       sp.norm
      0   -5.8497e+00   -5.4365e+00    2.8910e-03    4.3453e-03    5.2594e-01
     10   -5.8497e+00   -5.4365e+00    2.8910e-03    4.3453e-03    5.2594e-01
    100   -5.8497e+00   -5.4365e+00    2.8910e-03    4.3453e-03    5.2594e-01
    500   -5.8497e+00   -5.4365e+00    2.8910e-03    4.3453e-03    5.2594e-01
   1000   -5.8497e+00   -5.4365e+00    2.8910e-03    4.3453e-03    5.2594e-01

--- wd = 1e-05 ---
  raw.mean init = -5.8497e+00
  softplus(raw).mean init = 2.8910e-03
      t      raw.mean       raw.max       sp.mean        sp.max       sp.norm
      0   -5.8497e+00   -5.4365e+00    2.8910e-03    4.3453e-03    5.2594e-01
     10   -5.8491e+00   -5.4360e+00    2.8927e-03    4.3476e-03    5.2624e-01
    100   -5.8439e+00   -5.4311e+00    2.9079e-03    4.3689e-03    5.2900e-01
    500   -5.8205e+00   -5.4093e+00    2.9763e-03    4.4646e-03    5.4143e-01
   1000   -5.7915e+00   -5.3824e+00    3.0637e-03    4.5863e-03    5.5730e-01

--- wd = 1e-04 ---
  raw.mean init = -5.8497e+00
  softplus(raw).mean init = 2.8910e-03
      t      raw.mean       raw.max       sp.mean        sp.max       sp.norm
      0   -5.8497e+00   -5.4365e+00    2.8910e-03    4.3453e-03    5.2594e-01
     10   -5.8439e+00   -5.4311e+00    2.9079e-03    4.3689e-03    5.2901e-01
    100   -5.7915e+00   -5.3824e+00    3.0637e-03    4.5863e-03    5.5730e-01
    500   -5.5644e+00   -5.1713e+00    3.8418e-03    5.6609e-03    6.9858e-01
   1000   -5.2930e+00   -4.9191e+00    5.0345e-03    7.2790e-03    9.1505e-01

