Clean-march variant (i)  is_clean_march only           : n=774  (validator-compatible, brief asks for 774)
Clean-march variant (ii) is_clean_march & ~is_amb      : n=535  (downstream-pipeline filter)

--- Clean-march variant: (ii) is_clean_march & ~is_amb  (n=535) ---
  Pass A: r=(535, 36), label classes (target_true_ch) = 36
  Pass B: r=(535, 36), label classes (unexp_ch)       = 36

--- Clean-march variant: (i) is_clean_march only [validator-compatible]  (n=774) ---
  Pass A: r=(774, 36), label classes (target_true_ch) = 36
  Pass B: r=(774, 36), label classes (unexp_ch)       = 36

HMM march_jump (is_march_jump & ~is_amb_probe): n=484
  HMM march_jump: r shape=(484, 36), label classes (probe_true_ch) = 12

======================================================================================
VARIANT: (ii) is_clean_march & ~is_amb  [n=535, downstream pipeline]
======================================================================================
condition                 decoder        n        ±0        ±1        ±2
--------------------------------------------------------------------------------------
Clean-march Pass A        B (CV)       535    0.5103    0.9439    0.9907
Clean-march Pass A        A (lin)      535    0.6804    0.9925    1.0000
Clean-march Pass B        B (CV)       535    0.4748    0.8991    0.9383
Clean-march Pass B        A (lin)      535    0.3551    0.8729    0.9439
HMM march_jump            B (CV)       484    0.9229    0.9229    0.9229
HMM march_jump            A (lin)      484    0.9628    0.9628    0.9628
--------------------------------------------------------------------------------------
Δ(Pass A − Pass B)        B (CV)         -   +0.0355   +0.0449   +0.0523
Δ(Pass A − Pass B)        A (lin)        -   +0.3252   +0.1196   +0.0561
======================================================================================

======================================================================================
VARIANT: (i)  is_clean_march only       [n=774, validator-compatible]
======================================================================================
condition                 decoder        n        ±0        ±1        ±2
--------------------------------------------------------------------------------------
Clean-march Pass A        B (CV)       774    0.4208    0.8935    0.9675
Clean-march Pass A        A (lin)      774    0.5439    0.9251    0.9935
Clean-march Pass B        B (CV)       774    0.5091    0.8610    0.9078
Clean-march Pass B        A (lin)      774    0.3178    0.8049    0.8953
--------------------------------------------------------------------------------------
Δ(Pass A − Pass B)        B (CV)         -   -0.0883   +0.0325   +0.0597
Δ(Pass A − Pass B)        A (lin)        -   +0.2261   +0.1202   +0.0982
======================================================================================

DECODER B per-fold breakdown — (ii) n=535:

  Clean-march Pass A  (n=535, n/fold=107, classes_in_sample=36)
    ±0 tol  per-fold: ['0.5701', '0.4860', '0.4486', '0.4860', '0.5607']  mean=0.5103  std=0.0527
    ±1 tol  per-fold: ['0.9626', '0.9439', '0.9533', '0.9252', '0.9346']  mean=0.9439  std=0.0148
    ±2 tol  per-fold: ['1.0000', '0.9813', '1.0000', '0.9813', '0.9907']  mean=0.9907  std=0.0093

  Clean-march Pass B  (n=535, n/fold=107, classes_in_sample=36)
    ±0 tol  per-fold: ['0.4673', '0.5047', '0.4766', '0.4393', '0.4860']  mean=0.4748  std=0.0242
    ±1 tol  per-fold: ['0.8785', '0.8785', '0.9252', '0.9065', '0.9065']  mean=0.8991  std=0.0203
    ±2 tol  per-fold: ['0.9346', '0.9065', '0.9813', '0.9346', '0.9346']  mean=0.9383  std=0.0269

DECODER B per-fold breakdown — (i) n=774:

  Clean-march Pass A  (n=774, n/fold=154, classes_in_sample=36)
    ±0 tol  per-fold: ['0.4026', '0.3896', '0.4935', '0.4416', '0.3766']  mean=0.4208  std=0.0474
    ±1 tol  per-fold: ['0.9091', '0.9156', '0.8766', '0.8896', '0.8766']  mean=0.8935  std=0.0181
    ±2 tol  per-fold: ['0.9805', '0.9740', '0.9545', '0.9545', '0.9740']  mean=0.9675  std=0.0121

  Clean-march Pass B  (n=774, n/fold=154, classes_in_sample=36)
    ±0 tol  per-fold: ['0.5455', '0.4545', '0.5974', '0.4870', '0.4610']  mean=0.5091  std=0.0610
    ±1 tol  per-fold: ['0.8182', '0.8831', '0.8831', '0.8377', '0.8831']  mean=0.8610  std=0.0310
    ±2 tol  per-fold: ['0.8571', '0.9286', '0.9026', '0.8961', '0.9545']  mean=0.9078  std=0.0366

DECODER B per-fold breakdown — HMM march_jump (filter held constant):

  HMM march_jump  (n=484, n/fold=96, classes_in_sample=12)
    ±0 tol  per-fold: ['0.8958', '0.8750', '0.9583', '0.9271', '0.9583']  mean=0.9229  std=0.0373
    ±1 tol  per-fold: ['0.8958', '0.8750', '0.9583', '0.9271', '0.9583']  mean=0.9229  std=0.0373
    ±2 tol  per-fold: ['0.8958', '0.8750', '0.9583', '0.9271', '0.9583']  mean=0.9229  std=0.0373

Saved: /mnt/c/Users/User/codingproj/freshstart/results/task9_decoder_b_sweep_r1_2.json
