

############################################################################
# Config: no_reset   params={'segment_length': 50, 'soft_reset_scale': 1.0}
############################################################################
[step 289] state has NaN — halting

============================================================================
=== no_reset   (steps run: 290) ===
============================================================================

 step   |r_l23|max     |r_h|max       m_norm        θ_l23          θ_h         maxδ   nan
    0    1.577e+00    2.766e-01    3.422e-01   +5.100e-07   +1.100e-07    1.277e+01  False
    1    8.871e-01    2.240e-01    3.484e-01   +7.191e-07   +2.200e-07    8.241e+00  False
    2    4.990e-01    1.815e-01    3.518e-01   +2.112e-07   +3.254e-07    8.966e-01  False
   20    3.545e-02    5.070e-02    2.999e-01   -4.756e-06   -1.218e-06    8.801e-03  False
   40    1.163e+00    1.719e-01    2.494e-01   -7.542e-06   -3.078e-06    8.526e-02  False
   60    5.910e-02    6.455e-02    2.234e-01   -1.304e-05   -4.947e-06    8.331e-03  False
   80    1.369e+00    9.300e-02    1.855e-01   -1.455e-05   -6.987e-06    2.466e-02  False
  100    1.833e-02    1.538e-02    1.518e-01   -2.016e-05   -9.187e-06    5.354e-04  False
  120    6.457e-01    9.939e-02    1.524e-01   -2.215e-05   -1.105e-05    5.237e-02  False
  140    1.853e-02    4.628e-02    1.448e-01   -2.878e-05   -1.283e-05    1.947e-03  False
  160    2.874e+00    2.433e-01    1.421e-01   -3.082e-05   -1.459e-05    1.672e-01  False
  180    1.281e-01    5.375e-02    1.456e-01   -3.501e-05   -1.657e-05    7.518e-02  False
  200    1.141e+00    1.237e-01    1.314e-01   -4.113e-05   -1.877e-05    1.174e+00  False
  220    4.622e-01    9.552e-02    1.283e-01   -4.258e-05   -2.096e-05    2.829e+03  False
  240    1.896e-02    3.437e-02    1.305e-01   -4.819e-05   -2.305e-05    3.138e+03  False
  260    2.983e-02    1.625e-01    2.996e-01   -5.176e-05   -2.305e-05    9.912e+16  False
  280    1.497e+00    2.402e-03    2.213e-01   -6.196e-05   -2.525e-05    1.977e+13  False
  289          nan          nan    4.508e-01         +nan         +nan          nan  True

  bookkeeping:
    pre_traces keys:   t=0 → 0, t=289 → 0
    post_traces keys:  t=0 → 0, t=289 → 0
    regime_post.norm:  t=0 → 1.0000, t=289 → 1.0000

  per-rule δ trajectory (max over all weights per rule type):
   step        l23_e.W_l4_l23_raw           l23_e.W_rec_raw     l23_e.W_fb_apical_raw        l23_e.W_pv_l23_raw       l23_e.W_som_l23_raw          l23_pv.W_pre_raw
      0                 9.876e-05                 2.561e-04                 4.676e-04                 1.277e+01                 8.403e+00                 1.894e-02
      1                 9.708e-05                 1.728e-04                 3.797e-04                 8.241e+00                 4.538e+00                 6.371e-03
      2                 9.976e-05                 1.091e-04                 3.155e-04                 1.623e-01                 8.966e-01                 2.008e-03
     40                 9.019e-05                 1.732e-04                 1.747e-04                 1.607e-02                 1.249e-03                 1.053e-02
     80                 9.685e-05                 5.749e-05                 1.249e-04                 1.889e-03                 2.057e-03                 6.925e-04
    120                 1.016e-04                 1.549e-04                 7.180e-05                 5.237e-02                 3.094e-04                 7.010e-03
    160                 1.062e-04                 2.472e-04                 1.638e-04                 1.672e-01                 9.877e-03                 2.558e-02
    200                 1.034e-04                 7.159e-05                 1.018e-04                 1.174e+00                 2.097e-03                 1.061e-02
    240                 1.068e-04                 3.388e-06                 3.493e-05                 3.138e+03                 8.335e-04                 1.262e-05
    280                 1.045e-04                 6.875e-07                 2.613e-06                 1.977e+13                 1.145e-01                 3.208e-05
    289                       nan                       nan                       nan                       nan                       nan                       nan

  FIRST EXPLOSIVE RULE ANALYSIS (threshold = |δ| > 1e3):
                     l23_e.W_pv_l23_raw first > 1e3 at step 219
                    l23_e.W_som_l23_raw first > 1e3 at step 254
                       l23_pv.W_pre_raw first > 1e3 at step 288

  weight (softplus mean) evolution [no_reset]:
   step       h_e.W_l23_h_raw        h_e.W_pv_h_raw         h_e.W_rec_raw  23_e.W_fb_apical_raw    l23_e.W_l4_l23_raw    l23_e.W_pv_l23_raw       l23_e.W_rec_raw   l23_e.W_som_l23_raw
      0             3.364e-03             1.290e-02             6.760e-03             6.749e-03             4.018e+00             7.773e+00             6.750e-03             3.433e+00
      1             3.365e-03             2.423e-02             6.760e-03             6.746e-03             4.018e+00             4.875e-01             6.748e-03             2.787e-01
      2             3.366e-03             3.528e-02             6.760e-03             6.744e-03             4.018e+00             5.524e-01             6.748e-03             5.799e-01
     40             3.405e-03             1.365e-01             6.760e-03             6.714e-03             4.014e+00             6.891e-01             6.729e-03             6.919e-01
     80             3.444e-03             2.602e-01             6.760e-03             6.690e-03             4.010e+00             6.896e-01             6.712e-03             6.893e-01
    120             3.497e-03             3.481e-01             6.760e-03             6.669e-03             4.006e+00             7.032e-01             6.693e-03             6.910e-01
    160             3.541e-03             4.646e-01             6.760e-03             6.647e-03             4.002e+00             6.292e-01             6.677e-03             6.941e-01
    200             3.579e-03             5.415e-01             6.760e-03             6.624e-03             3.998e+00             1.001e+00             6.661e-03             6.864e-01
    240             3.620e-03             5.904e-01             6.760e-03             6.602e-03             3.994e+00             1.019e+06             6.645e-03             6.836e-01
    280             3.721e-03             6.841e-01             6.761e-03             6.558e-03             3.990e+00             0.000e+00             6.642e-03             1.144e+04
    289                   nan                   nan                   nan                   nan                   nan                   nan                   nan                   nan
