

############################################################################
# CAUSAL-ISOLATION: beta_syn=0.0 (shrinkage disabled)
############################################################################

============================================================================
=== beta_syn=0   (steps run: 300) ===
============================================================================

 step   |r_l23|max     |r_h|max       m_norm        θ_l23          θ_h         maxδ   nan
    0    1.577e+00    2.766e-01    3.422e-01   +5.100e-07   +1.100e-07    1.873e-02  False
    1    8.871e-01    2.240e-01    3.484e-01   +7.191e-07   +2.200e-07    8.197e-03  False
    2    6.085e-01    1.815e-01    3.518e-01   +4.341e-07   +3.254e-07    5.310e-03  False
   20    2.291e+00    2.479e-01    3.946e-01   +6.218e-06   +1.696e-06    3.842e-02  False
   40    1.922e+00    2.144e-01    4.032e-01   +1.295e-05   +2.852e-06    6.394e-03  False
   60    9.376e-01    1.445e-01    2.330e-01   +1.920e-05   +4.533e-06    2.500e-02  False
   80    7.062e-01    1.565e-01    3.036e-01   +2.066e-05   +5.414e-06    1.986e-02  False
  100    1.737e+00    1.887e-02    3.326e-02   +2.168e-05   +5.803e-06    3.478e-04  False
  120    3.016e-01    1.364e-01    2.097e-01   +2.270e-05   +7.003e-06    2.590e-02  False
  140    1.701e+00    3.133e-01    2.717e-01   +2.473e-05   +7.724e-06    2.163e-01  False
  160    1.908e+00    1.748e-01    1.950e-01   +2.575e-05   +9.245e-06    2.436e-01  False
  180    6.677e-01    2.233e-01    2.546e-01   +2.523e-05   +9.630e-06    1.241e-01  False
  200    2.388e+00    1.473e-02    3.175e-02   +2.674e-05   +1.077e-05    1.070e-02  False
  220    1.933e+00    1.850e-01    2.289e-01   +2.518e-05   +1.178e-05    5.514e-01  False
  240    7.604e-01    2.144e-01    3.003e-01   +2.768e-05   +1.301e-05    7.251e-01  False
  260    2.715e-02    1.237e-01    2.469e-01   +2.822e-05   +1.434e-05    1.738e-01  False
  280    2.935e-01    1.865e-02    1.948e-01   +1.867e-05   +1.226e-05    1.878e-01  False
  299    4.473e+00    2.012e-01    1.734e-01   +1.303e-05   +1.054e-05    3.848e+00  False

  bookkeeping:
    pre_traces keys:   t=0 → 0, t=299 → 0
    post_traces keys:  t=0 → 0, t=299 → 0
    regime_post.norm:  t=0 → 1.0000, t=299 → 1.0000

  per-rule δ trajectory (max over all weights per rule type):
   step        l23_e.W_l4_l23_raw           l23_e.W_rec_raw     l23_e.W_fb_apical_raw        l23_e.W_pv_l23_raw       l23_e.W_som_l23_raw          l23_pv.W_pre_raw
      0                 9.748e-05                 3.826e-04                 4.925e-04                 1.541e-03                 9.247e-04                 1.873e-02
      1                 9.576e-05                 2.128e-04                 3.963e-04                 3.786e-03                 4.496e-03                 6.305e-03
      2                 9.843e-05                 1.217e-04                 3.264e-04                 3.484e-03                 5.310e-03                 1.987e-03
     40                 8.850e-05                 1.437e-04                 2.571e-04                 1.868e-03                 2.252e-03                 6.327e-03
     80                 9.575e-05                 1.945e-04                 3.156e-04                 1.458e-02                 8.907e-03                 1.986e-02
    120                 9.976e-05                 7.288e-05                 2.805e-04                 2.590e-02                 1.769e-02                 7.275e-03
    160                 1.043e-04                 2.056e-04                 2.293e-04                 1.714e-02                 2.204e-04                 2.436e-01
    200                 3.164e-05                 1.011e-05                 9.900e-06                 1.070e-02                 3.053e-03                 3.537e-03
    240                 1.055e-04                 1.595e-04                 4.044e-04                 7.251e-01                 1.334e-01                 5.873e-01
    280                 1.033e-04                 9.764e-06                 3.951e-05                 1.878e-01                 3.416e-02                 5.973e-03
    299                 9.428e-05                 2.575e-04                 2.404e-04                 2.112e+00                 1.988e-01                 3.848e+00

  FIRST EXPLOSIVE RULE ANALYSIS (threshold = |δ| > 1e3):

  weight (softplus mean) evolution [beta_syn=0]:
   step       h_e.W_l23_h_raw        h_e.W_pv_h_raw         h_e.W_rec_raw  23_e.W_fb_apical_raw    l23_e.W_l4_l23_raw    l23_e.W_pv_l23_raw       l23_e.W_rec_raw   l23_e.W_som_l23_raw
      0             3.360e-03             6.766e-03             6.760e-03             6.748e-03             4.018e+00             6.754e-03             6.749e-03             6.737e-03
      1             3.360e-03             6.745e-03             6.760e-03             6.746e-03             4.018e+00             6.729e-03             6.747e-03             6.707e-03
      2             3.360e-03             6.726e-03             6.760e-03             6.744e-03             4.018e+00             6.705e-03             6.746e-03             6.672e-03
     40             3.362e-03             6.199e-03             6.760e-03             6.664e-03             4.014e+00             6.784e-03             6.677e-03             6.593e-03
     80             3.365e-03             5.622e-03             6.760e-03             6.560e-03             4.011e+00             7.106e-03             6.613e-03             6.192e-03
    120             3.368e-03             5.170e-03             6.760e-03             6.480e-03             4.007e+00             5.844e-03             6.568e-03             4.938e-03
    160             3.370e-03             4.725e-03             6.760e-03             6.392e-03             4.003e+00             6.276e-03             6.529e-03             3.620e-03
    200             3.371e-03             4.374e-03             6.760e-03             6.323e-03             3.999e+00             9.458e-04             6.498e-03             1.634e-03
    240             3.374e-03             3.988e-03             6.760e-03             6.235e-03             3.995e+00             6.663e-05             6.461e-03             4.666e-04
    280             3.376e-03             3.720e-03             6.760e-03             6.167e-03             3.991e+00             1.100e+00             6.438e-03             2.656e-04
    299             3.376e-03             3.684e-03             6.760e-03             6.157e-03             3.989e+00             2.878e-03             6.432e-03             1.071e-04
