
========================================================================
=== C4 extended: W_qm_task differentiation across cue_ids ===
========================================================================
Running 10 trials × 2 cues with lr=1e-5, wd=1e-5...

  trial  cue   m_pre.n     m_end.n   mem_err.n        dw.n    W[:,0].n    W[:,1].n
      0    0  0.00e+00    1.72e+01    1.72e+01    8.30e-04    8.30e-04    0.00e+00
      0    1  0.00e+00    1.72e+01    1.72e+01    8.30e-04    8.30e-04    8.30e-04
      1    0  0.00e+00    1.55e+01    1.55e+01    6.63e-04    1.48e-03    8.30e-04
      1    1  0.00e+00    1.55e+01    1.55e+01    6.63e-04    1.48e-03    1.48e-03
      2    0  0.00e+00    1.80e+01    1.80e+01    8.72e-04    2.28e-03    1.48e-03
      2    1  0.00e+00    1.80e+01    1.80e+01    8.72e-04    2.28e-03    2.28e-03
      3    0  0.00e+00    4.80e+01    4.80e+01    6.09e-03    8.01e-03    2.28e-03
      3    1  0.00e+00    4.80e+01    4.80e+01    6.09e-03    8.01e-03    8.01e-03
      4    0  0.00e+00    9.33e+02    9.33e+02    2.29e+00    2.29e+00    8.01e-03
      4    1  0.00e+00    9.33e+02    9.33e+02    2.29e+00    2.29e+00    2.29e+00
      5    0  0.00e+00    2.31e+07    2.31e+07    1.37e+09    1.37e+09    2.29e+00
      5    1  0.00e+00    2.31e+07    2.31e+07    1.37e+09    1.37e+09    1.37e+09
      6    0  0.00e+00    6.56e+16    6.56e+16         inf         inf    1.37e+09
      6    1  0.00e+00    6.56e+16    6.56e+16         inf         inf         inf
      7    0  0.00e+00         inf         inf         nan         inf         nan
      7    1  0.00e+00         nan         nan         nan         nan         nan
      8    0  0.00e+00         nan         nan         nan         nan         nan
      8    1  0.00e+00         nan         nan         nan         nan         nan
      9    0  0.00e+00         nan         nan         nan         nan         nan
      9    1  0.00e+00         nan         nan         nan         nan         nan

W_qm_task shape: (48, 48)
  column 0 (cue=0): norm=nan, max|.|=nan
  column 1 (cue=1): norm=nan, max|.|=nan
  column 2..n (unused): norm=nan

||col0 - col1|| = nan
||col0 + col1|| = nan
cos(col0, col1) = nan
  => partial differentiation
