
========================================================================
=== Probe A: NO plasticity + NO homeo × 3 stim × 1000 steps ===
========================================================================

--- Probe A × blank ---
     t        r_l4       r_l23   r_l23_max        r_pv         r_h     r_h_max  nan
     0   1.706e-02   0.000e+00   0.000e+00   0.000e+00   0.000e+00   0.000e+00  False
    10   3.411e-02   1.646e-03   1.748e-03   6.804e-03   2.993e-03   3.406e-03  False
   100   3.412e-02   5.561e+08   1.096e+10   2.554e+11   1.310e+06   1.355e+06  False
   500   3.412e-02         nan         nan         nan         nan         nan  True
   999   3.412e-02         nan         nan         nan         nan         nan  True

--- Probe A × grating ---
     t        r_l4       r_l23   r_l23_max        r_pv         r_h     r_h_max  nan
     0   2.841e-02   0.000e+00   0.000e+00   0.000e+00   0.000e+00   0.000e+00  False
    10   5.679e-02   2.747e-03   2.940e-03   5.225e-02   4.996e-03   5.684e-03  False
   100   5.682e-02   3.425e+09   5.574e+11   1.261e+11   1.788e+06   1.852e+06  False
   500   5.682e-02         nan         nan         nan         nan         nan  True
   999   5.682e-02         nan         nan         nan         nan         nan  True

--- Probe A × procedural ---
     t        r_l4       r_l23   r_l23_max        r_pv         r_h     r_h_max  nan
     0   2.998e-02   0.000e+00   0.000e+00   0.000e+00   0.000e+00   0.000e+00  False
    10   5.992e-02   2.898e-03   3.102e-03   6.270e-02   5.272e-03   5.999e-03  False
   100   5.995e-02   1.023e+11   2.457e+12   1.405e+12   7.580e+08   8.784e+08  False
   500   5.995e-02         nan         nan         nan         nan         nan  True
   999   5.995e-02         nan         nan         nan         nan         nan  True
