

############################################################################
# Config: hard_reset   params={'segment_length': 50, 'soft_reset_scale': 0.0}
############################################################################
[step 113] state has NaN — halting

============================================================================
=== hard_reset   (steps run: 114) ===
============================================================================

 step   |r_l23|max     |r_h|max       m_norm        θ_l23          θ_h         maxδ   nan
    0    1.577e+00    2.766e-01    3.422e-01   +5.100e-07   +1.100e-07    1.277e+01  False
    1    8.871e-01    2.240e-01    3.484e-01   +7.191e-07   +2.200e-07    8.241e+00  False
    2    4.990e-01    1.815e-01    3.518e-01   +2.112e-07   +3.254e-07    8.966e-01  False
   20    3.545e-02    5.070e-02    2.999e-01   -4.756e-06   -1.218e-06    8.801e-03  False
   40    1.163e+00    1.719e-01    2.494e-01   -7.542e-06   -3.078e-06    8.526e-02  False
   60    2.998e-02    1.102e-01    1.912e-01   -1.212e-05   -3.260e-06    1.879e-01  False
   80    3.227e+00    6.678e-02    1.492e-01   -1.773e-05   -5.455e-06    3.683e-03  False
  100    2.929e+00    7.367e-07    1.094e-08   -2.079e-05   -6.341e-06    2.816e-01  False
  113          nan          nan    1.915e-01         +nan         +nan          nan  True

  bookkeeping:
    pre_traces keys:   t=0 → 0, t=113 → 0
    post_traces keys:  t=0 → 0, t=113 → 0
    regime_post.norm:  t=0 → 1.0000, t=113 → 1.0000

  per-rule δ trajectory (max over all weights per rule type):
   step        l23_e.W_l4_l23_raw           l23_e.W_rec_raw     l23_e.W_fb_apical_raw        l23_e.W_pv_l23_raw       l23_e.W_som_l23_raw          l23_pv.W_pre_raw
      0                 9.876e-05                 2.561e-04                 4.676e-04                 1.277e+01                 8.403e+00                 1.894e-02
      1                 9.708e-05                 1.728e-04                 3.797e-04                 8.241e+00                 4.538e+00                 6.371e-03
      2                 9.976e-05                 1.091e-04                 3.155e-04                 1.623e-01                 8.966e-01                 2.008e-03
     40                 9.019e-05                 1.732e-04                 1.747e-04                 1.607e-02                 1.249e-03                 1.053e-02
     80                 9.710e-05                 8.081e-05                 4.923e-06                 2.945e-03                 6.720e-05                 3.683e-03
    113                       nan                       nan                       nan                       nan                       nan                       nan

  FIRST EXPLOSIVE RULE ANALYSIS (threshold = |δ| > 1e3):
                     l23_e.W_pv_l23_raw first > 1e3 at step 68
                    l23_e.W_som_l23_raw first > 1e3 at step 106
                       l23_pv.W_pre_raw first > 1e3 at step 111

  weight (softplus mean) evolution [hard_reset]:
   step       h_e.W_l23_h_raw        h_e.W_pv_h_raw         h_e.W_rec_raw  23_e.W_fb_apical_raw    l23_e.W_l4_l23_raw    l23_e.W_pv_l23_raw       l23_e.W_rec_raw   l23_e.W_som_l23_raw
      0             3.364e-03             1.290e-02             6.760e-03             6.749e-03             4.018e+00             7.773e+00             6.750e-03             3.433e+00
      1             3.365e-03             2.423e-02             6.760e-03             6.746e-03             4.018e+00             4.875e-01             6.748e-03             2.787e-01
      2             3.366e-03             3.528e-02             6.760e-03             6.744e-03             4.018e+00             5.524e-01             6.748e-03             5.799e-01
     40             3.405e-03             1.365e-01             6.760e-03             6.714e-03             4.014e+00             6.891e-01             6.729e-03             6.919e-01
     80             3.543e-03             6.819e-01             6.760e-03             6.664e-03             4.010e+00             2.894e+02             6.718e-03             6.889e-01
    113                   nan                   nan                   nan                   nan                   nan                   nan                   nan                   nan
