

[Baseline: default Task #56 config — lr=1e-4, wd=1e-5, beta=1e-4]
[step 249] NaN detected — halting

==============================================================================
=== baseline  (steps=250) ===
==============================================================================
 step    raw_max   raw_mean      softp        hebb       decay      shrink       total     r_pv r_l23_mx  nan
    0  5.312e+00 -5.001e+00  6.744e-03   1.541e-03   8.037e-07   1.277e+01   1.277e+01 1.57e+02 1.58e+00 False
    1  8.474e+00 +7.773e+00  7.773e+00   3.787e-03   1.277e-04   8.237e+00   8.241e+00 1.00e+02 8.87e-01 False
    2  7.343e-01 -4.682e-01  4.875e-01   3.756e-03   4.532e-05   1.661e-01   1.623e-01 5.79e+01 4.99e-01 False
   10  4.055e-01 -2.662e-01  5.693e-01   1.641e-06   4.734e-05   1.123e-08   4.897e-05 1.65e-02 5.00e-03 False
   20  4.193e-02 -2.978e-02  6.784e-01   2.777e-04   4.970e-05   3.427e-05   2.931e-04 2.86e+00 3.54e-02 False
   30  7.790e-03 -7.518e-03  6.894e-01   1.688e-03   4.992e-05   3.318e-04   1.406e-03 1.93e+01 1.69e-01 False
   40  8.330e-03 +8.053e-03  6.972e-01   2.141e-03   5.008e-05   1.388e-02   1.607e-02 1.19e+02 1.16e+00 False
   50  1.221e-02 -1.197e-02  6.872e-01   4.206e-06   4.988e-05   3.479e-08   4.564e-05 8.62e-02 2.57e+00 False
   60  4.066e-01 -3.815e-01  5.205e-01   2.967e-04   4.618e-05   4.674e-04   1.245e-04 3.03e+00 2.44e-02 False
   70  5.702e-03 -1.106e-03  6.926e-01   3.650e-03   4.999e-05   4.979e-04   3.341e-03 4.83e+01 3.33e-01 False
   80  9.585e-03 -7.851e-03  6.892e-01   1.612e-03   4.992e-05   5.224e-03   3.562e-03 5.77e+01 1.46e+00 False
   90  8.407e-03 -8.235e-03  6.890e-01   1.189e-02   4.992e-05   3.032e-02   4.216e-02 9.66e+01 2.30e+00 False
  100  2.385e-02 -1.642e-02  6.850e-01   1.042e-04   4.984e-05   3.574e-06   1.505e-04 1.05e+00 1.18e-02 False
  110  2.937e-01 +1.809e-01  7.879e-01   1.102e-03   5.181e-05   3.677e-03   4.831e-03 1.16e+01 7.66e-02 False
  120  1.558e+01 -8.304e+00  1.212e-03   6.925e-03   3.304e-05   1.939e+01   1.938e+01 1.36e+02 7.67e-01 False
  130  1.812e+00 +1.150e+00  1.431e+00   2.312e-03   6.150e-05   1.939e-01   1.916e-01 2.05e+01 2.19e+00 False
  140  1.762e+01 +9.108e+00  9.108e+00   2.471e-04   1.411e-04   6.401e-03   6.789e-03 2.50e+00 1.25e-02 False
  150  3.092e+02 +1.290e+02  1.290e+02   2.861e-04   1.340e-03   1.290e-01   1.306e-01 2.89e+00 1.35e-02 False
  160  6.180e+05 -1.922e+05  0.000e+00   5.629e-03   1.922e+00   8.866e+04   8.866e+04 6.52e+01 1.63e-01 False
  170  1.348e+05 -4.526e+04  0.000e+00   5.324e-03   4.525e-01   3.072e+05   3.072e+05 1.68e+02 1.85e+00 False
  180  1.301e+07 -3.845e+06  0.000e+00   1.066e-04   3.845e+01   5.491e+02   5.876e+02 1.07e+00 5.86e-03 False
  190  4.109e+09 +8.638e+08  8.638e+08   3.050e-03   8.638e+03   9.972e+07   9.972e+07 3.23e+01 7.33e-02 False
  200  3.447e+09 +7.293e+08  7.293e+08   4.271e-10   7.293e+03   2.318e-06   7.293e+03 4.27e-06 2.32e-05 False
  210  1.119e+19 -1.989e+18  0.000e+00   2.190e-02   1.989e+13   2.114e+19   2.114e+19 3.01e+02 3.36e-01 False
  220  1.843e+19 +2.072e+18  2.081e+18   1.038e-05   2.089e+13   4.236e+12   2.513e+13 1.04e-01 1.06e-03 False
  230  1.843e+19 +2.071e+18  2.080e+18   2.141e-14   2.089e+13   1.799e-05   2.089e+13 2.14e-10 3.37e-06 False
  240  1.843e+19 +2.071e+18  2.080e+18   2.194e-01   2.089e+13   5.062e+20   5.062e+20 7.56e+02 3.95e+00 False
  249        inf       -inf  7.307e+34   1.174e-02         inf         inf         inf 1.23e+02 6.20e-02 True

  raw_max first crosses 5.0 at step: 0
  total |Δw|>1e3 first at step: 156


[Init-mean shift: W_pv_l23_raw init -5.0 → -4.0]
[step 272] NaN detected — halting

==============================================================================
=== init_mean=-4.0  (steps=273) ===
==============================================================================
 step    raw_max   raw_mean      softp        hebb       decay      shrink       total     r_pv r_l23_mx  nan
    0  4.000e+00 -4.000e+00  1.815e-02   1.571e-03   0.000e+00   4.030e+00   4.032e+00 7.92e+01 3.03e+00 False
    1  1.345e-01 +3.190e-02  7.095e-01   9.043e-04   4.032e-05   6.387e-02   6.344e-02 1.19e+02 1.71e+00 False
    2  7.142e-02 -1.588e-02  6.853e-01   3.180e-03   3.984e-05   2.017e-02   1.894e-02 8.97e+01 9.59e-01 False
   10  1.213e-02 -1.040e-02  6.880e-01   1.375e-05   3.990e-05   4.328e-08   5.360e-05 1.39e-01 9.62e-03 False
   20  9.096e-03 -8.903e-03  6.887e-01   5.356e-04   3.991e-05   3.989e-05   5.357e-04 5.64e+00 7.07e-02 False
   30  2.042e-03 -1.778e-03  6.923e-01   3.849e-03   3.998e-05   7.461e-04   3.142e-03 5.97e+01 4.87e-01 False
   40  7.985e-03 -7.741e-03  6.893e-01   1.000e-03   3.992e-05   1.762e-03   7.225e-04 2.69e+01 1.44e+00 False
   50  9.851e-03 -9.602e-03  6.884e-01   2.840e-06   3.990e-05   1.722e-09   4.274e-05 3.11e-02 2.85e+00 False
   60  8.314e-01 +6.070e-01  1.043e+00   4.529e-04   4.607e-05   1.416e-03   1.915e-03 4.64e+00 2.84e-02 False
   70  6.240e+00 -3.937e+00  2.608e-02   5.093e-03   7.686e-06   2.480e+00   2.475e+00 7.27e+01 4.43e-01 False
   80  1.596e+00 -1.085e+00  2.949e-01   3.677e-03   2.915e-05   2.577e+00   2.581e+00 1.07e+02 2.99e+00 False
   90  3.625e+00 -2.054e+00  1.370e-01   9.233e-05   1.946e-05   2.948e-04   1.830e-04 9.32e-01 1.14e-02 False
  100  9.929e-01 -4.972e-01  4.791e-01   1.555e-04   3.503e-05   2.000e-04   6.332e-05 1.57e+00 1.33e-02 False
  110  1.036e-01 +5.802e-02  7.226e-01   1.248e-03   4.058e-05   1.301e-03   2.590e-03 1.32e+01 5.93e-02 False
  120  5.005e-02 -4.681e-02  6.700e-01   6.903e-03   3.953e-05   1.314e-01   1.244e-01 1.47e+02 6.90e-01 False
  130  7.452e-03 -6.682e-03  6.898e-01   1.480e-03   3.993e-05   9.154e-04   6.050e-04 1.85e+01 2.11e-01 False
  140  1.286e-02 -1.127e-02  6.875e-01   1.639e-03   3.989e-05   1.687e-03   3.285e-03 2.28e+01 2.09e+00 False
  150  7.752e-03 -7.427e-03  6.894e-01   3.185e-04   3.993e-05   1.254e-05   3.459e-04 3.23e+00 1.77e-02 False
  160  1.293e+00 -8.567e-01  3.570e-01   1.684e-03   3.143e-05   3.715e-02   3.543e-02 1.78e+01 7.74e-02 False
  170  1.038e+01 +5.486e+00  5.497e+00   7.954e-03   9.486e-05   1.598e+01   1.599e+01 1.45e+02 6.97e-01 False
  180  1.278e+00 +3.602e-01  9.010e-01   8.505e-04   4.360e-05   8.252e-01   8.244e-01 7.49e+01 3.25e+00 False
  190  5.864e+01 -1.403e+01  2.099e-02   2.661e-04   1.077e-04   1.545e-02   1.529e-02 2.69e+00 1.37e-02 False
  200  2.927e+06 -5.651e+05  0.000e+00   7.373e-04   5.651e+00   5.821e+03   5.827e+03 7.55e+00 3.15e-02 False
  210  2.264e+12 -3.618e+11  0.000e+00   7.293e-03   3.618e+06   1.196e+12   1.196e+12 1.19e+02 5.09e-01 False
  220  2.730e+11 -2.958e+10  1.040e+08   2.863e-06   2.979e+05   1.126e+04   3.091e+05 2.87e-02 1.61e-03 False
  230  2.053e+18 +2.057e+17  2.061e+17   6.957e-03   2.066e+12   3.468e+17   3.468e+17 8.70e+01 2.37e-01 False
  240  5.366e+22 +5.008e+21  5.014e+21   2.027e-03   5.020e+16   1.056e+21   1.056e+21 2.22e+01 9.01e-02 False
  250  3.542e+30 -3.110e+29  2.266e+26   8.832e-04   3.115e+24   1.103e+28   1.104e+28 9.08e+00 2.81e-02 False
  260  3.367e+30 -2.958e+29  2.167e+26   1.144e-09   2.962e+24   1.880e+16   2.962e+24 1.14e-05 8.92e-05 False
  270  6.093e+34 -5.228e+33  3.058e+30   5.979e-02   5.234e+28         inf         inf 9.45e+02 2.02e+00 False
  272        inf       -inf  5.631e+34   1.734e-02         inf         inf         inf 3.63e+02 6.38e-01 True

  raw_max first crosses 5.0 at step: 55
  total |Δw|>1e3 first at step: 196


[Falsification: weight_decay=1e-1 (×10000 normal)]
[step 66] NaN detected — halting

==============================================================================
=== wd=1e-1  (steps=67) ===
==============================================================================
 step    raw_max   raw_mean      softp        hebb       decay      shrink       total     r_pv r_l23_mx  nan
    0  5.312e+00 -5.001e+00  6.744e-03   1.541e-03   8.037e-03   1.277e+01   1.277e+01 1.57e+02 1.58e+00 False
    1  8.497e+00 +7.773e+00  7.773e+00   3.786e-03   1.277e+00   8.233e+00   9.514e+00 1.00e+02 8.87e-01 False
    2  2.070e+00 -1.741e+00  1.624e-01   3.751e-03   3.259e-01   6.148e-01   2.852e-01 5.78e+01 4.99e-01 False
   10  2.902e+00 -2.851e+00  5.620e-02   2.263e-02   2.149e-01   1.543e+01   1.524e+01 2.26e+02 2.74e+00 False
   20  5.941e-01 +4.114e-01  9.205e-01   4.647e-03   5.411e-01   5.559e-02   5.921e-01 1.85e+01 3.57e+00 False
   30  2.443e+00 -2.437e+00  8.383e-02   2.264e-05   2.563e-01   7.091e-05   2.563e-01 4.67e-01 3.08e+00 False
   40  2.418e+00 -2.410e+00  8.597e-02   1.743e-04   2.590e-01   1.353e-03   2.578e-01 1.82e+00 8.66e-01 False
   50  2.346e+00 -2.346e+00  9.144e-02   8.705e-06   2.654e-01   1.377e-06   2.654e-01 6.69e-02 2.87e+00 False
   60  5.444e+06 +5.436e+06  5.436e+06   1.992e+00   5.436e+05   6.432e+09   6.433e+09 3.44e+03 7.22e+00 False
   66        inf       +inf        inf   7.983e+03         inf         inf         inf 1.03e+07 9.64e+00 True

  raw_max first crosses 5.0 at step: 0
  total |Δw|>1e3 first at step: 57


==============================================================================
=== SUMMARY (for team-lead key=value) ===
==============================================================================

[baseline]
  first_explosive_step = 156
  raw_max_first_crosses_5 = 0
  halted_step = 249  (NaN at end: True)
  hebb_mag_pre_explosion = 1.191e-02
  decay_mag_pre_explosion = 1.112e-03
  hebb/decay_ratio_pre_explosion = 1.071e+01

[init=-4.0]
  first_explosive_step = 196
  raw_max_first_crosses_5 = 55
  halted_step = 272  (NaN at end: True)
  hebb_mag_pre_explosion = 3.539e-03
  decay_mag_pre_explosion = 6.256e-04
  hebb/decay_ratio_pre_explosion = 5.656e+00

[wd=1e-1]
  first_explosive_step = 57
  raw_max_first_crosses_5 = 0
  halted_step = 66  (NaN at end: True)
  hebb_mag_pre_explosion = 3.870e-02
  decay_mag_pre_explosion = 1.813e+00
  hebb/decay_ratio_pre_explosion = 2.134e-02
