=== Stage-1 ctx_pred FULL retrain (seed=42, n_trials=360, attempt=3) ===
checkpoint dir: /home/vysoforlife/code_files/und_OSI_formation_extend/Fold6_pvfix/expectation_snn/data/checkpoints
wall-start    : 2026-04-21 07:14:21
fix (commit 5ef422b) : DEFAULT_W_INIT_FRAC 0.05 -> 0.015  (row-cap collapse fix; docs/stage1_ctx_pred_attempt1_snapshot.md)
               effective W_ctx_pred init row sum = 1.440 (cap = 3.0)
intended HRingConfig.inh_w_max = 2.0 (no-op under train._stage1_h_cfg; effective = 1.5)
Stage-1 ctx_pred driver: seed=42, n_trials=360
  schedule: richter_biased p_bias=0.80  derangement=(1, 2, 3, 4, 5, 0)  900.0 s sim time
  V1→H_ctx g=1.50  V1→H_pred g=1.50
  gate_window=pre_trailer  probe_window=100ms
  ctx_pred: tau_coinc=20ms tau_elig=1000ms eta=1.00e-03 w_target=0.050
  loaded Stage-0: V1 I_bias=14.1 pA, pv→e.w n=6144; V1 pv→e iSTDP frozen
  post-training pred probe: peak_ch=0 (cued theta=0deg), persistence=0.0 ms
  schedule rates: ctx_E=21.27 Hz, pred_E=19.23 Hz, ctx_inh=10.07 Hz, pred_inh=5.87 Hz
  ctx ee: mean=0.084 max=0.574  pred ee: mean=0.084 max=1.397
  W_ctx_pred: mean=0.0156 max=0.0707  init mean=0.0075  n_gate=360
[FAIL] h_bump_persistence_ms          value=10.000 band=[200.000, 500.000] floor=2.0 Hz offset_idx=0
[FAIL] h_preprobe_forecast_prob       value=0.000 band=[0.250, 1.000] n_trials=180 hits=0 chance=0.167 window=pre_trailer
[PASS] no_runaway                     value=21.274 band=[0.000, 80.000] OK
--- Stage 1 gate: FAILED ---
Stage-1 ctx_pred elapsed: 2731.3 s sim wall-clock
checkpoint saved: /home/vysoforlife/code_files/und_OSI_formation_extend/Fold6_pvfix/expectation_snn/data/checkpoints/stage_1_ctx_pred_seed42.npz

=== Stage-1 ctx_pred full retrain completed in 2758.7 s (46.0 min) ===

--- Stage-1 gate report ---
  [FAIL] h_bump_persistence_ms          value=10.000 band=[200.000, 500.000]
  [FAIL] h_preprobe_forecast_prob       value=0.000 band=[0.250, 1.000]
  [PASS] no_runaway                     value=21.274 band=[0.000, 80.000]
  verdict: FAIL

--- evidence-log JSON ---
{
  "stage": "stage_1_ctx_pred_full",
  "attempt": 3,
  "overrides": {
    "HRingConfig.inh_w_max_intended": 1.5,
    "HContextPredictionConfig.w_init_frac": 0.015,
    "HContextPredictionConfig.w_row_max": 3.0,
    "init_row_sum_expected": 1.44
  },
  "seed": 42,
  "n_trials": 360,
  "wall_s": 2758.700122356415,
  "checkpoint_path": "/home/vysoforlife/code_files/und_OSI_formation_extend/Fold6_pvfix/expectation_snn/data/checkpoints/stage_1_ctx_pred_seed42.npz",
  "passed": false,
  "checks": {
    "h_bump_persistence_ms": {
      "value": 10.0,
      "passed": false,
      "band": [
        200.0,
        500.0
      ],
      "detail": "floor=2.0 Hz offset_idx=0"
    },
    "h_preprobe_forecast_prob": {
      "value": 0.0,
      "passed": false,
      "band": [
        0.25,
        1.0
      ],
      "detail": "n_trials=180 hits=0 chance=0.167 window=pre_trailer"
    },
    "no_runaway": {
      "value": 21.273888888888887,
      "passed": true,
      "band": [
        0.0,
        80.0
      ],
      "detail": "OK"
    }
  },
  "diagnostics": {
    "persistence_med_ms": 0.0,
    "ctx_e_rate_hz": 21.273888888888887,
    "pred_e_rate_hz": 19.23443287037037,
    "ctx_inh_rate_hz": 10.07013888888889,
    "pred_inh_rate_hz": 5.870694444444444,
    "ctx_ee_w_mean": 0.08376963350785349,
    "pred_ee_w_mean": 0.08376963350785341,
    "W_ctx_pred_mean_init": 0.007506578857424377,
    "W_ctx_pred_mean_final": 0.015625,
    "W_ctx_pred_max_final": 0.07072672717225954,
    "elig_mean_final": 3.0314005146947425,
    "n_gate_updates": 360.0,
    "sim_wall_s": 2731.270825624466
  }
}
