2026-04-09 09:35:52,337 [INFO] Mechanism: center_surround
2026-04-09 09:35:52,338 [INFO] Feedback mode: emergent
2026-04-09 09:35:52,338 [INFO] Device: cuda
2026-04-09 09:35:52,338 [INFO] Seed: 42
2026-04-09 09:35:52,341 [INFO] Network parameters: 6894
2026-04-09 09:35:52,341 [INFO] Delta-SOM mode enabled
2026-04-09 09:35:52,341 [INFO] ============================================================
2026-04-09 09:35:52,341 [INFO] STAGE 1: Sensory Scaffold
2026-04-09 09:35:52,341 [INFO] ============================================================
2026-04-09 09:36:02,443 [INFO] Stage 1 step 200/2000: loss=3.6176, acc=0.000, l23_mean=0.0002
2026-04-09 09:36:08,569 [INFO] Stage 1 step 400/2000: loss=3.4657, acc=0.281, l23_mean=0.0038
2026-04-09 09:36:14,645 [INFO] Stage 1 step 600/2000: loss=2.9879, acc=0.625, l23_mean=0.0125
2026-04-09 09:36:20,652 [INFO] Stage 1 step 800/2000: loss=2.7675, acc=0.750, l23_mean=0.0153
2026-04-09 09:36:26,845 [INFO] Stage 1 step 1000/2000: loss=2.2923, acc=0.812, l23_mean=0.0233
2026-04-09 09:36:35,974 [INFO] Stage 1 step 1200/2000: loss=2.1379, acc=0.719, l23_mean=0.0254
2026-04-09 09:36:42,025 [INFO] Stage 1 step 1400/2000: loss=2.0179, acc=0.750, l23_mean=0.0269
2026-04-09 09:36:47,953 [INFO] Stage 1 step 1600/2000: loss=1.9944, acc=0.750, l23_mean=0.0273
2026-04-09 09:36:53,923 [INFO] Stage 1 step 1800/2000: loss=1.9401, acc=0.750, l23_mean=0.0274
2026-04-09 09:37:00,030 [INFO] Stage 1 step 2000/2000: loss=1.7451, acc=0.844, l23_mean=0.0323
2026-04-09 09:37:00,044 [INFO] Gating 1 - Decoder accuracy: 1.000 (need >= 0.90)
2026-04-09 09:37:00,052 [INFO] Gating 2 - Unimodal units: 36/36
2026-04-09 09:37:00,075 [INFO] Gating 3 - Unique preferred orientations: 36/36
2026-04-09 09:37:00,081 [INFO] Gating 4 - FWHM in range: 36/36
2026-04-09 09:37:00,081 [INFO] Gating 5 - Mean L2/3 rate: 0.0397
2026-04-09 09:37:00,103 [INFO] Gating 6 - FWHM high=25.0, low=25.0
2026-04-09 09:37:00,122 [INFO] Transferred trained decoder from Stage 1 to shared loss_fn
2026-04-09 09:37:00,123 [INFO] Stage 1 complete: loss=1.7451, acc=0.871
2026-04-09 09:37:00,123 [INFO] Gating checks: {'decoder_accuracy_90': True, 'unimodal_tuning': True, 'orientation_tiling': True, 'fwhm_range': True, 'mean_activity': True, 'contrast_invariant_width': True}
2026-04-09 09:37:00,128 [INFO] Stage 1 checkpoint saved to results/iter/simple_fb/center_surround_seed42/stage1_checkpoint.pt
2026-04-09 09:37:00,129 [INFO] ============================================================
2026-04-09 09:37:00,129 [INFO] STAGE 2: V2 + Feedback
2026-04-09 09:37:00,129 [INFO] ============================================================
2026-04-09 09:37:00,534 [INFO] Baselines (emergent): prior_kl uninformative=~3.6 (uniform prior), sensory uniform=0.028 (1/36)
2026-04-09 09:38:10,810 [INFO] Stage 2 step 100/5000: loss=3.7894, sens=2.2852, prior_kl=1.4754, fb_sparse=1.0800, energy=0.2858, homeo=0.0002, s_acc=0.379, p_acc=0.030, ang_err=48.0, a_inh=0.360, a_vip=0.360, tonic=0.0486, grad_norm=0.117, pi_ceil=0.000, fb_scale=0.000
2026-04-09 09:39:11,786 [INFO] Stage 2 step 200/5000: loss=3.8111, sens=2.3266, prior_kl=1.4559, fb_sparse=1.0800, energy=0.2843, homeo=0.0002, s_acc=0.375, p_acc=0.044, ang_err=40.9, a_inh=0.360, a_vip=0.360, tonic=0.0486, grad_norm=0.133, pi_ceil=0.000, fb_scale=0.000
2026-04-09 09:40:12,520 [INFO] Stage 2 step 300/5000: loss=3.7471, sens=2.2713, prior_kl=1.4472, fb_sparse=1.0800, energy=0.2846, homeo=0.0002, s_acc=0.362, p_acc=0.049, ang_err=37.6, a_inh=0.360, a_vip=0.360, tonic=0.0486, grad_norm=0.129, pi_ceil=0.000, fb_scale=0.000
2026-04-09 09:41:12,706 [INFO] Stage 2 step 400/5000: loss=3.5874, sens=2.2342, prior_kl=1.3246, fb_sparse=1.0800, energy=0.2841, homeo=0.0002, s_acc=0.373, p_acc=0.069, ang_err=26.5, a_inh=0.360, a_vip=0.360, tonic=0.0486, grad_norm=0.184, pi_ceil=0.000, fb_scale=0.000
2026-04-09 09:42:11,002 [INFO] Stage 2 step 500/5000: loss=3.4409, sens=2.2203, prior_kl=1.1922, fb_sparse=1.0800, energy=0.2828, homeo=0.0002, s_acc=0.345, p_acc=0.094, ang_err=20.3, a_inh=0.360, a_vip=0.360, tonic=0.0486, grad_norm=0.178, pi_ceil=0.000, fb_scale=0.000
2026-04-09 09:43:11,476 [INFO] Stage 2 step 600/5000: loss=3.3002, sens=2.1961, prior_kl=1.0754, fb_sparse=1.0800, energy=0.2856, homeo=0.0002, s_acc=0.339, p_acc=0.147, ang_err=18.6, a_inh=0.360, a_vip=0.360, tonic=0.0486, grad_norm=0.147, pi_ceil=0.000, fb_scale=0.000
2026-04-09 09:44:19,407 [INFO] Stage 2 step 700/5000: loss=3.2471, sens=2.2088, prior_kl=1.0098, fb_sparse=1.0800, energy=0.2832, homeo=0.0002, s_acc=0.336, p_acc=0.135, ang_err=18.2, a_inh=0.360, a_vip=0.360, tonic=0.0486, grad_norm=0.155, pi_ceil=0.000, fb_scale=0.000
2026-04-09 09:45:22,774 [INFO] Stage 2 step 800/5000: loss=3.0856, sens=2.1254, prior_kl=0.9317, fb_sparse=1.0800, energy=0.2839, homeo=0.0002, s_acc=0.362, p_acc=0.146, ang_err=16.0, a_inh=0.360, a_vip=0.360, tonic=0.0486, grad_norm=0.204, pi_ceil=0.000, fb_scale=0.000
2026-04-09 09:46:20,651 [INFO] Stage 2 step 900/5000: loss=2.9952, sens=2.0722, prior_kl=0.8940, fb_sparse=1.0800, energy=0.2889, homeo=0.0001, s_acc=0.373, p_acc=0.133, ang_err=15.4, a_inh=0.360, a_vip=0.360, tonic=0.0486, grad_norm=0.153, pi_ceil=0.000, fb_scale=0.000
2026-04-09 09:47:21,691 [INFO] Stage 2 step 1000/5000: loss=3.0611, sens=2.0946, prior_kl=0.9378, fb_sparse=1.0800, energy=0.2844, homeo=0.0002, s_acc=0.370, p_acc=0.133, ang_err=16.3, a_inh=0.360, a_vip=0.360, tonic=0.0486, grad_norm=0.235, pi_ceil=0.000, fb_scale=0.000
2026-04-09 09:47:21,696 [INFO] Step 1000: unfreezing gain_rec_raw
2026-04-09 09:48:22,765 [INFO] Stage 2 step 1100/5000: loss=2.9920, sens=2.0580, prior_kl=0.9051, fb_sparse=2.1592, energy=0.2874, homeo=0.0002, s_acc=0.352, p_acc=0.155, ang_err=15.2, a_inh=0.360, a_vip=0.360, tonic=0.0486, grad_norm=0.173, pi_ceil=0.000, fb_scale=0.099
2026-04-09 09:49:23,535 [INFO] Stage 2 step 1200/5000: loss=2.8503, sens=1.9521, prior_kl=0.8688, fb_sparse=3.2205, energy=0.2930, homeo=0.0001, s_acc=0.351, p_acc=0.130, ang_err=14.4, a_inh=0.360, a_vip=0.360, tonic=0.0486, grad_norm=0.242, pi_ceil=0.000, fb_scale=0.199
2026-04-09 09:50:38,199 [INFO] Stage 2 step 1300/5000: loss=2.8232, sens=1.9277, prior_kl=0.8657, fb_sparse=4.0606, energy=0.2966, homeo=0.0001, s_acc=0.355, p_acc=0.147, ang_err=14.8, a_inh=0.360, a_vip=0.360, tonic=0.0486, grad_norm=0.265, pi_ceil=0.000, fb_scale=0.299
2026-04-09 09:51:39,774 [INFO] Stage 2 step 1400/5000: loss=2.6308, sens=1.8125, prior_kl=0.7880, fb_sparse=4.6952, energy=0.3025, homeo=0.0001, s_acc=0.326, p_acc=0.152, ang_err=13.1, a_inh=0.360, a_vip=0.360, tonic=0.0486, grad_norm=0.338, pi_ceil=0.000, fb_scale=0.399
2026-04-09 09:52:37,116 [INFO] Stage 2 step 1500/5000: loss=2.7620, sens=1.8508, prior_kl=0.8808, fb_sparse=5.1936, energy=0.3033, homeo=0.0000, s_acc=0.338, p_acc=0.148, ang_err=15.2, a_inh=0.360, a_vip=0.360, tonic=0.0486, grad_norm=0.490, pi_ceil=0.000, fb_scale=0.499
2026-04-09 09:53:38,461 [INFO] Stage 2 step 1600/5000: loss=2.6092, sens=1.7749, prior_kl=0.8030, fb_sparse=5.5910, energy=0.3133, homeo=0.0000, s_acc=0.301, p_acc=0.156, ang_err=13.6, a_inh=0.360, a_vip=0.360, tonic=0.0486, grad_norm=0.288, pi_ceil=0.000, fb_scale=0.599
2026-04-09 09:54:39,551 [INFO] Stage 2 step 1700/5000: loss=2.5129, sens=1.6721, prior_kl=0.8083, fb_sparse=5.9048, energy=0.3253, homeo=0.0000, s_acc=0.300, p_acc=0.147, ang_err=13.7, a_inh=0.360, a_vip=0.360, tonic=0.0486, grad_norm=0.399, pi_ceil=0.000, fb_scale=0.699
2026-04-09 09:55:46,366 [INFO] Stage 2 step 1800/5000: loss=2.4592, sens=1.6371, prior_kl=0.7889, fb_sparse=6.1614, energy=0.3314, homeo=0.0000, s_acc=0.341, p_acc=0.138, ang_err=13.4, a_inh=0.360, a_vip=0.360, tonic=0.0486, grad_norm=0.391, pi_ceil=0.000, fb_scale=0.799
2026-04-09 09:56:59,463 [INFO] Stage 2 step 1900/5000: loss=2.4777, sens=1.6349, prior_kl=0.8091, fb_sparse=6.3843, energy=0.3359, homeo=0.0000, s_acc=0.320, p_acc=0.138, ang_err=13.8, a_inh=0.360, a_vip=0.360, tonic=0.0486, grad_norm=0.608, pi_ceil=0.000, fb_scale=0.899
2026-04-09 09:57:57,651 [INFO] Stage 2 step 2000/5000: loss=2.5038, sens=1.5855, prior_kl=0.8832, fb_sparse=6.5879, energy=0.3505, homeo=0.0000, s_acc=0.371, p_acc=0.122, ang_err=15.3, a_inh=0.360, a_vip=0.360, tonic=0.0486, grad_norm=0.377, pi_ceil=0.000, fb_scale=0.999
2026-04-09 09:58:56,983 [INFO] Stage 2 step 2100/5000: loss=2.4799, sens=1.5460, prior_kl=0.8981, fb_sparse=6.7852, energy=0.3583, homeo=0.0000, s_acc=0.371, p_acc=0.143, ang_err=15.4, a_inh=0.360, a_vip=0.360, tonic=0.0486, grad_norm=0.377, pi_ceil=0.000, fb_scale=1.000
2026-04-09 10:00:00,803 [INFO] Stage 2 step 2200/5000: loss=2.3754, sens=1.4932, prior_kl=0.8470, fb_sparse=7.0151, energy=0.3513, homeo=0.0000, s_acc=0.396, p_acc=0.132, ang_err=14.4, a_inh=0.360, a_vip=0.360, tonic=0.0486, grad_norm=0.388, pi_ceil=0.000, fb_scale=1.000
2026-04-09 10:01:01,100 [INFO] Stage 2 step 2300/5000: loss=2.4053, sens=1.5071, prior_kl=0.8627, fb_sparse=7.2436, energy=0.3549, homeo=0.0000, s_acc=0.404, p_acc=0.142, ang_err=14.8, a_inh=0.360, a_vip=0.360, tonic=0.0486, grad_norm=0.398, pi_ceil=0.000, fb_scale=1.000
2026-04-09 10:02:12,343 [INFO] Stage 2 step 2400/5000: loss=2.4031, sens=1.4929, prior_kl=0.8745, fb_sparse=7.4624, energy=0.3573, homeo=0.0000, s_acc=0.382, p_acc=0.152, ang_err=15.3, a_inh=0.360, a_vip=0.360, tonic=0.0486, grad_norm=0.531, pi_ceil=0.000, fb_scale=1.000
2026-04-09 10:03:20,798 [INFO] Stage 2 step 2500/5000: loss=2.2890, sens=1.4593, prior_kl=0.7943, fb_sparse=7.6705, energy=0.3539, homeo=0.0000, s_acc=0.399, p_acc=0.151, ang_err=14.0, a_inh=0.360, a_vip=0.360, tonic=0.0486, grad_norm=0.404, pi_ceil=0.000, fb_scale=1.000
2026-04-09 10:04:18,412 [INFO] Stage 2 step 2600/5000: loss=2.3981, sens=1.4706, prior_kl=0.8919, fb_sparse=7.8618, energy=0.3563, homeo=0.0000, s_acc=0.441, p_acc=0.151, ang_err=15.4, a_inh=0.360, a_vip=0.360, tonic=0.0486, grad_norm=0.456, pi_ceil=0.000, fb_scale=1.000
2026-04-09 10:05:19,193 [INFO] Stage 2 step 2700/5000: loss=2.4765, sens=1.4929, prior_kl=0.9482, fb_sparse=8.0434, energy=0.3549, homeo=0.0000, s_acc=0.412, p_acc=0.134, ang_err=16.4, a_inh=0.360, a_vip=0.360, tonic=0.0486, grad_norm=0.477, pi_ceil=0.000, fb_scale=1.000
2026-04-09 10:06:22,854 [INFO] Stage 2 step 2800/5000: loss=2.3210, sens=1.4432, prior_kl=0.8417, fb_sparse=8.2063, energy=0.3620, homeo=0.0000, s_acc=0.436, p_acc=0.159, ang_err=14.5, a_inh=0.360, a_vip=0.360, tonic=0.0486, grad_norm=0.599, pi_ceil=0.000, fb_scale=1.000
2026-04-09 10:07:25,731 [INFO] Stage 2 step 2900/5000: loss=2.2519, sens=1.3819, prior_kl=0.8335, fb_sparse=8.3603, energy=0.3655, homeo=0.0000, s_acc=0.465, p_acc=0.133, ang_err=14.1, a_inh=0.360, a_vip=0.360, tonic=0.0486, grad_norm=0.566, pi_ceil=0.000, fb_scale=1.000
2026-04-09 10:08:45,362 [INFO] Stage 2 step 3000/5000: loss=2.3752, sens=1.4630, prior_kl=0.8761, fb_sparse=8.5042, energy=0.3612, homeo=0.0000, s_acc=0.438, p_acc=0.155, ang_err=15.3, a_inh=0.360, a_vip=0.360, tonic=0.0486, grad_norm=0.483, pi_ceil=0.000, fb_scale=1.000
2026-04-09 10:09:47,205 [INFO] Stage 2 step 3100/5000: loss=2.3843, sens=1.4586, prior_kl=0.8896, fb_sparse=8.6336, energy=0.3620, homeo=0.0000, s_acc=0.420, p_acc=0.160, ang_err=15.3, a_inh=0.360, a_vip=0.360, tonic=0.0486, grad_norm=0.405, pi_ceil=0.000, fb_scale=1.000
2026-04-09 10:10:44,160 [INFO] Stage 2 step 3200/5000: loss=2.2642, sens=1.3603, prior_kl=0.8674, fb_sparse=8.7491, energy=0.3649, homeo=0.0000, s_acc=0.489, p_acc=0.152, ang_err=14.9, a_inh=0.360, a_vip=0.360, tonic=0.0486, grad_norm=0.446, pi_ceil=0.000, fb_scale=1.000
2026-04-09 10:11:46,418 [INFO] Stage 2 step 3300/5000: loss=2.2020, sens=1.3248, prior_kl=0.8406, fb_sparse=8.8569, energy=0.3653, homeo=0.0000, s_acc=0.494, p_acc=0.132, ang_err=14.6, a_inh=0.360, a_vip=0.360, tonic=0.0486, grad_norm=0.384, pi_ceil=0.000, fb_scale=1.000
2026-04-09 10:12:46,938 [INFO] Stage 2 step 3400/5000: loss=2.3284, sens=1.3854, prior_kl=0.9064, fb_sparse=8.9505, energy=0.3661, homeo=0.0000, s_acc=0.474, p_acc=0.163, ang_err=15.7, a_inh=0.360, a_vip=0.360, tonic=0.0486, grad_norm=0.427, pi_ceil=0.000, fb_scale=1.000
2026-04-09 10:13:57,998 [INFO] Stage 2 step 3500/5000: loss=2.3299, sens=1.3920, prior_kl=0.9013, fb_sparse=9.0341, energy=0.3668, homeo=0.0000, s_acc=0.482, p_acc=0.155, ang_err=14.9, a_inh=0.360, a_vip=0.360, tonic=0.0486, grad_norm=0.631, pi_ceil=0.000, fb_scale=1.000
2026-04-09 10:15:09,245 [INFO] Stage 2 step 3600/5000: loss=2.2795, sens=1.3737, prior_kl=0.8692, fb_sparse=9.1089, energy=0.3660, homeo=0.0000, s_acc=0.494, p_acc=0.160, ang_err=15.2, a_inh=0.360, a_vip=0.360, tonic=0.0486, grad_norm=0.419, pi_ceil=0.000, fb_scale=1.000
2026-04-09 10:16:10,203 [INFO] Stage 2 step 3700/5000: loss=2.1759, sens=1.3057, prior_kl=0.8332, fb_sparse=9.1745, energy=0.3698, homeo=0.0000, s_acc=0.505, p_acc=0.148, ang_err=14.3, a_inh=0.360, a_vip=0.360, tonic=0.0486, grad_norm=0.408, pi_ceil=0.000, fb_scale=1.000
2026-04-09 10:17:07,546 [INFO] Stage 2 step 3800/5000: loss=2.2985, sens=1.3883, prior_kl=0.8733, fb_sparse=9.2317, energy=0.3685, homeo=0.0000, s_acc=0.487, p_acc=0.148, ang_err=14.9, a_inh=0.360, a_vip=0.360, tonic=0.0486, grad_norm=0.430, pi_ceil=0.000, fb_scale=1.000
2026-04-09 10:18:09,481 [INFO] Stage 2 step 3900/5000: loss=2.2603, sens=1.3593, prior_kl=0.8639, fb_sparse=9.2806, energy=0.3703, homeo=0.0000, s_acc=0.464, p_acc=0.137, ang_err=15.2, a_inh=0.360, a_vip=0.360, tonic=0.0486, grad_norm=0.345, pi_ceil=0.000, fb_scale=1.000
2026-04-09 10:19:10,228 [INFO] Stage 2 step 4000/5000: loss=2.1883, sens=1.3511, prior_kl=0.8004, fb_sparse=9.3217, energy=0.3683, homeo=0.0000, s_acc=0.501, p_acc=0.171, ang_err=13.2, a_inh=0.360, a_vip=0.360, tonic=0.0486, grad_norm=0.525, pi_ceil=0.000, fb_scale=1.000
2026-04-09 10:20:27,357 [INFO] Stage 2 step 4100/5000: loss=2.2407, sens=1.3472, prior_kl=0.8565, fb_sparse=9.3560, energy=0.3697, homeo=0.0000, s_acc=0.496, p_acc=0.164, ang_err=14.5, a_inh=0.360, a_vip=0.360, tonic=0.0486, grad_norm=0.508, pi_ceil=0.000, fb_scale=1.000
2026-04-09 10:21:31,837 [INFO] Stage 2 step 4200/5000: loss=2.2263, sens=1.3472, prior_kl=0.8420, fb_sparse=9.3825, energy=0.3708, homeo=0.0000, s_acc=0.519, p_acc=0.156, ang_err=14.0, a_inh=0.360, a_vip=0.360, tonic=0.0486, grad_norm=0.478, pi_ceil=0.000, fb_scale=1.000
2026-04-09 10:22:29,295 [INFO] Stage 2 step 4300/5000: loss=2.2116, sens=1.3245, prior_kl=0.8499, fb_sparse=9.4038, energy=0.3721, homeo=0.0000, s_acc=0.495, p_acc=0.150, ang_err=14.6, a_inh=0.360, a_vip=0.360, tonic=0.0486, grad_norm=0.445, pi_ceil=0.000, fb_scale=1.000
2026-04-09 10:23:30,527 [INFO] Stage 2 step 4400/5000: loss=2.2432, sens=1.3458, prior_kl=0.8602, fb_sparse=9.4198, energy=0.3724, homeo=0.0000, s_acc=0.476, p_acc=0.161, ang_err=14.7, a_inh=0.360, a_vip=0.360, tonic=0.0486, grad_norm=0.476, pi_ceil=0.000, fb_scale=1.000
2026-04-09 10:24:32,684 [INFO] Stage 2 step 4500/5000: loss=2.1081, sens=1.2889, prior_kl=0.7817, fb_sparse=9.4313, energy=0.3746, homeo=0.0000, s_acc=0.514, p_acc=0.160, ang_err=13.2, a_inh=0.360, a_vip=0.360, tonic=0.0486, grad_norm=0.373, pi_ceil=0.000, fb_scale=1.000
2026-04-09 10:25:38,783 [INFO] Stage 2 step 4600/5000: loss=2.2445, sens=1.3369, prior_kl=0.8706, fb_sparse=9.4392, energy=0.3700, homeo=0.0000, s_acc=0.485, p_acc=0.172, ang_err=14.6, a_inh=0.360, a_vip=0.360, tonic=0.0486, grad_norm=0.472, pi_ceil=0.000, fb_scale=1.000
2026-04-09 10:26:51,476 [INFO] Stage 2 step 4700/5000: loss=2.2838, sens=1.3450, prior_kl=0.9016, fb_sparse=9.4438, energy=0.3727, homeo=0.0000, s_acc=0.476, p_acc=0.163, ang_err=15.7, a_inh=0.360, a_vip=0.360, tonic=0.0486, grad_norm=0.402, pi_ceil=0.000, fb_scale=1.000
2026-04-09 10:27:55,341 [INFO] Stage 2 step 4800/5000: loss=2.2086, sens=1.3650, prior_kl=0.8065, fb_sparse=9.4464, energy=0.3714, homeo=0.0000, s_acc=0.476, p_acc=0.152, ang_err=13.9, a_inh=0.360, a_vip=0.360, tonic=0.0486, grad_norm=0.388, pi_ceil=0.000, fb_scale=1.000
2026-04-09 10:28:53,003 [INFO] Stage 2 step 4900/5000: loss=2.2210, sens=1.3187, prior_kl=0.8647, fb_sparse=9.4473, energy=0.3759, homeo=0.0000, s_acc=0.490, p_acc=0.155, ang_err=15.0, a_inh=0.360, a_vip=0.360, tonic=0.0486, grad_norm=0.455, pi_ceil=0.000, fb_scale=1.000
2026-04-09 10:29:56,178 [INFO] Stage 2 step 5000/5000: loss=2.2289, sens=1.3336, prior_kl=0.8581, fb_sparse=9.4474, energy=0.3715, homeo=0.0000, s_acc=0.500, p_acc=0.158, ang_err=14.5, a_inh=0.360, a_vip=0.360, tonic=0.0486, grad_norm=0.415, pi_ceil=0.000, fb_scale=1.000
2026-04-09 10:29:56,186 [INFO] Stage 2 complete: loss=2.2289, s_acc=0.500, p_acc=0.158
2026-04-09 10:29:56,199 [INFO] Saved to results/iter/simple_fb/center_surround_seed42/checkpoint.pt
2026-04-09 10:29:56,199 [INFO] Training complete.
