2026-04-09 12:39:33,100 [INFO] Mechanism: center_surround
2026-04-09 12:39:33,100 [INFO] Feedback mode: emergent
2026-04-09 12:39:33,100 [INFO] Device: cuda
2026-04-09 12:39:33,100 [INFO] Seed: 42
2026-04-09 12:39:33,104 [INFO] Network parameters: 7506
2026-04-09 12:39:33,104 [INFO] Delta-SOM mode enabled
2026-04-09 12:39:33,104 [INFO] ============================================================
2026-04-09 12:39:33,104 [INFO] STAGE 1: Sensory Scaffold
2026-04-09 12:39:33,104 [INFO] ============================================================
2026-04-09 12:39:49,973 [INFO] Stage 1 step 200/2000: loss=3.5870, acc=0.094, l23_mean=0.0002
2026-04-09 12:40:03,336 [INFO] Stage 1 step 400/2000: loss=3.4662, acc=0.250, l23_mean=0.0037
2026-04-09 12:40:16,581 [INFO] Stage 1 step 600/2000: loss=3.0039, acc=0.594, l23_mean=0.0125
2026-04-09 12:40:32,282 [INFO] Stage 1 step 800/2000: loss=2.7628, acc=0.656, l23_mean=0.0153
2026-04-09 12:40:45,593 [INFO] Stage 1 step 1000/2000: loss=2.2906, acc=0.812, l23_mean=0.0233
2026-04-09 12:41:01,405 [INFO] Stage 1 step 1200/2000: loss=2.1448, acc=0.719, l23_mean=0.0254
2026-04-09 12:41:14,741 [INFO] Stage 1 step 1400/2000: loss=2.0196, acc=0.719, l23_mean=0.0269
2026-04-09 12:41:30,424 [INFO] Stage 1 step 1600/2000: loss=1.9926, acc=0.844, l23_mean=0.0273
2026-04-09 12:41:43,690 [INFO] Stage 1 step 1800/2000: loss=1.9338, acc=0.781, l23_mean=0.0274
2026-04-09 12:41:56,781 [INFO] Stage 1 step 2000/2000: loss=1.7461, acc=0.906, l23_mean=0.0323
2026-04-09 12:41:56,822 [INFO] Gating 1 - Decoder accuracy: 1.000 (need >= 0.90)
2026-04-09 12:41:56,841 [INFO] Gating 2 - Unimodal units: 36/36
2026-04-09 12:41:56,853 [INFO] Gating 3 - Unique preferred orientations: 36/36
2026-04-09 12:41:56,866 [INFO] Gating 4 - FWHM in range: 36/36
2026-04-09 12:41:56,866 [INFO] Gating 5 - Mean L2/3 rate: 0.0397
2026-04-09 12:41:56,928 [INFO] Gating 6 - FWHM high=25.0, low=25.0
2026-04-09 12:41:56,983 [INFO] Transferred trained decoder from Stage 1 to shared loss_fn
2026-04-09 12:41:56,983 [INFO] Stage 1 complete: loss=1.7461, acc=0.852
2026-04-09 12:41:56,983 [INFO] Gating checks: {'decoder_accuracy_90': True, 'unimodal_tuning': True, 'orientation_tiling': True, 'fwhm_range': True, 'mean_activity': True, 'contrast_invariant_width': True}
2026-04-09 12:41:56,993 [INFO] Stage 1 checkpoint saved to results/iter/v2_ei_predsup/center_surround_seed42/stage1_checkpoint.pt
2026-04-09 12:41:56,993 [INFO] ============================================================
2026-04-09 12:41:56,993 [INFO] STAGE 2: V2 + Feedback
2026-04-09 12:41:56,993 [INFO] ============================================================
2026-04-09 12:41:57,410 [INFO] Baselines (emergent): prior_kl uninformative=~3.6 (uniform prior), sensory uniform=0.028 (1/36)
/home/vysoforlife/.local/lib/python3.10/site-packages/torch/_inductor/compile_fx.py:321: UserWarning: TensorFloat32 tensor cores for float32 matrix multiplication available but not enabled. Consider setting `torch.set_float32_matmul_precision('high')` for better performance.
  warnings.warn(
W0409 12:41:58.512000 3293656 torch/_inductor/utils.py:1679] [0/0] Not enough SMs to use max_autotune_gemm mode
2026-04-09 12:44:18,385 [INFO] Stage 2 step 100/5000: loss=3.8255, sens=2.2826, prior_kl=1.4754, fb_sparse=1.0800, energy=0.2852, homeo=0.0002, s_acc=0.376, p_acc=0.030, ang_err=47.9, a_inh=0.360, a_vip=0.360, tonic=0.0486, grad_norm=0.117, pi_ceil=0.000, fb_scale=0.000
2026-04-09 12:46:20,925 [INFO] Stage 2 step 200/5000: loss=3.8508, sens=2.3273, prior_kl=1.4557, fb_sparse=1.0800, energy=0.2845, homeo=0.0002, s_acc=0.409, p_acc=0.044, ang_err=40.8, a_inh=0.360, a_vip=0.360, tonic=0.0486, grad_norm=0.131, pi_ceil=0.000, fb_scale=0.000
2026-04-09 12:48:20,535 [INFO] Stage 2 step 300/5000: loss=3.7866, sens=2.2706, prior_kl=1.4476, fb_sparse=1.0800, energy=0.2849, homeo=0.0002, s_acc=0.379, p_acc=0.056, ang_err=37.3, a_inh=0.360, a_vip=0.360, tonic=0.0486, grad_norm=0.127, pi_ceil=0.000, fb_scale=0.000
2026-04-09 12:50:19,742 [INFO] Stage 2 step 400/5000: loss=3.6417, sens=2.2394, prior_kl=1.3288, fb_sparse=1.0800, energy=0.2835, homeo=0.0002, s_acc=0.365, p_acc=0.074, ang_err=26.4, a_inh=0.360, a_vip=0.360, tonic=0.0486, grad_norm=0.177, pi_ceil=0.000, fb_scale=0.000
2026-04-09 12:52:06,010 [INFO] Stage 2 step 500/5000: loss=3.4947, sens=2.2214, prior_kl=1.1936, fb_sparse=1.0800, energy=0.2817, homeo=0.0002, s_acc=0.343, p_acc=0.099, ang_err=19.9, a_inh=0.360, a_vip=0.360, tonic=0.0486, grad_norm=0.171, pi_ceil=0.000, fb_scale=0.000
2026-04-09 12:53:52,812 [INFO] Stage 2 step 600/5000: loss=3.3660, sens=2.1990, prior_kl=1.0753, fb_sparse=1.0800, energy=0.2860, homeo=0.0002, s_acc=0.340, p_acc=0.150, ang_err=18.4, a_inh=0.360, a_vip=0.360, tonic=0.0486, grad_norm=0.147, pi_ceil=0.000, fb_scale=0.000
2026-04-09 12:55:39,976 [INFO] Stage 2 step 700/5000: loss=3.3180, sens=2.2114, prior_kl=1.0101, fb_sparse=1.0800, energy=0.2829, homeo=0.0002, s_acc=0.332, p_acc=0.126, ang_err=18.2, a_inh=0.360, a_vip=0.360, tonic=0.0486, grad_norm=0.181, pi_ceil=0.000, fb_scale=0.000
2026-04-09 12:57:27,791 [INFO] Stage 2 step 800/5000: loss=3.1627, sens=2.1261, prior_kl=0.9359, fb_sparse=1.0800, energy=0.2842, homeo=0.0002, s_acc=0.356, p_acc=0.133, ang_err=15.9, a_inh=0.360, a_vip=0.360, tonic=0.0486, grad_norm=0.206, pi_ceil=0.000, fb_scale=0.000
2026-04-09 12:59:14,715 [INFO] Stage 2 step 900/5000: loss=3.0755, sens=2.0746, prior_kl=0.8947, fb_sparse=1.0800, energy=0.2882, homeo=0.0002, s_acc=0.370, p_acc=0.143, ang_err=15.1, a_inh=0.360, a_vip=0.360, tonic=0.0486, grad_norm=0.157, pi_ceil=0.000, fb_scale=0.000
2026-04-09 13:01:01,849 [INFO] Stage 2 step 1000/5000: loss=3.1289, sens=2.0902, prior_kl=0.9338, fb_sparse=1.0800, energy=0.2844, homeo=0.0002, s_acc=0.365, p_acc=0.129, ang_err=16.0, a_inh=0.360, a_vip=0.360, tonic=0.0486, grad_norm=0.211, pi_ceil=0.000, fb_scale=0.000
2026-04-09 13:01:01,859 [INFO] Step 1000: unfreezing gain_rec_raw
2026-04-09 13:02:50,320 [INFO] Stage 2 step 1100/5000: loss=2.9509, sens=1.8957, prior_kl=0.9048, fb_sparse=1.0800, energy=0.3324, homeo=0.0000, s_acc=0.301, p_acc=0.142, ang_err=15.1, a_inh=0.360, a_vip=0.360, tonic=0.0486, grad_norm=0.202, pi_ceil=0.000, fb_scale=0.099
2026-04-09 13:05:06,009 [INFO] Stage 2 step 1200/5000: loss=2.7367, sens=1.6731, prior_kl=0.8814, fb_sparse=1.0800, energy=0.3706, homeo=0.0000, s_acc=0.350, p_acc=0.161, ang_err=14.1, a_inh=0.360, a_vip=0.360, tonic=0.0486, grad_norm=0.381, pi_ceil=0.000, fb_scale=0.199
2026-04-09 13:07:29,647 [INFO] Stage 2 step 1300/5000: loss=2.6874, sens=1.5883, prior_kl=0.8982, fb_sparse=1.0800, energy=0.3966, homeo=0.0000, s_acc=0.414, p_acc=0.178, ang_err=15.0, a_inh=0.360, a_vip=0.360, tonic=0.0486, grad_norm=0.260, pi_ceil=0.000, fb_scale=0.299
2026-04-09 13:09:38,251 [INFO] Stage 2 step 1400/5000: loss=2.5038, sens=1.4282, prior_kl=0.8521, fb_sparse=1.0800, energy=0.4253, homeo=0.0000, s_acc=0.465, p_acc=0.158, ang_err=13.9, a_inh=0.360, a_vip=0.360, tonic=0.0486, grad_norm=0.604, pi_ceil=0.000, fb_scale=0.399
2026-04-09 13:11:25,694 [INFO] Stage 2 step 1500/5000: loss=2.5526, sens=1.4007, prior_kl=0.9187, fb_sparse=1.0800, energy=0.4475, homeo=0.0000, s_acc=0.549, p_acc=0.159, ang_err=16.1, a_inh=0.360, a_vip=0.360, tonic=0.0486, grad_norm=0.495, pi_ceil=0.000, fb_scale=0.499
2026-04-09 13:13:19,436 [INFO] Stage 2 step 1600/5000: loss=2.4397, sens=1.3128, prior_kl=0.8700, fb_sparse=1.0800, energy=0.4790, homeo=0.0000, s_acc=0.537, p_acc=0.195, ang_err=14.4, a_inh=0.360, a_vip=0.360, tonic=0.0486, grad_norm=0.442, pi_ceil=0.000, fb_scale=0.599
2026-04-09 13:15:09,666 [INFO] Stage 2 step 1700/5000: loss=2.3328, sens=1.1944, prior_kl=0.8608, fb_sparse=1.0800, energy=0.5161, homeo=0.0000, s_acc=0.599, p_acc=0.185, ang_err=14.3, a_inh=0.360, a_vip=0.360, tonic=0.0486, grad_norm=0.589, pi_ceil=0.000, fb_scale=0.699
2026-04-09 13:17:00,458 [INFO] Stage 2 step 1800/5000: loss=2.2905, sens=1.1725, prior_kl=0.8365, fb_sparse=1.0800, energy=0.5371, homeo=0.0000, s_acc=0.581, p_acc=0.168, ang_err=13.8, a_inh=0.360, a_vip=0.360, tonic=0.0486, grad_norm=0.869, pi_ceil=0.000, fb_scale=0.799
2026-04-09 13:18:47,812 [INFO] Stage 2 step 1900/5000: loss=2.3099, sens=1.1861, prior_kl=0.8434, fb_sparse=1.0800, energy=0.5512, homeo=0.0000, s_acc=0.619, p_acc=0.186, ang_err=14.1, a_inh=0.360, a_vip=0.360, tonic=0.0486, grad_norm=0.694, pi_ceil=0.000, fb_scale=0.899
2026-04-09 13:20:34,543 [INFO] Stage 2 step 2000/5000: loss=2.2695, sens=1.0905, prior_kl=0.8828, fb_sparse=1.0800, energy=0.5882, homeo=0.0000, s_acc=0.666, p_acc=0.188, ang_err=14.9, a_inh=0.360, a_vip=0.360, tonic=0.0486, grad_norm=0.409, pi_ceil=0.000, fb_scale=0.999
2026-04-09 13:22:21,105 [INFO] Stage 2 step 2100/5000: loss=2.2441, sens=1.0452, prior_kl=0.8924, fb_sparse=1.0800, energy=0.5966, homeo=0.0000, s_acc=0.662, p_acc=0.181, ang_err=15.7, a_inh=0.360, a_vip=0.360, tonic=0.0486, grad_norm=0.346, pi_ceil=0.000, fb_scale=1.000
2026-04-09 13:24:11,540 [INFO] Stage 2 step 2200/5000: loss=2.2175, sens=1.0542, prior_kl=0.8702, fb_sparse=1.0800, energy=0.5834, homeo=0.0000, s_acc=0.656, p_acc=0.197, ang_err=14.8, a_inh=0.360, a_vip=0.360, tonic=0.0486, grad_norm=0.602, pi_ceil=0.000, fb_scale=1.000
2026-04-09 13:25:58,680 [INFO] Stage 2 step 2300/5000: loss=2.2145, sens=1.0578, prior_kl=0.8610, fb_sparse=1.0800, energy=0.5869, homeo=0.0000, s_acc=0.666, p_acc=0.195, ang_err=14.6, a_inh=0.360, a_vip=0.360, tonic=0.0486, grad_norm=0.876, pi_ceil=0.000, fb_scale=1.000
2026-04-09 13:27:46,424 [INFO] Stage 2 step 2400/5000: loss=2.2067, sens=1.0478, prior_kl=0.8669, fb_sparse=1.0800, energy=0.5850, homeo=0.0000, s_acc=0.674, p_acc=0.182, ang_err=15.0, a_inh=0.360, a_vip=0.360, tonic=0.0486, grad_norm=0.670, pi_ceil=0.000, fb_scale=1.000
2026-04-09 13:29:32,879 [INFO] Stage 2 step 2500/5000: loss=2.1846, sens=1.0809, prior_kl=0.8170, fb_sparse=1.0800, energy=0.5801, homeo=0.0000, s_acc=0.655, p_acc=0.201, ang_err=14.1, a_inh=0.360, a_vip=0.360, tonic=0.0486, grad_norm=0.652, pi_ceil=0.000, fb_scale=1.000
2026-04-09 13:31:20,214 [INFO] Stage 2 step 2600/5000: loss=2.2201, sens=1.0563, prior_kl=0.8740, fb_sparse=1.0800, energy=0.5832, homeo=0.0000, s_acc=0.637, p_acc=0.197, ang_err=15.4, a_inh=0.360, a_vip=0.360, tonic=0.0486, grad_norm=0.301, pi_ceil=0.000, fb_scale=1.000
2026-04-09 13:33:06,498 [INFO] Stage 2 step 2700/5000: loss=2.2641, sens=1.0544, prior_kl=0.9223, fb_sparse=1.0800, energy=0.5833, homeo=0.0000, s_acc=0.662, p_acc=0.190, ang_err=16.3, a_inh=0.360, a_vip=0.360, tonic=0.0486, grad_norm=0.777, pi_ceil=0.000, fb_scale=1.000
2026-04-09 13:34:53,925 [INFO] Stage 2 step 2800/5000: loss=2.1890, sens=1.0515, prior_kl=0.8445, fb_sparse=1.0800, energy=0.5831, homeo=0.0000, s_acc=0.666, p_acc=0.178, ang_err=14.8, a_inh=0.360, a_vip=0.360, tonic=0.0486, grad_norm=0.628, pi_ceil=0.000, fb_scale=1.000
2026-04-09 13:36:40,978 [INFO] Stage 2 step 2900/5000: loss=2.1321, sens=1.0135, prior_kl=0.8202, fb_sparse=1.0800, energy=0.5918, homeo=0.0000, s_acc=0.696, p_acc=0.212, ang_err=13.6, a_inh=0.360, a_vip=0.360, tonic=0.0486, grad_norm=0.534, pi_ceil=0.000, fb_scale=1.000
2026-04-09 13:38:28,184 [INFO] Stage 2 step 3000/5000: loss=2.2013, sens=1.0515, prior_kl=0.8604, fb_sparse=1.0800, energy=0.5845, homeo=0.0000, s_acc=0.642, p_acc=0.195, ang_err=15.0, a_inh=0.360, a_vip=0.360, tonic=0.0486, grad_norm=0.512, pi_ceil=0.000, fb_scale=1.000
2026-04-09 13:40:15,773 [INFO] Stage 2 step 3100/5000: loss=2.2240, sens=1.0581, prior_kl=0.8774, fb_sparse=1.0800, energy=0.5829, homeo=0.0000, s_acc=0.666, p_acc=0.212, ang_err=14.8, a_inh=0.360, a_vip=0.360, tonic=0.0486, grad_norm=0.764, pi_ceil=0.000, fb_scale=1.000
2026-04-09 13:42:02,478 [INFO] Stage 2 step 3200/5000: loss=2.1305, sens=0.9807, prior_kl=0.8584, fb_sparse=1.0800, energy=0.5880, homeo=0.0000, s_acc=0.691, p_acc=0.194, ang_err=14.9, a_inh=0.360, a_vip=0.360, tonic=0.0486, grad_norm=0.438, pi_ceil=0.000, fb_scale=1.000
2026-04-09 13:43:49,332 [INFO] Stage 2 step 3300/5000: loss=2.1327, sens=0.9966, prior_kl=0.8443, fb_sparse=1.0800, energy=0.5879, homeo=0.0000, s_acc=0.678, p_acc=0.202, ang_err=14.6, a_inh=0.360, a_vip=0.360, tonic=0.0486, grad_norm=0.404, pi_ceil=0.000, fb_scale=1.000
2026-04-09 13:45:36,004 [INFO] Stage 2 step 3400/5000: loss=2.1651, sens=1.0022, prior_kl=0.8711, fb_sparse=1.0800, energy=0.5871, homeo=0.0000, s_acc=0.670, p_acc=0.197, ang_err=15.2, a_inh=0.360, a_vip=0.360, tonic=0.0486, grad_norm=0.442, pi_ceil=0.000, fb_scale=1.000
2026-04-09 13:47:22,898 [INFO] Stage 2 step 3500/5000: loss=2.1719, sens=1.0049, prior_kl=0.8749, fb_sparse=1.0800, energy=0.5874, homeo=0.0000, s_acc=0.684, p_acc=0.197, ang_err=14.6, a_inh=0.360, a_vip=0.360, tonic=0.0486, grad_norm=0.576, pi_ceil=0.000, fb_scale=1.000
2026-04-09 13:49:11,946 [INFO] Stage 2 step 3600/5000: loss=2.1346, sens=0.9863, prior_kl=0.8566, fb_sparse=1.0800, energy=0.5871, homeo=0.0000, s_acc=0.673, p_acc=0.188, ang_err=15.2, a_inh=0.360, a_vip=0.360, tonic=0.0486, grad_norm=0.365, pi_ceil=0.000, fb_scale=1.000
2026-04-09 13:50:57,464 [INFO] Stage 2 step 3700/5000: loss=2.0995, sens=0.9786, prior_kl=0.8265, fb_sparse=1.0800, energy=0.5886, homeo=0.0000, s_acc=0.683, p_acc=0.190, ang_err=13.9, a_inh=0.360, a_vip=0.360, tonic=0.0486, grad_norm=0.584, pi_ceil=0.000, fb_scale=1.000
2026-04-09 13:52:44,038 [INFO] Stage 2 step 3800/5000: loss=2.1451, sens=1.0058, prior_kl=0.8525, fb_sparse=1.0800, energy=0.5876, homeo=0.0000, s_acc=0.671, p_acc=0.201, ang_err=14.4, a_inh=0.360, a_vip=0.360, tonic=0.0486, grad_norm=0.651, pi_ceil=0.000, fb_scale=1.000
2026-04-09 13:54:30,079 [INFO] Stage 2 step 3900/5000: loss=2.1451, sens=1.0042, prior_kl=0.8493, fb_sparse=1.0800, energy=0.5863, homeo=0.0000, s_acc=0.685, p_acc=0.178, ang_err=14.7, a_inh=0.360, a_vip=0.360, tonic=0.0486, grad_norm=0.664, pi_ceil=0.000, fb_scale=1.000
2026-04-09 13:56:16,530 [INFO] Stage 2 step 4000/5000: loss=2.1008, sens=1.0066, prior_kl=0.8049, fb_sparse=1.0800, energy=0.5863, homeo=0.0000, s_acc=0.662, p_acc=0.206, ang_err=13.1, a_inh=0.360, a_vip=0.360, tonic=0.0486, grad_norm=0.491, pi_ceil=0.000, fb_scale=1.000
2026-04-09 13:58:02,346 [INFO] Stage 2 step 4100/5000: loss=2.1030, sens=0.9751, prior_kl=0.8377, fb_sparse=1.0800, energy=0.5880, homeo=0.0000, s_acc=0.694, p_acc=0.211, ang_err=14.0, a_inh=0.360, a_vip=0.360, tonic=0.0486, grad_norm=0.892, pi_ceil=0.000, fb_scale=1.000
2026-04-09 13:59:48,442 [INFO] Stage 2 step 4200/5000: loss=2.1129, sens=0.9921, prior_kl=0.8302, fb_sparse=1.0800, energy=0.5906, homeo=0.0000, s_acc=0.666, p_acc=0.185, ang_err=14.0, a_inh=0.360, a_vip=0.360, tonic=0.0486, grad_norm=0.689, pi_ceil=0.000, fb_scale=1.000
2026-04-09 14:01:37,573 [INFO] Stage 2 step 4300/5000: loss=2.0962, sens=0.9674, prior_kl=0.8359, fb_sparse=1.0800, energy=0.5924, homeo=0.0000, s_acc=0.702, p_acc=0.193, ang_err=14.3, a_inh=0.360, a_vip=0.360, tonic=0.0486, grad_norm=0.388, pi_ceil=0.000, fb_scale=1.000
2026-04-09 14:03:23,477 [INFO] Stage 2 step 4400/5000: loss=2.1418, sens=1.0038, prior_kl=0.8452, fb_sparse=1.0800, energy=0.5914, homeo=0.0000, s_acc=0.676, p_acc=0.206, ang_err=14.7, a_inh=0.360, a_vip=0.360, tonic=0.0486, grad_norm=0.508, pi_ceil=0.000, fb_scale=1.000
2026-04-09 14:05:10,023 [INFO] Stage 2 step 4500/5000: loss=2.0319, sens=0.9508, prior_kl=0.7865, fb_sparse=1.0800, energy=0.5909, homeo=0.0000, s_acc=0.706, p_acc=0.224, ang_err=13.0, a_inh=0.360, a_vip=0.360, tonic=0.0486, grad_norm=0.377, pi_ceil=0.000, fb_scale=1.000
2026-04-09 14:06:56,715 [INFO] Stage 2 step 4600/5000: loss=2.1463, sens=1.0115, prior_kl=0.8453, fb_sparse=1.0800, energy=0.5880, homeo=0.0000, s_acc=0.666, p_acc=0.197, ang_err=14.4, a_inh=0.360, a_vip=0.360, tonic=0.0486, grad_norm=0.388, pi_ceil=0.000, fb_scale=1.000
2026-04-09 14:08:42,889 [INFO] Stage 2 step 4700/5000: loss=2.1647, sens=0.9866, prior_kl=0.8820, fb_sparse=1.0800, energy=0.5975, homeo=0.0000, s_acc=0.688, p_acc=0.191, ang_err=15.9, a_inh=0.360, a_vip=0.360, tonic=0.0486, grad_norm=0.554, pi_ceil=0.000, fb_scale=1.000
2026-04-09 14:10:29,575 [INFO] Stage 2 step 4800/5000: loss=2.1291, sens=1.0335, prior_kl=0.8049, fb_sparse=1.0800, energy=0.5898, homeo=0.0000, s_acc=0.656, p_acc=0.184, ang_err=13.8, a_inh=0.360, a_vip=0.360, tonic=0.0486, grad_norm=0.514, pi_ceil=0.000, fb_scale=1.000
2026-04-09 14:12:15,567 [INFO] Stage 2 step 4900/5000: loss=2.1181, sens=0.9807, prior_kl=0.8429, fb_sparse=1.0800, energy=0.5922, homeo=0.0000, s_acc=0.696, p_acc=0.210, ang_err=14.6, a_inh=0.360, a_vip=0.360, tonic=0.0486, grad_norm=0.512, pi_ceil=0.000, fb_scale=1.000
2026-04-09 14:14:01,581 [INFO] Stage 2 step 5000/5000: loss=2.1143, sens=0.9878, prior_kl=0.8347, fb_sparse=1.0800, energy=0.5894, homeo=0.0000, s_acc=0.701, p_acc=0.219, ang_err=14.1, a_inh=0.360, a_vip=0.360, tonic=0.0486, grad_norm=0.572, pi_ceil=0.000, fb_scale=1.000
2026-04-09 14:14:01,593 [INFO] Stage 2 complete: loss=2.1143, s_acc=0.701, p_acc=0.219
2026-04-09 14:14:01,604 [INFO] Saved to results/iter/v2_ei_predsup/center_surround_seed42/checkpoint.pt
2026-04-09 14:14:01,604 [INFO] Training complete.
