2026-04-08 04:44:18,401 [INFO] Mechanism: center_surround
2026-04-08 04:44:18,402 [INFO] Feedback mode: emergent
2026-04-08 04:44:18,402 [INFO] Device: cuda
2026-04-08 04:44:18,402 [INFO] Seed: 123
2026-04-08 04:44:18,406 [INFO] Network parameters: 6807
2026-04-08 04:44:18,407 [INFO] Delta-SOM mode enabled
2026-04-08 04:44:18,407 [INFO] ============================================================
2026-04-08 04:44:18,407 [INFO] STAGE 1: Sensory Scaffold
2026-04-08 04:44:18,407 [INFO] ============================================================
2026-04-08 04:44:30,361 [INFO] Stage 1 step 200/2000: loss=3.5943, acc=0.031, l23_mean=0.0002
2026-04-08 04:44:39,787 [INFO] Stage 1 step 400/2000: loss=3.4604, acc=0.281, l23_mean=0.0034
2026-04-08 04:44:49,190 [INFO] Stage 1 step 600/2000: loss=3.0440, acc=0.531, l23_mean=0.0116
2026-04-08 04:45:00,496 [INFO] Stage 1 step 800/2000: loss=2.6240, acc=0.562, l23_mean=0.0183
2026-04-08 04:45:10,064 [INFO] Stage 1 step 1000/2000: loss=2.3157, acc=0.750, l23_mean=0.0226
2026-04-08 04:45:19,639 [INFO] Stage 1 step 1200/2000: loss=2.0106, acc=0.719, l23_mean=0.0281
2026-04-08 04:45:30,350 [INFO] Stage 1 step 1400/2000: loss=2.0036, acc=0.844, l23_mean=0.0268
2026-04-08 04:45:39,858 [INFO] Stage 1 step 1600/2000: loss=2.0628, acc=0.750, l23_mean=0.0257
2026-04-08 04:45:49,459 [INFO] Stage 1 step 1800/2000: loss=1.9703, acc=0.812, l23_mean=0.0270
2026-04-08 04:45:59,132 [INFO] Stage 1 step 2000/2000: loss=1.7292, acc=0.844, l23_mean=0.0314
2026-04-08 04:45:59,154 [INFO] Gating 1 - Decoder accuracy: 1.000 (need >= 0.90)
2026-04-08 04:45:59,174 [INFO] Gating 2 - Unimodal units: 36/36
2026-04-08 04:45:59,184 [INFO] Gating 3 - Unique preferred orientations: 36/36
2026-04-08 04:45:59,197 [INFO] Gating 4 - FWHM in range: 36/36
2026-04-08 04:45:59,197 [INFO] Gating 5 - Mean L2/3 rate: 0.0396
2026-04-08 04:45:59,240 [INFO] Gating 6 - FWHM high=25.0, low=25.0
2026-04-08 04:45:59,270 [INFO] Transferred trained decoder from Stage 1 to shared loss_fn
2026-04-08 04:45:59,271 [INFO] Stage 1 complete: loss=1.7292, acc=0.855
2026-04-08 04:45:59,271 [INFO] Gating checks: {'decoder_accuracy_90': True, 'unimodal_tuning': True, 'orientation_tiling': True, 'fwhm_range': True, 'mean_activity': True, 'contrast_invariant_width': True}
2026-04-08 04:45:59,281 [INFO] Stage 1 checkpoint saved to results/batch2/abc_s123/center_surround_seed123/stage1_checkpoint.pt
2026-04-08 04:45:59,281 [INFO] ============================================================
2026-04-08 04:45:59,281 [INFO] STAGE 2: V2 + Feedback
2026-04-08 04:45:59,281 [INFO] ============================================================
2026-04-08 04:45:59,693 [INFO] Baselines (emergent): prior_kl uninformative=~3.6 (uniform prior), sensory uniform=0.028 (1/36)
2026-04-08 04:47:34,561 [INFO] Stage 2 step 100/10000: loss=5.5206, sens=2.3232, prior_kl=1.4892, fb_sparse=0.2100, energy=0.2838, homeo=0.0002, s_acc=0.422, p_acc=0.013, ang_err=46.5, a_inh=0.070, a_vip=0.070, tonic=0.0486, grad_norm=0.146, pi_ceil=0.000, fb_scale=0.000
2026-04-08 04:48:59,140 [INFO] Stage 2 step 200/10000: loss=5.3898, sens=2.2945, prior_kl=1.4716, fb_sparse=0.2100, energy=0.2850, homeo=0.0002, s_acc=0.387, p_acc=0.033, ang_err=40.1, a_inh=0.070, a_vip=0.070, tonic=0.0486, grad_norm=0.131, pi_ceil=0.000, fb_scale=0.000
2026-04-08 04:50:51,930 [INFO] Stage 2 step 300/10000: loss=5.1217, sens=2.2144, prior_kl=1.4242, fb_sparse=0.2100, energy=0.2866, homeo=0.0002, s_acc=0.389, p_acc=0.052, ang_err=27.3, a_inh=0.070, a_vip=0.070, tonic=0.0486, grad_norm=0.133, pi_ceil=0.000, fb_scale=0.000
2026-04-08 04:53:00,493 [INFO] Stage 2 step 400/10000: loss=4.8888, sens=2.2493, prior_kl=1.3223, fb_sparse=0.2100, energy=0.2861, homeo=0.0002, s_acc=0.359, p_acc=0.096, ang_err=22.2, a_inh=0.070, a_vip=0.070, tonic=0.0486, grad_norm=0.180, pi_ceil=0.000, fb_scale=0.000
2026-04-08 04:55:07,094 [INFO] Stage 2 step 500/10000: loss=4.4169, sens=2.1917, prior_kl=1.1123, fb_sparse=0.2100, energy=0.2880, homeo=0.0002, s_acc=0.349, p_acc=0.103, ang_err=19.3, a_inh=0.070, a_vip=0.070, tonic=0.0486, grad_norm=0.179, pi_ceil=0.000, fb_scale=0.000
2026-04-08 04:57:12,459 [INFO] Stage 2 step 600/10000: loss=4.1375, sens=2.2014, prior_kl=0.9961, fb_sparse=0.2100, energy=0.2822, homeo=0.0002, s_acc=0.346, p_acc=0.141, ang_err=16.7, a_inh=0.070, a_vip=0.070, tonic=0.0486, grad_norm=0.237, pi_ceil=0.000, fb_scale=0.000
2026-04-08 04:59:19,477 [INFO] Stage 2 step 700/10000: loss=3.9714, sens=2.1906, prior_kl=0.9885, fb_sparse=0.2100, energy=0.2824, homeo=0.0002, s_acc=0.344, p_acc=0.132, ang_err=16.9, a_inh=0.070, a_vip=0.070, tonic=0.0486, grad_norm=0.152, pi_ceil=0.000, fb_scale=0.000
2026-04-08 05:01:26,497 [INFO] Stage 2 step 800/10000: loss=3.7966, sens=2.1524, prior_kl=0.9818, fb_sparse=0.2100, energy=0.2848, homeo=0.0002, s_acc=0.355, p_acc=0.148, ang_err=17.2, a_inh=0.070, a_vip=0.070, tonic=0.0486, grad_norm=0.164, pi_ceil=0.000, fb_scale=0.000
2026-04-08 05:03:31,314 [INFO] Stage 2 step 900/10000: loss=3.6196, sens=2.1315, prior_kl=0.9253, fb_sparse=0.2100, energy=0.2836, homeo=0.0002, s_acc=0.336, p_acc=0.145, ang_err=15.4, a_inh=0.070, a_vip=0.070, tonic=0.0486, grad_norm=0.138, pi_ceil=0.000, fb_scale=0.000
2026-04-08 05:05:38,321 [INFO] Stage 2 step 1000/10000: loss=3.4482, sens=2.0929, prior_kl=0.8805, fb_sparse=0.2100, energy=0.2846, homeo=0.0002, s_acc=0.356, p_acc=0.151, ang_err=14.6, a_inh=0.070, a_vip=0.070, tonic=0.0486, grad_norm=0.153, pi_ceil=0.000, fb_scale=0.000
2026-04-08 05:05:38,340 [INFO] Step 1000: unfreezing gain_rec_raw
2026-04-08 05:07:45,256 [INFO] Stage 2 step 1100/10000: loss=3.3019, sens=2.0601, prior_kl=0.8352, fb_sparse=0.6764, energy=0.2867, homeo=0.0002, s_acc=0.357, p_acc=0.154, ang_err=14.3, a_inh=0.201, a_vip=0.227, tonic=0.0464, grad_norm=0.192, pi_ceil=0.000, fb_scale=0.099
2026-04-08 05:09:51,624 [INFO] Stage 2 step 1200/10000: loss=3.2331, sens=2.0420, prior_kl=0.8336, fb_sparse=1.0529, energy=0.2848, homeo=0.0002, s_acc=0.356, p_acc=0.159, ang_err=14.0, a_inh=0.353, a_vip=0.353, tonic=0.0450, grad_norm=0.173, pi_ceil=0.000, fb_scale=0.199
2026-04-08 05:11:56,662 [INFO] Stage 2 step 1300/10000: loss=3.2728, sens=2.0453, prior_kl=0.9109, fb_sparse=1.3718, energy=0.2871, homeo=0.0002, s_acc=0.350, p_acc=0.137, ang_err=16.3, a_inh=0.471, a_vip=0.465, tonic=0.0439, grad_norm=0.147, pi_ceil=0.000, fb_scale=0.299
2026-04-08 05:14:03,000 [INFO] Stage 2 step 1400/10000: loss=3.1699, sens=2.0184, prior_kl=0.8743, fb_sparse=1.6259, energy=0.2878, homeo=0.0002, s_acc=0.349, p_acc=0.141, ang_err=15.5, a_inh=0.575, a_vip=0.551, tonic=0.0430, grad_norm=0.222, pi_ceil=0.000, fb_scale=0.399
2026-04-08 05:16:09,770 [INFO] Stage 2 step 1500/10000: loss=3.1623, sens=2.0151, prior_kl=0.8985, fb_sparse=1.8315, energy=0.2889, homeo=0.0002, s_acc=0.360, p_acc=0.134, ang_err=16.1, a_inh=0.668, a_vip=0.625, tonic=0.0423, grad_norm=0.183, pi_ceil=0.000, fb_scale=0.499
2026-04-08 05:18:14,589 [INFO] Stage 2 step 1600/10000: loss=3.0472, sens=2.0080, prior_kl=0.8162, fb_sparse=2.0075, energy=0.2870, homeo=0.0002, s_acc=0.332, p_acc=0.141, ang_err=13.5, a_inh=0.754, a_vip=0.692, tonic=0.0416, grad_norm=0.284, pi_ceil=0.000, fb_scale=0.599
2026-04-08 05:20:21,400 [INFO] Stage 2 step 1700/10000: loss=2.9475, sens=1.9535, prior_kl=0.7975, fb_sparse=2.1751, energy=0.2875, homeo=0.0002, s_acc=0.355, p_acc=0.161, ang_err=13.8, a_inh=0.837, a_vip=0.756, tonic=0.0410, grad_norm=0.180, pi_ceil=0.000, fb_scale=0.699
2026-04-08 05:22:28,332 [INFO] Stage 2 step 1800/10000: loss=3.1005, sens=2.0014, prior_kl=0.9110, fb_sparse=2.3487, energy=0.2885, homeo=0.0002, s_acc=0.341, p_acc=0.132, ang_err=16.1, a_inh=0.922, a_vip=0.821, tonic=0.0404, grad_norm=0.269, pi_ceil=0.000, fb_scale=0.799
2026-04-08 05:24:35,090 [INFO] Stage 2 step 1900/10000: loss=2.9098, sens=1.9397, prior_kl=0.8071, fb_sparse=2.5221, energy=0.2919, homeo=0.0003, s_acc=0.339, p_acc=0.142, ang_err=14.1, a_inh=1.003, a_vip=0.882, tonic=0.0397, grad_norm=0.227, pi_ceil=0.000, fb_scale=0.899
2026-04-08 05:26:39,945 [INFO] Stage 2 step 2000/10000: loss=2.8074, sens=1.8991, prior_kl=0.7611, fb_sparse=2.7172, energy=0.2935, homeo=0.0003, s_acc=0.355, p_acc=0.134, ang_err=13.1, a_inh=1.089, a_vip=0.945, tonic=0.0391, grad_norm=0.213, pi_ceil=0.000, fb_scale=0.999
2026-04-08 05:28:47,584 [INFO] Stage 2 step 2100/10000: loss=2.9403, sens=1.9195, prior_kl=0.8796, fb_sparse=2.9020, energy=0.2938, homeo=0.0003, s_acc=0.357, p_acc=0.125, ang_err=15.6, a_inh=1.166, a_vip=0.995, tonic=0.0386, grad_norm=0.186, pi_ceil=0.000, fb_scale=1.000
2026-04-08 05:30:54,536 [INFO] Stage 2 step 2200/10000: loss=2.8985, sens=1.9234, prior_kl=0.8435, fb_sparse=3.0576, energy=0.2943, homeo=0.0003, s_acc=0.350, p_acc=0.122, ang_err=14.4, a_inh=1.229, a_vip=1.026, tonic=0.0381, grad_norm=0.221, pi_ceil=0.000, fb_scale=1.000
2026-04-08 05:32:59,257 [INFO] Stage 2 step 2300/10000: loss=2.8290, sens=1.9049, prior_kl=0.8023, fb_sparse=3.1979, energy=0.2937, homeo=0.0003, s_acc=0.332, p_acc=0.126, ang_err=14.3, a_inh=1.286, a_vip=1.044, tonic=0.0377, grad_norm=0.207, pi_ceil=0.000, fb_scale=1.000
2026-04-08 05:35:06,403 [INFO] Stage 2 step 2400/10000: loss=2.8486, sens=1.8710, prior_kl=0.8684, fb_sparse=3.3123, energy=0.3025, homeo=0.0003, s_acc=0.351, p_acc=0.118, ang_err=15.7, a_inh=1.332, a_vip=1.043, tonic=0.0375, grad_norm=0.271, pi_ceil=0.000, fb_scale=1.000
2026-04-08 05:37:12,544 [INFO] Stage 2 step 2500/10000: loss=2.8066, sens=1.8605, prior_kl=0.8420, fb_sparse=3.4083, energy=0.2981, homeo=0.0003, s_acc=0.346, p_acc=0.135, ang_err=15.0, a_inh=1.374, a_vip=1.029, tonic=0.0372, grad_norm=0.203, pi_ceil=0.000, fb_scale=1.000
2026-04-08 05:39:17,363 [INFO] Stage 2 step 2600/10000: loss=2.8185, sens=1.8654, prior_kl=0.8555, fb_sparse=3.4822, energy=0.3016, homeo=0.0003, s_acc=0.332, p_acc=0.124, ang_err=15.2, a_inh=1.410, a_vip=1.001, tonic=0.0370, grad_norm=0.180, pi_ceil=0.000, fb_scale=1.000
2026-04-08 05:41:24,250 [INFO] Stage 2 step 2700/10000: loss=2.6844, sens=1.8245, prior_kl=0.7728, fb_sparse=3.5357, energy=0.3020, homeo=0.0003, s_acc=0.335, p_acc=0.118, ang_err=13.2, a_inh=1.441, a_vip=0.961, tonic=0.0368, grad_norm=0.168, pi_ceil=0.000, fb_scale=1.000
2026-04-08 05:43:31,970 [INFO] Stage 2 step 2800/10000: loss=2.6767, sens=1.8130, prior_kl=0.7812, fb_sparse=3.5727, energy=0.3019, homeo=0.0004, s_acc=0.334, p_acc=0.129, ang_err=13.6, a_inh=1.467, a_vip=0.914, tonic=0.0366, grad_norm=0.232, pi_ceil=0.000, fb_scale=1.000
2026-04-08 05:45:39,908 [INFO] Stage 2 step 2900/10000: loss=2.6612, sens=1.8005, prior_kl=0.7828, fb_sparse=3.5988, energy=0.3021, homeo=0.0004, s_acc=0.316, p_acc=0.138, ang_err=13.7, a_inh=1.488, a_vip=0.865, tonic=0.0365, grad_norm=0.245, pi_ceil=0.000, fb_scale=1.000
2026-04-08 05:47:45,632 [INFO] Stage 2 step 3000/10000: loss=2.7476, sens=1.8557, prior_kl=0.8131, fb_sparse=3.6226, energy=0.3006, homeo=0.0004, s_acc=0.327, p_acc=0.122, ang_err=14.3, a_inh=1.509, a_vip=0.815, tonic=0.0363, grad_norm=0.231, pi_ceil=0.000, fb_scale=1.000
2026-04-08 05:49:53,342 [INFO] Stage 2 step 3100/10000: loss=2.6244, sens=1.7597, prior_kl=0.7968, fb_sparse=3.6398, energy=0.3052, homeo=0.0004, s_acc=0.349, p_acc=0.098, ang_err=14.0, a_inh=1.527, a_vip=0.764, tonic=0.0362, grad_norm=0.241, pi_ceil=0.000, fb_scale=1.000
2026-04-08 05:52:00,298 [INFO] Stage 2 step 3200/10000: loss=2.6372, sens=1.7753, prior_kl=0.7960, fb_sparse=3.6517, energy=0.3053, homeo=0.0004, s_acc=0.349, p_acc=0.102, ang_err=14.1, a_inh=1.541, a_vip=0.711, tonic=0.0361, grad_norm=0.247, pi_ceil=0.000, fb_scale=1.000
2026-04-08 05:54:06,604 [INFO] Stage 2 step 3300/10000: loss=2.7355, sens=1.8501, prior_kl=0.8166, fb_sparse=3.6588, energy=0.3001, homeo=0.0004, s_acc=0.338, p_acc=0.109, ang_err=14.2, a_inh=1.554, a_vip=0.659, tonic=0.0359, grad_norm=0.244, pi_ceil=0.000, fb_scale=1.000
2026-04-08 05:56:14,315 [INFO] Stage 2 step 3400/10000: loss=2.6010, sens=1.7554, prior_kl=0.7868, fb_sparse=3.6639, energy=0.3094, homeo=0.0004, s_acc=0.319, p_acc=0.126, ang_err=13.6, a_inh=1.564, a_vip=0.609, tonic=0.0358, grad_norm=0.167, pi_ceil=0.000, fb_scale=1.000
2026-04-08 05:58:20,828 [INFO] Stage 2 step 3500/10000: loss=2.7358, sens=1.8262, prior_kl=0.8483, fb_sparse=3.6655, energy=0.3041, homeo=0.0004, s_acc=0.335, p_acc=0.103, ang_err=14.8, a_inh=1.571, a_vip=0.560, tonic=0.0356, grad_norm=0.280, pi_ceil=0.000, fb_scale=1.000
2026-04-08 06:00:28,299 [INFO] Stage 2 step 3600/10000: loss=2.6424, sens=1.7844, prior_kl=0.8019, fb_sparse=3.6667, energy=0.3055, homeo=0.0004, s_acc=0.329, p_acc=0.112, ang_err=14.0, a_inh=1.578, a_vip=0.513, tonic=0.0355, grad_norm=0.284, pi_ceil=0.000, fb_scale=1.000
2026-04-08 06:02:34,269 [INFO] Stage 2 step 3700/10000: loss=2.6661, sens=1.7585, prior_kl=0.8535, fb_sparse=3.6675, energy=0.3070, homeo=0.0004, s_acc=0.330, p_acc=0.109, ang_err=15.5, a_inh=1.584, a_vip=0.468, tonic=0.0354, grad_norm=0.339, pi_ceil=0.000, fb_scale=1.000
2026-04-08 06:04:41,081 [INFO] Stage 2 step 3800/10000: loss=2.5277, sens=1.7232, prior_kl=0.7562, fb_sparse=3.6643, energy=0.3087, homeo=0.0004, s_acc=0.345, p_acc=0.112, ang_err=13.3, a_inh=1.587, a_vip=0.424, tonic=0.0353, grad_norm=0.189, pi_ceil=0.000, fb_scale=1.000
2026-04-08 06:06:47,583 [INFO] Stage 2 step 3900/10000: loss=2.5958, sens=1.7192, prior_kl=0.8287, fb_sparse=3.6591, energy=0.3088, homeo=0.0004, s_acc=0.339, p_acc=0.138, ang_err=15.0, a_inh=1.587, a_vip=0.381, tonic=0.0352, grad_norm=0.203, pi_ceil=0.000, fb_scale=1.000
2026-04-08 06:08:53,376 [INFO] Stage 2 step 4000/10000: loss=2.6385, sens=1.7427, prior_kl=0.8485, fb_sparse=3.6548, energy=0.3092, homeo=0.0004, s_acc=0.316, p_acc=0.125, ang_err=15.1, a_inh=1.588, a_vip=0.340, tonic=0.0350, grad_norm=0.176, pi_ceil=0.000, fb_scale=1.000
2026-04-08 06:11:00,116 [INFO] Stage 2 step 4100/10000: loss=2.5663, sens=1.7321, prior_kl=0.7891, fb_sparse=3.6507, energy=0.3081, homeo=0.0005, s_acc=0.354, p_acc=0.115, ang_err=14.5, a_inh=1.589, a_vip=0.301, tonic=0.0349, grad_norm=0.207, pi_ceil=0.000, fb_scale=1.000
2026-04-08 06:13:07,733 [INFO] Stage 2 step 4200/10000: loss=2.5409, sens=1.7060, prior_kl=0.7925, fb_sparse=3.6451, energy=0.3077, homeo=0.0005, s_acc=0.344, p_acc=0.109, ang_err=13.9, a_inh=1.587, a_vip=0.263, tonic=0.0348, grad_norm=0.214, pi_ceil=0.000, fb_scale=1.000
2026-04-08 06:15:15,362 [INFO] Stage 2 step 4300/10000: loss=2.5522, sens=1.6918, prior_kl=0.8197, fb_sparse=3.6368, energy=0.3112, homeo=0.0004, s_acc=0.340, p_acc=0.112, ang_err=14.7, a_inh=1.583, a_vip=0.225, tonic=0.0347, grad_norm=0.195, pi_ceil=0.000, fb_scale=1.000
2026-04-08 06:17:19,983 [INFO] Stage 2 step 4400/10000: loss=2.5424, sens=1.7220, prior_kl=0.7809, fb_sparse=3.6266, energy=0.3104, homeo=0.0005, s_acc=0.364, p_acc=0.120, ang_err=13.5, a_inh=1.578, a_vip=0.189, tonic=0.0346, grad_norm=0.181, pi_ceil=0.000, fb_scale=1.000
2026-04-08 06:19:26,931 [INFO] Stage 2 step 4500/10000: loss=2.5323, sens=1.7183, prior_kl=0.7746, fb_sparse=3.6202, energy=0.3092, homeo=0.0005, s_acc=0.315, p_acc=0.126, ang_err=14.0, a_inh=1.575, a_vip=0.156, tonic=0.0345, grad_norm=0.162, pi_ceil=0.000, fb_scale=1.000
2026-04-08 06:21:34,471 [INFO] Stage 2 step 4600/10000: loss=2.5326, sens=1.7011, prior_kl=0.7947, fb_sparse=3.6206, energy=0.3112, homeo=0.0005, s_acc=0.350, p_acc=0.107, ang_err=14.2, a_inh=1.569, a_vip=0.133, tonic=0.0343, grad_norm=0.152, pi_ceil=0.000, fb_scale=1.000
2026-04-08 06:23:39,400 [INFO] Stage 2 step 4700/10000: loss=2.6164, sens=1.7195, prior_kl=0.8600, fb_sparse=3.6214, energy=0.3157, homeo=0.0004, s_acc=0.322, p_acc=0.083, ang_err=15.8, a_inh=1.562, a_vip=0.113, tonic=0.0342, grad_norm=0.177, pi_ceil=0.000, fb_scale=1.000
2026-04-08 06:25:46,694 [INFO] Stage 2 step 4800/10000: loss=2.5066, sens=1.6784, prior_kl=0.7950, fb_sparse=3.6247, energy=0.3146, homeo=0.0004, s_acc=0.339, p_acc=0.129, ang_err=13.6, a_inh=1.557, a_vip=0.094, tonic=0.0341, grad_norm=0.251, pi_ceil=0.000, fb_scale=1.000
2026-04-08 06:27:53,437 [INFO] Stage 2 step 4900/10000: loss=2.5449, sens=1.6974, prior_kl=0.8124, fb_sparse=3.6385, energy=0.3101, homeo=0.0005, s_acc=0.360, p_acc=0.121, ang_err=13.8, a_inh=1.550, a_vip=0.088, tonic=0.0340, grad_norm=0.227, pi_ceil=0.000, fb_scale=1.000
2026-04-08 06:29:59,148 [INFO] Stage 2 step 5000/10000: loss=2.5305, sens=1.7253, prior_kl=0.7718, fb_sparse=3.6518, energy=0.3088, homeo=0.0005, s_acc=0.316, p_acc=0.105, ang_err=13.3, a_inh=1.543, a_vip=0.083, tonic=0.0339, grad_norm=0.210, pi_ceil=0.000, fb_scale=1.000
2026-04-08 06:32:06,736 [INFO] Stage 2 step 5100/10000: loss=2.5842, sens=1.7139, prior_kl=0.8371, fb_sparse=3.6636, energy=0.3119, homeo=0.0005, s_acc=0.334, p_acc=0.107, ang_err=15.0, a_inh=1.535, a_vip=0.079, tonic=0.0338, grad_norm=0.233, pi_ceil=0.000, fb_scale=1.000
2026-04-08 06:34:13,740 [INFO] Stage 2 step 5200/10000: loss=2.6312, sens=1.7469, prior_kl=0.8511, fb_sparse=3.6766, energy=0.3093, homeo=0.0005, s_acc=0.335, p_acc=0.135, ang_err=14.6, a_inh=1.528, a_vip=0.075, tonic=0.0336, grad_norm=0.212, pi_ceil=0.000, fb_scale=1.000
2026-04-08 06:36:20,342 [INFO] Stage 2 step 5300/10000: loss=2.4590, sens=1.6475, prior_kl=0.7827, fb_sparse=3.6889, energy=0.3137, homeo=0.0005, s_acc=0.346, p_acc=0.128, ang_err=13.3, a_inh=1.521, a_vip=0.071, tonic=0.0335, grad_norm=0.192, pi_ceil=0.000, fb_scale=1.000
2026-04-08 06:38:25,612 [INFO] Stage 2 step 5400/10000: loss=2.4683, sens=1.6433, prior_kl=0.7963, fb_sparse=3.7005, energy=0.3145, homeo=0.0005, s_acc=0.341, p_acc=0.113, ang_err=13.9, a_inh=1.513, a_vip=0.068, tonic=0.0334, grad_norm=0.205, pi_ceil=0.000, fb_scale=1.000
2026-04-08 06:40:32,799 [INFO] Stage 2 step 5500/10000: loss=2.5737, sens=1.7278, prior_kl=0.8147, fb_sparse=3.7120, energy=0.3104, homeo=0.0005, s_acc=0.356, p_acc=0.115, ang_err=14.4, a_inh=1.504, a_vip=0.069, tonic=0.0334, grad_norm=0.226, pi_ceil=0.000, fb_scale=1.000
2026-04-08 06:42:40,341 [INFO] Stage 2 step 5600/10000: loss=2.4822, sens=1.6422, prior_kl=0.8127, fb_sparse=3.7245, energy=0.3178, homeo=0.0005, s_acc=0.341, p_acc=0.117, ang_err=14.0, a_inh=1.496, a_vip=0.069, tonic=0.0333, grad_norm=0.222, pi_ceil=0.000, fb_scale=1.000
2026-04-08 06:44:44,939 [INFO] Stage 2 step 5700/10000: loss=2.4650, sens=1.6541, prior_kl=0.7845, fb_sparse=3.7360, energy=0.3173, homeo=0.0005, s_acc=0.335, p_acc=0.118, ang_err=13.2, a_inh=1.487, a_vip=0.070, tonic=0.0331, grad_norm=0.307, pi_ceil=0.000, fb_scale=1.000
2026-04-08 06:46:53,126 [INFO] Stage 2 step 5800/10000: loss=2.5365, sens=1.6654, prior_kl=0.8440, fb_sparse=3.7470, energy=0.3161, homeo=0.0005, s_acc=0.329, p_acc=0.107, ang_err=15.6, a_inh=1.479, a_vip=0.071, tonic=0.0331, grad_norm=0.160, pi_ceil=0.000, fb_scale=1.000
2026-04-08 06:48:59,528 [INFO] Stage 2 step 5900/10000: loss=2.4829, sens=1.6587, prior_kl=0.7977, fb_sparse=3.7580, energy=0.3152, homeo=0.0005, s_acc=0.360, p_acc=0.122, ang_err=14.3, a_inh=1.471, a_vip=0.072, tonic=0.0330, grad_norm=0.280, pi_ceil=0.000, fb_scale=1.000
2026-04-08 06:51:07,358 [INFO] Stage 2 step 6000/10000: loss=2.4216, sens=1.6355, prior_kl=0.7613, fb_sparse=3.7775, energy=0.3154, homeo=0.0005, s_acc=0.343, p_acc=0.105, ang_err=13.1, a_inh=1.468, a_vip=0.077, tonic=0.0329, grad_norm=0.275, pi_ceil=0.000, fb_scale=1.000
2026-04-08 06:53:14,501 [INFO] Stage 2 step 6100/10000: loss=2.5129, sens=1.6607, prior_kl=0.8267, fb_sparse=3.7958, energy=0.3173, homeo=0.0005, s_acc=0.359, p_acc=0.129, ang_err=14.5, a_inh=1.465, a_vip=0.082, tonic=0.0328, grad_norm=0.296, pi_ceil=0.000, fb_scale=1.000
2026-04-08 06:55:19,407 [INFO] Stage 2 step 6200/10000: loss=2.4679, sens=1.6430, prior_kl=0.8008, fb_sparse=3.8134, energy=0.3197, homeo=0.0005, s_acc=0.335, p_acc=0.116, ang_err=14.0, a_inh=1.462, a_vip=0.088, tonic=0.0328, grad_norm=0.295, pi_ceil=0.000, fb_scale=1.000
2026-04-08 06:57:26,763 [INFO] Stage 2 step 6300/10000: loss=2.3976, sens=1.6367, prior_kl=0.7379, fb_sparse=3.8298, energy=0.3186, homeo=0.0005, s_acc=0.326, p_acc=0.115, ang_err=12.8, a_inh=1.458, a_vip=0.093, tonic=0.0327, grad_norm=0.268, pi_ceil=0.000, fb_scale=1.000
2026-04-08 06:59:34,070 [INFO] Stage 2 step 6400/10000: loss=2.6449, sens=1.7188, prior_kl=0.8999, fb_sparse=3.8457, energy=0.3152, homeo=0.0005, s_acc=0.349, p_acc=0.095, ang_err=16.2, a_inh=1.454, a_vip=0.099, tonic=0.0326, grad_norm=0.194, pi_ceil=0.000, fb_scale=1.000
2026-04-08 07:01:38,864 [INFO] Stage 2 step 6500/10000: loss=2.4753, sens=1.6501, prior_kl=0.8016, fb_sparse=3.8612, energy=0.3198, homeo=0.0005, s_acc=0.350, p_acc=0.132, ang_err=14.4, a_inh=1.451, a_vip=0.105, tonic=0.0326, grad_norm=0.188, pi_ceil=0.000, fb_scale=1.000
2026-04-08 07:03:45,296 [INFO] Stage 2 step 6600/10000: loss=2.5372, sens=1.6793, prior_kl=0.8341, fb_sparse=3.8770, energy=0.3155, homeo=0.0005, s_acc=0.365, p_acc=0.134, ang_err=14.4, a_inh=1.449, a_vip=0.110, tonic=0.0325, grad_norm=0.188, pi_ceil=0.000, fb_scale=1.000
2026-04-08 07:05:52,932 [INFO] Stage 2 step 6700/10000: loss=2.5073, sens=1.6773, prior_kl=0.8063, fb_sparse=3.8919, energy=0.3142, homeo=0.0006, s_acc=0.335, p_acc=0.124, ang_err=14.5, a_inh=1.446, a_vip=0.116, tonic=0.0325, grad_norm=0.224, pi_ceil=0.000, fb_scale=1.000
2026-04-08 07:07:57,221 [INFO] Stage 2 step 6800/10000: loss=2.4448, sens=1.6360, prior_kl=0.7867, fb_sparse=3.9067, energy=0.3173, homeo=0.0005, s_acc=0.371, p_acc=0.133, ang_err=13.4, a_inh=1.444, a_vip=0.121, tonic=0.0324, grad_norm=0.255, pi_ceil=0.000, fb_scale=1.000
2026-04-08 07:10:05,368 [INFO] Stage 2 step 6900/10000: loss=2.4664, sens=1.6486, prior_kl=0.7956, fb_sparse=3.9205, energy=0.3166, homeo=0.0005, s_acc=0.357, p_acc=0.122, ang_err=13.7, a_inh=1.442, a_vip=0.127, tonic=0.0324, grad_norm=0.309, pi_ceil=0.000, fb_scale=1.000
2026-04-08 07:12:12,368 [INFO] Stage 2 step 7000/10000: loss=2.4949, sens=1.6792, prior_kl=0.7930, fb_sparse=3.9339, energy=0.3143, homeo=0.0006, s_acc=0.335, p_acc=0.133, ang_err=14.4, a_inh=1.440, a_vip=0.132, tonic=0.0323, grad_norm=0.184, pi_ceil=0.000, fb_scale=1.000
2026-04-08 07:14:20,122 [INFO] Stage 2 step 7100/10000: loss=2.3880, sens=1.6079, prior_kl=0.7595, fb_sparse=3.9466, energy=0.3212, homeo=0.0005, s_acc=0.317, p_acc=0.125, ang_err=13.1, a_inh=1.438, a_vip=0.138, tonic=0.0323, grad_norm=0.280, pi_ceil=0.000, fb_scale=1.000
2026-04-08 07:16:26,469 [INFO] Stage 2 step 7200/10000: loss=2.4198, sens=1.6230, prior_kl=0.7760, fb_sparse=3.9588, energy=0.3185, homeo=0.0005, s_acc=0.365, p_acc=0.134, ang_err=13.1, a_inh=1.436, a_vip=0.143, tonic=0.0322, grad_norm=0.247, pi_ceil=0.000, fb_scale=1.000
2026-04-08 07:18:33,611 [INFO] Stage 2 step 7300/10000: loss=2.6081, sens=1.7143, prior_kl=0.8706, fb_sparse=3.9706, energy=0.3133, homeo=0.0006, s_acc=0.315, p_acc=0.108, ang_err=15.5, a_inh=1.434, a_vip=0.148, tonic=0.0322, grad_norm=0.215, pi_ceil=0.000, fb_scale=1.000
2026-04-08 07:20:41,264 [INFO] Stage 2 step 7400/10000: loss=2.4478, sens=1.6265, prior_kl=0.8004, fb_sparse=3.9815, energy=0.3174, homeo=0.0005, s_acc=0.367, p_acc=0.116, ang_err=14.6, a_inh=1.432, a_vip=0.153, tonic=0.0322, grad_norm=0.228, pi_ceil=0.000, fb_scale=1.000
2026-04-08 07:22:45,997 [INFO] Stage 2 step 7500/10000: loss=2.5109, sens=1.6504, prior_kl=0.8393, fb_sparse=3.9921, energy=0.3183, homeo=0.0005, s_acc=0.354, p_acc=0.099, ang_err=15.5, a_inh=1.431, a_vip=0.158, tonic=0.0321, grad_norm=0.269, pi_ceil=0.000, fb_scale=1.000
2026-04-08 07:24:53,596 [INFO] Stage 2 step 7600/10000: loss=2.4380, sens=1.6180, prior_kl=0.8001, fb_sparse=4.0022, energy=0.3218, homeo=0.0005, s_acc=0.334, p_acc=0.104, ang_err=14.4, a_inh=1.430, a_vip=0.163, tonic=0.0321, grad_norm=0.221, pi_ceil=0.000, fb_scale=1.000
2026-04-08 07:27:01,203 [INFO] Stage 2 step 7700/10000: loss=2.4230, sens=1.6246, prior_kl=0.7784, fb_sparse=4.0114, energy=0.3181, homeo=0.0005, s_acc=0.349, p_acc=0.120, ang_err=13.4, a_inh=1.429, a_vip=0.167, tonic=0.0321, grad_norm=0.298, pi_ceil=0.000, fb_scale=1.000
2026-04-08 07:29:05,737 [INFO] Stage 2 step 7800/10000: loss=2.3473, sens=1.5464, prior_kl=0.7822, fb_sparse=4.0198, energy=0.3232, homeo=0.0005, s_acc=0.371, p_acc=0.132, ang_err=13.9, a_inh=1.428, a_vip=0.171, tonic=0.0320, grad_norm=0.151, pi_ceil=0.000, fb_scale=1.000
2026-04-08 07:31:13,192 [INFO] Stage 2 step 7900/10000: loss=2.5059, sens=1.6743, prior_kl=0.8113, fb_sparse=4.0277, energy=0.3187, homeo=0.0005, s_acc=0.320, p_acc=0.113, ang_err=13.7, a_inh=1.427, a_vip=0.175, tonic=0.0320, grad_norm=0.223, pi_ceil=0.000, fb_scale=1.000
2026-04-08 07:33:20,543 [INFO] Stage 2 step 8000/10000: loss=2.4482, sens=1.6284, prior_kl=0.8004, fb_sparse=4.0354, energy=0.3219, homeo=0.0005, s_acc=0.341, p_acc=0.130, ang_err=13.6, a_inh=1.426, a_vip=0.179, tonic=0.0320, grad_norm=0.261, pi_ceil=0.000, fb_scale=1.000
2026-04-08 07:35:27,259 [INFO] Stage 2 step 8100/10000: loss=2.3890, sens=1.6004, prior_kl=0.7696, fb_sparse=4.0424, energy=0.3199, homeo=0.0005, s_acc=0.334, p_acc=0.118, ang_err=13.8, a_inh=1.426, a_vip=0.182, tonic=0.0320, grad_norm=0.231, pi_ceil=0.000, fb_scale=1.000
2026-04-08 07:37:32,551 [INFO] Stage 2 step 8200/10000: loss=2.5042, sens=1.6430, prior_kl=0.8415, fb_sparse=4.0486, energy=0.3190, homeo=0.0005, s_acc=0.369, p_acc=0.129, ang_err=14.8, a_inh=1.425, a_vip=0.185, tonic=0.0320, grad_norm=0.206, pi_ceil=0.000, fb_scale=1.000
2026-04-08 07:39:39,407 [INFO] Stage 2 step 8300/10000: loss=2.4099, sens=1.5894, prior_kl=0.8019, fb_sparse=4.0544, energy=0.3218, homeo=0.0005, s_acc=0.354, p_acc=0.125, ang_err=13.8, a_inh=1.425, a_vip=0.188, tonic=0.0320, grad_norm=0.218, pi_ceil=0.000, fb_scale=1.000
2026-04-08 07:41:46,860 [INFO] Stage 2 step 8400/10000: loss=2.4162, sens=1.6450, prior_kl=0.7518, fb_sparse=4.0595, energy=0.3191, homeo=0.0005, s_acc=0.314, p_acc=0.146, ang_err=13.1, a_inh=1.424, a_vip=0.190, tonic=0.0319, grad_norm=0.215, pi_ceil=0.000, fb_scale=1.000
2026-04-08 07:43:51,921 [INFO] Stage 2 step 8500/10000: loss=2.4985, sens=1.6427, prior_kl=0.8366, fb_sparse=4.0640, energy=0.3246, homeo=0.0005, s_acc=0.349, p_acc=0.120, ang_err=15.0, a_inh=1.424, a_vip=0.192, tonic=0.0319, grad_norm=0.270, pi_ceil=0.000, fb_scale=1.000
2026-04-08 07:45:59,027 [INFO] Stage 2 step 8600/10000: loss=2.4567, sens=1.6478, prior_kl=0.7896, fb_sparse=4.0681, energy=0.3176, homeo=0.0006, s_acc=0.317, p_acc=0.133, ang_err=13.8, a_inh=1.424, a_vip=0.194, tonic=0.0319, grad_norm=0.251, pi_ceil=0.000, fb_scale=1.000
2026-04-08 07:48:07,280 [INFO] Stage 2 step 8700/10000: loss=2.4372, sens=1.5875, prior_kl=0.8312, fb_sparse=4.0717, energy=0.3219, homeo=0.0005, s_acc=0.351, p_acc=0.118, ang_err=14.6, a_inh=1.424, a_vip=0.196, tonic=0.0319, grad_norm=0.280, pi_ceil=0.000, fb_scale=1.000
2026-04-08 07:50:13,225 [INFO] Stage 2 step 8800/10000: loss=2.3063, sens=1.5498, prior_kl=0.7387, fb_sparse=4.0747, energy=0.3211, homeo=0.0005, s_acc=0.347, p_acc=0.137, ang_err=13.2, a_inh=1.423, a_vip=0.198, tonic=0.0319, grad_norm=0.203, pi_ceil=0.000, fb_scale=1.000
2026-04-08 07:52:20,239 [INFO] Stage 2 step 8900/10000: loss=2.4438, sens=1.6435, prior_kl=0.7811, fb_sparse=4.0774, energy=0.3167, homeo=0.0006, s_acc=0.389, p_acc=0.125, ang_err=13.3, a_inh=1.423, a_vip=0.199, tonic=0.0319, grad_norm=0.226, pi_ceil=0.000, fb_scale=1.000
2026-04-08 07:54:28,136 [INFO] Stage 2 step 9000/10000: loss=2.4522, sens=1.6083, prior_kl=0.8250, fb_sparse=4.0796, energy=0.3194, homeo=0.0006, s_acc=0.356, p_acc=0.112, ang_err=14.6, a_inh=1.423, a_vip=0.200, tonic=0.0319, grad_norm=0.351, pi_ceil=0.000, fb_scale=1.000
2026-04-08 07:56:33,710 [INFO] Stage 2 step 9100/10000: loss=2.4893, sens=1.6202, prior_kl=0.8504, fb_sparse=4.0814, energy=0.3233, homeo=0.0005, s_acc=0.324, p_acc=0.087, ang_err=15.1, a_inh=1.423, a_vip=0.201, tonic=0.0319, grad_norm=0.180, pi_ceil=0.000, fb_scale=1.000
2026-04-08 07:58:40,525 [INFO] Stage 2 step 9200/10000: loss=2.4327, sens=1.6215, prior_kl=0.7925, fb_sparse=4.0828, energy=0.3175, homeo=0.0006, s_acc=0.340, p_acc=0.116, ang_err=13.6, a_inh=1.423, a_vip=0.202, tonic=0.0319, grad_norm=0.246, pi_ceil=0.000, fb_scale=1.000
2026-04-08 08:00:47,668 [INFO] Stage 2 step 9300/10000: loss=2.4390, sens=1.6257, prior_kl=0.7945, fb_sparse=4.0839, energy=0.3184, homeo=0.0006, s_acc=0.356, p_acc=0.121, ang_err=13.7, a_inh=1.423, a_vip=0.202, tonic=0.0319, grad_norm=0.209, pi_ceil=0.000, fb_scale=1.000
2026-04-08 08:02:52,860 [INFO] Stage 2 step 9400/10000: loss=2.4733, sens=1.6338, prior_kl=0.8209, fb_sparse=4.0848, energy=0.3205, homeo=0.0005, s_acc=0.319, p_acc=0.107, ang_err=14.5, a_inh=1.423, a_vip=0.203, tonic=0.0319, grad_norm=0.277, pi_ceil=0.000, fb_scale=1.000
2026-04-08 08:05:00,312 [INFO] Stage 2 step 9500/10000: loss=2.4330, sens=1.6062, prior_kl=0.8086, fb_sparse=4.0854, energy=0.3209, homeo=0.0005, s_acc=0.340, p_acc=0.113, ang_err=14.6, a_inh=1.423, a_vip=0.203, tonic=0.0319, grad_norm=0.444, pi_ceil=0.000, fb_scale=1.000
2026-04-08 08:07:07,373 [INFO] Stage 2 step 9600/10000: loss=2.4137, sens=1.6211, prior_kl=0.7743, fb_sparse=4.0858, energy=0.3213, homeo=0.0005, s_acc=0.349, p_acc=0.118, ang_err=13.4, a_inh=1.423, a_vip=0.203, tonic=0.0319, grad_norm=0.192, pi_ceil=0.000, fb_scale=1.000
2026-04-08 08:09:11,761 [INFO] Stage 2 step 9700/10000: loss=2.4662, sens=1.6238, prior_kl=0.8240, fb_sparse=4.0861, energy=0.3216, homeo=0.0005, s_acc=0.331, p_acc=0.112, ang_err=14.8, a_inh=1.423, a_vip=0.203, tonic=0.0319, grad_norm=0.301, pi_ceil=0.000, fb_scale=1.000
2026-04-08 08:10:42,992 [INFO] Stage 2 step 9800/10000: loss=2.3947, sens=1.6117, prior_kl=0.7648, fb_sparse=4.0862, energy=0.3203, homeo=0.0005, s_acc=0.375, p_acc=0.145, ang_err=13.1, a_inh=1.423, a_vip=0.203, tonic=0.0319, grad_norm=0.255, pi_ceil=0.000, fb_scale=1.000
2026-04-08 08:12:06,121 [INFO] Stage 2 step 9900/10000: loss=2.3860, sens=1.5868, prior_kl=0.7818, fb_sparse=4.0862, energy=0.3269, homeo=0.0005, s_acc=0.329, p_acc=0.112, ang_err=13.7, a_inh=1.423, a_vip=0.203, tonic=0.0319, grad_norm=0.250, pi_ceil=0.000, fb_scale=1.000
2026-04-08 08:13:31,401 [INFO] Stage 2 step 10000/10000: loss=2.5147, sens=1.6595, prior_kl=0.8358, fb_sparse=4.0862, energy=0.3205, homeo=0.0005, s_acc=0.362, p_acc=0.107, ang_err=15.4, a_inh=1.423, a_vip=0.203, tonic=0.0319, grad_norm=0.170, pi_ceil=0.000, fb_scale=1.000
2026-04-08 08:13:31,416 [INFO] Stage 2 complete: loss=2.5147, s_acc=0.362, p_acc=0.107
2026-04-08 08:13:31,435 [INFO] Saved to results/batch2/abc_s123/center_surround_seed123/checkpoint.pt
2026-04-08 08:13:31,435 [INFO] Training complete.
