2026-04-08 01:01:19,394 [INFO] Mechanism: center_surround
2026-04-08 01:01:19,395 [INFO] Feedback mode: emergent
2026-04-08 01:01:19,395 [INFO] Device: cuda
2026-04-08 01:01:19,395 [INFO] Seed: 42
2026-04-08 01:01:19,399 [INFO] Network parameters: 6807
2026-04-08 01:01:19,399 [INFO] Delta-SOM mode enabled
2026-04-08 01:01:19,399 [INFO] ============================================================
2026-04-08 01:01:19,399 [INFO] STAGE 1: Sensory Scaffold
2026-04-08 01:01:19,399 [INFO] ============================================================
2026-04-08 01:01:30,162 [INFO] Stage 1 step 200/2000: loss=3.5982, acc=0.031, l23_mean=0.0002
2026-04-08 01:01:36,749 [INFO] Stage 1 step 400/2000: loss=3.4927, acc=0.188, l23_mean=0.0034
2026-04-08 01:01:43,211 [INFO] Stage 1 step 600/2000: loss=3.0131, acc=0.469, l23_mean=0.0123
2026-04-08 01:01:49,779 [INFO] Stage 1 step 800/2000: loss=2.7744, acc=0.469, l23_mean=0.0152
2026-04-08 01:01:57,211 [INFO] Stage 1 step 1000/2000: loss=2.2932, acc=0.812, l23_mean=0.0232
2026-04-08 01:02:03,841 [INFO] Stage 1 step 1200/2000: loss=2.1307, acc=0.719, l23_mean=0.0254
2026-04-08 01:02:10,418 [INFO] Stage 1 step 1400/2000: loss=2.0215, acc=0.844, l23_mean=0.0269
2026-04-08 01:02:17,117 [INFO] Stage 1 step 1600/2000: loss=1.9990, acc=0.844, l23_mean=0.0273
2026-04-08 01:02:23,787 [INFO] Stage 1 step 1800/2000: loss=1.9323, acc=0.812, l23_mean=0.0273
2026-04-08 01:02:31,185 [INFO] Stage 1 step 2000/2000: loss=1.7463, acc=0.906, l23_mean=0.0322
2026-04-08 01:02:31,201 [INFO] Gating 1 - Decoder accuracy: 1.000 (need >= 0.90)
2026-04-08 01:02:31,223 [INFO] Gating 2 - Unimodal units: 36/36
2026-04-08 01:02:31,244 [INFO] Gating 3 - Unique preferred orientations: 36/36
2026-04-08 01:02:31,250 [INFO] Gating 4 - FWHM in range: 36/36
2026-04-08 01:02:31,250 [INFO] Gating 5 - Mean L2/3 rate: 0.0396
2026-04-08 01:02:31,275 [INFO] Gating 6 - FWHM high=25.0, low=25.0
2026-04-08 01:02:31,291 [INFO] Transferred trained decoder from Stage 1 to shared loss_fn
2026-04-08 01:02:31,292 [INFO] Stage 1 complete: loss=1.7463, acc=0.891
2026-04-08 01:02:31,292 [INFO] Gating checks: {'decoder_accuracy_90': True, 'unimodal_tuning': True, 'orientation_tiling': True, 'fwhm_range': True, 'mean_activity': True, 'contrast_invariant_width': True}
2026-04-08 01:02:31,301 [INFO] Stage 1 checkpoint saved to results/batch2/branch_a_s42/center_surround_seed42/stage1_checkpoint.pt
2026-04-08 01:02:31,301 [INFO] ============================================================
2026-04-08 01:02:31,301 [INFO] STAGE 2: V2 + Feedback
2026-04-08 01:02:31,302 [INFO] ============================================================
2026-04-08 01:02:31,726 [INFO] Baselines (emergent): prior_kl uninformative=~3.6 (uniform prior), sensory uniform=0.028 (1/36)
/home/vysoforlife/.local/lib/python3.10/site-packages/torch/_inductor/compile_fx.py:321: UserWarning: TensorFloat32 tensor cores for float32 matrix multiplication available but not enabled. Consider setting `torch.set_float32_matmul_precision('high')` for better performance.
  warnings.warn(
W0408 01:02:32.954000 2746017 torch/_inductor/utils.py:1679] [0/0] Not enough SMs to use max_autotune_gemm mode
2026-04-08 01:04:16,226 [INFO] Stage 2 step 100/10000: loss=5.6789, sens=2.2855, prior_kl=1.4751, fb_sparse=0.2100, energy=0.2857, homeo=0.0002, s_acc=0.370, p_acc=0.031, ang_err=47.7, a_inh=0.070, a_vip=0.070, tonic=0.0486, grad_norm=0.116, pi_ceil=0.000, fb_scale=0.000
2026-04-08 01:05:28,653 [INFO] Stage 2 step 200/10000: loss=5.6110, sens=2.3230, prior_kl=1.4557, fb_sparse=0.2100, energy=0.2842, homeo=0.0002, s_acc=0.385, p_acc=0.040, ang_err=40.8, a_inh=0.070, a_vip=0.070, tonic=0.0486, grad_norm=0.132, pi_ceil=0.000, fb_scale=0.000
2026-04-08 01:06:48,491 [INFO] Stage 2 step 300/10000: loss=5.4145, sens=2.2759, prior_kl=1.4467, fb_sparse=0.2100, energy=0.2845, homeo=0.0002, s_acc=0.392, p_acc=0.057, ang_err=36.9, a_inh=0.070, a_vip=0.070, tonic=0.0486, grad_norm=0.127, pi_ceil=0.000, fb_scale=0.000
2026-04-08 01:08:14,726 [INFO] Stage 2 step 400/10000: loss=5.0607, sens=2.2312, prior_kl=1.3236, fb_sparse=0.2100, energy=0.2843, homeo=0.0002, s_acc=0.347, p_acc=0.074, ang_err=26.8, a_inh=0.070, a_vip=0.070, tonic=0.0486, grad_norm=0.183, pi_ceil=0.000, fb_scale=0.000
2026-04-08 01:09:39,665 [INFO] Stage 2 step 500/10000: loss=4.7068, sens=2.2228, prior_kl=1.1900, fb_sparse=0.2100, energy=0.2825, homeo=0.0002, s_acc=0.338, p_acc=0.092, ang_err=20.3, a_inh=0.070, a_vip=0.070, tonic=0.0486, grad_norm=0.176, pi_ceil=0.000, fb_scale=0.000
2026-04-08 01:11:06,511 [INFO] Stage 2 step 600/10000: loss=4.3626, sens=2.2014, prior_kl=1.0772, fb_sparse=0.2100, energy=0.2857, homeo=0.0002, s_acc=0.322, p_acc=0.142, ang_err=18.8, a_inh=0.070, a_vip=0.070, tonic=0.0486, grad_norm=0.152, pi_ceil=0.000, fb_scale=0.000
2026-04-08 01:13:09,486 [INFO] Stage 2 step 700/10000: loss=4.1390, sens=2.2098, prior_kl=1.0116, fb_sparse=0.2100, energy=0.2831, homeo=0.0002, s_acc=0.331, p_acc=0.128, ang_err=18.3, a_inh=0.070, a_vip=0.070, tonic=0.0486, grad_norm=0.163, pi_ceil=0.000, fb_scale=0.000
2026-04-08 01:15:20,091 [INFO] Stage 2 step 800/10000: loss=3.8142, sens=2.1224, prior_kl=0.9303, fb_sparse=0.2100, energy=0.2840, homeo=0.0002, s_acc=0.352, p_acc=0.122, ang_err=16.2, a_inh=0.070, a_vip=0.070, tonic=0.0486, grad_norm=0.207, pi_ceil=0.000, fb_scale=0.000
2026-04-08 01:17:27,626 [INFO] Stage 2 step 900/10000: loss=3.6007, sens=2.0737, prior_kl=0.8952, fb_sparse=0.2100, energy=0.2892, homeo=0.0002, s_acc=0.359, p_acc=0.126, ang_err=15.4, a_inh=0.070, a_vip=0.070, tonic=0.0486, grad_norm=0.162, pi_ceil=0.000, fb_scale=0.000
2026-04-08 01:19:33,770 [INFO] Stage 2 step 1000/10000: loss=3.5793, sens=2.0922, prior_kl=0.9367, fb_sparse=0.2100, energy=0.2844, homeo=0.0002, s_acc=0.362, p_acc=0.125, ang_err=16.5, a_inh=0.070, a_vip=0.070, tonic=0.0486, grad_norm=0.225, pi_ceil=0.000, fb_scale=0.000
2026-04-08 01:19:33,791 [INFO] Step 1000: unfreezing gain_rec_raw
2026-04-08 01:21:41,185 [INFO] Stage 2 step 1100/10000: loss=3.4377, sens=2.0677, prior_kl=0.8999, fb_sparse=0.5653, energy=0.2865, homeo=0.0002, s_acc=0.364, p_acc=0.135, ang_err=15.2, a_inh=0.207, a_vip=0.228, tonic=0.0464, grad_norm=0.158, pi_ceil=0.000, fb_scale=0.099
2026-04-08 01:23:47,339 [INFO] Stage 2 step 1200/10000: loss=3.2697, sens=2.0016, prior_kl=0.8688, fb_sparse=0.8941, energy=0.2897, homeo=0.0002, s_acc=0.361, p_acc=0.145, ang_err=14.3, a_inh=0.362, a_vip=0.362, tonic=0.0449, grad_norm=0.154, pi_ceil=0.000, fb_scale=0.199
2026-04-08 01:25:55,232 [INFO] Stage 2 step 1300/10000: loss=3.2457, sens=2.0256, prior_kl=0.8663, fb_sparse=1.1778, energy=0.2893, homeo=0.0002, s_acc=0.364, p_acc=0.151, ang_err=14.8, a_inh=0.485, a_vip=0.483, tonic=0.0438, grad_norm=0.185, pi_ceil=0.000, fb_scale=0.299
2026-04-08 01:28:01,403 [INFO] Stage 2 step 1400/10000: loss=3.0532, sens=1.9581, prior_kl=0.7914, fb_sparse=1.4052, energy=0.2897, homeo=0.0002, s_acc=0.359, p_acc=0.148, ang_err=13.2, a_inh=0.596, a_vip=0.580, tonic=0.0429, grad_norm=0.183, pi_ceil=0.000, fb_scale=0.399
2026-04-08 01:30:07,499 [INFO] Stage 2 step 1500/10000: loss=3.2003, sens=2.0377, prior_kl=0.8737, fb_sparse=1.5798, energy=0.2852, homeo=0.0002, s_acc=0.359, p_acc=0.107, ang_err=15.5, a_inh=0.695, a_vip=0.659, tonic=0.0421, grad_norm=0.249, pi_ceil=0.000, fb_scale=0.499
2026-04-08 01:32:13,633 [INFO] Stage 2 step 1600/10000: loss=3.0497, sens=1.9956, prior_kl=0.8034, fb_sparse=1.7152, energy=0.2874, homeo=0.0002, s_acc=0.364, p_acc=0.137, ang_err=13.6, a_inh=0.785, a_vip=0.720, tonic=0.0413, grad_norm=0.152, pi_ceil=0.000, fb_scale=0.599
2026-04-08 01:34:20,445 [INFO] Stage 2 step 1700/10000: loss=2.9539, sens=1.9404, prior_kl=0.7951, fb_sparse=1.8501, energy=0.2907, homeo=0.0002, s_acc=0.384, p_acc=0.152, ang_err=13.5, a_inh=0.870, a_vip=0.785, tonic=0.0407, grad_norm=0.172, pi_ceil=0.000, fb_scale=0.699
2026-04-08 01:36:27,140 [INFO] Stage 2 step 1800/10000: loss=2.9343, sens=1.9486, prior_kl=0.7857, fb_sparse=1.9788, energy=0.2900, homeo=0.0002, s_acc=0.336, p_acc=0.126, ang_err=13.6, a_inh=0.951, a_vip=0.846, tonic=0.0401, grad_norm=0.200, pi_ceil=0.000, fb_scale=0.799
2026-04-08 01:38:34,056 [INFO] Stage 2 step 1900/10000: loss=2.9259, sens=1.9619, prior_kl=0.7759, fb_sparse=2.1285, energy=0.2879, homeo=0.0003, s_acc=0.335, p_acc=0.148, ang_err=13.2, a_inh=1.031, a_vip=0.906, tonic=0.0395, grad_norm=0.235, pi_ceil=0.000, fb_scale=0.899
2026-04-08 01:40:41,571 [INFO] Stage 2 step 2000/10000: loss=2.9429, sens=1.9234, prior_kl=0.8518, fb_sparse=2.2728, energy=0.2935, homeo=0.0003, s_acc=0.355, p_acc=0.135, ang_err=14.7, a_inh=1.107, a_vip=0.959, tonic=0.0389, grad_norm=0.180, pi_ceil=0.000, fb_scale=0.999
2026-04-08 01:42:48,214 [INFO] Stage 2 step 2100/10000: loss=2.8941, sens=1.8861, prior_kl=0.8591, fb_sparse=2.3963, energy=0.2993, homeo=0.0003, s_acc=0.341, p_acc=0.115, ang_err=15.4, a_inh=1.174, a_vip=0.999, tonic=0.0384, grad_norm=0.241, pi_ceil=0.000, fb_scale=1.000
2026-04-08 01:44:53,811 [INFO] Stage 2 step 2200/10000: loss=2.8438, sens=1.8822, prior_kl=0.8204, fb_sparse=2.4980, energy=0.2939, homeo=0.0003, s_acc=0.367, p_acc=0.122, ang_err=14.4, a_inh=1.230, a_vip=1.025, tonic=0.0381, grad_norm=0.140, pi_ceil=0.000, fb_scale=1.000
2026-04-08 01:46:59,907 [INFO] Stage 2 step 2300/10000: loss=2.8377, sens=1.8794, prior_kl=0.8297, fb_sparse=2.5778, energy=0.2959, homeo=0.0003, s_acc=0.345, p_acc=0.118, ang_err=14.4, a_inh=1.278, a_vip=1.038, tonic=0.0378, grad_norm=0.188, pi_ceil=0.000, fb_scale=1.000
2026-04-08 01:49:07,241 [INFO] Stage 2 step 2400/10000: loss=2.8096, sens=1.8706, prior_kl=0.8189, fb_sparse=2.6377, energy=0.2974, homeo=0.0003, s_acc=0.341, p_acc=0.137, ang_err=14.6, a_inh=1.320, a_vip=1.038, tonic=0.0375, grad_norm=0.281, pi_ceil=0.000, fb_scale=1.000
2026-04-08 01:51:14,329 [INFO] Stage 2 step 2500/10000: loss=2.7213, sens=1.8431, prior_kl=0.7662, fb_sparse=2.6824, energy=0.2936, homeo=0.0003, s_acc=0.340, p_acc=0.117, ang_err=13.5, a_inh=1.357, a_vip=1.028, tonic=0.0373, grad_norm=0.182, pi_ceil=0.000, fb_scale=1.000
2026-04-08 01:53:21,053 [INFO] Stage 2 step 2600/10000: loss=2.8418, sens=1.8861, prior_kl=0.8471, fb_sparse=2.7122, energy=0.2948, homeo=0.0003, s_acc=0.330, p_acc=0.134, ang_err=15.1, a_inh=1.390, a_vip=1.008, tonic=0.0371, grad_norm=0.203, pi_ceil=0.000, fb_scale=1.000
2026-04-08 01:55:27,261 [INFO] Stage 2 step 2700/10000: loss=2.8999, sens=1.9022, prior_kl=0.8937, fb_sparse=2.7293, energy=0.2942, homeo=0.0003, s_acc=0.322, p_acc=0.109, ang_err=16.1, a_inh=1.419, a_vip=0.980, tonic=0.0370, grad_norm=0.186, pi_ceil=0.000, fb_scale=1.000
2026-04-08 01:57:34,476 [INFO] Stage 2 step 2800/10000: loss=2.7495, sens=1.8573, prior_kl=0.7988, fb_sparse=2.7364, energy=0.2980, homeo=0.0003, s_acc=0.312, p_acc=0.117, ang_err=14.6, a_inh=1.445, a_vip=0.944, tonic=0.0369, grad_norm=0.343, pi_ceil=0.000, fb_scale=1.000
2026-04-08 01:59:41,962 [INFO] Stage 2 step 2900/10000: loss=2.6211, sens=1.7638, prior_kl=0.7767, fb_sparse=2.7353, energy=0.3017, homeo=0.0003, s_acc=0.367, p_acc=0.133, ang_err=13.3, a_inh=1.468, a_vip=0.903, tonic=0.0368, grad_norm=0.340, pi_ceil=0.000, fb_scale=1.000
2026-04-08 02:01:49,386 [INFO] Stage 2 step 3000/10000: loss=2.7945, sens=1.8773, prior_kl=0.8318, fb_sparse=2.7269, energy=0.2984, homeo=0.0004, s_acc=0.317, p_acc=0.116, ang_err=14.9, a_inh=1.488, a_vip=0.859, tonic=0.0368, grad_norm=0.162, pi_ceil=0.000, fb_scale=1.000
2026-04-08 02:03:56,148 [INFO] Stage 2 step 3100/10000: loss=2.7776, sens=1.8564, prior_kl=0.8415, fb_sparse=2.7158, energy=0.2977, homeo=0.0004, s_acc=0.319, p_acc=0.126, ang_err=14.8, a_inh=1.506, a_vip=0.812, tonic=0.0367, grad_norm=0.221, pi_ceil=0.000, fb_scale=1.000
2026-04-08 02:06:03,099 [INFO] Stage 2 step 3200/10000: loss=2.6494, sens=1.7647, prior_kl=0.8147, fb_sparse=2.7017, energy=0.2998, homeo=0.0004, s_acc=0.370, p_acc=0.116, ang_err=14.5, a_inh=1.523, a_vip=0.765, tonic=0.0367, grad_norm=0.206, pi_ceil=0.000, fb_scale=1.000
2026-04-08 02:08:08,233 [INFO] Stage 2 step 3300/10000: loss=2.6395, sens=1.7717, prior_kl=0.8001, fb_sparse=2.6869, energy=0.2999, homeo=0.0004, s_acc=0.351, p_acc=0.099, ang_err=14.2, a_inh=1.538, a_vip=0.719, tonic=0.0367, grad_norm=0.204, pi_ceil=0.000, fb_scale=1.000
2026-04-08 02:10:15,702 [INFO] Stage 2 step 3400/10000: loss=2.7188, sens=1.8023, prior_kl=0.8512, fb_sparse=2.6689, energy=0.2998, homeo=0.0004, s_acc=0.331, p_acc=0.099, ang_err=15.0, a_inh=1.550, a_vip=0.672, tonic=0.0367, grad_norm=0.172, pi_ceil=0.000, fb_scale=1.000
2026-04-08 02:12:22,432 [INFO] Stage 2 step 3500/10000: loss=2.7154, sens=1.8006, prior_kl=0.8526, fb_sparse=2.6535, energy=0.3004, homeo=0.0004, s_acc=0.344, p_acc=0.124, ang_err=14.6, a_inh=1.563, a_vip=0.627, tonic=0.0367, grad_norm=0.281, pi_ceil=0.000, fb_scale=1.000
2026-04-08 02:14:29,430 [INFO] Stage 2 step 3600/10000: loss=2.6803, sens=1.8023, prior_kl=0.8178, fb_sparse=2.6333, energy=0.3001, homeo=0.0004, s_acc=0.340, p_acc=0.107, ang_err=14.9, a_inh=1.571, a_vip=0.582, tonic=0.0367, grad_norm=0.188, pi_ceil=0.000, fb_scale=1.000
2026-04-08 02:16:36,128 [INFO] Stage 2 step 3700/10000: loss=2.5333, sens=1.7000, prior_kl=0.7802, fb_sparse=2.6152, energy=0.3029, homeo=0.0004, s_acc=0.365, p_acc=0.105, ang_err=13.7, a_inh=1.580, a_vip=0.538, tonic=0.0367, grad_norm=0.199, pi_ceil=0.000, fb_scale=1.000
2026-04-08 02:18:42,402 [INFO] Stage 2 step 3800/10000: loss=2.6480, sens=1.7844, prior_kl=0.8096, fb_sparse=2.5974, energy=0.3010, homeo=0.0004, s_acc=0.344, p_acc=0.129, ang_err=14.2, a_inh=1.587, a_vip=0.496, tonic=0.0367, grad_norm=0.286, pi_ceil=0.000, fb_scale=1.000
2026-04-08 02:20:50,488 [INFO] Stage 2 step 3900/10000: loss=2.6191, sens=1.7637, prior_kl=0.8041, fb_sparse=2.5790, energy=0.3032, homeo=0.0004, s_acc=0.344, p_acc=0.102, ang_err=14.3, a_inh=1.594, a_vip=0.455, tonic=0.0368, grad_norm=0.183, pi_ceil=0.000, fb_scale=1.000
2026-04-08 02:22:57,032 [INFO] Stage 2 step 4000/10000: loss=2.5232, sens=1.7306, prior_kl=0.7447, fb_sparse=2.5603, energy=0.3014, homeo=0.0004, s_acc=0.343, p_acc=0.117, ang_err=12.8, a_inh=1.600, a_vip=0.415, tonic=0.0368, grad_norm=0.200, pi_ceil=0.000, fb_scale=1.000
2026-04-08 02:25:04,058 [INFO] Stage 2 step 4100/10000: loss=2.5547, sens=1.7141, prior_kl=0.7950, fb_sparse=2.5411, energy=0.3023, homeo=0.0004, s_acc=0.360, p_acc=0.109, ang_err=13.8, a_inh=1.603, a_vip=0.376, tonic=0.0369, grad_norm=0.271, pi_ceil=0.000, fb_scale=1.000
2026-04-08 02:27:10,693 [INFO] Stage 2 step 4200/10000: loss=2.5698, sens=1.7288, prior_kl=0.7967, fb_sparse=2.5212, energy=0.3026, homeo=0.0004, s_acc=0.311, p_acc=0.120, ang_err=13.6, a_inh=1.606, a_vip=0.338, tonic=0.0369, grad_norm=0.297, pi_ceil=0.000, fb_scale=1.000
2026-04-08 02:29:16,227 [INFO] Stage 2 step 4300/10000: loss=2.5544, sens=1.7063, prior_kl=0.8062, fb_sparse=2.5038, energy=0.3046, homeo=0.0004, s_acc=0.335, p_acc=0.090, ang_err=14.4, a_inh=1.609, a_vip=0.302, tonic=0.0370, grad_norm=0.177, pi_ceil=0.000, fb_scale=1.000
2026-04-08 02:31:24,184 [INFO] Stage 2 step 4400/10000: loss=2.5603, sens=1.7096, prior_kl=0.8099, fb_sparse=2.4888, energy=0.3044, homeo=0.0004, s_acc=0.346, p_acc=0.081, ang_err=14.5, a_inh=1.612, a_vip=0.268, tonic=0.0370, grad_norm=0.188, pi_ceil=0.000, fb_scale=1.000
2026-04-08 02:33:31,703 [INFO] Stage 2 step 4500/10000: loss=2.4403, sens=1.6603, prior_kl=0.7431, fb_sparse=2.4711, energy=0.3062, homeo=0.0004, s_acc=0.351, p_acc=0.104, ang_err=12.8, a_inh=1.613, a_vip=0.234, tonic=0.0371, grad_norm=0.257, pi_ceil=0.000, fb_scale=1.000
2026-04-08 02:35:38,563 [INFO] Stage 2 step 4600/10000: loss=2.5750, sens=1.7333, prior_kl=0.8029, fb_sparse=2.4544, energy=0.3034, homeo=0.0004, s_acc=0.338, p_acc=0.108, ang_err=14.3, a_inh=1.614, a_vip=0.202, tonic=0.0371, grad_norm=0.225, pi_ceil=0.000, fb_scale=1.000
2026-04-08 02:37:45,391 [INFO] Stage 2 step 4700/10000: loss=2.6177, sens=1.7254, prior_kl=0.8548, fb_sparse=2.4384, energy=0.3062, homeo=0.0004, s_acc=0.309, p_acc=0.105, ang_err=15.5, a_inh=1.615, a_vip=0.171, tonic=0.0372, grad_norm=0.209, pi_ceil=0.000, fb_scale=1.000
2026-04-08 02:39:52,640 [INFO] Stage 2 step 4800/10000: loss=2.5072, sens=1.7217, prior_kl=0.7497, fb_sparse=2.4230, energy=0.3044, homeo=0.0004, s_acc=0.312, p_acc=0.109, ang_err=13.1, a_inh=1.614, a_vip=0.142, tonic=0.0372, grad_norm=0.194, pi_ceil=0.000, fb_scale=1.000
2026-04-08 02:41:57,229 [INFO] Stage 2 step 4900/10000: loss=2.5478, sens=1.6910, prior_kl=0.8224, fb_sparse=2.4190, energy=0.3067, homeo=0.0004, s_acc=0.362, p_acc=0.130, ang_err=14.5, a_inh=1.614, a_vip=0.123, tonic=0.0373, grad_norm=0.199, pi_ceil=0.000, fb_scale=1.000
2026-04-08 02:44:04,434 [INFO] Stage 2 step 5000/10000: loss=2.5162, sens=1.6926, prior_kl=0.7904, fb_sparse=2.4122, energy=0.3054, homeo=0.0004, s_acc=0.347, p_acc=0.109, ang_err=14.0, a_inh=1.612, a_vip=0.105, tonic=0.0373, grad_norm=0.195, pi_ceil=0.000, fb_scale=1.000
2026-04-08 02:46:11,490 [INFO] Stage 2 step 5100/10000: loss=2.4589, sens=1.6538, prior_kl=0.7732, fb_sparse=2.4102, energy=0.3053, homeo=0.0004, s_acc=0.331, p_acc=0.122, ang_err=13.7, a_inh=1.609, a_vip=0.093, tonic=0.0374, grad_norm=0.228, pi_ceil=0.000, fb_scale=1.000
2026-04-08 02:48:19,046 [INFO] Stage 2 step 5200/10000: loss=2.5618, sens=1.7364, prior_kl=0.7927, fb_sparse=2.4156, energy=0.3047, homeo=0.0005, s_acc=0.308, p_acc=0.107, ang_err=14.2, a_inh=1.608, a_vip=0.087, tonic=0.0374, grad_norm=0.200, pi_ceil=0.000, fb_scale=1.000
2026-04-08 02:50:24,828 [INFO] Stage 2 step 5300/10000: loss=2.4920, sens=1.6732, prior_kl=0.7892, fb_sparse=2.4205, energy=0.3068, homeo=0.0004, s_acc=0.341, p_acc=0.125, ang_err=13.7, a_inh=1.605, a_vip=0.081, tonic=0.0375, grad_norm=0.263, pi_ceil=0.000, fb_scale=1.000
2026-04-08 02:52:32,109 [INFO] Stage 2 step 5400/10000: loss=2.4813, sens=1.6622, prior_kl=0.7898, fb_sparse=2.4234, energy=0.3059, homeo=0.0005, s_acc=0.343, p_acc=0.107, ang_err=14.4, a_inh=1.601, a_vip=0.077, tonic=0.0375, grad_norm=0.249, pi_ceil=0.000, fb_scale=1.000
2026-04-08 02:54:39,331 [INFO] Stage 2 step 5500/10000: loss=2.5200, sens=1.7031, prior_kl=0.7874, fb_sparse=2.4290, energy=0.3039, homeo=0.0005, s_acc=0.345, p_acc=0.117, ang_err=13.8, a_inh=1.598, a_vip=0.072, tonic=0.0375, grad_norm=0.191, pi_ceil=0.000, fb_scale=1.000
2026-04-08 02:56:46,155 [INFO] Stage 2 step 5600/10000: loss=2.4786, sens=1.6596, prior_kl=0.7912, fb_sparse=2.4328, energy=0.3045, homeo=0.0005, s_acc=0.327, p_acc=0.107, ang_err=14.0, a_inh=1.594, a_vip=0.069, tonic=0.0376, grad_norm=0.289, pi_ceil=0.000, fb_scale=1.000
2026-04-08 02:58:53,133 [INFO] Stage 2 step 5700/10000: loss=2.5076, sens=1.6865, prior_kl=0.7927, fb_sparse=2.4363, energy=0.3020, homeo=0.0005, s_acc=0.364, p_acc=0.115, ang_err=14.3, a_inh=1.590, a_vip=0.065, tonic=0.0377, grad_norm=0.185, pi_ceil=0.000, fb_scale=1.000
2026-04-08 03:00:58,306 [INFO] Stage 2 step 5800/10000: loss=2.5301, sens=1.6979, prior_kl=0.8044, fb_sparse=2.4414, energy=0.3030, homeo=0.0005, s_acc=0.349, p_acc=0.108, ang_err=14.6, a_inh=1.587, a_vip=0.062, tonic=0.0377, grad_norm=0.201, pi_ceil=0.000, fb_scale=1.000
2026-04-08 03:03:05,156 [INFO] Stage 2 step 5900/10000: loss=2.4554, sens=1.6360, prior_kl=0.7939, fb_sparse=2.4470, energy=0.3077, homeo=0.0005, s_acc=0.344, p_acc=0.109, ang_err=14.0, a_inh=1.583, a_vip=0.060, tonic=0.0378, grad_norm=0.186, pi_ceil=0.000, fb_scale=1.000
2026-04-08 03:05:12,805 [INFO] Stage 2 step 6000/10000: loss=2.4566, sens=1.6208, prior_kl=0.8113, fb_sparse=2.4520, energy=0.3094, homeo=0.0005, s_acc=0.360, p_acc=0.105, ang_err=14.4, a_inh=1.578, a_vip=0.059, tonic=0.0378, grad_norm=0.185, pi_ceil=0.000, fb_scale=1.000
2026-04-08 03:07:21,032 [INFO] Stage 2 step 6100/10000: loss=2.4635, sens=1.6258, prior_kl=0.8139, fb_sparse=2.4571, energy=0.3099, homeo=0.0005, s_acc=0.357, p_acc=0.121, ang_err=14.1, a_inh=1.574, a_vip=0.058, tonic=0.0379, grad_norm=0.206, pi_ceil=0.000, fb_scale=1.000
2026-04-08 03:09:28,715 [INFO] Stage 2 step 6200/10000: loss=2.6270, sens=1.6919, prior_kl=0.9091, fb_sparse=2.4612, energy=0.3076, homeo=0.0005, s_acc=0.355, p_acc=0.100, ang_err=17.1, a_inh=1.570, a_vip=0.057, tonic=0.0379, grad_norm=0.283, pi_ceil=0.000, fb_scale=1.000
2026-04-08 03:11:34,917 [INFO] Stage 2 step 6300/10000: loss=2.5272, sens=1.6742, prior_kl=0.8284, fb_sparse=2.4650, energy=0.3068, homeo=0.0005, s_acc=0.354, p_acc=0.105, ang_err=14.8, a_inh=1.566, a_vip=0.056, tonic=0.0379, grad_norm=0.240, pi_ceil=0.000, fb_scale=1.000
2026-04-08 03:13:41,813 [INFO] Stage 2 step 6400/10000: loss=2.4346, sens=1.6396, prior_kl=0.7719, fb_sparse=2.4691, energy=0.3066, homeo=0.0005, s_acc=0.341, p_acc=0.122, ang_err=13.5, a_inh=1.562, a_vip=0.055, tonic=0.0379, grad_norm=0.218, pi_ceil=0.000, fb_scale=1.000
2026-04-08 03:15:48,769 [INFO] Stage 2 step 6500/10000: loss=2.5060, sens=1.6927, prior_kl=0.7898, fb_sparse=2.4767, energy=0.3044, homeo=0.0005, s_acc=0.334, p_acc=0.142, ang_err=13.5, a_inh=1.559, a_vip=0.057, tonic=0.0380, grad_norm=0.375, pi_ceil=0.000, fb_scale=1.000
2026-04-08 03:17:57,165 [INFO] Stage 2 step 6600/10000: loss=2.5422, sens=1.6822, prior_kl=0.8366, fb_sparse=2.4876, energy=0.3060, homeo=0.0005, s_acc=0.351, p_acc=0.115, ang_err=15.2, a_inh=1.560, a_vip=0.059, tonic=0.0380, grad_norm=0.217, pi_ceil=0.000, fb_scale=1.000
2026-04-08 03:20:03,536 [INFO] Stage 2 step 6700/10000: loss=2.3823, sens=1.6230, prior_kl=0.7381, fb_sparse=2.4972, energy=0.3079, homeo=0.0005, s_acc=0.346, p_acc=0.102, ang_err=12.5, a_inh=1.560, a_vip=0.061, tonic=0.0380, grad_norm=0.236, pi_ceil=0.000, fb_scale=1.000
2026-04-08 03:22:10,269 [INFO] Stage 2 step 6800/10000: loss=2.4687, sens=1.6411, prior_kl=0.8058, fb_sparse=2.5065, energy=0.3064, homeo=0.0005, s_acc=0.341, p_acc=0.095, ang_err=14.0, a_inh=1.560, a_vip=0.063, tonic=0.0381, grad_norm=0.216, pi_ceil=0.000, fb_scale=1.000
2026-04-08 03:24:17,248 [INFO] Stage 2 step 6900/10000: loss=2.5080, sens=1.6754, prior_kl=0.8107, fb_sparse=2.5151, energy=0.3052, homeo=0.0005, s_acc=0.339, p_acc=0.096, ang_err=14.6, a_inh=1.559, a_vip=0.065, tonic=0.0381, grad_norm=0.163, pi_ceil=0.000, fb_scale=1.000
2026-04-08 03:26:24,220 [INFO] Stage 2 step 7000/10000: loss=2.4738, sens=1.6310, prior_kl=0.8217, fb_sparse=2.5235, energy=0.3062, homeo=0.0005, s_acc=0.357, p_acc=0.118, ang_err=14.2, a_inh=1.558, a_vip=0.067, tonic=0.0381, grad_norm=0.232, pi_ceil=0.000, fb_scale=1.000
2026-04-08 03:28:31,952 [INFO] Stage 2 step 7100/10000: loss=2.4310, sens=1.6083, prior_kl=0.8028, fb_sparse=2.5318, energy=0.3130, homeo=0.0005, s_acc=0.330, p_acc=0.086, ang_err=14.6, a_inh=1.558, a_vip=0.070, tonic=0.0382, grad_norm=0.230, pi_ceil=0.000, fb_scale=1.000
2026-04-08 03:30:37,331 [INFO] Stage 2 step 7200/10000: loss=2.5321, sens=1.6903, prior_kl=0.8200, fb_sparse=2.5394, energy=0.3047, homeo=0.0005, s_acc=0.352, p_acc=0.108, ang_err=14.3, a_inh=1.557, a_vip=0.072, tonic=0.0382, grad_norm=0.169, pi_ceil=0.000, fb_scale=1.000
2026-04-08 03:32:45,034 [INFO] Stage 2 step 7300/10000: loss=2.5107, sens=1.6630, prior_kl=0.8269, fb_sparse=2.5470, energy=0.3044, homeo=0.0005, s_acc=0.349, p_acc=0.086, ang_err=15.1, a_inh=1.557, a_vip=0.074, tonic=0.0382, grad_norm=0.183, pi_ceil=0.000, fb_scale=1.000
2026-04-08 03:34:52,383 [INFO] Stage 2 step 7400/10000: loss=2.4726, sens=1.6483, prior_kl=0.8037, fb_sparse=2.5541, energy=0.3042, homeo=0.0005, s_acc=0.345, p_acc=0.113, ang_err=13.8, a_inh=1.556, a_vip=0.076, tonic=0.0382, grad_norm=0.156, pi_ceil=0.000, fb_scale=1.000
2026-04-08 03:37:00,195 [INFO] Stage 2 step 7500/10000: loss=2.5047, sens=1.6461, prior_kl=0.8388, fb_sparse=2.5611, energy=0.3085, homeo=0.0005, s_acc=0.335, p_acc=0.094, ang_err=15.4, a_inh=1.556, a_vip=0.078, tonic=0.0383, grad_norm=0.279, pi_ceil=0.000, fb_scale=1.000
2026-04-08 03:39:08,109 [INFO] Stage 2 step 7600/10000: loss=2.4994, sens=1.6348, prior_kl=0.8451, fb_sparse=2.5673, energy=0.3098, homeo=0.0005, s_acc=0.330, p_acc=0.126, ang_err=15.5, a_inh=1.556, a_vip=0.080, tonic=0.0383, grad_norm=0.167, pi_ceil=0.000, fb_scale=1.000
2026-04-08 03:41:14,295 [INFO] Stage 2 step 7700/10000: loss=2.4864, sens=1.6644, prior_kl=0.8023, fb_sparse=2.5732, energy=0.3051, homeo=0.0005, s_acc=0.349, p_acc=0.094, ang_err=13.9, a_inh=1.556, a_vip=0.082, tonic=0.0383, grad_norm=0.192, pi_ceil=0.000, fb_scale=1.000
2026-04-08 03:43:20,926 [INFO] Stage 2 step 7800/10000: loss=2.4920, sens=1.6267, prior_kl=0.8461, fb_sparse=2.5788, energy=0.3121, homeo=0.0005, s_acc=0.367, p_acc=0.100, ang_err=15.9, a_inh=1.555, a_vip=0.083, tonic=0.0383, grad_norm=0.174, pi_ceil=0.000, fb_scale=1.000
2026-04-08 03:45:28,619 [INFO] Stage 2 step 7900/10000: loss=2.5225, sens=1.6533, prior_kl=0.8496, fb_sparse=2.5837, energy=0.3070, homeo=0.0005, s_acc=0.326, p_acc=0.092, ang_err=15.7, a_inh=1.555, a_vip=0.085, tonic=0.0383, grad_norm=0.251, pi_ceil=0.000, fb_scale=1.000
2026-04-08 03:47:35,262 [INFO] Stage 2 step 8000/10000: loss=2.4392, sens=1.6553, prior_kl=0.7648, fb_sparse=2.5882, energy=0.3043, homeo=0.0005, s_acc=0.355, p_acc=0.109, ang_err=13.7, a_inh=1.554, a_vip=0.087, tonic=0.0384, grad_norm=0.315, pi_ceil=0.000, fb_scale=1.000
2026-04-08 03:49:40,595 [INFO] Stage 2 step 8100/10000: loss=2.4976, sens=1.6971, prior_kl=0.7806, fb_sparse=2.5925, energy=0.3052, homeo=0.0005, s_acc=0.336, p_acc=0.126, ang_err=13.6, a_inh=1.554, a_vip=0.089, tonic=0.0384, grad_norm=0.201, pi_ceil=0.000, fb_scale=1.000
2026-04-08 03:51:46,818 [INFO] Stage 2 step 8200/10000: loss=2.4314, sens=1.6292, prior_kl=0.7835, fb_sparse=2.5965, energy=0.3087, homeo=0.0005, s_acc=0.362, p_acc=0.133, ang_err=13.8, a_inh=1.554, a_vip=0.090, tonic=0.0384, grad_norm=0.211, pi_ceil=0.000, fb_scale=1.000
2026-04-08 03:53:53,079 [INFO] Stage 2 step 8300/10000: loss=2.3697, sens=1.6074, prior_kl=0.7445, fb_sparse=2.6000, energy=0.3106, homeo=0.0005, s_acc=0.346, p_acc=0.116, ang_err=13.1, a_inh=1.553, a_vip=0.092, tonic=0.0384, grad_norm=0.283, pi_ceil=0.000, fb_scale=1.000
2026-04-08 03:55:59,830 [INFO] Stage 2 step 8400/10000: loss=2.4749, sens=1.6621, prior_kl=0.7935, fb_sparse=2.6032, energy=0.3036, homeo=0.0005, s_acc=0.341, p_acc=0.124, ang_err=14.7, a_inh=1.553, a_vip=0.093, tonic=0.0384, grad_norm=0.293, pi_ceil=0.000, fb_scale=1.000
2026-04-08 03:58:04,206 [INFO] Stage 2 step 8500/10000: loss=2.5193, sens=1.6722, prior_kl=0.8287, fb_sparse=2.6061, energy=0.3074, homeo=0.0005, s_acc=0.338, p_acc=0.083, ang_err=14.8, a_inh=1.553, a_vip=0.095, tonic=0.0384, grad_norm=0.235, pi_ceil=0.000, fb_scale=1.000
2026-04-08 04:00:11,218 [INFO] Stage 2 step 8600/10000: loss=2.4220, sens=1.6373, prior_kl=0.7663, fb_sparse=2.6087, energy=0.3052, homeo=0.0005, s_acc=0.354, p_acc=0.125, ang_err=13.1, a_inh=1.552, a_vip=0.096, tonic=0.0384, grad_norm=0.253, pi_ceil=0.000, fb_scale=1.000
2026-04-08 04:02:19,035 [INFO] Stage 2 step 8700/10000: loss=2.3860, sens=1.5950, prior_kl=0.7737, fb_sparse=2.6111, energy=0.3099, homeo=0.0005, s_acc=0.338, p_acc=0.103, ang_err=13.9, a_inh=1.552, a_vip=0.097, tonic=0.0384, grad_norm=0.279, pi_ceil=0.000, fb_scale=1.000
2026-04-08 04:04:26,402 [INFO] Stage 2 step 8800/10000: loss=2.4363, sens=1.6182, prior_kl=0.8003, fb_sparse=2.6132, energy=0.3078, homeo=0.0005, s_acc=0.351, p_acc=0.117, ang_err=14.0, a_inh=1.552, a_vip=0.098, tonic=0.0384, grad_norm=0.220, pi_ceil=0.000, fb_scale=1.000
2026-04-08 04:06:31,949 [INFO] Stage 2 step 8900/10000: loss=2.4902, sens=1.6459, prior_kl=0.8258, fb_sparse=2.6149, energy=0.3058, homeo=0.0005, s_acc=0.361, p_acc=0.105, ang_err=14.6, a_inh=1.552, a_vip=0.098, tonic=0.0384, grad_norm=0.250, pi_ceil=0.000, fb_scale=1.000
2026-04-08 04:08:39,717 [INFO] Stage 2 step 9000/10000: loss=2.5339, sens=1.6515, prior_kl=0.8636, fb_sparse=2.6163, energy=0.3055, homeo=0.0005, s_acc=0.336, p_acc=0.132, ang_err=16.2, a_inh=1.552, a_vip=0.099, tonic=0.0384, grad_norm=0.186, pi_ceil=0.000, fb_scale=1.000
2026-04-08 04:10:46,984 [INFO] Stage 2 step 9100/10000: loss=2.4184, sens=1.6167, prior_kl=0.7843, fb_sparse=2.6176, energy=0.3091, homeo=0.0005, s_acc=0.365, p_acc=0.121, ang_err=13.5, a_inh=1.552, a_vip=0.100, tonic=0.0384, grad_norm=0.182, pi_ceil=0.000, fb_scale=1.000
2026-04-08 04:12:54,119 [INFO] Stage 2 step 9200/10000: loss=2.4892, sens=1.6096, prior_kl=0.8620, fb_sparse=2.6186, energy=0.3129, homeo=0.0005, s_acc=0.360, p_acc=0.099, ang_err=15.4, a_inh=1.552, a_vip=0.100, tonic=0.0384, grad_norm=0.186, pi_ceil=0.000, fb_scale=1.000
2026-04-08 04:14:59,887 [INFO] Stage 2 step 9300/10000: loss=2.4869, sens=1.6531, prior_kl=0.8157, fb_sparse=2.6194, energy=0.3079, homeo=0.0005, s_acc=0.350, p_acc=0.091, ang_err=14.3, a_inh=1.552, a_vip=0.100, tonic=0.0384, grad_norm=0.200, pi_ceil=0.000, fb_scale=1.000
2026-04-08 04:17:06,756 [INFO] Stage 2 step 9400/10000: loss=2.5409, sens=1.6854, prior_kl=0.8366, fb_sparse=2.6200, energy=0.3073, homeo=0.0005, s_acc=0.340, p_acc=0.108, ang_err=15.2, a_inh=1.552, a_vip=0.101, tonic=0.0384, grad_norm=0.165, pi_ceil=0.000, fb_scale=1.000
2026-04-08 04:19:13,968 [INFO] Stage 2 step 9500/10000: loss=2.4916, sens=1.6508, prior_kl=0.8225, fb_sparse=2.6204, energy=0.3063, homeo=0.0005, s_acc=0.336, p_acc=0.118, ang_err=14.6, a_inh=1.552, a_vip=0.101, tonic=0.0384, grad_norm=0.236, pi_ceil=0.000, fb_scale=1.000
2026-04-08 04:21:21,378 [INFO] Stage 2 step 9600/10000: loss=2.3785, sens=1.5760, prior_kl=0.7857, fb_sparse=2.6207, energy=0.3121, homeo=0.0005, s_acc=0.364, p_acc=0.098, ang_err=13.5, a_inh=1.552, a_vip=0.101, tonic=0.0384, grad_norm=0.239, pi_ceil=0.000, fb_scale=1.000
2026-04-08 04:23:29,232 [INFO] Stage 2 step 9700/10000: loss=2.4624, sens=1.6449, prior_kl=0.7993, fb_sparse=2.6208, energy=0.3078, homeo=0.0005, s_acc=0.338, p_acc=0.118, ang_err=14.4, a_inh=1.552, a_vip=0.101, tonic=0.0384, grad_norm=0.221, pi_ceil=0.000, fb_scale=1.000
2026-04-08 04:25:35,512 [INFO] Stage 2 step 9800/10000: loss=2.3994, sens=1.6249, prior_kl=0.7571, fb_sparse=2.6209, energy=0.3079, homeo=0.0005, s_acc=0.350, p_acc=0.098, ang_err=13.3, a_inh=1.552, a_vip=0.101, tonic=0.0384, grad_norm=0.184, pi_ceil=0.000, fb_scale=1.000
2026-04-08 04:27:42,669 [INFO] Stage 2 step 9900/10000: loss=2.3890, sens=1.6026, prior_kl=0.7693, fb_sparse=2.6210, energy=0.3077, homeo=0.0005, s_acc=0.345, p_acc=0.124, ang_err=13.1, a_inh=1.552, a_vip=0.101, tonic=0.0384, grad_norm=0.300, pi_ceil=0.000, fb_scale=1.000
2026-04-08 04:29:49,534 [INFO] Stage 2 step 10000/10000: loss=2.5317, sens=1.6858, prior_kl=0.8274, fb_sparse=2.6210, energy=0.3078, homeo=0.0005, s_acc=0.330, p_acc=0.107, ang_err=14.8, a_inh=1.552, a_vip=0.101, tonic=0.0384, grad_norm=0.200, pi_ceil=0.000, fb_scale=1.000
2026-04-08 04:29:49,547 [INFO] Stage 2 complete: loss=2.5317, s_acc=0.330, p_acc=0.107
2026-04-08 04:29:49,622 [INFO] Saved to results/batch2/branch_a_s42/center_surround_seed42/checkpoint.pt
2026-04-08 04:29:49,623 [INFO] Training complete.
