2026-04-08 01:11:00,461 [INFO] Mechanism: center_surround
2026-04-08 01:11:00,461 [INFO] Feedback mode: emergent
2026-04-08 01:11:00,461 [INFO] Device: cuda
2026-04-08 01:11:00,461 [INFO] Seed: 456
2026-04-08 01:11:00,468 [INFO] Network parameters: 6807
2026-04-08 01:11:00,468 [INFO] Delta-SOM mode enabled
2026-04-08 01:11:00,468 [INFO] ============================================================
2026-04-08 01:11:00,469 [INFO] STAGE 1: Sensory Scaffold
2026-04-08 01:11:00,469 [INFO] ============================================================
2026-04-08 01:11:16,500 [INFO] Stage 1 step 200/2000: loss=3.5912, acc=0.000, l23_mean=0.0002
2026-04-08 01:11:31,997 [INFO] Stage 1 step 400/2000: loss=3.4774, acc=0.156, l23_mean=0.0030
2026-04-08 01:11:46,710 [INFO] Stage 1 step 600/2000: loss=2.9987, acc=0.500, l23_mean=0.0125
2026-04-08 01:12:02,183 [INFO] Stage 1 step 800/2000: loss=2.6354, acc=0.688, l23_mean=0.0180
2026-04-08 01:12:17,035 [INFO] Stage 1 step 1000/2000: loss=2.3322, acc=0.719, l23_mean=0.0225
2026-04-08 01:12:33,032 [INFO] Stage 1 step 1200/2000: loss=2.2004, acc=0.750, l23_mean=0.0241
2026-04-08 01:12:47,649 [INFO] Stage 1 step 1400/2000: loss=1.9222, acc=0.844, l23_mean=0.0291
2026-04-08 01:13:03,245 [INFO] Stage 1 step 1600/2000: loss=1.8901, acc=0.969, l23_mean=0.0287
2026-04-08 01:13:17,904 [INFO] Stage 1 step 1800/2000: loss=1.9311, acc=0.812, l23_mean=0.0281
2026-04-08 01:13:33,371 [INFO] Stage 1 step 2000/2000: loss=1.7079, acc=0.875, l23_mean=0.0322
2026-04-08 01:13:33,405 [INFO] Gating 1 - Decoder accuracy: 1.000 (need >= 0.90)
2026-04-08 01:13:33,455 [INFO] Gating 2 - Unimodal units: 36/36
2026-04-08 01:13:33,484 [INFO] Gating 3 - Unique preferred orientations: 36/36
2026-04-08 01:13:33,498 [INFO] Gating 4 - FWHM in range: 36/36
2026-04-08 01:13:33,499 [INFO] Gating 5 - Mean L2/3 rate: 0.0396
2026-04-08 01:13:33,570 [INFO] Gating 6 - FWHM high=25.0, low=25.0
2026-04-08 01:13:33,605 [INFO] Transferred trained decoder from Stage 1 to shared loss_fn
2026-04-08 01:13:33,605 [INFO] Stage 1 complete: loss=1.7079, acc=0.879
2026-04-08 01:13:33,605 [INFO] Gating checks: {'decoder_accuracy_90': True, 'unimodal_tuning': True, 'orientation_tiling': True, 'fwhm_range': True, 'mean_activity': True, 'contrast_invariant_width': True}
2026-04-08 01:13:33,637 [INFO] Stage 1 checkpoint saved to results/batch2/branch_a_s456/center_surround_seed456/stage1_checkpoint.pt
2026-04-08 01:13:33,637 [INFO] ============================================================
2026-04-08 01:13:33,637 [INFO] STAGE 2: V2 + Feedback
2026-04-08 01:13:33,637 [INFO] ============================================================
2026-04-08 01:13:34,203 [INFO] Baselines (emergent): prior_kl uninformative=~3.6 (uniform prior), sensory uniform=0.028 (1/36)
2026-04-08 01:15:49,730 [INFO] Stage 2 step 100/10000: loss=5.6274, sens=2.2605, prior_kl=1.4927, fb_sparse=0.2100, energy=0.2890, homeo=0.0002, s_acc=0.404, p_acc=0.029, ang_err=50.8, a_inh=0.070, a_vip=0.070, tonic=0.0486, grad_norm=0.131, pi_ceil=0.000, fb_scale=0.000
2026-04-08 01:17:54,307 [INFO] Stage 2 step 200/10000: loss=5.5453, sens=2.2843, prior_kl=1.4762, fb_sparse=0.2100, energy=0.2864, homeo=0.0002, s_acc=0.391, p_acc=0.034, ang_err=50.7, a_inh=0.070, a_vip=0.070, tonic=0.0486, grad_norm=0.119, pi_ceil=0.000, fb_scale=0.000
2026-04-08 01:20:00,136 [INFO] Stage 2 step 300/10000: loss=5.3756, sens=2.2763, prior_kl=1.4543, fb_sparse=0.2100, energy=0.2851, homeo=0.0002, s_acc=0.350, p_acc=0.043, ang_err=46.6, a_inh=0.070, a_vip=0.070, tonic=0.0486, grad_norm=0.120, pi_ceil=0.000, fb_scale=0.000
2026-04-08 01:22:05,424 [INFO] Stage 2 step 400/10000: loss=5.0750, sens=2.2205, prior_kl=1.3940, fb_sparse=0.2100, energy=0.2886, homeo=0.0002, s_acc=0.373, p_acc=0.069, ang_err=26.6, a_inh=0.070, a_vip=0.070, tonic=0.0486, grad_norm=0.139, pi_ceil=0.000, fb_scale=0.000
2026-04-08 01:24:11,799 [INFO] Stage 2 step 500/10000: loss=4.5621, sens=2.1916, prior_kl=1.1223, fb_sparse=0.2100, energy=0.2869, homeo=0.0002, s_acc=0.352, p_acc=0.116, ang_err=19.5, a_inh=0.070, a_vip=0.070, tonic=0.0486, grad_norm=0.207, pi_ceil=0.000, fb_scale=0.000
2026-04-08 01:26:17,912 [INFO] Stage 2 step 600/10000: loss=4.3670, sens=2.2331, prior_kl=1.0801, fb_sparse=0.2100, energy=0.2824, homeo=0.0002, s_acc=0.334, p_acc=0.132, ang_err=19.9, a_inh=0.070, a_vip=0.070, tonic=0.0486, grad_norm=0.180, pi_ceil=0.000, fb_scale=0.000
2026-04-08 01:28:24,429 [INFO] Stage 2 step 700/10000: loss=4.0245, sens=2.1625, prior_kl=0.9860, fb_sparse=0.2100, energy=0.2866, homeo=0.0002, s_acc=0.341, p_acc=0.150, ang_err=17.4, a_inh=0.070, a_vip=0.070, tonic=0.0486, grad_norm=0.139, pi_ceil=0.000, fb_scale=0.000
2026-04-08 01:30:30,113 [INFO] Stage 2 step 800/10000: loss=3.7635, sens=2.1267, prior_kl=0.9031, fb_sparse=0.2100, energy=0.2848, homeo=0.0002, s_acc=0.335, p_acc=0.165, ang_err=15.1, a_inh=0.070, a_vip=0.070, tonic=0.0486, grad_norm=0.195, pi_ceil=0.000, fb_scale=0.000
2026-04-08 01:32:37,055 [INFO] Stage 2 step 900/10000: loss=3.6433, sens=2.1042, prior_kl=0.9209, fb_sparse=0.2100, energy=0.2859, homeo=0.0002, s_acc=0.351, p_acc=0.155, ang_err=15.4, a_inh=0.070, a_vip=0.070, tonic=0.0486, grad_norm=0.166, pi_ceil=0.000, fb_scale=0.000
2026-04-08 01:34:43,367 [INFO] Stage 2 step 1000/10000: loss=3.5628, sens=2.1248, prior_kl=0.9063, fb_sparse=0.2100, energy=0.2838, homeo=0.0002, s_acc=0.330, p_acc=0.156, ang_err=15.4, a_inh=0.070, a_vip=0.070, tonic=0.0486, grad_norm=0.157, pi_ceil=0.000, fb_scale=0.000
2026-04-08 01:34:43,387 [INFO] Step 1000: unfreezing gain_rec_raw
2026-04-08 01:36:50,021 [INFO] Stage 2 step 1100/10000: loss=3.5863, sens=2.1232, prior_kl=0.9985, fb_sparse=0.5616, energy=0.2848, homeo=0.0002, s_acc=0.346, p_acc=0.138, ang_err=17.6, a_inh=0.210, a_vip=0.227, tonic=0.0464, grad_norm=0.162, pi_ceil=0.000, fb_scale=0.099
2026-04-08 01:38:56,138 [INFO] Stage 2 step 1200/10000: loss=3.2946, sens=2.0488, prior_kl=0.8543, fb_sparse=0.8845, energy=0.2871, homeo=0.0002, s_acc=0.347, p_acc=0.184, ang_err=14.1, a_inh=0.362, a_vip=0.362, tonic=0.0449, grad_norm=0.184, pi_ceil=0.000, fb_scale=0.199
2026-04-08 01:41:01,823 [INFO] Stage 2 step 1300/10000: loss=3.2471, sens=2.0340, prior_kl=0.8703, fb_sparse=1.1208, energy=0.2883, homeo=0.0002, s_acc=0.347, p_acc=0.163, ang_err=15.0, a_inh=0.477, a_vip=0.473, tonic=0.0438, grad_norm=0.320, pi_ceil=0.000, fb_scale=0.299
2026-04-08 01:43:07,905 [INFO] Stage 2 step 1400/10000: loss=3.1082, sens=1.9869, prior_kl=0.8269, fb_sparse=1.2964, energy=0.2901, homeo=0.0002, s_acc=0.370, p_acc=0.164, ang_err=13.9, a_inh=0.585, a_vip=0.560, tonic=0.0429, grad_norm=0.210, pi_ceil=0.000, fb_scale=0.399
2026-04-08 01:45:14,907 [INFO] Stage 2 step 1500/10000: loss=3.0880, sens=1.9932, prior_kl=0.8311, fb_sparse=1.4434, energy=0.2902, homeo=0.0002, s_acc=0.338, p_acc=0.161, ang_err=14.2, a_inh=0.680, a_vip=0.636, tonic=0.0422, grad_norm=0.174, pi_ceil=0.000, fb_scale=0.499
2026-04-08 01:47:21,096 [INFO] Stage 2 step 1600/10000: loss=3.0531, sens=1.9838, prior_kl=0.8331, fb_sparse=1.6002, energy=0.2894, homeo=0.0002, s_acc=0.347, p_acc=0.161, ang_err=14.3, a_inh=0.770, a_vip=0.706, tonic=0.0415, grad_norm=0.241, pi_ceil=0.000, fb_scale=0.599
2026-04-08 01:49:27,085 [INFO] Stage 2 step 1700/10000: loss=3.0127, sens=1.9547, prior_kl=0.8468, fb_sparse=1.7450, energy=0.2915, homeo=0.0002, s_acc=0.361, p_acc=0.146, ang_err=14.8, a_inh=0.855, a_vip=0.772, tonic=0.0408, grad_norm=0.197, pi_ceil=0.000, fb_scale=0.699
2026-04-08 01:51:32,763 [INFO] Stage 2 step 1800/10000: loss=2.9794, sens=1.9497, prior_kl=0.8386, fb_sparse=1.8873, energy=0.2922, homeo=0.0002, s_acc=0.350, p_acc=0.132, ang_err=14.8, a_inh=0.940, a_vip=0.836, tonic=0.0402, grad_norm=0.228, pi_ceil=0.000, fb_scale=0.799
2026-04-08 01:53:39,449 [INFO] Stage 2 step 1900/10000: loss=2.9997, sens=1.9388, prior_kl=0.8828, fb_sparse=2.0322, energy=0.2907, homeo=0.0003, s_acc=0.359, p_acc=0.158, ang_err=15.2, a_inh=1.023, a_vip=0.898, tonic=0.0395, grad_norm=0.165, pi_ceil=0.000, fb_scale=0.899
2026-04-08 01:55:44,973 [INFO] Stage 2 step 2000/10000: loss=2.9490, sens=1.9167, prior_kl=0.8715, fb_sparse=2.1911, energy=0.2943, homeo=0.0003, s_acc=0.360, p_acc=0.124, ang_err=15.9, a_inh=1.105, a_vip=0.957, tonic=0.0389, grad_norm=0.236, pi_ceil=0.000, fb_scale=0.999
2026-04-08 01:57:51,587 [INFO] Stage 2 step 2100/10000: loss=2.9149, sens=1.9274, prior_kl=0.8364, fb_sparse=2.3397, energy=0.2922, homeo=0.0003, s_acc=0.352, p_acc=0.171, ang_err=14.4, a_inh=1.180, a_vip=1.003, tonic=0.0384, grad_norm=0.318, pi_ceil=0.000, fb_scale=1.000
2026-04-08 01:59:57,780 [INFO] Stage 2 step 2200/10000: loss=2.7346, sens=1.8411, prior_kl=0.7665, fb_sparse=2.4516, energy=0.3003, homeo=0.0003, s_acc=0.329, p_acc=0.138, ang_err=13.4, a_inh=1.241, a_vip=1.029, tonic=0.0380, grad_norm=0.285, pi_ceil=0.000, fb_scale=1.000
2026-04-08 02:02:03,359 [INFO] Stage 2 step 2300/10000: loss=2.8051, sens=1.8743, prior_kl=0.8070, fb_sparse=2.5340, energy=0.2979, homeo=0.0003, s_acc=0.357, p_acc=0.132, ang_err=14.0, a_inh=1.291, a_vip=1.039, tonic=0.0376, grad_norm=0.246, pi_ceil=0.000, fb_scale=1.000
2026-04-08 02:04:09,774 [INFO] Stage 2 step 2400/10000: loss=2.7859, sens=1.8385, prior_kl=0.8362, fb_sparse=2.5930, energy=0.3010, homeo=0.0003, s_acc=0.344, p_acc=0.112, ang_err=14.9, a_inh=1.335, a_vip=1.033, tonic=0.0374, grad_norm=0.229, pi_ceil=0.000, fb_scale=1.000
2026-04-08 02:06:15,605 [INFO] Stage 2 step 2500/10000: loss=2.7477, sens=1.8243, prior_kl=0.8197, fb_sparse=2.6307, energy=0.3011, homeo=0.0003, s_acc=0.345, p_acc=0.124, ang_err=14.6, a_inh=1.372, a_vip=1.014, tonic=0.0372, grad_norm=0.193, pi_ceil=0.000, fb_scale=1.000
2026-04-08 02:08:21,761 [INFO] Stage 2 step 2600/10000: loss=2.8442, sens=1.9107, prior_kl=0.8294, fb_sparse=2.6546, energy=0.2979, homeo=0.0004, s_acc=0.311, p_acc=0.130, ang_err=13.8, a_inh=1.405, a_vip=0.985, tonic=0.0370, grad_norm=0.261, pi_ceil=0.000, fb_scale=1.000
2026-04-08 02:10:27,394 [INFO] Stage 2 step 2700/10000: loss=2.8100, sens=1.8712, prior_kl=0.8426, fb_sparse=2.6626, energy=0.2970, homeo=0.0004, s_acc=0.320, p_acc=0.113, ang_err=14.9, a_inh=1.434, a_vip=0.946, tonic=0.0368, grad_norm=0.197, pi_ceil=0.000, fb_scale=1.000
2026-04-08 02:12:33,584 [INFO] Stage 2 step 2800/10000: loss=2.8267, sens=1.8698, prior_kl=0.8660, fb_sparse=2.6629, energy=0.2990, homeo=0.0004, s_acc=0.329, p_acc=0.115, ang_err=15.3, a_inh=1.460, a_vip=0.903, tonic=0.0367, grad_norm=0.322, pi_ceil=0.000, fb_scale=1.000
2026-04-08 02:14:39,326 [INFO] Stage 2 step 2900/10000: loss=2.7157, sens=1.8250, prior_kl=0.8095, fb_sparse=2.6588, energy=0.3037, homeo=0.0003, s_acc=0.305, p_acc=0.121, ang_err=14.1, a_inh=1.483, a_vip=0.857, tonic=0.0366, grad_norm=0.197, pi_ceil=0.000, fb_scale=1.000
2026-04-08 02:16:44,959 [INFO] Stage 2 step 3000/10000: loss=2.7474, sens=1.8390, prior_kl=0.8289, fb_sparse=2.6460, energy=0.3020, homeo=0.0004, s_acc=0.327, p_acc=0.120, ang_err=14.9, a_inh=1.502, a_vip=0.807, tonic=0.0365, grad_norm=0.257, pi_ceil=0.000, fb_scale=1.000
2026-04-08 02:18:50,880 [INFO] Stage 2 step 3100/10000: loss=2.7133, sens=1.8052, prior_kl=0.8341, fb_sparse=2.6302, energy=0.3017, homeo=0.0004, s_acc=0.339, p_acc=0.143, ang_err=14.4, a_inh=1.518, a_vip=0.757, tonic=0.0365, grad_norm=0.265, pi_ceil=0.000, fb_scale=1.000
2026-04-08 02:20:55,442 [INFO] Stage 2 step 3200/10000: loss=2.6195, sens=1.7768, prior_kl=0.7753, fb_sparse=2.6168, energy=0.3040, homeo=0.0004, s_acc=0.341, p_acc=0.128, ang_err=13.5, a_inh=1.535, a_vip=0.707, tonic=0.0364, grad_norm=0.262, pi_ceil=0.000, fb_scale=1.000
2026-04-08 02:23:01,388 [INFO] Stage 2 step 3300/10000: loss=2.6642, sens=1.7941, prior_kl=0.8038, fb_sparse=2.5978, energy=0.3010, homeo=0.0004, s_acc=0.344, p_acc=0.137, ang_err=13.8, a_inh=1.547, a_vip=0.657, tonic=0.0364, grad_norm=0.155, pi_ceil=0.000, fb_scale=1.000
2026-04-08 02:25:07,512 [INFO] Stage 2 step 3400/10000: loss=2.7019, sens=1.8073, prior_kl=0.8314, fb_sparse=2.5789, energy=0.3033, homeo=0.0004, s_acc=0.305, p_acc=0.130, ang_err=14.8, a_inh=1.558, a_vip=0.609, tonic=0.0363, grad_norm=0.262, pi_ceil=0.000, fb_scale=1.000
2026-04-08 02:27:13,502 [INFO] Stage 2 step 3500/10000: loss=2.6036, sens=1.7576, prior_kl=0.7885, fb_sparse=2.5583, energy=0.3050, homeo=0.0004, s_acc=0.338, p_acc=0.111, ang_err=14.0, a_inh=1.567, a_vip=0.562, tonic=0.0363, grad_norm=0.206, pi_ceil=0.000, fb_scale=1.000
2026-04-08 02:29:17,567 [INFO] Stage 2 step 3600/10000: loss=2.6380, sens=1.7680, prior_kl=0.8138, fb_sparse=2.5415, energy=0.3057, homeo=0.0004, s_acc=0.325, p_acc=0.134, ang_err=14.7, a_inh=1.576, a_vip=0.517, tonic=0.0362, grad_norm=0.205, pi_ceil=0.000, fb_scale=1.000
2026-04-08 02:31:23,401 [INFO] Stage 2 step 3700/10000: loss=2.6220, sens=1.7554, prior_kl=0.8135, fb_sparse=2.5204, energy=0.3054, homeo=0.0004, s_acc=0.349, p_acc=0.108, ang_err=15.0, a_inh=1.581, a_vip=0.472, tonic=0.0362, grad_norm=0.244, pi_ceil=0.000, fb_scale=1.000
2026-04-08 02:33:30,193 [INFO] Stage 2 step 3800/10000: loss=2.4406, sens=1.6766, prior_kl=0.7176, fb_sparse=2.4986, energy=0.3070, homeo=0.0004, s_acc=0.335, p_acc=0.126, ang_err=12.2, a_inh=1.585, a_vip=0.428, tonic=0.0361, grad_norm=0.220, pi_ceil=0.000, fb_scale=1.000
2026-04-08 02:35:36,238 [INFO] Stage 2 step 3900/10000: loss=2.5298, sens=1.7071, prior_kl=0.7768, fb_sparse=2.4812, energy=0.3080, homeo=0.0004, s_acc=0.329, p_acc=0.117, ang_err=13.3, a_inh=1.590, a_vip=0.388, tonic=0.0361, grad_norm=0.272, pi_ceil=0.000, fb_scale=1.000
2026-04-08 02:37:42,667 [INFO] Stage 2 step 4000/10000: loss=2.6629, sens=1.7876, prior_kl=0.8256, fb_sparse=2.4618, energy=0.3008, homeo=0.0005, s_acc=0.340, p_acc=0.125, ang_err=14.5, a_inh=1.592, a_vip=0.348, tonic=0.0361, grad_norm=0.250, pi_ceil=0.000, fb_scale=1.000
2026-04-08 02:39:46,936 [INFO] Stage 2 step 4100/10000: loss=2.5836, sens=1.7366, prior_kl=0.8021, fb_sparse=2.4447, energy=0.3063, homeo=0.0004, s_acc=0.320, p_acc=0.120, ang_err=14.1, a_inh=1.595, a_vip=0.309, tonic=0.0361, grad_norm=0.326, pi_ceil=0.000, fb_scale=1.000
2026-04-08 02:41:53,607 [INFO] Stage 2 step 4200/10000: loss=2.5560, sens=1.7137, prior_kl=0.7996, fb_sparse=2.4272, energy=0.3061, homeo=0.0004, s_acc=0.355, p_acc=0.143, ang_err=14.0, a_inh=1.597, a_vip=0.272, tonic=0.0361, grad_norm=0.330, pi_ceil=0.000, fb_scale=1.000
2026-04-08 02:44:00,263 [INFO] Stage 2 step 4300/10000: loss=2.5629, sens=1.7282, prior_kl=0.7935, fb_sparse=2.4083, energy=0.3061, homeo=0.0004, s_acc=0.355, p_acc=0.121, ang_err=13.7, a_inh=1.597, a_vip=0.236, tonic=0.0360, grad_norm=0.218, pi_ceil=0.000, fb_scale=1.000
2026-04-08 02:46:06,078 [INFO] Stage 2 step 4400/10000: loss=2.6093, sens=1.7432, prior_kl=0.8253, fb_sparse=2.3912, energy=0.3064, homeo=0.0004, s_acc=0.312, p_acc=0.112, ang_err=14.1, a_inh=1.597, a_vip=0.202, tonic=0.0360, grad_norm=0.203, pi_ceil=0.000, fb_scale=1.000
2026-04-08 02:48:11,232 [INFO] Stage 2 step 4500/10000: loss=2.4636, sens=1.6956, prior_kl=0.7304, fb_sparse=2.3746, energy=0.3064, homeo=0.0004, s_acc=0.317, p_acc=0.117, ang_err=13.1, a_inh=1.596, a_vip=0.169, tonic=0.0361, grad_norm=0.284, pi_ceil=0.000, fb_scale=1.000
2026-04-08 02:50:18,631 [INFO] Stage 2 step 4600/10000: loss=2.6563, sens=1.7553, prior_kl=0.8623, fb_sparse=2.3609, energy=0.3072, homeo=0.0005, s_acc=0.352, p_acc=0.115, ang_err=15.6, a_inh=1.594, a_vip=0.141, tonic=0.0361, grad_norm=0.304, pi_ceil=0.000, fb_scale=1.000
2026-04-08 02:52:25,493 [INFO] Stage 2 step 4700/10000: loss=2.5309, sens=1.7111, prior_kl=0.7834, fb_sparse=2.3558, energy=0.3050, homeo=0.0005, s_acc=0.341, p_acc=0.120, ang_err=14.0, a_inh=1.592, a_vip=0.120, tonic=0.0361, grad_norm=0.301, pi_ceil=0.000, fb_scale=1.000
2026-04-08 02:54:31,366 [INFO] Stage 2 step 4800/10000: loss=2.5526, sens=1.7184, prior_kl=0.7994, fb_sparse=2.3497, energy=0.3067, homeo=0.0005, s_acc=0.355, p_acc=0.129, ang_err=13.7, a_inh=1.589, a_vip=0.101, tonic=0.0361, grad_norm=0.225, pi_ceil=0.000, fb_scale=1.000
2026-04-08 02:56:37,338 [INFO] Stage 2 step 4900/10000: loss=2.5408, sens=1.7223, prior_kl=0.7842, fb_sparse=2.3512, energy=0.3051, homeo=0.0005, s_acc=0.322, p_acc=0.103, ang_err=14.3, a_inh=1.586, a_vip=0.089, tonic=0.0360, grad_norm=0.242, pi_ceil=0.000, fb_scale=1.000
2026-04-08 02:58:42,143 [INFO] Stage 2 step 5000/10000: loss=2.5461, sens=1.7165, prior_kl=0.7968, fb_sparse=2.3555, energy=0.3064, homeo=0.0005, s_acc=0.334, p_acc=0.095, ang_err=13.5, a_inh=1.581, a_vip=0.083, tonic=0.0360, grad_norm=0.234, pi_ceil=0.000, fb_scale=1.000
2026-04-08 03:00:47,980 [INFO] Stage 2 step 5100/10000: loss=2.5818, sens=1.7246, prior_kl=0.8241, fb_sparse=2.3617, energy=0.3042, homeo=0.0005, s_acc=0.346, p_acc=0.105, ang_err=14.1, a_inh=1.577, a_vip=0.077, tonic=0.0360, grad_norm=0.304, pi_ceil=0.000, fb_scale=1.000
2026-04-08 03:02:56,520 [INFO] Stage 2 step 5200/10000: loss=2.5624, sens=1.7034, prior_kl=0.8286, fb_sparse=2.3665, energy=0.3070, homeo=0.0005, s_acc=0.338, p_acc=0.102, ang_err=14.6, a_inh=1.572, a_vip=0.073, tonic=0.0360, grad_norm=0.351, pi_ceil=0.000, fb_scale=1.000
2026-04-08 03:05:02,325 [INFO] Stage 2 step 5300/10000: loss=2.4831, sens=1.6680, prior_kl=0.7858, fb_sparse=2.3732, energy=0.3071, homeo=0.0005, s_acc=0.344, p_acc=0.126, ang_err=13.4, a_inh=1.568, a_vip=0.069, tonic=0.0360, grad_norm=0.231, pi_ceil=0.000, fb_scale=1.000
2026-04-08 03:07:07,494 [INFO] Stage 2 step 5400/10000: loss=2.5047, sens=1.6425, prior_kl=0.8344, fb_sparse=2.3771, energy=0.3100, homeo=0.0005, s_acc=0.364, p_acc=0.124, ang_err=14.6, a_inh=1.562, a_vip=0.064, tonic=0.0360, grad_norm=0.344, pi_ceil=0.000, fb_scale=1.000
2026-04-08 03:09:13,703 [INFO] Stage 2 step 5500/10000: loss=2.5528, sens=1.6902, prior_kl=0.8337, fb_sparse=2.3848, energy=0.3067, homeo=0.0005, s_acc=0.355, p_acc=0.137, ang_err=15.0, a_inh=1.558, a_vip=0.062, tonic=0.0360, grad_norm=0.413, pi_ceil=0.000, fb_scale=1.000
2026-04-08 03:11:19,640 [INFO] Stage 2 step 5600/10000: loss=2.6342, sens=1.7146, prior_kl=0.8911, fb_sparse=2.3920, energy=0.3093, homeo=0.0005, s_acc=0.345, p_acc=0.094, ang_err=16.4, a_inh=1.553, a_vip=0.061, tonic=0.0360, grad_norm=0.285, pi_ceil=0.000, fb_scale=1.000
2026-04-08 03:13:26,219 [INFO] Stage 2 step 5700/10000: loss=2.5229, sens=1.6660, prior_kl=0.8300, fb_sparse=2.3977, energy=0.3084, homeo=0.0005, s_acc=0.350, p_acc=0.126, ang_err=15.1, a_inh=1.547, a_vip=0.060, tonic=0.0360, grad_norm=0.166, pi_ceil=0.000, fb_scale=1.000
2026-04-08 03:15:31,454 [INFO] Stage 2 step 5800/10000: loss=2.5251, sens=1.6948, prior_kl=0.8037, fb_sparse=2.4043, energy=0.3076, homeo=0.0005, s_acc=0.340, p_acc=0.126, ang_err=15.1, a_inh=1.541, a_vip=0.059, tonic=0.0360, grad_norm=0.191, pi_ceil=0.000, fb_scale=1.000
2026-04-08 03:17:36,975 [INFO] Stage 2 step 5900/10000: loss=2.4437, sens=1.6448, prior_kl=0.7743, fb_sparse=2.4114, energy=0.3104, homeo=0.0005, s_acc=0.365, p_acc=0.117, ang_err=13.8, a_inh=1.537, a_vip=0.058, tonic=0.0360, grad_norm=0.188, pi_ceil=0.000, fb_scale=1.000
2026-04-08 03:19:42,995 [INFO] Stage 2 step 6000/10000: loss=2.5119, sens=1.6691, prior_kl=0.8177, fb_sparse=2.4176, energy=0.3082, homeo=0.0005, s_acc=0.341, p_acc=0.116, ang_err=14.4, a_inh=1.532, a_vip=0.058, tonic=0.0360, grad_norm=0.246, pi_ceil=0.000, fb_scale=1.000
2026-04-08 03:21:49,976 [INFO] Stage 2 step 6100/10000: loss=2.5224, sens=1.6729, prior_kl=0.8249, fb_sparse=2.4290, energy=0.3088, homeo=0.0005, s_acc=0.360, p_acc=0.129, ang_err=14.7, a_inh=1.529, a_vip=0.061, tonic=0.0360, grad_norm=0.324, pi_ceil=0.000, fb_scale=1.000
2026-04-08 03:23:55,511 [INFO] Stage 2 step 6200/10000: loss=2.5726, sens=1.7170, prior_kl=0.8308, fb_sparse=2.4416, energy=0.3082, homeo=0.0005, s_acc=0.321, p_acc=0.113, ang_err=14.6, a_inh=1.528, a_vip=0.064, tonic=0.0360, grad_norm=0.283, pi_ceil=0.000, fb_scale=1.000
2026-04-08 03:26:02,222 [INFO] Stage 2 step 6300/10000: loss=2.4954, sens=1.6796, prior_kl=0.7919, fb_sparse=2.4536, energy=0.3085, homeo=0.0005, s_acc=0.330, p_acc=0.146, ang_err=13.9, a_inh=1.527, a_vip=0.067, tonic=0.0360, grad_norm=0.208, pi_ceil=0.000, fb_scale=1.000
2026-04-08 03:28:09,560 [INFO] Stage 2 step 6400/10000: loss=2.4453, sens=1.6486, prior_kl=0.7742, fb_sparse=2.4654, energy=0.3076, homeo=0.0005, s_acc=0.352, p_acc=0.129, ang_err=13.4, a_inh=1.526, a_vip=0.070, tonic=0.0360, grad_norm=0.211, pi_ceil=0.000, fb_scale=1.000
2026-04-08 03:30:16,806 [INFO] Stage 2 step 6500/10000: loss=2.4302, sens=1.6216, prior_kl=0.7873, fb_sparse=2.4764, energy=0.3116, homeo=0.0005, s_acc=0.346, p_acc=0.128, ang_err=13.1, a_inh=1.524, a_vip=0.074, tonic=0.0360, grad_norm=0.196, pi_ceil=0.000, fb_scale=1.000
2026-04-08 03:32:22,447 [INFO] Stage 2 step 6600/10000: loss=2.4465, sens=1.6211, prior_kl=0.8039, fb_sparse=2.4874, energy=0.3097, homeo=0.0005, s_acc=0.361, p_acc=0.121, ang_err=14.6, a_inh=1.523, a_vip=0.077, tonic=0.0361, grad_norm=0.252, pi_ceil=0.000, fb_scale=1.000
2026-04-08 03:34:30,421 [INFO] Stage 2 step 6700/10000: loss=2.5330, sens=1.6875, prior_kl=0.8236, fb_sparse=2.4982, energy=0.3089, homeo=0.0005, s_acc=0.341, p_acc=0.116, ang_err=13.8, a_inh=1.522, a_vip=0.080, tonic=0.0361, grad_norm=0.176, pi_ceil=0.000, fb_scale=1.000
2026-04-08 03:36:37,308 [INFO] Stage 2 step 6800/10000: loss=2.4334, sens=1.6233, prior_kl=0.7891, fb_sparse=2.5076, energy=0.3102, homeo=0.0005, s_acc=0.376, p_acc=0.137, ang_err=14.1, a_inh=1.520, a_vip=0.084, tonic=0.0361, grad_norm=0.181, pi_ceil=0.000, fb_scale=1.000
2026-04-08 03:38:43,203 [INFO] Stage 2 step 6900/10000: loss=2.4100, sens=1.6099, prior_kl=0.7796, fb_sparse=2.5177, energy=0.3105, homeo=0.0005, s_acc=0.367, p_acc=0.111, ang_err=13.8, a_inh=1.519, a_vip=0.087, tonic=0.0361, grad_norm=0.286, pi_ceil=0.000, fb_scale=1.000
2026-04-08 03:40:49,953 [INFO] Stage 2 step 7000/10000: loss=2.3826, sens=1.6175, prior_kl=0.7450, fb_sparse=2.5269, energy=0.3075, homeo=0.0005, s_acc=0.371, p_acc=0.124, ang_err=12.8, a_inh=1.517, a_vip=0.090, tonic=0.0361, grad_norm=0.290, pi_ceil=0.000, fb_scale=1.000
2026-04-08 03:42:54,345 [INFO] Stage 2 step 7100/10000: loss=2.4465, sens=1.6261, prior_kl=0.8001, fb_sparse=2.5362, energy=0.3098, homeo=0.0005, s_acc=0.346, p_acc=0.102, ang_err=14.0, a_inh=1.516, a_vip=0.094, tonic=0.0361, grad_norm=0.168, pi_ceil=0.000, fb_scale=1.000
2026-04-08 03:45:00,767 [INFO] Stage 2 step 7200/10000: loss=2.4740, sens=1.6330, prior_kl=0.8209, fb_sparse=2.5444, energy=0.3115, homeo=0.0005, s_acc=0.381, p_acc=0.133, ang_err=14.2, a_inh=1.515, a_vip=0.097, tonic=0.0362, grad_norm=0.176, pi_ceil=0.000, fb_scale=1.000
2026-04-08 03:47:07,412 [INFO] Stage 2 step 7300/10000: loss=2.4808, sens=1.6431, prior_kl=0.8178, fb_sparse=2.5525, energy=0.3097, homeo=0.0005, s_acc=0.347, p_acc=0.115, ang_err=14.4, a_inh=1.514, a_vip=0.100, tonic=0.0362, grad_norm=0.177, pi_ceil=0.000, fb_scale=1.000
2026-04-08 03:49:15,212 [INFO] Stage 2 step 7400/10000: loss=2.4728, sens=1.6573, prior_kl=0.7955, fb_sparse=2.5605, energy=0.3074, homeo=0.0005, s_acc=0.340, p_acc=0.125, ang_err=13.5, a_inh=1.513, a_vip=0.103, tonic=0.0362, grad_norm=0.296, pi_ceil=0.000, fb_scale=1.000
2026-04-08 03:51:20,496 [INFO] Stage 2 step 7500/10000: loss=2.5375, sens=1.6707, prior_kl=0.8469, fb_sparse=2.5676, energy=0.3109, homeo=0.0005, s_acc=0.356, p_acc=0.118, ang_err=15.1, a_inh=1.512, a_vip=0.107, tonic=0.0362, grad_norm=0.207, pi_ceil=0.000, fb_scale=1.000
2026-04-08 03:53:26,955 [INFO] Stage 2 step 7600/10000: loss=2.3751, sens=1.5995, prior_kl=0.7576, fb_sparse=2.5746, energy=0.3127, homeo=0.0005, s_acc=0.349, p_acc=0.122, ang_err=13.0, a_inh=1.511, a_vip=0.110, tonic=0.0362, grad_norm=0.246, pi_ceil=0.000, fb_scale=1.000
2026-04-08 03:55:33,772 [INFO] Stage 2 step 7700/10000: loss=2.5122, sens=1.6616, prior_kl=0.8313, fb_sparse=2.5811, energy=0.3097, homeo=0.0005, s_acc=0.331, p_acc=0.102, ang_err=15.0, a_inh=1.511, a_vip=0.113, tonic=0.0362, grad_norm=0.285, pi_ceil=0.000, fb_scale=1.000
2026-04-08 03:57:39,915 [INFO] Stage 2 step 7800/10000: loss=2.3241, sens=1.5914, prior_kl=0.7153, fb_sparse=2.5869, energy=0.3123, homeo=0.0005, s_acc=0.354, p_acc=0.155, ang_err=12.3, a_inh=1.510, a_vip=0.115, tonic=0.0362, grad_norm=0.310, pi_ceil=0.000, fb_scale=1.000
2026-04-08 03:59:44,525 [INFO] Stage 2 step 7900/10000: loss=2.4916, sens=1.6570, prior_kl=0.8153, fb_sparse=2.5925, energy=0.3077, homeo=0.0005, s_acc=0.346, p_acc=0.112, ang_err=14.8, a_inh=1.509, a_vip=0.118, tonic=0.0362, grad_norm=0.245, pi_ceil=0.000, fb_scale=1.000
2026-04-08 04:01:51,126 [INFO] Stage 2 step 8000/10000: loss=2.6038, sens=1.6849, prior_kl=0.8993, fb_sparse=2.5978, energy=0.3086, homeo=0.0005, s_acc=0.345, p_acc=0.098, ang_err=16.6, a_inh=1.508, a_vip=0.121, tonic=0.0362, grad_norm=0.250, pi_ceil=0.000, fb_scale=1.000
2026-04-08 04:03:57,626 [INFO] Stage 2 step 8100/10000: loss=2.6348, sens=1.6856, prior_kl=0.9292, fb_sparse=2.6027, energy=0.3082, homeo=0.0005, s_acc=0.344, p_acc=0.132, ang_err=17.3, a_inh=1.508, a_vip=0.123, tonic=0.0362, grad_norm=0.347, pi_ceil=0.000, fb_scale=1.000
2026-04-08 04:06:05,652 [INFO] Stage 2 step 8200/10000: loss=2.4460, sens=1.6349, prior_kl=0.7932, fb_sparse=2.6073, energy=0.3106, homeo=0.0005, s_acc=0.326, p_acc=0.126, ang_err=13.3, a_inh=1.508, a_vip=0.125, tonic=0.0362, grad_norm=0.177, pi_ceil=0.000, fb_scale=1.000
2026-04-08 04:08:10,608 [INFO] Stage 2 step 8300/10000: loss=2.4802, sens=1.6287, prior_kl=0.8333, fb_sparse=2.6113, energy=0.3106, homeo=0.0005, s_acc=0.343, p_acc=0.116, ang_err=15.1, a_inh=1.507, a_vip=0.127, tonic=0.0362, grad_norm=0.192, pi_ceil=0.000, fb_scale=1.000
2026-04-08 04:10:17,445 [INFO] Stage 2 step 8400/10000: loss=2.3873, sens=1.5913, prior_kl=0.7787, fb_sparse=2.6151, energy=0.3106, homeo=0.0005, s_acc=0.367, p_acc=0.117, ang_err=14.0, a_inh=1.507, a_vip=0.129, tonic=0.0362, grad_norm=0.205, pi_ceil=0.000, fb_scale=1.000
2026-04-08 04:12:24,840 [INFO] Stage 2 step 8500/10000: loss=2.4839, sens=1.6477, prior_kl=0.8180, fb_sparse=2.6183, energy=0.3101, homeo=0.0005, s_acc=0.350, p_acc=0.130, ang_err=14.3, a_inh=1.507, a_vip=0.130, tonic=0.0362, grad_norm=0.204, pi_ceil=0.000, fb_scale=1.000
2026-04-08 04:14:31,733 [INFO] Stage 2 step 8600/10000: loss=2.3508, sens=1.5728, prior_kl=0.7618, fb_sparse=2.6212, energy=0.3161, homeo=0.0005, s_acc=0.361, p_acc=0.129, ang_err=13.2, a_inh=1.506, a_vip=0.132, tonic=0.0362, grad_norm=0.194, pi_ceil=0.000, fb_scale=1.000
2026-04-08 04:16:36,801 [INFO] Stage 2 step 8700/10000: loss=2.4928, sens=1.6620, prior_kl=0.8125, fb_sparse=2.6237, energy=0.3088, homeo=0.0005, s_acc=0.336, p_acc=0.115, ang_err=14.8, a_inh=1.506, a_vip=0.133, tonic=0.0362, grad_norm=0.238, pi_ceil=0.000, fb_scale=1.000
2026-04-08 04:18:42,944 [INFO] Stage 2 step 8800/10000: loss=2.4531, sens=1.6448, prior_kl=0.7906, fb_sparse=2.6259, energy=0.3119, homeo=0.0005, s_acc=0.327, p_acc=0.121, ang_err=14.1, a_inh=1.506, a_vip=0.134, tonic=0.0362, grad_norm=0.250, pi_ceil=0.000, fb_scale=1.000
2026-04-08 04:20:50,775 [INFO] Stage 2 step 8900/10000: loss=2.4501, sens=1.6452, prior_kl=0.7871, fb_sparse=2.6278, energy=0.3087, homeo=0.0005, s_acc=0.322, p_acc=0.134, ang_err=14.0, a_inh=1.506, a_vip=0.136, tonic=0.0362, grad_norm=0.206, pi_ceil=0.000, fb_scale=1.000
2026-04-08 04:22:57,518 [INFO] Stage 2 step 9000/10000: loss=2.5270, sens=1.6627, prior_kl=0.8466, fb_sparse=2.6294, energy=0.3104, homeo=0.0005, s_acc=0.347, p_acc=0.125, ang_err=14.7, a_inh=1.505, a_vip=0.136, tonic=0.0362, grad_norm=0.345, pi_ceil=0.000, fb_scale=1.000
2026-04-08 04:25:02,672 [INFO] Stage 2 step 9100/10000: loss=2.4665, sens=1.6018, prior_kl=0.8476, fb_sparse=2.6308, energy=0.3144, homeo=0.0005, s_acc=0.362, p_acc=0.124, ang_err=14.9, a_inh=1.505, a_vip=0.137, tonic=0.0362, grad_norm=0.301, pi_ceil=0.000, fb_scale=1.000
2026-04-08 04:27:08,472 [INFO] Stage 2 step 9200/10000: loss=2.4456, sens=1.6442, prior_kl=0.7836, fb_sparse=2.6318, energy=0.3077, homeo=0.0005, s_acc=0.360, p_acc=0.125, ang_err=13.8, a_inh=1.505, a_vip=0.138, tonic=0.0362, grad_norm=0.238, pi_ceil=0.000, fb_scale=1.000
2026-04-08 04:29:15,805 [INFO] Stage 2 step 9300/10000: loss=2.4654, sens=1.6390, prior_kl=0.8087, fb_sparse=2.6327, energy=0.3085, homeo=0.0005, s_acc=0.347, p_acc=0.116, ang_err=14.7, a_inh=1.505, a_vip=0.138, tonic=0.0362, grad_norm=0.220, pi_ceil=0.000, fb_scale=1.000
2026-04-08 04:30:51,835 [INFO] Stage 2 step 9400/10000: loss=2.4504, sens=1.6019, prior_kl=0.8316, fb_sparse=2.6333, energy=0.3136, homeo=0.0005, s_acc=0.338, p_acc=0.132, ang_err=14.8, a_inh=1.505, a_vip=0.138, tonic=0.0362, grad_norm=0.222, pi_ceil=0.000, fb_scale=1.000
2026-04-08 04:32:15,849 [INFO] Stage 2 step 9500/10000: loss=2.4690, sens=1.6341, prior_kl=0.8173, fb_sparse=2.6338, energy=0.3089, homeo=0.0005, s_acc=0.357, p_acc=0.132, ang_err=14.9, a_inh=1.505, a_vip=0.139, tonic=0.0362, grad_norm=0.238, pi_ceil=0.000, fb_scale=1.000
2026-04-08 04:33:41,603 [INFO] Stage 2 step 9600/10000: loss=2.4081, sens=1.6253, prior_kl=0.7653, fb_sparse=2.6341, energy=0.3079, homeo=0.0005, s_acc=0.355, p_acc=0.134, ang_err=13.0, a_inh=1.505, a_vip=0.139, tonic=0.0362, grad_norm=0.210, pi_ceil=0.000, fb_scale=1.000
2026-04-08 04:34:56,194 [INFO] Stage 2 step 9700/10000: loss=2.3825, sens=1.5956, prior_kl=0.7703, fb_sparse=2.6343, energy=0.3107, homeo=0.0005, s_acc=0.362, p_acc=0.132, ang_err=13.4, a_inh=1.505, a_vip=0.139, tonic=0.0362, grad_norm=0.256, pi_ceil=0.000, fb_scale=1.000
2026-04-08 04:36:06,727 [INFO] Stage 2 step 9800/10000: loss=2.4526, sens=1.6264, prior_kl=0.8095, fb_sparse=2.6344, energy=0.3125, homeo=0.0005, s_acc=0.331, p_acc=0.122, ang_err=13.6, a_inh=1.505, a_vip=0.139, tonic=0.0362, grad_norm=0.268, pi_ceil=0.000, fb_scale=1.000
2026-04-08 04:37:17,432 [INFO] Stage 2 step 9900/10000: loss=2.4291, sens=1.6113, prior_kl=0.8006, fb_sparse=2.6344, energy=0.3102, homeo=0.0005, s_acc=0.369, p_acc=0.129, ang_err=14.1, a_inh=1.505, a_vip=0.139, tonic=0.0362, grad_norm=0.204, pi_ceil=0.000, fb_scale=1.000
2026-04-08 04:38:43,756 [INFO] Stage 2 step 10000/10000: loss=2.4797, sens=1.6368, prior_kl=0.8259, fb_sparse=2.6344, energy=0.3135, homeo=0.0005, s_acc=0.317, p_acc=0.122, ang_err=14.2, a_inh=1.505, a_vip=0.139, tonic=0.0362, grad_norm=0.244, pi_ceil=0.000, fb_scale=1.000
2026-04-08 04:38:43,766 [INFO] Stage 2 complete: loss=2.4797, s_acc=0.317, p_acc=0.122
2026-04-08 04:38:43,780 [INFO] Saved to results/batch2/branch_a_s456/center_surround_seed456/checkpoint.pt
2026-04-08 04:38:43,781 [INFO] Training complete.
